2015/08/01 (Sat) 03:52:02 JST,gnu/linux,root,qu,Exit
2015/08/01 (Sat) 03:53:55 JST,gnu/linux,root,qu,Exit
2015/08/02 (Sun) 03:05:56 JST,gnu/linux,root,qu,Exit
2015/07/31 (Fri) 01:58:21 JST,gnu/linux,root,qu,Exit
2015/08/03 (Mon) 16:42:06 JST,gnu/linux,root,qu,Start,Default
2015/08/03 (Mon) 16:42:18 JST,gnu/linux,root,qu,Exit
2015/08/03 (Mon) 16:42:06 JST,gnu/linux,root,qu,Exit
2015/08/03 (Mon) 17:02:04 JST,gnu/linux,root,qu,Start,Default
2015/08/03 (Mon) 17:02:04 JST,gnu/linux,root,qu,Exit
2015/08/04 (Tue) 17:18:57 JST,gnu/linux,root,qu,Start,Default
2015/08/05 (Wed) 07:18:38 JST,gnu/linux,root,qu,Exit
2015/08/05 (Wed) 07:19:29 JST,gnu/linux,root,qu,Start,Default
2015/08/05 (Wed) 07:19:29 JST,gnu/linux,root,qu,Exit
2015/08/05 (Wed) 07:29:03 JST,gnu/linux,root,qu,Exit
2015/08/04 (Tue) 17:18:57 JST,gnu/linux,root,qu,Exit
2015/08/05 (Wed) 16:27:57 JST,gnu/linux,root,qu,Start,Default
2015/08/06 (Thu) 01:52:14 JST,gnu/linux,root,qu,Exit
2015/08/06 (Thu) 05:55:44 JST,gnu/linux,root,qu,Exit
2015/08/06 (Thu) 05:58:18 JST,gnu/linux,root,qu,Exit
2015/08/06 (Thu) 05:59:20 JST,gnu/linux,root,qu,Exit
2015/08/06 (Thu) 07:04:15 JST,gnu/linux,root,qu,Exit
2015/08/06 (Thu) 07:04:55 JST,gnu/linux,root,qu,Exit
2015/08/06 (Thu) 07:05:56 JST,gnu/linux,root,qu,Exit
2015/08/06 (Thu) 11:46:57 JST,gnu/linux,root,qu,Exit
2015/08/05 (Wed) 16:27:57 JST,gnu/linux,root,qu,Exit
2015/08/07 (Fri) 11:29:51 JST,gnu/linux,root,qu,Start,Default
2015/08/08 (Sat) 15:04:01 JST,gnu/linux,root,qu,Start,Default
2015/08/08 (Sat) 15:04:59 JST,gnu/linux,root,qu,Start,Default
2015/08/08 (Sat) 15:04:01 JST,gnu/linux,root,qu,Exit
2015/08/08 (Sat) 15:04:59 JST,gnu/linux,root,qu,Exit
2015/08/07 (Fri) 11:29:51 JST,gnu/linux,root,qu,Exit
2015/08/08 (Sat) 15:16:11 JST,gnu/linux,root,qu,Start,Default
2015/08/08 (Sat) 15:19:44 JST,gnu/linux,root,qu,Start,Default
2015/08/08 (Sat) 15:20:44 JST,gnu/linux,root,qu,Start,Default
2015/08/08 (Sat) 15:19:44 JST,gnu/linux,root,qu,Exit
2015/08/08 (Sat) 15:20:44 JST,gnu/linux,root,qu,Exit
2015/08/08 (Sat) 15:16:11 JST,gnu/linux,root,qu,Exit
2015/08/08 (Sat) 15:30:06 JST,gnu/linux,root,qu,Start,Default
2015/08/08 (Sat) 15:30:06 JST,gnu/linux,root,qu,Exit
2015/08/08 (Sat) 15:30:55 JST,gnu/linux,root,qu,Start,Default
2015/08/08 (Sat) 15:31:04 JST,gnu/linux,root,qu,Start,Default
2015/08/08 (Sat) 15:31:04 JST,gnu/linux,root,qu,Exit
2015/08/08 (Sat) 15:30:55 JST,gnu/linux,root,qu,Exit
2015/08/08 (Sat) 15:35:00 JST,gnu/linux,root,qu,Start,Default
2015/08/08 (Sat) 15:38:40 JST,gnu/linux,root,qu,Start,Default
2015/08/08 (Sat) 15:51:12 JST,gnu/linux,root,qu,Start,Default
2015/08/08 (Sat) 15:51:12 JST,gnu/linux,root,qu,Exit
2015/08/08 (Sat) 15:38:40 JST,gnu/linux,root,qu,Exit
2015/08/08 (Sat) 16:00:49 JST,gnu/linux,root,qu,Start,Default
2015/08/08 (Sat) 22:25:38 JST,gnu/linux,root,qu,Start,Default
2015/08/08 (Sat) 22:25:38 JST,gnu/linux,root,qu,Exit
2015/08/08 (Sat) 22:26:36 JST,gnu/linux,root,qu,Start,Default
2015/08/08 (Sat) 22:26:36 JST,gnu/linux,root,qu,Exit
2015/08/08 (Sat) 16:00:49 JST,gnu/linux,root,qu,Exit
2015/08/08 (Sat) 22:35:21 JST,gnu/linux,root,qu,Start,Default
2015/08/08 (Sat) 22:35:21 JST,gnu/linux,root,qu,Exit
2015/08/08 (Sat) 22:36:01 JST,gnu/linux,root,qu,Start,Default
2015/08/08 (Sat) 22:36:01 JST,gnu/linux,root,qu,Exit
2015/08/08 (Sat) 22:48:28 JST,gnu/linux,root,qu,Start,Default
2015/08/10 (Mon) 07:42:53 JST,gnu/linux,root,qu,Exit
2015/08/10 (Mon) 07:43:47 JST,gnu/linux,root,qu,Exit
2015/08/10 (Mon) 09:48:16 JST,gnu/linux,root,qu,Exit
2015/08/11 (Tue) 00:05:07 JST,gnu/linux,root,qu,Exit
2015/08/11 (Tue) 00:05:33 JST,gnu/linux,root,qu,Exit
2015/08/11 (Tue) 00:06:27 JST,gnu/linux,root,qu,Exit
2015/08/11 (Tue) 00:16:11 JST,gnu/linux,root,qu,Exit
2015/08/12 (Wed) 07:08:37 JST,gnu/linux,root,qu,Start,Default
2015/08/15 (Sat) 13:13:05 JST,gnu/linux,root,qu,Start,Default
2015/08/16 (Sun) 13:06:08 JST,gnu/linux,root,qu,Exit
2015/08/17 (Mon) 16:00:57 JST,gnu/linux,root,qu,Start,Default
2015/08/17 (Mon) 16:00:57 JST,gnu/linux,root,qu,Exit
2015/08/17 (Mon) 16:03:55 JST,gnu/linux,root,qu,Start,Default
2015/08/17 (Mon) 16:03:55 JST,gnu/linux,root,qu,Exit
2015/08/17 (Mon) 16:41:13 JST,gnu/linux,root,qu,Exit
2015/08/18 (Tue) 01:13:46 JST,gnu/linux,root,qu,Exit
2015/08/18 (Tue) 17:23:39 JST,gnu/linux,root,qu,Start,Default
2015/08/18 (Tue) 17:23:39 JST,gnu/linux,root,qu,Exit
2015/08/19 (Wed) 05:07:50 JST,gnu/linux,root,qu,Start,Default
2015/08/19 (Wed) 05:07:50 JST,gnu/linux,root,qu,Exit
2015/08/21 (Fri) 06:05:29 JST,gnu/linux,root,qu,Start,Default
2015/08/22 (Sat) 08:35:23 JST,gnu/linux,root,qu,Exit
2015/08/22 (Sat) 08:38:19 JST,gnu/linux,root,qu,Exit
2015/08/22 (Sat) 08:39:35 JST,gnu/linux,root,qu,Exit
2015/08/22 (Sat) 08:39:56 JST,gnu/linux,root,qu,Exit
2015/08/22 (Sat) 23:53:38 JST,gnu/linux,root,qu,Exit
2015/08/24 (Mon) 08:37:30 JST,gnu/linux,root,qu,Exit
2015/08/24 (Mon) 10:28:48 JST,gnu/linux,root,qu,Exit
2015/08/24 (Mon) 10:36:23 JST,gnu/linux,root,qu,Exit
2015/08/24 (Mon) 10:40:23 JST,gnu/linux,root,qu,Exit
2015/08/24 (Mon) 10:40:28 JST,gnu/linux,root,qu,Exit
2015/08/24 (Mon) 10:42:41 JST,gnu/linux,root,qu,Exit
2015/08/21 (Fri) 06:05:29 JST,gnu/linux,root,qu,Exit
2015/08/24 (Mon) 10:50:34 JST,gnu/linux,root,qu,Start,Default
2015/08/24 (Mon) 11:11:37 JST,gnu/linux,root,qu,Exit
2015/08/24 (Mon) 11:13:57 JST,gnu/linux,root,qu,Exit
2015/08/24 (Mon) 11:14:09 JST,gnu/linux,root,qu,Start,Default
2015/08/24 (Mon) 11:14:09 JST,gnu/linux,root,qu,Exit
2015/08/25 (Tue) 14:01:16 JST,gnu/linux,root,qu,Start,Default
2015/08/25 (Tue) 14:01:16 JST,gnu/linux,root,qu,Exit
2015/08/26 (Wed) 08:51:25 JST,gnu/linux,root,qu,Start,Default
2015/08/26 (Wed) 10:59:21 JST,gnu/linux,root,qu,Exit
2015/08/26 (Wed) 11:14:04 JST,gnu/linux,root,qu,Exit
2015/08/26 (Wed) 11:16:57 JST,gnu/linux,root,qu,Exit
2015/08/27 (Thu) 02:04:31 JST,gnu/linux,root,qu,Start,Default
2015/08/27 (Thu) 02:07:28 JST,gnu/linux,root,qu,Exit
2015/08/27 (Thu) 02:07:34 JST,gnu/linux,root,qu,Start,Default
2015/08/27 (Thu) 02:07:34 JST,gnu/linux,root,qu,Exit
2015/08/27 (Thu) 02:08:01 JST,gnu/linux,root,qu,Exit
2015/08/27 (Thu) 02:08:06 JST,gnu/linux,root,qu,Start,Default
2015/08/27 (Thu) 02:08:06 JST,gnu/linux,root,qu,Exit
2015/08/27 (Thu) 02:09:24 JST,gnu/linux,root,qu,Exit
2015/08/27 (Thu) 02:09:28 JST,gnu/linux,root,qu,Start,Default
2015/08/27 (Thu) 02:09:28 JST,gnu/linux,root,qu,Exit
2015/08/27 (Thu) 03:47:27 JST,gnu/linux,root,qu,Exit
2015/08/27 (Thu) 03:47:35 JST,gnu/linux,root,qu,Start,Default
2015/08/27 (Thu) 03:47:35 JST,gnu/linux,root,qu,Exit
2015/08/27 (Thu) 03:48:41 JST,gnu/linux,root,qu,Exit
2015/08/27 (Thu) 02:04:31 JST,gnu/linux,root,qu,Exit
2015/08/28 (Fri) 09:53:18 JST,gnu/linux,root,qu,Start,Default
2015/08/28 (Fri) 14:36:06 JST,gnu/linux,root,qu,Exit
2015/08/28 (Fri) 14:37:10 JST,gnu/linux,root,qu,Exit
2015/08/28 (Fri) 14:37:30 JST,gnu/linux,root,qu,Exit
2015/08/28 (Fri) 14:51:32 JST,gnu/linux,root,qu,Exit
2015/08/28 (Fri) 14:53:21 JST,gnu/linux,root,qu,Exit
2015/08/28 (Fri) 14:53:29 JST,gnu/linux,root,qu,Exit
2015/08/28 (Fri) 14:54:27 JST,gnu/linux,root,qu,Exit
2015/08/28 (Fri) 15:27:28 JST,gnu/linux,root,qu,Exit
2015/08/28 (Fri) 16:28:19 JST,gnu/linux,root,qu,Exit
2015/08/28 (Fri) 16:30:05 JST,gnu/linux,root,qu,Exit
2015/08/29 (Sat) 00:42:33 JST,gnu/linux,root,qu,Exit
2015/08/29 (Sat) 00:45:10 JST,gnu/linux,root,qu,Exit
2015/08/29 (Sat) 00:46:21 JST,gnu/linux,root,qu,Exit
2015/08/29 (Sat) 05:51:29 JST,gnu/linux,root,qu,Exit
2015/08/29 (Sat) 12:35:03 JST,gnu/linux,root,qu,Start,Default
2015/08/29 (Sat) 12:35:03 JST,gnu/linux,root,qu,Exit
2015/08/29 (Sat) 12:40:02 JST,gnu/linux,root,qu,Start,Default
2015/08/29 (Sat) 12:40:02 JST,gnu/linux,root,qu,Exit
2015/08/29 (Sat) 12:45:02 JST,gnu/linux,root,qu,Exit
2015/08/29 (Sat) 15:06:36 JST,gnu/linux,root,qu,Start,Default
2015/08/29 (Sat) 15:06:36 JST,gnu/linux,root,qu,Exit
2015/08/29 (Sat) 15:07:03 JST,gnu/linux,root,qu,Exit
2015/08/29 (Sat) 15:09:15 JST,gnu/linux,root,qu,Start,Default
2015/08/29 (Sat) 15:09:15 JST,gnu/linux,root,qu,Exit
2015/08/29 (Sat) 15:13:06 JST,gnu/linux,root,qu,Start,Default
2015/08/29 (Sat) 15:13:06 JST,gnu/linux,root,qu,Exit
2015/08/29 (Sat) 15:15:56 JST,gnu/linux,root,qu,Exit
2015/08/29 (Sat) 15:15:59 JST,gnu/linux,root,qu,Start,Default
2015/08/29 (Sat) 15:15:59 JST,gnu/linux,root,qu,Exit
2015/08/29 (Sat) 15:33:44 JST,gnu/linux,root,qu,Exit
2015/08/29 (Sat) 15:33:47 JST,gnu/linux,root,qu,Start,Default
2015/08/29 (Sat) 15:33:47 JST,gnu/linux,root,qu,Exit
2015/08/29 (Sat) 15:34:10 JST,gnu/linux,root,qu,Exit
2015/08/29 (Sat) 15:42:14 JST,gnu/linux,root,qu,Start,Default
2015/08/29 (Sat) 15:42:14 JST,gnu/linux,root,qu,Exit
2015/08/29 (Sat) 15:43:35 JST,gnu/linux,root,qu,Exit
2015/08/29 (Sat) 15:50:00 JST,gnu/linux,root,qu,Exit
2015/08/29 (Sat) 15:50:07 JST,gnu/linux,root,qu,Start,Default
2015/08/29 (Sat) 15:50:07 JST,gnu/linux,root,qu,Exit
2015/08/29 (Sat) 15:54:31 JST,gnu/linux,root,qu,Exit
2015/08/29 (Sat) 15:54:38 JST,gnu/linux,root,qu,Start,Default
2015/08/29 (Sat) 15:54:38 JST,gnu/linux,root,qu,Exit
2015/08/29 (Sat) 16:12:28 JST,gnu/linux,root,qu,Start,Default
2015/08/29 (Sat) 16:12:28 JST,gnu/linux,root,qu,Exit
2015/08/29 (Sat) 16:14:25 JST,gnu/linux,root,qu,Start,Default
2015/08/29 (Sat) 16:14:25 JST,gnu/linux,root,qu,Exit
2015/08/29 (Sat) 16:19:28 JST,gnu/linux,root,qu,Start,Default
2015/08/29 (Sat) 16:19:28 JST,gnu/linux,root,qu,Exit
2015/08/29 (Sat) 16:25:17 JST,gnu/linux,root,qu,Start,Default
2015/08/29 (Sat) 16:25:17 JST,gnu/linux,root,qu,Exit
2015/08/29 (Sat) 16:26:36 JST,gnu/linux,root,qu,Start,Default
2015/08/29 (Sat) 16:26:36 JST,gnu/linux,root,qu,Exit
2015/08/29 (Sat) 16:28:07 JST,gnu/linux,root,qu,Start,Default
2015/08/29 (Sat) 16:28:07 JST,gnu/linux,root,qu,Exit
2015/08/29 (Sat) 16:30:37 JST,gnu/linux,root,qu,Start,Default
2015/08/29 (Sat) 16:30:37 JST,gnu/linux,root,qu,Exit
2015/08/29 (Sat) 16:34:13 JST,gnu/linux,root,qu,Start,Default
2015/08/29 (Sat) 16:34:13 JST,gnu/linux,root,qu,Exit
2015/08/29 (Sat) 16:49:56 JST,gnu/linux,root,qu,Exit
2015/08/29 (Sat) 17:54:44 JST,gnu/linux,root,qu,Start,Default
2015/08/29 (Sat) 17:54:44 JST,gnu/linux,root,qu,Exit
2015/08/29 (Sat) 18:34:51 JST,gnu/linux,root,qu,Start,Default
2015/08/29 (Sat) 18:34:51 JST,gnu/linux,root,qu,Exit
2015/08/29 (Sat) 18:46:20 JST,gnu/linux,root,qu,Start,Default
2015/08/29 (Sat) 18:46:20 JST,gnu/linux,root,qu,Exit
2015/08/29 (Sat) 18:54:01 JST,gnu/linux,root,qu,Start,Default
2015/08/29 (Sat) 18:54:01 JST,gnu/linux,root,qu,Exit
2015/08/29 (Sat) 19:03:39 JST,gnu/linux,root,qu,Exit
2015/08/29 (Sat) 19:03:44 JST,gnu/linux,root,qu,Start,Default
2015/08/29 (Sat) 19:03:44 JST,gnu/linux,root,qu,Exit
2015/08/29 (Sat) 23:47:39 JST,gnu/linux,root,qu,Start,Default
2015/08/29 (Sat) 23:47:39 JST,gnu/linux,root,qu,Exit
2015/08/29 (Sat) 23:51:47 JST,gnu/linux,root,qu,Start,Default
2015/08/29 (Sat) 23:54:47 JST,gnu/linux,root,qu,Start,Default
2015/08/29 (Sat) 23:54:47 JST,gnu/linux,root,qu,Exit
2015/08/29 (Sat) 23:51:47 JST,gnu/linux,root,qu,Exit
2015/08/29 (Sat) 23:55:14 JST,gnu/linux,root,qu,Start,Debug
2015/08/30 (Sun) 00:05:33 JST,gnu/linux,root,qu,Start,Default
2015/08/30 (Sun) 00:05:33 JST,gnu/linux,root,qu,Exit
2015/08/28 (Fri) 09:53:18 JST,gnu/linux,root,qu,Exit
2015/08/29 (Sat) 23:55:14 JST,gnu/linux,root,qu,Exit
2015/08/30 (Sun) 00:41:13 JST,gnu/linux,root,qu,Start,Default
2015/08/30 (Sun) 16:32:06 JST,gnu/linux,root,qu,Start,Default
2015/08/30 (Sun) 18:23:28 JST,gnu/linux,root,qu,Start,Default
2015/08/30 (Sun) 18:23:28 JST,gnu/linux,root,qu,Exit
2015/08/31 (Mon) 02:40:19 JST,gnu/linux,root,qu,Start,Default
2015/08/31 (Mon) 02:40:19 JST,gnu/linux,root,qu,Exit
2015/08/31 (Mon) 02:42:46 JST,gnu/linux,root,qu,Start,Default
