2013/04/02 (Tue) 09:09:19 JST,gnu/linux,root,qu,Exit
2013/04/02 (Tue) 09:09:38 JST,gnu/linux,root,qu,Start,Default
2013/03/31 (Sun) 19:42:31 JST,gnu/linux,root,qu,Exit
2013/04/02 (Tue) 12:34:40 JST,gnu/linux,root,qu,Exit
2013/04/02 (Tue) 12:37:32 JST,gnu/linux,root,qu,Exit
2013/04/02 (Tue) 13:30:42 JST,gnu/linux,root,qu,Start,Default
2013/04/02 (Tue) 13:30:42 JST,gnu/linux,root,qu,Exit
2013/04/03 (Wed) 10:44:40 JST,gnu/linux,root,qu,Exit
2013/04/02 (Tue) 09:09:38 JST,gnu/linux,root,qu,Exit
2013/04/03 (Wed) 13:47:51 JST,gnu/linux,root,qu,Start,Default
2013/04/03 (Wed) 13:47:51 JST,gnu/linux,root,qu,Exit
2013/04/03 (Wed) 15:00:03 JST,gnu/linux,root,qu,Start,Default
2013/04/03 (Wed) 15:00:03 JST,gnu/linux,root,qu,Exit
2013/04/03 (Wed) 15:07:04 JST,gnu/linux,root,qu,Start,Default
2013/04/03 (Wed) 15:07:04 JST,gnu/linux,root,qu,Exit
2013/04/05 (Fri) 02:28:59 JST,gnu/linux,root,qu,Start,Default
2013/04/05 (Fri) 02:28:59 JST,gnu/linux,root,qu,Exit
2013/04/05 (Fri) 22:25:18 JST,gnu/linux,root,qu,Start,Default
2013/04/06 (Sat) 11:24:59 JST,gnu/linux,root,qu,Exit
2013/04/05 (Fri) 22:25:18 JST,gnu/linux,root,qu,Exit
2013/04/06 (Sat) 15:00:35 JST,gnu/linux,root,qu,Start,Default
2013/04/06 (Sat) 15:00:35 JST,gnu/linux,root,qu,Exit
2013/04/06 (Sat) 15:04:04 JST,gnu/linux,root,qu,Start,Default
2013/04/06 (Sat) 15:04:04 JST,gnu/linux,root,qu,Exit
2013/04/07 (Sun) 03:07:56 JST,gnu/linux,root,qu,Start,Default
2013/04/07 (Sun) 03:07:56 JST,gnu/linux,root,qu,Exit
2013/04/08 (Mon) 02:27:30 JST,gnu/linux,root,qu,Start,Default
2013/04/08 (Mon) 16:31:17 JST,gnu/linux,root,qu,Exit
2013/04/08 (Mon) 23:20:35 JST,gnu/linux,root,qu,Start,Default
2013/04/09 (Tue) 20:19:01 JST,gnu/linux,root,qu,Start,Default
2013/04/09 (Tue) 20:19:01 JST,gnu/linux,root,qu,Exit
2013/04/10 (Wed) 19:26:57 JST,gnu/linux,root,qu,Start,Default
2013/04/11 (Thu) 19:38:46 JST,gnu/linux,root,qu,Exit
2013/04/12 (Fri) 06:02:17 JST,gnu/linux,root,qu,Exit
2013/04/12 (Fri) 06:04:04 JST,gnu/linux,root,qu,Exit
2013/04/12 (Fri) 06:05:30 JST,gnu/linux,root,qu,Exit
2013/04/12 (Fri) 06:11:36 JST,gnu/linux,root,qu,Exit
2013/04/12 (Fri) 06:12:33 JST,gnu/linux,root,qu,Exit
2013/04/12 (Fri) 06:12:42 JST,gnu/linux,root,qu,Exit
2013/04/10 (Wed) 19:26:57 JST,gnu/linux,root,qu,Exit
2013/04/12 (金) 10:18:22 JST,gnu/linux,root,qu,Start,Default
2013/04/12 (金) 14:03:45 JST,gnu/linux,root,qu,Exit
2013/04/12 (金) 14:05:26 JST,gnu/linux,root,qu,Exit
2013/04/12 (金) 10:18:22 JST,gnu/linux,root,qu,Exit
2013/04/13 (Sat) 05:47:53 JST,gnu/linux,root,qu,Start,Default
2013/04/13 (Sat) 05:47:53 JST,gnu/linux,root,qu,Exit
2013/04/14 (Sun) 08:35:10 JST,gnu/linux,root,qu,Start,Default
2013/04/14 (Sun) 08:56:39 JST,gnu/linux,root,qu,Exit
2013/04/14 (Sun) 08:58:54 JST,gnu/linux,root,qu,Exit
2013/04/14 (Sun) 09:01:15 JST,gnu/linux,root,qu,Exit
2013/04/14 (Sun) 08:35:10 JST,gnu/linux,root,qu,Exit
2013/04/14 (Sun) 09:01:49 JST,gnu/linux,root,qu,Start,Default
2013/04/14 (Sun) 12:13:26 JST,gnu/linux,root,qu,Exit
2013/04/14 (Sun) 09:01:49 JST,gnu/linux,root,qu,Exit
2013/04/15 (Mon) 08:59:56 JST,gnu/linux,root,qu,Start,Default
2013/04/16 (Tue) 00:50:00 JST,gnu/linux,root,qu,Exit
2013/04/16 (Tue) 01:28:44 JST,gnu/linux,root,qu,Start,Default
2013/04/16 (Tue) 01:28:44 JST,gnu/linux,root,qu,Exit
2013/04/16 (Tue) 01:29:58 JST,gnu/linux,root,qu,Exit
2013/04/16 (Tue) 01:32:48 JST,gnu/linux,root,qu,Start,Default
2013/04/16 (Tue) 01:32:48 JST,gnu/linux,root,qu,Exit
2013/04/16 (Tue) 01:33:54 JST,gnu/linux,root,qu,Start,Default
2013/04/16 (Tue) 01:33:54 JST,gnu/linux,root,qu,Exit
2013/04/16 (Tue) 01:35:48 JST,gnu/linux,root,qu,Exit
2013/04/16 (Tue) 01:36:05 JST,gnu/linux,root,qu,Exit
2013/04/16 (Tue) 01:38:14 JST,gnu/linux,root,qu,Start,Default
2013/04/16 (Tue) 01:38:14 JST,gnu/linux,root,qu,Exit
2013/04/16 (Tue) 01:39:58 JST,gnu/linux,root,qu,Start,Default
2013/04/16 (Tue) 01:39:58 JST,gnu/linux,root,qu,Exit
2013/04/16 (Tue) 01:40:57 JST,gnu/linux,root,qu,Start,Default
2013/04/16 (Tue) 01:40:57 JST,gnu/linux,root,qu,Exit
2013/04/16 (Tue) 01:41:55 JST,gnu/linux,root,qu,Start,Default
2013/04/16 (Tue) 01:41:55 JST,gnu/linux,root,qu,Exit
2013/04/16 (Tue) 01:44:38 JST,gnu/linux,root,qu,Start,Default
2013/04/16 (Tue) 01:44:38 JST,gnu/linux,root,qu,Exit
2013/04/15 (Mon) 08:59:56 JST,gnu/linux,root,qu,Exit
2013/04/16 (Tue) 10:32:52 JST,gnu/linux,root,qu,Start,Default
2013/04/16 (Tue) 10:32:52 JST,gnu/linux,root,qu,Exit
2013/04/17 (Wed) 06:54:54 JST,gnu/linux,root,qu,Start,Default
2013/04/17 (Wed) 10:58:24 JST,gnu/linux,root,qu,Exit
2013/04/17 (Wed) 11:01:47 JST,gnu/linux,root,qu,Exit
2013/04/17 (Wed) 11:35:07 JST,gnu/linux,root,qu,Exit
2013/04/17 (Wed) 12:37:20 JST,gnu/linux,root,qu,Exit
2013/04/17 (Wed) 12:39:28 JST,gnu/linux,root,qu,Exit
2013/04/17 (Wed) 13:30:50 JST,gnu/linux,root,qu,Exit
2013/04/17 (Wed) 14:05:12 JST,gnu/linux,root,qu,Exit
2013/04/17 (Wed) 14:05:18 JST,gnu/linux,root,qu,Start,Default
2013/04/17 (Wed) 14:05:18 JST,gnu/linux,root,qu,Exit
2013/04/17 (Wed) 14:27:19 JST,gnu/linux,root,qu,Exit
2013/04/17 (Wed) 06:54:54 JST,gnu/linux,root,qu,Exit
2013/04/17 (Wed) 14:29:43 JST,gnu/linux,root,qu,Start,Default
2013/04/17 (Wed) 15:48:57 JST,gnu/linux,root,qu,Exit
2013/04/17 (Wed) 14:29:43 JST,gnu/linux,root,qu,Exit
2013/04/17 (Wed) 20:36:55 JST,gnu/linux,root,qu,Start,Default
2013/04/17 (Wed) 20:36:55 JST,gnu/linux,root,qu,Exit
2013/04/17 (Wed) 23:37:41 JST,gnu/linux,root,qu,Start,Default
2013/04/17 (Wed) 23:37:41 JST,gnu/linux,root,qu,Exit
2013/04/17 (Wed) 23:58:13 JST,gnu/linux,root,qu,Start,Default
2013/04/17 (Wed) 23:58:13 JST,gnu/linux,root,qu,Exit
2013/04/18 (Thu) 00:20:32 JST,gnu/linux,root,qu,Start,Default
2013/04/18 (Thu) 00:20:32 JST,gnu/linux,root,qu,Exit
2013/04/18 (Thu) 11:13:35 JST,gnu/linux,root,qu,Start,Default
2013/04/18 (Thu) 11:41:12 JST,gnu/linux,root,qu,Start,Default
2013/04/18 (Thu) 11:41:12 JST,gnu/linux,root,qu,Exit
2013/04/18 (Thu) 21:49:15 JST,gnu/linux,root,qu,Start,Default
2013/04/18 (Thu) 21:49:15 JST,gnu/linux,root,qu,Exit
2013/04/19 (Fri) 00:24:50 JST,gnu/linux,root,qu,Start,Default
2013/04/19 (Fri) 00:24:50 JST,gnu/linux,root,qu,Exit
2013/04/19 (Fri) 00:25:19 JST,gnu/linux,root,qu,Start,Default
2013/04/19 (Fri) 00:25:19 JST,gnu/linux,root,qu,Exit
2013/04/20 (Sat) 14:05:44 JST,gnu/linux,root,qu,Start,Default
2013/04/20 (Sat) 14:05:44 JST,gnu/linux,root,qu,Exit
2013/04/20 (Sat) 17:20:50 JST,gnu/linux,root,qu,Start,Default
2013/04/20 (Sat) 17:20:50 JST,gnu/linux,root,qu,Exit
2013/04/26 (Fri) 14:02:58 JST,gnu/linux,root,qu,Start,Default
2013/04/26 (Fri) 14:02:58 JST,gnu/linux,root,qu,Exit
2013/04/30 (Tue) 17:26:44 JST,gnu/linux,root,qu,Start,Default
2013/04/30 (Tue) 17:48:32 JST,gnu/linux,root,qu,Exit
2013/04/30 (Tue) 17:49:29 JST,gnu/linux,root,qu,Exit
2013/04/30 (Tue) 17:51:16 JST,gnu/linux,root,qu,Exit
2013/04/30 (Tue) 17:51:49 JST,gnu/linux,root,qu,Exit
2013/04/30 (Tue) 17:51:59 JST,gnu/linux,root,qu,Exit
2013/04/30 (Tue) 17:52:17 JST,gnu/linux,root,qu,Start,Default
2013/04/30 (Tue) 17:52:17 JST,gnu/linux,root,qu,Exit
2013/04/30 (Tue) 17:53:26 JST,gnu/linux,root,qu,Exit
2013/04/30 (Tue) 17:54:53 JST,gnu/linux,root,qu,Exit
2013/04/30 (Tue) 17:55:25 JST,gnu/linux,root,qu,Exit
2013/04/30 (Tue) 17:59:53 JST,gnu/linux,root,qu,Exit
2013/04/30 (Tue) 18:03:05 JST,gnu/linux,root,qu,Exit
2013/04/30 (Tue) 18:03:38 JST,gnu/linux,root,qu,Exit
2013/04/30 (Tue) 18:03:42 JST,gnu/linux,root,qu,Exit
2013/04/30 (Tue) 18:05:23 JST,gnu/linux,root,qu,Exit
2013/04/30 (Tue) 18:18:39 JST,gnu/linux,root,qu,Exit
2013/04/30 (Tue) 17:26:44 JST,gnu/linux,root,qu,Exit
2013/04/30 (Tue) 23:22:26 JST,gnu/linux,root,qu,Start,Default
