2014/02/28 (Fri) 14:40:04 JST,gnu/linux,root,qu,Exit
2014/03/01 (Sat) 15:44:07 JST,gnu/linux,root,qu,Start,Default
2014/03/01 (Sat) 15:44:11 JST,gnu/linux,root,qu,Start,Default
2014/03/01 (Sat) 15:44:11 JST,gnu/linux,root,qu,Exit
2014/03/01 (Sat) 15:44:07 JST,gnu/linux,root,qu,Exit
2014/02/26 (Wed) 12:31:00 JST,gnu/linux,root,qu,Exit
2014/03/02 (Sun) 00:31:57 JST,gnu/linux,root,qu,Start,Default
2014/03/03 (Mon) 02:56:36 JST,gnu/linux,root,qu,Start,Default
2014/03/03 (Mon) 14:34:42 JST,gnu/linux,root,qu,Exit
2014/03/03 (Mon) 16:46:38 JST,gnu/linux,root,qu,Exit
2014/03/03 (Mon) 16:48:52 JST,gnu/linux,root,qu,Exit
2014/03/03 (Mon) 02:56:36 JST,gnu/linux,root,qu,Exit
2014/03/04 (Tue) 16:57:46 JST,gnu/linux,root,qu,Start,Default
2014/03/04 (Tue) 18:57:36 JST,gnu/linux,root,qu,Start,Default
2014/03/06 (Thu) 02:36:55 JST,gnu/linux,root,qu,Start,Default
2014/03/08 (Sat) 22:20:27 JST,gnu/linux,root,qu,Start,Default
2014/03/08 (Sat) 22:20:27 JST,gnu/linux,root,qu,Exit
2014/03/08 (Sat) 22:22:03 JST,gnu/linux,root,qu,Start,Default
2014/03/08 (Sat) 22:22:03 JST,gnu/linux,root,qu,Exit
2014/03/08 (Sat) 22:37:01 JST,gnu/linux,root,qu,Exit
2014/03/08 (Sat) 22:38:55 JST,gnu/linux,root,qu,Exit
2014/03/08 (Sat) 22:48:36 JST,gnu/linux,root,qu,Exit
2014/03/08 (Sat) 22:49:28 JST,gnu/linux,root,qu,Exit
2014/03/08 (Sat) 22:50:53 JST,gnu/linux,root,qu,Exit
2014/03/08 (Sat) 22:53:16 JST,gnu/linux,root,qu,Exit
2014/03/08 (Sat) 22:55:00 JST,gnu/linux,root,qu,Exit
2014/03/08 (Sat) 23:27:11 JST,gnu/linux,root,qu,Exit
2014/03/12 (Wed) 05:23:39 JST,gnu/linux,root,qu,Start,Default
2014/03/12 (Wed) 05:23:39 JST,gnu/linux,root,qu,Exit
2014/03/12 (Wed) 05:25:11 JST,gnu/linux,root,qu,Start,Default
2014/03/12 (Wed) 05:25:11 JST,gnu/linux,root,qu,Exit
2014/03/12 (Wed) 05:25:42 JST,gnu/linux,root,qu,Start,Default
2014/03/12 (Wed) 05:27:22 JST,gnu/linux,root,qu,Exit
2014/03/15 (Sat) 18:18:29 JST,gnu/linux,root,qu,Start,Default
2014/03/15 (Sat) 18:18:29 JST,gnu/linux,root,qu,Exit
2014/03/15 (Sat) 18:20:02 JST,gnu/linux,root,qu,Start,Default
2014/03/15 (Sat) 18:20:02 JST,gnu/linux,root,qu,Exit
2014/03/18 (Tue) 06:33:50 JST,gnu/linux,root,qu,Start,Default
2014/03/18 (Tue) 06:33:50 JST,gnu/linux,root,qu,Exit
2014/03/20 (Thu) 06:34:21 JST,gnu/linux,root,qu,Start,Default
2014/03/20 (Thu) 14:55:00 JST,gnu/linux,root,qu,Start,Default
2014/03/22 (Sat) 19:02:15 JST,gnu/linux,root,qu,Start,Default
2014/03/22 (Sat) 19:02:15 JST,gnu/linux,root,qu,Exit
2014/03/22 (Sat) 19:04:07 JST,gnu/linux,root,qu,Start,Default
2014/03/22 (Sat) 19:04:07 JST,gnu/linux,root,qu,Exit
2014/03/24 (Mon) 04:21:37 JST,gnu/linux,root,qu,Exit
2014/03/24 (Mon) 04:22:42 JST,gnu/linux,root,qu,Exit
2014/03/24 (Mon) 04:27:10 JST,gnu/linux,root,qu,Exit
2014/03/24 (Mon) 04:37:09 JST,gnu/linux,root,qu,Exit
2014/03/24 (Mon) 05:11:41 JST,gnu/linux,root,qu,Exit
2014/03/24 (Mon) 05:18:03 JST,gnu/linux,root,qu,Exit
2014/03/24 (Mon) 05:20:02 JST,gnu/linux,root,qu,Exit
2014/03/24 (Mon) 05:20:40 JST,gnu/linux,root,qu,Exit
2014/03/24 (Mon) 05:20:55 JST,gnu/linux,root,qu,Exit
2014/03/24 (Mon) 05:22:04 JST,gnu/linux,root,qu,Exit
2014/03/24 (Mon) 05:23:15 JST,gnu/linux,root,qu,Exit
2014/03/24 (Mon) 05:24:00 JST,gnu/linux,root,qu,Exit
2014/03/24 (Mon) 05:24:08 JST,gnu/linux,root,qu,Start,Default
2014/03/24 (Mon) 05:29:31 JST,gnu/linux,root,qu,Exit
2014/03/24 (Mon) 05:24:08 JST,gnu/linux,root,qu,Exit
2014/03/24 (Mon) 05:29:41 JST,gnu/linux,root,qu,Start,Default
2014/03/24 (Mon) 05:29:41 JST,gnu/linux,root,qu,Exit
2014/03/24 (Mon) 05:31:29 JST,gnu/linux,root,qu,Exit
2014/03/24 (Mon) 05:32:46 JST,gnu/linux,root,qu,Exit
2014/03/24 (Mon) 05:37:01 JST,gnu/linux,root,qu,Exit
2014/03/24 (Mon) 05:37:17 JST,gnu/linux,root,qu,Exit
2014/03/24 (Mon) 05:38:04 JST,gnu/linux,root,qu,Exit
2014/03/20 (Thu) 06:34:21 JST,gnu/linux,root,qu,Exit
2014/03/20 (Thu) 14:55:00 JST,gnu/linux,root,qu,Exit
2014/03/25 (Tue) 09:42:30 JST,gnu/linux,root,qu,Start,Default
2014/03/25 (Tue) 09:42:30 JST,gnu/linux,root,qu,Exit
2014/03/28 (Fri) 03:32:42 JST,gnu/linux,root,qu,Start,Default
2014/03/28 (Fri) 03:32:42 JST,gnu/linux,root,qu,Exit
2014/03/29 (Sat) 04:01:37 JST,gnu/linux,root,qu,Start,Default
2014/03/29 (Sat) 15:53:59 JST,gnu/linux,root,qu,Start,Default
2014/03/29 (Sat) 16:12:24 JST,gnu/linux,root,qu,Start,Default
2014/03/29 (Sat) 16:12:24 JST,gnu/linux,root,qu,Exit
2014/03/29 (Sat) 16:24:08 JST,gnu/linux,root,qu,Start,Default
2014/03/29 (Sat) 16:24:08 JST,gnu/linux,root,qu,Exit
2014/03/29 (Sat) 15:53:59 JST,gnu/linux,root,qu,Exit
