2013/12/31 (Tue) 08:56:35 JST,gnu/linux,root,qu,Exit
2014/01/04 (Sat) 12:31:23 JST,gnu/linux,root,qu,Start,Default
2014/01/04 (Sat) 12:31:23 JST,gnu/linux,root,qu,Exit
2014/01/04 (Sat) 12:32:21 JST,gnu/linux,root,qu,Start,Default
2014/01/04 (Sat) 12:32:21 JST,gnu/linux,root,qu,Exit
2014/01/04 (Sat) 12:32:45 JST,gnu/linux,root,qu,Start,Default
2014/01/04 (Sat) 12:32:45 JST,gnu/linux,root,qu,Exit
2014/01/04 (Sat) 13:17:48 JST,gnu/linux,root,qu,Start,Default
2014/01/04 (Sat) 13:17:48 JST,gnu/linux,root,qu,Exit
2014/01/04 (Sat) 13:25:21 JST,gnu/linux,root,qu,Start,Default
2014/01/04 (Sat) 13:25:21 JST,gnu/linux,root,qu,Exit
2014/01/04 (Sat) 13:27:32 JST,gnu/linux,root,qu,Start,Default
2014/01/04 (Sat) 13:27:32 JST,gnu/linux,root,qu,Exit
2014/01/04 (Sat) 13:55:05 JST,gnu/linux,root,qu,Start,Default
2014/01/04 (Sat) 22:43:23 JST,gnu/linux,root,qu,Start,Default
2014/01/05 (Sun) 23:20:25 JST,gnu/linux,root,qu,Exit
2014/01/05 (Sun) 23:21:25 JST,gnu/linux,root,qu,Exit
2014/01/05 (Sun) 23:22:07 JST,gnu/linux,root,qu,Exit
2014/01/05 (Sun) 23:22:15 JST,gnu/linux,root,qu,Exit
2014/01/05 (Sun) 23:23:13 JST,gnu/linux,root,qu,Exit
2014/01/07 (Tue) 08:43:29 JST,gnu/linux,root,qu,Exit
2014/01/07 (Tue) 08:43:47 JST,gnu/linux,root,qu,Exit
2014/01/07 (Tue) 08:44:37 JST,gnu/linux,root,qu,Exit
2014/01/04 (Sat) 22:43:23 JST,gnu/linux,root,qu,Exit
2014/01/09 (Thu) 07:28:38 JST,gnu/linux,root,qu,Start,Default
2014/01/09 (Thu) 14:24:43 JST,gnu/linux,root,qu,Exit
2014/01/09 (Thu) 14:25:11 JST,gnu/linux,root,qu,Start,Default
2014/01/09 (Thu) 14:25:11 JST,gnu/linux,root,qu,Exit
2014/01/09 (Thu) 21:42:47 JST,gnu/linux,root,qu,Exit
2014/01/15 (Wed) 22:35:51 JST,gnu/linux,root,qu,Exit
2014/01/09 (Thu) 07:28:38 JST,gnu/linux,root,qu,Exit
2014/01/15 (Wed) 22:37:46 JST,gnu/linux,root,qu,Start,Default
2014/01/15 (Wed) 22:39:29 JST,gnu/linux,root,qu,Exit
2014/01/15 (Wed) 22:39:34 JST,gnu/linux,root,qu,Start,Default
2014/01/15 (Wed) 22:39:34 JST,gnu/linux,root,qu,Exit
2014/01/15 (Wed) 22:37:46 JST,gnu/linux,root,qu,Exit
2014/01/16 (Thu) 12:37:18 JST,gnu/linux,root,qu,Start,Default
2014/01/16 (Thu) 14:53:46 JST,gnu/linux,root,qu,Exit
2014/01/16 (Thu) 16:10:51 JST,gnu/linux,root,qu,Exit
2014/01/17 (Fri) 00:43:06 JST,gnu/linux,root,qu,Exit
2014/01/17 (Fri) 05:13:09 JST,gnu/linux,root,qu,Start,Default
2014/01/18 (Sat) 22:01:27 JST,gnu/linux,root,qu,Start,Default
2014/01/18 (Sat) 22:01:27 JST,gnu/linux,root,qu,Exit
2014/01/18 (Sat) 22:05:37 JST,gnu/linux,root,qu,Exit
2014/01/18 (Sat) 22:06:00 JST,gnu/linux,root,qu,Start,Default
2014/01/18 (Sat) 22:06:00 JST,gnu/linux,root,qu,Exit
2014/01/18 (Sat) 22:06:33 JST,gnu/linux,root,qu,Exit
2014/01/18 (Sat) 22:06:38 JST,gnu/linux,root,qu,Start,Default
2014/01/18 (Sat) 22:06:38 JST,gnu/linux,root,qu,Exit
2014/01/18 (Sat) 22:14:40 JST,gnu/linux,root,qu,Exit
2014/01/18 (Sat) 22:14:46 JST,gnu/linux,root,qu,Start,Default
2014/01/18 (Sat) 22:14:46 JST,gnu/linux,root,qu,Exit
2014/01/18 (Sat) 22:15:42 JST,gnu/linux,root,qu,Exit
2014/01/18 (Sat) 22:31:11 JST,gnu/linux,root,qu,Start,Default
2014/01/18 (Sat) 22:31:11 JST,gnu/linux,root,qu,Exit
2014/01/17 (Fri) 05:13:09 JST,gnu/linux,root,qu,Exit
2014/01/20 (Mon) 15:04:12 JST,gnu/linux,root,qu,Start,Default
2014/01/20 (Mon) 15:04:12 JST,gnu/linux,root,qu,Exit
2014/01/20 (Mon) 22:07:01 JST,gnu/linux,root,qu,Start,Default
2014/01/20 (Mon) 22:07:01 JST,gnu/linux,root,qu,Exit
2014/01/20 (Mon) 22:23:02 JST,gnu/linux,root,qu,Start,Default
2014/01/20 (Mon) 22:23:02 JST,gnu/linux,root,qu,Exit
2014/01/23 (Thu) 14:59:36 JST,gnu/linux,root,qu,Start,Default
2014/01/24 (Fri) 00:30:00 JST,gnu/linux,root,qu,Exit
2014/01/23 (Thu) 14:59:36 JST,gnu/linux,root,qu,Exit
2014/01/25 (Sat) 16:41:28 JST,gnu/linux,root,qu,Start,Default
2014/01/25 (Sat) 16:42:05 JST,gnu/linux,root,qu,Exit
2014/01/25 (Sat) 16:42:05 JST,gnu/linux,root,qu,Exit
2014/01/25 (Sat) 16:41:28 JST,gnu/linux,root,qu,Exit
2014/01/25 (Sat) 16:50:13 JST,gnu/linux,root,qu,Start,Default
2014/01/29 (Wed) 02:27:56 JST,gnu/linux,root,qu,Start,Default
2014/01/29 (Wed) 02:27:56 JST,gnu/linux,root,qu,Exit
2014/01/29 (Wed) 16:36:00 JST,gnu/linux,root,qu,Start,Default
2014/01/29 (Wed) 23:21:00 JST,gnu/linux,root,qu,Start,Default
2014/01/29 (Wed) 16:36:00 JST,gnu/linux,root,qu,Exit
2014/01/29 (Wed) 23:21:00 JST,gnu/linux,root,qu,Exit
2014/01/30 (Thu) 21:17:13 JST,gnu/linux,root,qu,Start,Default
2014/01/30 (Thu) 21:17:13 JST,gnu/linux,root,qu,Exit
2014/01/31 (Fri) 18:03:58 JST,gnu/linux,root,qu,Start,Default
2014/01/31 (Fri) 18:03:58 JST,gnu/linux,root,qu,Exit
2014/01/31 (Fri) 18:04:32 JST,gnu/linux,root,qu,Start,Default
