2013/09/01 (Sun) 04:45:27 JST,gnu/linux,root,qu,Start,Default
2013/09/01 (Sun) 04:45:27 JST,gnu/linux,root,qu,Exit
2013/08/28 (Wed) 08:38:47 JST,gnu/linux,root,qu,Exit
2013/09/01 (Sun) 14:47:28 JST,gnu/linux,root,qu,Start,Default
2013/09/02 (Mon) 08:00:19 JST,gnu/linux,root,qu,Start,Default
2013/09/02 (Mon) 14:46:06 JST,gnu/linux,root,qu,Exit
2013/09/02 (Mon) 16:28:04 JST,gnu/linux,root,qu,Start,Default
2013/09/03 (Tue) 03:47:16 JST,gnu/linux,root,qu,Start,Default
2013/09/03 (Tue) 03:47:16 JST,gnu/linux,root,qu,Exit
2013/09/03 (Tue) 04:44:10 JST,gnu/linux,root,qu,Start,Default
2013/09/03 (Tue) 04:44:10 JST,gnu/linux,root,qu,Exit
2013/09/03 (Tue) 10:50:52 JST,gnu/linux,root,qu,Start,Default
2013/09/03 (Tue) 11:50:39 JST,gnu/linux,root,qu,Start,Default
2013/09/03 (Tue) 12:19:29 JST,gnu/linux,root,qu,Exit
2013/09/03 (Tue) 12:20:41 JST,gnu/linux,root,qu,Start,Default
2013/09/03 (Tue) 12:20:41 JST,gnu/linux,root,qu,Exit
2013/09/03 (Tue) 12:21:09 JST,gnu/linux,root,qu,Start,Default
2013/09/03 (Tue) 12:21:09 JST,gnu/linux,root,qu,Exit
2013/09/03 (Tue) 12:21:42 JST,gnu/linux,root,qu,Start,Default
2013/09/03 (Tue) 12:21:42 JST,gnu/linux,root,qu,Exit
2013/09/03 (Tue) 12:22:13 JST,gnu/linux,root,qu,Start,Default
2013/09/03 (Tue) 12:22:13 JST,gnu/linux,root,qu,Exit
2013/09/03 (Tue) 11:50:39 JST,gnu/linux,root,qu,Exit
2013/09/03 (Tue) 12:24:33 JST,gnu/linux,root,qu,Start,Default
2013/09/03 (Tue) 12:24:33 JST,gnu/linux,root,qu,Exit
2013/09/05 (Thu) 06:20:10 JST,gnu/linux,root,qu,Start,Default
2013/09/05 (Thu) 06:20:10 JST,gnu/linux,root,qu,Exit
2013/09/05 (Thu) 17:13:23 JST,gnu/linux,root,qu,Start,Default
2013/09/05 (Thu) 17:13:23 JST,gnu/linux,root,qu,Exit
2013/09/06 (Fri) 07:51:44 JST,gnu/linux,root,qu,Start,Default
2013/09/06 (Fri) 16:09:09 JST,gnu/linux,root,qu,Exit
2013/09/06 (Fri) 16:12:00 JST,gnu/linux,root,qu,Exit
2013/09/06 (Fri) 16:15:25 JST,gnu/linux,root,qu,Exit
2013/09/06 (Fri) 16:15:47 JST,gnu/linux,root,qu,Exit
2013/09/06 (Fri) 16:27:43 JST,gnu/linux,root,qu,Exit
2013/09/07 (Sat) 13:06:49 JST,gnu/linux,root,qu,Start,Default
2013/09/07 (Sat) 13:06:49 JST,gnu/linux,root,qu,Exit
2013/09/07 (Sat) 13:09:33 JST,gnu/linux,root,qu,Start,Default
2013/09/07 (Sat) 23:09:39 JST,gnu/linux,root,qu,Exit
2013/09/07 (Sat) 13:09:33 JST,gnu/linux,root,qu,Exit
2013/09/07 (Sat) 23:55:48 JST,gnu/linux,root,qu,Start,Default
2013/09/07 (Sat) 23:55:48 JST,gnu/linux,root,qu,Exit
2013/09/08 (Sun) 10:37:38 JST,gnu/linux,root,qu,Start,Default
2013/09/08 (Sun) 13:00:37 JST,gnu/linux,root,qu,Exit
2013/09/08 (Sun) 13:03:18 JST,gnu/linux,root,qu,Exit
2013/09/08 (Sun) 13:07:43 JST,gnu/linux,root,qu,Exit
2013/09/08 (Sun) 13:07:47 JST,gnu/linux,root,qu,Exit
2013/09/08 (Sun) 13:07:56 JST,gnu/linux,root,qu,Exit
2013/09/08 (Sun) 13:08:48 JST,gnu/linux,root,qu,Exit
2013/09/08 (Sun) 14:16:29 JST,gnu/linux,root,qu,Exit
2013/09/08 (Sun) 14:17:38 JST,gnu/linux,root,qu,Start,Default
2013/09/08 (Sun) 14:17:38 JST,gnu/linux,root,qu,Exit
2013/09/08 (Sun) 14:19:20 JST,gnu/linux,root,qu,Exit
2013/09/08 (Sun) 14:19:22 JST,gnu/linux,root,qu,Start,Default
2013/09/08 (Sun) 14:19:22 JST,gnu/linux,root,qu,Exit
2013/09/08 (Sun) 14:21:07 JST,gnu/linux,root,qu,Exit
2013/09/08 (Sun) 14:21:12 JST,gnu/linux,root,qu,Start,Default
2013/09/08 (Sun) 14:21:12 JST,gnu/linux,root,qu,Exit
2013/09/08 (Sun) 14:21:32 JST,gnu/linux,root,qu,Exit
2013/09/08 (Sun) 14:21:36 JST,gnu/linux,root,qu,Start,Default
2013/09/08 (Sun) 14:21:36 JST,gnu/linux,root,qu,Exit
2013/09/08 (Sun) 14:21:58 JST,gnu/linux,root,qu,Exit
2013/09/08 (Sun) 14:22:04 JST,gnu/linux,root,qu,Start,Default
2013/09/08 (Sun) 14:22:04 JST,gnu/linux,root,qu,Exit
2013/09/08 (Sun) 14:22:35 JST,gnu/linux,root,qu,Exit
2013/09/08 (Sun) 14:25:04 JST,gnu/linux,root,qu,Start,Default
2013/09/08 (Sun) 14:25:04 JST,gnu/linux,root,qu,Exit
2013/09/08 (Sun) 14:25:59 JST,gnu/linux,root,qu,Start,Default
2013/09/08 (Sun) 14:25:59 JST,gnu/linux,root,qu,Exit
2013/09/08 (Sun) 14:27:10 JST,gnu/linux,root,qu,Start,Default
2013/09/08 (Sun) 14:27:10 JST,gnu/linux,root,qu,Exit
2013/09/09 (Mon) 12:14:38 JST,gnu/linux,root,qu,Exit
2013/09/09 (Mon) 12:38:06 JST,gnu/linux,root,qu,Exit
2013/09/09 (Mon) 12:43:15 JST,gnu/linux,root,qu,Exit
2013/09/09 (Mon) 12:45:03 JST,gnu/linux,root,qu,Exit
2013/09/09 (Mon) 12:47:48 JST,gnu/linux,root,qu,Exit
2013/09/09 (Mon) 12:48:20 JST,gnu/linux,root,qu,Exit
2013/09/10 (Tue) 00:29:49 JST,gnu/linux,root,qu,Exit
2013/09/08 (Sun) 10:37:38 JST,gnu/linux,root,qu,Exit
2013/09/10 (Tue) 10:23:50 JST,gnu/linux,root,qu,Start,Default
2013/09/10 (Tue) 11:05:58 JST,gnu/linux,root,qu,Exit
2013/09/10 (Tue) 11:08:58 JST,gnu/linux,root,qu,Start,Default
2013/09/10 (Tue) 11:08:58 JST,gnu/linux,root,qu,Exit
2013/09/10 (Tue) 11:10:58 JST,gnu/linux,root,qu,Exit
2013/09/10 (Tue) 11:11:05 JST,gnu/linux,root,qu,Start,Default
2013/09/10 (Tue) 11:11:05 JST,gnu/linux,root,qu,Exit
2013/09/10 (Tue) 11:16:19 JST,gnu/linux,root,qu,Exit
2013/09/10 (Tue) 11:16:37 JST,gnu/linux,root,qu,Exit
2013/09/10 (Tue) 11:17:57 JST,gnu/linux,root,qu,Exit
2013/09/10 (Tue) 11:18:06 JST,gnu/linux,root,qu,Start,Default
2013/09/10 (Tue) 11:18:06 JST,gnu/linux,root,qu,Exit
2013/09/10 (Tue) 11:19:05 JST,gnu/linux,root,qu,Exit
2013/09/10 (Tue) 11:23:57 JST,gnu/linux,root,qu,Exit
2013/09/10 (Tue) 10:23:50 JST,gnu/linux,root,qu,Exit
2013/09/10 (Tue) 11:36:28 JST,gnu/linux,root,qu,Start,Default
2013/09/10 (Tue) 15:07:08 JST,gnu/linux,root,qu,Exit
2013/09/10 (Tue) 11:36:28 JST,gnu/linux,root,qu,Exit
2013/09/10 (Tue) 23:38:13 JST,gnu/linux,root,qu,Start,Default
2013/09/10 (Tue) 23:38:13 JST,gnu/linux,root,qu,Exit
2013/09/11 (Wed) 11:27:26 JST,gnu/linux,root,qu,Start,Default
2013/09/11 (Wed) 11:27:26 JST,gnu/linux,root,qu,Exit
2013/09/12 (Thu) 13:13:00 JST,gnu/linux,root,qu,Start,Default
2013/09/14 (Sat) 05:35:02 JST,gnu/linux,root,qu,Exit
2013/09/14 (Sat) 05:38:19 JST,gnu/linux,root,qu,Exit
2013/09/14 (Sat) 05:45:09 JST,gnu/linux,root,qu,Exit
2013/09/14 (Sat) 05:49:21 JST,gnu/linux,root,qu,Exit
2013/09/14 (Sat) 05:49:57 JST,gnu/linux,root,qu,Exit
2013/09/14 (Sat) 05:52:00 JST,gnu/linux,root,qu,Exit
2013/09/14 (Sat) 15:18:17 JST,gnu/linux,root,qu,Start,Default
2013/09/14 (Sat) 16:41:40 JST,gnu/linux,root,qu,Exit
2013/09/14 (Sat) 16:43:56 JST,gnu/linux,root,qu,Exit
2013/09/14 (Sat) 16:48:06 JST,gnu/linux,root,qu,Exit
2013/09/14 (Sat) 16:49:53 JST,gnu/linux,root,qu,Exit
2013/09/14 (Sat) 16:51:29 JST,gnu/linux,root,qu,Exit
2013/09/14 (Sat) 16:53:16 JST,gnu/linux,root,qu,Exit
2013/09/14 (Sat) 16:53:27 JST,gnu/linux,root,qu,Start,Default
2013/09/14 (Sat) 16:54:33 JST,gnu/linux,root,qu,Exit
2013/09/14 (Sat) 16:54:37 JST,gnu/linux,root,qu,Start,Default
2013/09/14 (Sat) 16:54:37 JST,gnu/linux,root,qu,Exit
2013/09/14 (Sat) 16:53:27 JST,gnu/linux,root,qu,Exit
2013/09/14 (Sat) 16:57:40 JST,gnu/linux,root,qu,Exit
2013/09/14 (Sat) 16:58:43 JST,gnu/linux,root,qu,Exit
2013/09/14 (Sat) 16:59:21 JST,gnu/linux,root,qu,Exit
2013/09/14 (Sat) 17:55:36 JST,gnu/linux,root,qu,Exit
2013/09/14 (Sat) 17:56:26 JST,gnu/linux,root,qu,Exit
2013/09/14 (Sat) 18:03:21 JST,gnu/linux,root,qu,Exit
2013/09/14 (Sat) 18:04:04 JST,gnu/linux,root,qu,Exit
2013/09/14 (Sat) 18:05:56 JST,gnu/linux,root,qu,Exit
2013/09/14 (Sat) 18:07:08 JST,gnu/linux,root,qu,Exit
2013/09/14 (Sat) 18:07:46 JST,gnu/linux,root,qu,Exit
2013/09/14 (Sat) 18:08:17 JST,gnu/linux,root,qu,Exit
2013/09/14 (Sat) 18:08:55 JST,gnu/linux,root,qu,Exit
2013/09/15 (Sun) 01:02:27 JST,gnu/linux,root,qu,Exit
2013/09/15 (Sun) 01:04:16 JST,gnu/linux,root,qu,Exit
2013/09/15 (Sun) 01:09:26 JST,gnu/linux,root,qu,Exit
2013/09/15 (Sun) 01:12:14 JST,gnu/linux,root,qu,Exit
2013/09/15 (Sun) 01:14:03 JST,gnu/linux,root,qu,Exit
2013/09/15 (Sun) 01:14:21 JST,gnu/linux,root,qu,Exit
2013/09/15 (Sun) 01:15:21 JST,gnu/linux,root,qu,Exit
2013/09/15 (Sun) 01:15:51 JST,gnu/linux,root,qu,Exit
2013/09/15 (Sun) 01:16:40 JST,gnu/linux,root,qu,Exit
2013/09/15 (Sun) 01:17:00 JST,gnu/linux,root,qu,Exit
2013/09/15 (Sun) 01:17:13 JST,gnu/linux,root,qu,Exit
2013/09/15 (Sun) 01:17:25 JST,gnu/linux,root,qu,Exit
2013/09/15 (Sun) 01:17:38 JST,gnu/linux,root,qu,Exit
2013/09/15 (Sun) 01:17:55 JST,gnu/linux,root,qu,Exit
2013/09/15 (Sun) 01:18:03 JST,gnu/linux,root,qu,Exit
2013/09/15 (Sun) 01:18:07 JST,gnu/linux,root,qu,Exit
2013/09/15 (Sun) 01:18:10 JST,gnu/linux,root,qu,Exit
2013/09/15 (Sun) 01:21:02 JST,gnu/linux,root,qu,Exit
2013/09/15 (Sun) 01:22:47 JST,gnu/linux,root,qu,Exit
2013/09/15 (Sun) 01:34:54 JST,gnu/linux,root,qu,Exit
2013/09/15 (Sun) 01:37:49 JST,gnu/linux,root,qu,Exit
2013/09/15 (Sun) 01:40:40 JST,gnu/linux,root,qu,Exit
2013/09/15 (Sun) 01:41:24 JST,gnu/linux,root,qu,Exit
2013/09/15 (Sun) 01:41:52 JST,gnu/linux,root,qu,Exit
2013/09/15 (Sun) 01:43:53 JST,gnu/linux,root,qu,Exit
2013/09/15 (Sun) 01:49:00 JST,gnu/linux,root,qu,Exit
2013/09/15 (Sun) 01:49:12 JST,gnu/linux,root,qu,Exit
2013/09/15 (Sun) 01:49:19 JST,gnu/linux,root,qu,Exit
2013/09/15 (Sun) 01:49:31 JST,gnu/linux,root,qu,Exit
2013/09/15 (Sun) 01:49:40 JST,gnu/linux,root,qu,Exit
2013/09/15 (Sun) 01:49:57 JST,gnu/linux,root,qu,Exit
2013/09/15 (Sun) 01:50:18 JST,gnu/linux,root,qu,Exit
2013/09/15 (Sun) 01:51:14 JST,gnu/linux,root,qu,Exit
2013/09/15 (Sun) 01:51:37 JST,gnu/linux,root,qu,Exit
2013/09/15 (Sun) 01:52:30 JST,gnu/linux,root,qu,Exit
2013/09/15 (Sun) 01:52:59 JST,gnu/linux,root,qu,Exit
2013/09/15 (Sun) 01:53:11 JST,gnu/linux,root,qu,Exit
2013/09/15 (Sun) 01:53:34 JST,gnu/linux,root,qu,Exit
2013/09/15 (Sun) 01:53:58 JST,gnu/linux,root,qu,Exit
2013/09/15 (Sun) 01:54:12 JST,gnu/linux,root,qu,Exit
2013/09/15 (Sun) 01:54:22 JST,gnu/linux,root,qu,Exit
2013/09/15 (Sun) 01:54:46 JST,gnu/linux,root,qu,Exit
2013/09/15 (Sun) 01:55:00 JST,gnu/linux,root,qu,Exit
2013/09/15 (Sun) 01:55:15 JST,gnu/linux,root,qu,Exit
2013/09/15 (Sun) 01:56:09 JST,gnu/linux,root,qu,Exit
2013/09/15 (Sun) 01:56:42 JST,gnu/linux,root,qu,Exit
2013/09/15 (Sun) 01:56:57 JST,gnu/linux,root,qu,Exit
2013/09/15 (Sun) 01:57:06 JST,gnu/linux,root,qu,Exit
2013/09/15 (Sun) 01:57:26 JST,gnu/linux,root,qu,Exit
2013/09/15 (Sun) 01:57:42 JST,gnu/linux,root,qu,Exit
2013/09/15 (Sun) 02:48:03 JST,gnu/linux,root,qu,Start,Default
2013/09/15 (Sun) 02:48:03 JST,gnu/linux,root,qu,Exit
2013/09/15 (Sun) 03:02:23 JST,gnu/linux,root,qu,Exit
2013/09/14 (Sat) 15:18:17 JST,gnu/linux,root,qu,Exit
2013/09/15 (Sun) 03:12:15 JST,gnu/linux,root,qu,Start,Default
2013/09/15 (Sun) 03:39:06 JST,gnu/linux,root,qu,Exit
2013/09/15 (Sun) 03:46:04 JST,gnu/linux,root,qu,Start,Default
2013/09/15 (Sun) 03:46:04 JST,gnu/linux,root,qu,Exit
2013/09/15 (Sun) 03:53:05 JST,gnu/linux,root,qu,Exit
2013/09/15 (Sun) 03:53:11 JST,gnu/linux,root,qu,Start,Default
2013/09/15 (Sun) 03:53:11 JST,gnu/linux,root,qu,Exit
2013/09/15 (Sun) 03:56:43 JST,gnu/linux,root,qu,Exit
2013/09/15 (Sun) 03:56:52 JST,gnu/linux,root,qu,Start,Default
2013/09/15 (Sun) 04:00:26 JST,gnu/linux,root,qu,Exit
2013/09/15 (Sun) 03:56:52 JST,gnu/linux,root,qu,Exit
2013/09/15 (Sun) 04:00:31 JST,gnu/linux,root,qu,Start,Default
2013/09/15 (Sun) 04:00:31 JST,gnu/linux,root,qu,Exit
2013/09/15 (Sun) 04:05:38 JST,gnu/linux,root,qu,Exit
2013/09/15 (Sun) 04:05:46 JST,gnu/linux,root,qu,Start,Default
2013/09/15 (Sun) 04:05:46 JST,gnu/linux,root,qu,Exit
2013/09/15 (Sun) 04:09:07 JST,gnu/linux,root,qu,Exit
2013/09/15 (Sun) 04:09:14 JST,gnu/linux,root,qu,Exit
2013/09/15 (Sun) 04:09:26 JST,gnu/linux,root,qu,Exit
2013/09/15 (Sun) 04:09:31 JST,gnu/linux,root,qu,Start,Default
2013/09/15 (Sun) 04:09:31 JST,gnu/linux,root,qu,Exit
2013/09/15 (Sun) 04:19:07 JST,gnu/linux,root,qu,Start,Default
2013/09/15 (Sun) 04:19:07 JST,gnu/linux,root,qu,Exit
2013/09/15 (Sun) 04:20:30 JST,gnu/linux,root,qu,Start,Default
2013/09/15 (Sun) 04:20:30 JST,gnu/linux,root,qu,Exit
2013/09/15 (Sun) 04:21:25 JST,gnu/linux,root,qu,Start,Default
2013/09/15 (Sun) 04:21:25 JST,gnu/linux,root,qu,Exit
2013/09/15 (Sun) 04:22:50 JST,gnu/linux,root,qu,Exit
2013/09/15 (Sun) 04:23:03 JST,gnu/linux,root,qu,Exit
2013/09/15 (Sun) 04:23:12 JST,gnu/linux,root,qu,Start,Default
2013/09/15 (Sun) 04:23:12 JST,gnu/linux,root,qu,Exit
2013/09/15 (Sun) 04:25:33 JST,gnu/linux,root,qu,Exit
2013/09/15 (Sun) 04:25:49 JST,gnu/linux,root,qu,Exit
2013/09/15 (Sun) 04:27:44 JST,gnu/linux,root,qu,Exit
2013/09/15 (Sun) 04:28:06 JST,gnu/linux,root,qu,Exit
2013/09/15 (Sun) 04:32:10 JST,gnu/linux,root,qu,Exit
2013/09/15 (Sun) 04:32:36 JST,gnu/linux,root,qu,Exit
2013/09/15 (Sun) 04:33:03 JST,gnu/linux,root,qu,Exit
2013/09/15 (Sun) 04:33:39 JST,gnu/linux,root,qu,Exit
2013/09/15 (Sun) 04:33:59 JST,gnu/linux,root,qu,Exit
2013/09/15 (Sun) 04:34:43 JST,gnu/linux,root,qu,Exit
2013/09/15 (Sun) 04:34:58 JST,gnu/linux,root,qu,Exit
2013/09/15 (Sun) 04:35:58 JST,gnu/linux,root,qu,Exit
2013/09/15 (Sun) 04:36:19 JST,gnu/linux,root,qu,Exit
2013/09/15 (Sun) 04:36:43 JST,gnu/linux,root,qu,Exit
2013/09/15 (Sun) 04:37:13 JST,gnu/linux,root,qu,Exit
2013/09/15 (Sun) 04:37:23 JST,gnu/linux,root,qu,Exit
2013/09/15 (Sun) 04:39:37 JST,gnu/linux,root,qu,Exit
2013/09/15 (Sun) 04:40:13 JST,gnu/linux,root,qu,Exit
2013/09/15 (Sun) 04:40:47 JST,gnu/linux,root,qu,Exit
2013/09/15 (Sun) 04:41:06 JST,gnu/linux,root,qu,Exit
2013/09/15 (Sun) 04:41:27 JST,gnu/linux,root,qu,Exit
2013/09/15 (Sun) 04:41:50 JST,gnu/linux,root,qu,Exit
2013/09/15 (Sun) 04:42:28 JST,gnu/linux,root,qu,Exit
2013/09/15 (Sun) 04:42:45 JST,gnu/linux,root,qu,Exit
2013/09/15 (Sun) 04:42:57 JST,gnu/linux,root,qu,Exit
2013/09/15 (Sun) 04:43:21 JST,gnu/linux,root,qu,Exit
2013/09/15 (Sun) 04:44:10 JST,gnu/linux,root,qu,Exit
2013/09/15 (Sun) 04:44:22 JST,gnu/linux,root,qu,Exit
2013/09/15 (Sun) 04:52:51 JST,gnu/linux,root,qu,Exit
2013/09/15 (Sun) 04:54:19 JST,gnu/linux,root,qu,Exit
2013/09/15 (Sun) 04:56:01 JST,gnu/linux,root,qu,Exit
2013/09/15 (Sun) 04:56:05 JST,gnu/linux,root,qu,Start,Default
2013/09/15 (Sun) 04:56:05 JST,gnu/linux,root,qu,Exit
2013/09/15 (Sun) 04:57:55 JST,gnu/linux,root,qu,Exit
2013/09/15 (Sun) 04:58:00 JST,gnu/linux,root,qu,Start,Default
2013/09/15 (Sun) 04:58:00 JST,gnu/linux,root,qu,Exit
2013/09/15 (Sun) 04:59:14 JST,gnu/linux,root,qu,Exit
2013/09/15 (Sun) 04:59:18 JST,gnu/linux,root,qu,Start,Default
2013/09/15 (Sun) 04:59:18 JST,gnu/linux,root,qu,Exit
2013/09/15 (Sun) 05:01:54 JST,gnu/linux,root,qu,Exit
2013/09/15 (Sun) 05:02:02 JST,gnu/linux,root,qu,Start,Default
2013/09/15 (Sun) 05:02:02 JST,gnu/linux,root,qu,Exit
2013/09/15 (Sun) 05:05:11 JST,gnu/linux,root,qu,Exit
2013/09/15 (Sun) 05:05:40 JST,gnu/linux,root,qu,Exit
2013/09/15 (Sun) 05:05:59 JST,gnu/linux,root,qu,Start,Default
2013/09/15 (Sun) 05:05:59 JST,gnu/linux,root,qu,Exit
2013/09/15 (Sun) 05:08:05 JST,gnu/linux,root,qu,Exit
2013/09/15 (Sun) 05:08:46 JST,gnu/linux,root,qu,Start,Default
2013/09/15 (Sun) 05:08:46 JST,gnu/linux,root,qu,Exit
2013/09/15 (Sun) 05:11:23 JST,gnu/linux,root,qu,Exit
2013/09/15 (Sun) 05:11:26 JST,gnu/linux,root,qu,Start,Default
2013/09/15 (Sun) 05:11:26 JST,gnu/linux,root,qu,Exit
2013/09/15 (Sun) 05:13:53 JST,gnu/linux,root,qu,Exit
2013/09/15 (Sun) 05:14:35 JST,gnu/linux,root,qu,Start,Default
2013/09/15 (Sun) 05:14:35 JST,gnu/linux,root,qu,Exit
2013/09/15 (Sun) 05:16:37 JST,gnu/linux,root,qu,Exit
2013/09/15 (Sun) 05:16:44 JST,gnu/linux,root,qu,Start,Default
2013/09/15 (Sun) 05:16:44 JST,gnu/linux,root,qu,Exit
2013/09/15 (Sun) 05:18:30 JST,gnu/linux,root,qu,Start,Default
2013/09/15 (Sun) 05:21:45 JST,gnu/linux,root,qu,Exit
2013/09/15 (Sun) 05:18:30 JST,gnu/linux,root,qu,Exit
2013/09/15 (Sun) 05:21:57 JST,gnu/linux,root,qu,Start,Default
2013/09/15 (Sun) 05:21:57 JST,gnu/linux,root,qu,Exit
2013/09/15 (Sun) 05:25:38 JST,gnu/linux,root,qu,Exit
2013/09/15 (Sun) 05:26:14 JST,gnu/linux,root,qu,Exit
2013/09/15 (Sun) 05:26:17 JST,gnu/linux,root,qu,Start,Default
2013/09/15 (Sun) 05:26:17 JST,gnu/linux,root,qu,Exit
2013/09/15 (Sun) 05:26:40 JST,gnu/linux,root,qu,Exit
2013/09/15 (Sun) 05:26:43 JST,gnu/linux,root,qu,Start,Default
2013/09/15 (Sun) 05:26:43 JST,gnu/linux,root,qu,Exit
2013/09/15 (Sun) 05:29:11 JST,gnu/linux,root,qu,Start,Default
2013/09/15 (Sun) 05:29:11 JST,gnu/linux,root,qu,Exit
2013/09/15 (Sun) 05:31:44 JST,gnu/linux,root,qu,Exit
2013/09/15 (Sun) 05:32:01 JST,gnu/linux,root,qu,Exit
2013/09/15 (Sun) 05:37:51 JST,gnu/linux,root,qu,Start,Default
2013/09/15 (Sun) 05:37:51 JST,gnu/linux,root,qu,Exit
2013/09/15 (Sun) 05:45:02 JST,gnu/linux,root,qu,Exit
2013/09/15 (Sun) 05:45:40 JST,gnu/linux,root,qu,Exit
2013/09/15 (Sun) 05:46:59 JST,gnu/linux,root,qu,Exit
2013/09/15 (Sun) 05:48:52 JST,gnu/linux,root,qu,Start,Default
2013/09/15 (Sun) 05:50:59 JST,gnu/linux,root,qu,Exit
2013/09/15 (Sun) 05:48:52 JST,gnu/linux,root,qu,Exit
2013/09/15 (Sun) 05:51:11 JST,gnu/linux,root,qu,Start,Default
2013/09/15 (Sun) 05:51:11 JST,gnu/linux,root,qu,Exit
2013/09/15 (Sun) 05:52:02 JST,gnu/linux,root,qu,Exit
2013/09/15 (Sun) 05:52:18 JST,gnu/linux,root,qu,Exit
2013/09/15 (Sun) 05:53:08 JST,gnu/linux,root,qu,Exit
2013/09/15 (Sun) 05:54:26 JST,gnu/linux,root,qu,Exit
2013/09/15 (Sun) 05:56:04 JST,gnu/linux,root,qu,Exit
2013/09/15 (Sun) 03:12:15 JST,gnu/linux,root,qu,Exit
2013/09/15 (Sun) 05:57:00 JST,gnu/linux,root,qu,Start,Default
2013/09/15 (Sun) 07:06:28 JST,gnu/linux,root,qu,Exit
2013/09/15 (Sun) 07:08:33 JST,gnu/linux,root,qu,Start,Default
2013/09/15 (Sun) 07:09:30 JST,gnu/linux,root,qu,Exit
2013/09/15 (Sun) 07:08:33 JST,gnu/linux,root,qu,Exit
2013/09/15 (Sun) 07:09:41 JST,gnu/linux,root,qu,Start,Default
2013/09/15 (Sun) 07:09:41 JST,gnu/linux,root,qu,Exit
2013/09/15 (Sun) 07:18:36 JST,gnu/linux,root,qu,Exit
2013/09/15 (Sun) 07:19:41 JST,gnu/linux,root,qu,Exit
2013/09/15 (Sun) 07:27:15 JST,gnu/linux,root,qu,Exit
2013/09/15 (Sun) 07:27:23 JST,gnu/linux,root,qu,Start,Default
2013/09/15 (Sun) 07:27:23 JST,gnu/linux,root,qu,Exit
2013/09/15 (Sun) 07:29:57 JST,gnu/linux,root,qu,Exit
2013/09/15 (Sun) 07:30:57 JST,gnu/linux,root,qu,Start,Default
2013/09/15 (Sun) 07:30:57 JST,gnu/linux,root,qu,Exit
2013/09/15 (Sun) 07:32:04 JST,gnu/linux,root,qu,Exit
2013/09/15 (Sun) 07:41:29 JST,gnu/linux,root,qu,Exit
2013/09/15 (Sun) 07:44:25 JST,gnu/linux,root,qu,Exit
2013/09/15 (Sun) 05:57:00 JST,gnu/linux,root,qu,Exit
2013/09/15 (Sun) 07:51:22 JST,gnu/linux,root,qu,Start,Default
2013/09/15 (Sun) 07:52:51 JST,gnu/linux,root,qu,Exit
2013/09/19 (Thu) 02:49:04 JST,gnu/linux,root,qu,Exit
2013/09/19 (Thu) 03:30:04 JST,gnu/linux,root,qu,Exit
2013/09/19 (Thu) 03:33:26 JST,gnu/linux,root,qu,Exit
2013/09/19 (Thu) 03:33:35 JST,gnu/linux,root,qu,Exit
2013/09/19 (Thu) 03:41:17 JST,gnu/linux,root,qu,Exit
2013/09/19 (Thu) 03:42:30 JST,gnu/linux,root,qu,Exit
2013/09/19 (Thu) 03:42:49 JST,gnu/linux,root,qu,Exit
2013/09/19 (Thu) 03:44:56 JST,gnu/linux,root,qu,Exit
2013/09/19 (Thu) 03:45:09 JST,gnu/linux,root,qu,Exit
2013/09/19 (Thu) 03:45:40 JST,gnu/linux,root,qu,Exit
2013/09/19 (Thu) 03:46:22 JST,gnu/linux,root,qu,Exit
2013/09/19 (Thu) 03:47:04 JST,gnu/linux,root,qu,Exit
2013/09/19 (Thu) 03:47:21 JST,gnu/linux,root,qu,Exit
2013/09/19 (Thu) 03:47:56 JST,gnu/linux,root,qu,Exit
2013/09/15 (Sun) 07:51:22 JST,gnu/linux,root,qu,Exit
2013/09/19 (Thu) 13:04:24 JST,gnu/linux,root,qu,Start,Default
2013/09/19 (Thu) 14:28:05 JST,gnu/linux,root,qu,Exit
2013/09/19 (Thu) 14:34:52 JST,gnu/linux,root,qu,Exit
2013/09/19 (Thu) 14:35:01 JST,gnu/linux,root,qu,Start,Default
2013/09/19 (Thu) 14:35:01 JST,gnu/linux,root,qu,Exit
2013/09/19 (Thu) 14:37:11 JST,gnu/linux,root,qu,Exit
2013/09/19 (Thu) 14:38:03 JST,gnu/linux,root,qu,Exit
2013/09/19 (Thu) 14:40:21 JST,gnu/linux,root,qu,Exit
2013/09/19 (Thu) 14:40:28 JST,gnu/linux,root,qu,Start,Default
2013/09/19 (Thu) 14:40:28 JST,gnu/linux,root,qu,Exit
2013/09/19 (Thu) 14:49:25 JST,gnu/linux,root,qu,Exit
2013/09/19 (Thu) 14:50:04 JST,gnu/linux,root,qu,Exit
2013/09/19 (Thu) 14:50:08 JST,gnu/linux,root,qu,Start,Default
2013/09/19 (Thu) 14:50:52 JST,gnu/linux,root,qu,Exit
2013/09/19 (Thu) 14:50:08 JST,gnu/linux,root,qu,Exit
2013/09/19 (Thu) 14:51:00 JST,gnu/linux,root,qu,Start,Default
2013/09/19 (Thu) 14:51:00 JST,gnu/linux,root,qu,Exit
2013/09/19 (Thu) 15:01:30 JST,gnu/linux,root,qu,Exit
2013/09/19 (Thu) 15:01:43 JST,gnu/linux,root,qu,Exit
2013/09/19 (Thu) 15:02:47 JST,gnu/linux,root,qu,Exit
2013/09/19 (Thu) 15:03:46 JST,gnu/linux,root,qu,Exit
2013/09/19 (Thu) 15:03:51 JST,gnu/linux,root,qu,Start,Default
2013/09/19 (Thu) 15:03:51 JST,gnu/linux,root,qu,Exit
2013/09/19 (Thu) 15:06:06 JST,gnu/linux,root,qu,Exit
2013/09/19 (Thu) 16:08:33 JST,gnu/linux,root,qu,Exit
2013/09/19 (Thu) 16:09:39 JST,gnu/linux,root,qu,Exit
2013/09/19 (Thu) 16:11:23 JST,gnu/linux,root,qu,Exit
2013/09/19 (Thu) 16:12:07 JST,gnu/linux,root,qu,Exit
2013/09/19 (Thu) 13:04:24 JST,gnu/linux,root,qu,Exit
2013/09/19 (Thu) 21:08:14 JST,gnu/linux,root,qu,Start,Default
2013/09/19 (Thu) 23:15:29 JST,gnu/linux,root,qu,Exit
2013/09/19 (Thu) 23:15:38 JST,gnu/linux,root,qu,Exit
2013/09/19 (Thu) 23:15:55 JST,gnu/linux,root,qu,Exit
2013/09/20 (Fri) 14:59:58 JST,gnu/linux,root,qu,Exit
2013/09/22 (Sun) 01:11:11 JST,gnu/linux,root,qu,Exit
2013/09/22 (Sun) 01:11:54 JST,gnu/linux,root,qu,Exit
2013/09/19 (Thu) 21:08:14 JST,gnu/linux,root,qu,Exit
2013/09/22 (Sun) 14:54:22 JST,gnu/linux,root,qu,Start,Default
2013/09/23 (Mon) 08:43:14 JST,gnu/linux,root,qu,Exit
2013/09/23 (Mon) 08:44:03 JST,gnu/linux,root,qu,Exit
2013/09/22 (Sun) 14:54:22 JST,gnu/linux,root,qu,Exit
2013/09/23 (Mon) 14:04:07 JST,gnu/linux,root,qu,Start,Default
2013/09/24 (Tue) 04:04:20 JST,gnu/linux,root,qu,Exit
2013/09/24 (Tue) 04:10:25 JST,gnu/linux,root,qu,Exit
2013/09/24 (Tue) 04:12:09 JST,gnu/linux,root,qu,Exit
2013/09/24 (Tue) 04:14:25 JST,gnu/linux,root,qu,Exit
2013/09/24 (Tue) 04:15:31 JST,gnu/linux,root,qu,Exit
2013/09/24 (Tue) 04:16:43 JST,gnu/linux,root,qu,Exit
2013/09/24 (Tue) 04:18:25 JST,gnu/linux,root,qu,Exit
2013/09/24 (Tue) 04:19:18 JST,gnu/linux,root,qu,Exit
2013/09/24 (Tue) 04:19:41 JST,gnu/linux,root,qu,Exit
2013/09/24 (Tue) 04:21:16 JST,gnu/linux,root,qu,Exit
2013/09/24 (Tue) 04:21:51 JST,gnu/linux,root,qu,Exit
2013/09/24 (Tue) 04:22:15 JST,gnu/linux,root,qu,Exit
2013/09/24 (Tue) 04:22:22 JST,gnu/linux,root,qu,Exit
2013/09/24 (Tue) 04:22:32 JST,gnu/linux,root,qu,Start,Default
2013/09/24 (Tue) 04:22:32 JST,gnu/linux,root,qu,Exit
2013/09/24 (Tue) 06:57:21 JST,gnu/linux,root,qu,Exit
2013/09/24 (Tue) 08:31:36 JST,gnu/linux,root,qu,Exit
2013/09/23 (Mon) 14:04:07 JST,gnu/linux,root,qu,Exit
2013/09/25 (Wed) 13:52:54 JST,gnu/linux,root,qu,Start,Default
2013/09/26 (Thu) 08:06:09 JST,gnu/linux,root,qu,Start,Default
2013/09/26 (Thu) 08:59:45 JST,gnu/linux,root,qu,Exit
2013/09/26 (Thu) 08:06:09 JST,gnu/linux,root,qu,Exit
2013/09/26 (Thu) 16:21:44 JST,gnu/linux,root,qu,Start,Default
2013/09/26 (Thu) 23:29:38 JST,gnu/linux,root,qu,Exit
2013/09/26 (Thu) 23:30:00 JST,gnu/linux,root,qu,Exit
2013/09/27 (Fri) 00:33:02 JST,gnu/linux,root,qu,Exit
2013/09/27 (Fri) 00:33:51 JST,gnu/linux,root,qu,Exit
2013/09/27 (Fri) 00:34:13 JST,gnu/linux,root,qu,Exit
2013/09/27 (Fri) 00:35:52 JST,gnu/linux,root,qu,Exit
2013/09/27 (Fri) 00:46:48 JST,gnu/linux,root,qu,Exit
2013/09/27 (Fri) 00:47:16 JST,gnu/linux,root,qu,Exit
2013/09/27 (Fri) 00:48:35 JST,gnu/linux,root,qu,Exit
2013/09/27 (Fri) 00:55:43 JST,gnu/linux,root,qu,Exit
2013/09/27 (Fri) 00:56:01 JST,gnu/linux,root,qu,Exit
2013/09/27 (Fri) 00:56:22 JST,gnu/linux,root,qu,Exit
2013/09/27 (Fri) 00:57:01 JST,gnu/linux,root,qu,Exit
2013/09/27 (Fri) 00:57:18 JST,gnu/linux,root,qu,Exit
2013/09/27 (Fri) 01:02:41 JST,gnu/linux,root,qu,Exit
2013/09/27 (Fri) 01:15:21 JST,gnu/linux,root,qu,Exit
2013/09/27 (Fri) 01:15:28 JST,gnu/linux,root,qu,Exit
2013/09/27 (Fri) 01:16:00 JST,gnu/linux,root,qu,Exit
2013/09/27 (Fri) 18:12:17 JST,gnu/linux,root,qu,Exit
2013/09/26 (Thu) 16:21:44 JST,gnu/linux,root,qu,Exit
2013/09/27 (Fri) 18:24:05 JST,gnu/linux,root,qu,Start,Default
2013/09/27 (Fri) 18:29:08 JST,gnu/linux,root,qu,Exit
2013/09/27 (Fri) 18:24:05 JST,gnu/linux,root,qu,Exit
2013/09/27 (Fri) 18:40:36 JST,gnu/linux,root,qu,Start,Default
2013/09/27 (Fri) 18:53:08 JST,gnu/linux,root,qu,Exit
2013/09/27 (Fri) 19:01:46 JST,gnu/linux,root,qu,Exit
2013/09/27 (Fri) 19:04:39 JST,gnu/linux,root,qu,Exit
2013/09/27 (Fri) 19:04:51 JST,gnu/linux,root,qu,Exit
2013/09/27 (Fri) 19:06:00 JST,gnu/linux,root,qu,Exit
2013/09/27 (Fri) 19:07:15 JST,gnu/linux,root,qu,Exit
2013/09/27 (Fri) 19:07:28 JST,gnu/linux,root,qu,Exit
2013/09/27 (Fri) 19:07:51 JST,gnu/linux,root,qu,Exit
2013/09/27 (Fri) 19:08:38 JST,gnu/linux,root,qu,Exit
2013/09/27 (Fri) 22:19:53 JST,gnu/linux,root,qu,Exit
2013/09/27 (Fri) 22:20:14 JST,gnu/linux,root,qu,Exit
2013/09/27 (Fri) 22:20:24 JST,gnu/linux,root,qu,Exit
2013/09/27 (Fri) 22:29:54 JST,gnu/linux,root,qu,Exit
2013/09/27 (Fri) 22:31:47 JST,gnu/linux,root,qu,Exit
2013/09/28 (Sat) 00:04:59 JST,gnu/linux,root,qu,Start,Default
2013/09/28 (Sat) 00:04:59 JST,gnu/linux,root,qu,Exit
2013/09/28 (Sat) 00:07:33 JST,gnu/linux,root,qu,Start,Default
2013/09/28 (Sat) 00:07:33 JST,gnu/linux,root,qu,Exit
2013/09/28 (Sat) 00:12:18 JST,gnu/linux,root,qu,Start,Default
2013/09/28 (Sat) 00:12:18 JST,gnu/linux,root,qu,Exit
2013/09/28 (Sat) 00:55:26 JST,gnu/linux,root,qu,Start,Default
2013/09/28 (Sat) 00:55:26 JST,gnu/linux,root,qu,Exit
2013/09/28 (Sat) 01:05:47 JST,gnu/linux,root,qu,Exit
2013/09/27 (Fri) 18:40:36 JST,gnu/linux,root,qu,Exit
2013/09/28 (Sat) 03:01:30 JST,gnu/linux,root,qu,Start,Default
2013/09/28 (Sat) 03:04:37 JST,gnu/linux,root,qu,Exit
2013/09/28 (Sat) 03:06:36 JST,gnu/linux,root,qu,Exit
2013/09/28 (Sat) 03:06:53 JST,gnu/linux,root,qu,Exit
2013/09/28 (Sat) 04:05:26 JST,gnu/linux,root,qu,Exit
2013/09/28 (Sat) 04:06:00 JST,gnu/linux,root,qu,Exit
2013/09/28 (Sat) 04:09:03 JST,gnu/linux,root,qu,Exit
2013/09/28 (Sat) 04:11:22 JST,gnu/linux,root,qu,Exit
2013/09/28 (Sat) 04:25:21 JST,gnu/linux,root,qu,Exit
2013/09/28 (Sat) 04:25:41 JST,gnu/linux,root,qu,Exit
2013/09/28 (Sat) 05:05:27 JST,gnu/linux,root,qu,Exit
2013/09/28 (Sat) 05:05:55 JST,gnu/linux,root,qu,Exit
2013/09/28 (Sat) 11:03:08 JST,gnu/linux,root,qu,Exit
2013/09/28 (Sat) 11:05:31 JST,gnu/linux,root,qu,Exit
2013/09/29 (Sun) 00:36:40 JST,gnu/linux,root,qu,Exit
2013/09/28 (Sat) 03:01:30 JST,gnu/linux,root,qu,Exit
2013/09/29 (Sun) 02:06:38 JST,gnu/linux,root,qu,Start,Default
2013/09/29 (Sun) 02:06:38 JST,gnu/linux,root,qu,Exit
2013/09/29 (Sun) 02:13:41 JST,gnu/linux,root,qu,Start,Default
2013/09/29 (Sun) 02:13:41 JST,gnu/linux,root,qu,Exit
2013/09/29 (Sun) 02:17:13 JST,gnu/linux,root,qu,Start,Default
2013/09/29 (Sun) 02:17:13 JST,gnu/linux,root,qu,Exit
2013/09/29 (Sun) 02:19:52 JST,gnu/linux,root,qu,Start,Default
2013/09/29 (Sun) 02:20:17 JST,gnu/linux,root,qu,Exit
2013/09/29 (Sun) 02:20:43 JST,gnu/linux,root,qu,Exit
2013/09/29 (Sun) 02:22:09 JST,gnu/linux,root,qu,Exit
2013/09/29 (Sun) 07:10:00 JST,gnu/linux,root,qu,Exit
2013/09/29 (Sun) 07:10:57 JST,gnu/linux,root,qu,Exit
2013/09/29 (Sun) 07:16:35 JST,gnu/linux,root,qu,Exit
2013/09/29 (Sun) 17:05:20 JST,gnu/linux,root,qu,Exit
2013/09/29 (Sun) 17:01:21 JST,gnu/linux,root,qu,Exit
2013/09/29 (Sun) 17:05:36 JST,gnu/linux,root,qu,Exit
2013/09/29 (Sun) 17:08:38 JST,gnu/linux,root,qu,Exit
2013/09/29 (Sun) 17:09:06 JST,gnu/linux,root,qu,Exit
2013/09/29 (Sun) 17:09:35 JST,gnu/linux,root,qu,Start,Default
2013/09/29 (Sun) 17:09:35 JST,gnu/linux,root,qu,Exit
2013/09/30 (Mon) 02:34:28 JST,gnu/linux,root,qu,Exit
2013/09/30 (Mon) 12:38:28 JST,gnu/linux,root,qu,Exit
2013/09/30 (Mon) 12:38:37 JST,gnu/linux,root,qu,Exit
2013/09/30 (Mon) 16:52:05 JST,gnu/linux,root,qu,Exit
2013/09/30 (Mon) 17:32:37 JST,gnu/linux,root,qu,Exit
2013/09/30 (Mon) 18:38:49 JST,gnu/linux,root,qu,Exit
2013/09/30 (Mon) 23:22:49 JST,gnu/linux,root,qu,Exit
