2014/05/30 (Fri) 09:43:29 JST,gnu/linux,root,qu,Exit
2014/06/02 (Mon) 00:15:46 JST,gnu/linux,root,qu,Start,Default
2014/06/02 (Mon) 00:15:46 JST,gnu/linux,root,qu,Exit
2014/06/02 (Mon) 06:58:03 JST,gnu/linux,root,qu,Start,Default
2014/06/03 (Tue) 07:31:46 JST,gnu/linux,root,qu,Exit
2014/06/03 (Tue) 07:33:27 JST,gnu/linux,root,qu,Exit
2014/06/03 (Tue) 07:37:29 JST,gnu/linux,root,qu,Exit
2014/06/03 (Tue) 07:40:38 JST,gnu/linux,root,qu,Exit
2014/06/03 (Tue) 07:40:47 JST,gnu/linux,root,qu,Exit
2014/06/03 (Tue) 09:08:41 JST,gnu/linux,root,qu,Exit
2014/06/03 (Tue) 09:11:04 JST,gnu/linux,root,qu,Exit
2014/06/02 (Mon) 06:58:03 JST,gnu/linux,root,qu,Exit
2014/06/04 (Wed) 12:48:35 JST,gnu/linux,root,qu,Start,Default
2014/06/04 (Wed) 12:48:35 JST,gnu/linux,root,qu,Exit
2014/06/07 (Sat) 07:26:34 JST,gnu/linux,root,qu,Start,Default
2014/06/08 (Sun) 17:11:39 JST,gnu/linux,root,qu,Exit
2014/06/08 (Sun) 17:11:13 JST,gnu/linux,root,qu,Exit
2014/06/07 (Sat) 07:26:34 JST,gnu/linux,root,qu,Exit
2014/06/09 (Mon) 03:51:07 JST,gnu/linux,root,qu,Start,Default
2014/06/09 (Mon) 03:51:07 JST,gnu/linux,root,qu,Exit
2014/06/10 (Tue) 17:44:47 JST,gnu/linux,root,qu,Start,Default
2014/06/11 (Wed) 07:26:39 JST,gnu/linux,root,qu,Exit
2014/06/10 (Tue) 17:44:47 JST,gnu/linux,root,qu,Exit
2014/06/11 (Wed) 07:27:22 JST,gnu/linux,root,qu,Start,Default
2014/06/12 (Thu) 09:13:25 JST,gnu/linux,root,qu,Exit
2014/06/12 (Thu) 10:27:31 JST,gnu/linux,root,qu,Exit
2014/06/12 (Thu) 10:28:04 JST,gnu/linux,root,qu,Exit
2014/06/12 (Thu) 10:29:29 JST,gnu/linux,root,qu,Exit
2014/06/11 (Wed) 07:27:22 JST,gnu/linux,root,qu,Exit
2014/06/13 (Fri) 06:51:18 JST,gnu/linux,root,qu,Start,Default
2014/06/13 (Fri) 06:51:18 JST,gnu/linux,root,qu,Exit
2014/06/13 (Fri) 12:20:29 JST,gnu/linux,root,qu,Start,Default
2014/06/13 (Fri) 12:20:29 JST,gnu/linux,root,qu,Exit
2014/06/14 (Sat) 09:48:24 JST,gnu/linux,root,qu,Start,Default
2014/06/14 (Sat) 17:47:59 JST,gnu/linux,root,qu,Start,Default
2014/06/14 (Sat) 17:47:59 JST,gnu/linux,root,qu,Exit
2014/06/14 (Sat) 17:52:02 JST,gnu/linux,root,qu,Start,Default
2014/06/14 (Sat) 17:52:02 JST,gnu/linux,root,qu,Exit
2014/06/14 (Sat) 09:48:24 JST,gnu/linux,root,qu,Exit
2014/06/16 (Mon) 09:45:31 JST,gnu/linux,root,qu,Start,Default
2014/06/16 (Mon) 09:45:31 JST,gnu/linux,root,qu,Exit
2014/06/19 (Thu) 21:56:48 JST,gnu/linux,root,qu,Start,Default
2014/06/19 (Thu) 21:56:48 JST,gnu/linux,root,qu,Exit
2014/06/20 (Fri) 11:51:09 JST,gnu/linux,root,qu,Start,Default
2014/06/20 (Fri) 11:51:09 JST,gnu/linux,root,qu,Exit
2014/06/21 (Sat) 13:15:10 JST,gnu/linux,root,qu,Start,Default
2014/06/21 (Sat) 23:55:55 JST,gnu/linux,root,qu,Start,Default
2014/06/21 (Sat) 23:55:55 JST,gnu/linux,root,qu,Exit
2014/06/21 (Sat) 23:57:34 JST,gnu/linux,root,qu,Start,Default
2014/06/21 (Sat) 23:57:34 JST,gnu/linux,root,qu,Exit
2014/06/21 (Sat) 13:15:10 JST,gnu/linux,root,qu,Exit
2014/06/25 (Wed) 11:03:18 JST,gnu/linux,root,qu,Start,Default
2014/06/25 (Wed) 11:03:18 JST,gnu/linux,root,qu,Exit
2014/06/27 (Fri) 12:31:02 JST,gnu/linux,root,qu,Start,Default
2014/06/28 (Sat) 18:58:02 JST,gnu/linux,root,qu,Start,Default
2014/06/28 (Sat) 18:58:02 JST,gnu/linux,root,qu,Exit
2014/06/28 (Sat) 18:58:55 JST,gnu/linux,root,qu,Start,Default
2014/06/28 (Sat) 18:58:55 JST,gnu/linux,root,qu,Exit
2014/06/30 (Mon) 21:08:03 JST,gnu/linux,root,qu,Start,Default
