2013/06/01 (Sat) 19:00:38 JST,gnu/linux,root,qu,Start,Default
2013/06/02 (Sun) 16:27:16 JST,gnu/linux,root,qu,Start,Default
2013/06/03 (Mon) 18:39:52 JST,gnu/linux,root,qu,Start,Default
2013/06/05 (Wed) 18:40:51 JST,gnu/linux,root,qu,Start,Default
2013/06/05 (Wed) 18:40:51 JST,gnu/linux,root,qu,Exit
2013/06/06 (Thu) 11:50:21 JST,gnu/linux,root,qu,Start,Default
2013/06/06 (Thu) 11:50:21 JST,gnu/linux,root,qu,Exit
2013/06/07 (Fri) 07:27:23 JST,gnu/linux,root,qu,Start,Default
2013/06/07 (Fri) 07:27:23 JST,gnu/linux,root,qu,Exit
2013/06/08 (Sat) 17:50:15 JST,gnu/linux,root,qu,Start,Default
2013/06/08 (Sat) 17:50:15 JST,gnu/linux,root,qu,Exit
2013/06/11 (Tue) 16:02:54 JST,gnu/linux,root,qu,Start,Default
2013/06/11 (Tue) 16:02:54 JST,gnu/linux,root,qu,Exit
2013/06/13 (Thu) 14:21:11 JST,gnu/linux,root,qu,Start,Default
2013/06/13 (Thu) 14:21:11 JST,gnu/linux,root,qu,Exit
2013/06/15 (Sat) 12:18:49 JST,gnu/linux,root,qu,Start,Default
2013/06/15 (Sat) 12:18:49 JST,gnu/linux,root,qu,Exit
2013/06/17 (Mon) 11:37:08 JST,gnu/linux,root,qu,Start,Default
2013/06/17 (Mon) 11:37:08 JST,gnu/linux,root,qu,Exit
2013/06/19 (Wed) 17:25:43 JST,gnu/linux,root,qu,Start,Default
2013/06/19 (Wed) 17:25:43 JST,gnu/linux,root,qu,Exit
2013/06/20 (Thu) 14:58:28 JST,gnu/linux,root,qu,Start,Default
2013/06/29 (Sat) 20:31:47 JST,gnu/linux,root,qu,Start,Default
