2014/11/30 (Sun) 14:43:54 JST,gnu/linux,root,qu,Exit
2014/12/05 (Fri) 03:19:19 JST,gnu/linux,root,qu,Start,Default
2014/12/05 (Fri) 03:19:19 JST,gnu/linux,root,qu,Exit
2014/12/05 (Fri) 04:17:21 JST,gnu/linux,root,qu,Start,Default
2014/12/06 (Sat) 00:18:13 JST,gnu/linux,root,qu,Exit
2014/12/05 (Fri) 04:17:21 JST,gnu/linux,root,qu,Exit
2014/12/06 (Sat) 00:20:10 JST,gnu/linux,root,qu,Start,Default
2014/12/07 (Sun) 14:19:49 JST,gnu/linux,root,qu,Start,Default
2014/12/07 (Sun) 14:19:49 JST,gnu/linux,root,qu,Exit
2014/12/07 (Sun) 14:20:18 JST,gnu/linux,root,qu,Start,Default
2014/12/07 (Sun) 14:20:18 JST,gnu/linux,root,qu,Exit
2014/12/08 (Mon) 04:44:10 JST,gnu/linux,root,qu,Start,Default
2014/12/08 (Mon) 04:44:10 JST,gnu/linux,root,qu,Exit
2014/12/11 (Thu) 17:16:52 JST,gnu/linux,root,qu,Start,Default
2014/12/11 (Thu) 17:16:52 JST,gnu/linux,root,qu,Exit
2014/12/12 (Fri) 23:23:37 JST,gnu/linux,root,qu,Start,Default
2014/12/12 (Fri) 23:23:37 JST,gnu/linux,root,qu,Exit
2014/12/13 (Sat) 09:00:15 JST,gnu/linux,root,qu,Start,Default
2014/12/13 (Sat) 18:45:32 JST,gnu/linux,root,qu,Exit
2014/12/13 (Sat) 18:46:44 JST,gnu/linux,root,qu,Exit
2014/12/14 (Sun) 16:19:08 JST,gnu/linux,root,qu,Start,Default
2014/12/14 (Sun) 16:19:08 JST,gnu/linux,root,qu,Exit
2014/12/14 (Sun) 16:19:38 JST,gnu/linux,root,qu,Start,Default
2014/12/14 (Sun) 16:19:38 JST,gnu/linux,root,qu,Exit
2014/12/15 (Mon) 00:33:05 JST,gnu/linux,root,qu,Exit
2014/12/15 (Mon) 00:34:39 JST,gnu/linux,root,qu,Exit
2014/12/15 (Mon) 00:34:56 JST,gnu/linux,root,qu,Exit
2014/12/15 (Mon) 00:37:27 JST,gnu/linux,root,qu,Exit
2014/12/15 (Mon) 00:39:11 JST,gnu/linux,root,qu,Exit
2014/12/15 (Mon) 00:43:42 JST,gnu/linux,root,qu,Exit
2014/12/15 (Mon) 00:47:41 JST,gnu/linux,root,qu,Exit
2014/12/15 (Mon) 00:49:34 JST,gnu/linux,root,qu,Exit
2014/12/15 (Mon) 00:52:03 JST,gnu/linux,root,qu,Exit
2014/12/16 (Tue) 07:23:50 JST,gnu/linux,root,qu,Start,Default
2014/12/17 (Wed) 00:47:03 JST,gnu/linux,root,qu,Exit
2014/12/17 (Wed) 00:49:10 JST,gnu/linux,root,qu,Exit
2014/12/17 (Wed) 01:12:39 JST,gnu/linux,root,qu,Exit
2014/12/17 (Wed) 01:30:49 JST,gnu/linux,root,qu,Start,Default
2014/12/17 (Wed) 01:30:49 JST,gnu/linux,root,qu,Exit
2014/12/17 (Wed) 01:35:18 JST,gnu/linux,root,qu,Exit
2014/12/17 (Wed) 01:49:31 JST,gnu/linux,root,qu,Start,Default
2014/12/17 (Wed) 01:49:31 JST,gnu/linux,root,qu,Exit
2014/12/17 (Wed) 01:54:56 JST,gnu/linux,root,qu,Exit
2014/12/17 (Wed) 01:55:04 JST,gnu/linux,root,qu,Start,Default
2014/12/17 (Wed) 01:55:04 JST,gnu/linux,root,qu,Exit
2014/12/17 (Wed) 01:59:14 JST,gnu/linux,root,qu,Exit
2014/12/17 (Wed) 01:59:41 JST,gnu/linux,root,qu,Start,Default
2014/12/17 (Wed) 02:01:09 JST,gnu/linux,root,qu,Exit
2014/12/17 (Wed) 02:01:13 JST,gnu/linux,root,qu,Exit
2014/12/17 (Wed) 01:59:41 JST,gnu/linux,root,qu,Exit
2014/12/17 (Wed) 02:01:27 JST,gnu/linux,root,qu,Start,Default
2014/12/17 (Wed) 02:01:27 JST,gnu/linux,root,qu,Exit
2014/12/17 (Wed) 02:04:24 JST,gnu/linux,root,qu,Start,Default
2014/12/17 (Wed) 02:04:24 JST,gnu/linux,root,qu,Exit
2014/12/17 (Wed) 02:06:24 JST,gnu/linux,root,qu,Start,Default
2014/12/17 (Wed) 02:06:24 JST,gnu/linux,root,qu,Exit
2014/12/17 (Wed) 02:08:07 JST,gnu/linux,root,qu,Exit
2014/12/17 (Wed) 02:08:18 JST,gnu/linux,root,qu,Start,Default
2014/12/17 (Wed) 02:08:18 JST,gnu/linux,root,qu,Exit
2014/12/17 (Wed) 02:09:44 JST,gnu/linux,root,qu,Exit
2014/12/17 (Wed) 02:09:49 JST,gnu/linux,root,qu,Start,Default
2014/12/17 (Wed) 02:09:49 JST,gnu/linux,root,qu,Exit
2014/12/17 (Wed) 02:10:54 JST,gnu/linux,root,qu,Exit
2014/12/17 (Wed) 02:21:38 JST,gnu/linux,root,qu,Exit
2014/12/17 (Wed) 02:22:36 JST,gnu/linux,root,qu,Exit
2014/12/17 (Wed) 02:32:31 JST,gnu/linux,root,qu,Exit
2014/12/17 (Wed) 02:32:59 JST,gnu/linux,root,qu,Exit
2014/12/17 (Wed) 02:33:11 JST,gnu/linux,root,qu,Start,Default
2014/12/17 (Wed) 02:33:11 JST,gnu/linux,root,qu,Exit
2014/12/17 (Wed) 02:34:36 JST,gnu/linux,root,qu,Exit
2014/12/17 (Wed) 02:34:41 JST,gnu/linux,root,qu,Start,Default
2014/12/17 (Wed) 02:34:41 JST,gnu/linux,root,qu,Exit
2014/12/17 (Wed) 02:36:21 JST,gnu/linux,root,qu,Exit
2014/12/17 (Wed) 02:36:32 JST,gnu/linux,root,qu,Start,Default
2014/12/17 (Wed) 02:36:32 JST,gnu/linux,root,qu,Exit
2014/12/17 (Wed) 02:41:28 JST,gnu/linux,root,qu,Exit
2014/12/17 (Wed) 02:44:43 JST,gnu/linux,root,qu,Exit
2014/12/17 (Wed) 02:44:51 JST,gnu/linux,root,qu,Start,Default
2014/12/17 (Wed) 02:44:51 JST,gnu/linux,root,qu,Exit
2014/12/17 (Wed) 02:46:07 JST,gnu/linux,root,qu,Exit
2014/12/20 (Sat) 07:00:30 JST,gnu/linux,root,qu,Exit
2014/12/20 (Sat) 07:04:10 JST,gnu/linux,root,qu,Exit
2014/12/20 (Sat) 07:05:58 JST,gnu/linux,root,qu,Exit
2014/12/20 (Sat) 07:36:17 JST,gnu/linux,root,qu,Exit
2014/12/20 (Sat) 07:43:32 JST,gnu/linux,root,qu,Exit
2014/12/20 (Sat) 07:45:31 JST,gnu/linux,root,qu,Exit
2014/12/20 (Sat) 07:52:22 JST,gnu/linux,root,qu,Exit
2014/12/20 (Sat) 07:57:53 JST,gnu/linux,root,qu,Exit
2014/12/20 (Sat) 08:02:14 JST,gnu/linux,root,qu,Exit
2014/12/20 (Sat) 08:04:16 JST,gnu/linux,root,qu,Exit
2014/12/21 (Sun) 11:47:51 JST,gnu/linux,root,qu,Start,Default
2014/12/21 (Sun) 11:47:51 JST,gnu/linux,root,qu,Exit
2014/12/21 (Sun) 11:53:24 JST,gnu/linux,root,qu,Start,Default
2014/12/21 (Sun) 11:53:24 JST,gnu/linux,root,qu,Exit
2014/12/16 (Tue) 07:23:50 JST,gnu/linux,root,qu,Exit
2014/12/22 (Mon) 08:12:33 JST,gnu/linux,root,qu,Start,Default
2014/12/23 (Tue) 13:40:22 JST,gnu/linux,root,qu,Exit
2014/12/23 (Tue) 13:40:34 JST,gnu/linux,root,qu,Exit
2014/12/23 (Tue) 14:49:58 JST,gnu/linux,root,qu,Start,Default
2014/12/23 (Tue) 15:35:20 JST,gnu/linux,root,qu,Exit
2014/12/23 (Tue) 15:35:32 JST,gnu/linux,root,qu,Exit
2014/12/23 (Tue) 15:45:46 JST,gnu/linux,root,qu,Exit
2014/12/23 (Tue) 15:46:16 JST,gnu/linux,root,qu,Exit
2014/12/23 (Tue) 15:47:28 JST,gnu/linux,root,qu,Exit
2014/12/23 (Tue) 15:47:34 JST,gnu/linux,root,qu,Exit
2014/12/23 (Tue) 15:51:01 JST,gnu/linux,root,qu,Exit
2014/12/23 (Tue) 15:52:54 JST,gnu/linux,root,qu,Exit
2014/12/23 (Tue) 15:54:52 JST,gnu/linux,root,qu,Exit
2014/12/23 (Tue) 15:57:05 JST,gnu/linux,root,qu,Exit
2014/12/23 (Tue) 15:57:56 JST,gnu/linux,root,qu,Exit
2014/12/23 (Tue) 15:58:05 JST,gnu/linux,root,qu,Exit
2014/12/23 (Tue) 15:58:16 JST,gnu/linux,root,qu,Exit
2014/12/23 (Tue) 15:58:23 JST,gnu/linux,root,qu,Start,Default
2014/12/23 (Tue) 15:58:23 JST,gnu/linux,root,qu,Exit
2014/12/23 (Tue) 16:00:17 JST,gnu/linux,root,qu,Start,Default
2014/12/23 (Tue) 16:00:17 JST,gnu/linux,root,qu,Exit
2014/12/23 (Tue) 16:01:27 JST,gnu/linux,root,qu,Exit
2014/12/23 (Tue) 16:01:32 JST,gnu/linux,root,qu,Start,Default
2014/12/23 (Tue) 16:01:32 JST,gnu/linux,root,qu,Exit
2014/12/23 (Tue) 16:03:01 JST,gnu/linux,root,qu,Exit
2014/12/23 (Tue) 16:03:25 JST,gnu/linux,root,qu,Exit
2014/12/24 (Wed) 08:19:20 JST,gnu/linux,root,qu,Start,Default
2014/12/24 (Wed) 13:03:20 JST,gnu/linux,root,qu,Exit
2014/12/24 (Wed) 13:04:34 JST,gnu/linux,root,qu,Exit
2014/12/24 (Wed) 13:05:24 JST,gnu/linux,root,qu,Exit
2014/12/24 (Wed) 13:06:19 JST,gnu/linux,root,qu,Exit
2014/12/24 (Wed) 13:06:25 JST,gnu/linux,root,qu,Exit
2014/12/24 (Wed) 13:06:36 JST,gnu/linux,root,qu,Exit
2014/12/24 (Wed) 13:07:26 JST,gnu/linux,root,qu,Exit
2014/12/24 (Wed) 13:07:29 JST,gnu/linux,root,qu,Exit
2014/12/24 (Wed) 13:07:41 JST,gnu/linux,root,qu,Exit
2014/12/24 (Wed) 13:09:18 JST,gnu/linux,root,qu,Exit
2014/12/24 (Wed) 13:09:31 JST,gnu/linux,root,qu,Exit
2014/12/24 (Wed) 13:10:02 JST,gnu/linux,root,qu,Exit
2014/12/24 (Wed) 13:10:55 JST,gnu/linux,root,qu,Exit
2014/12/24 (Wed) 13:11:33 JST,gnu/linux,root,qu,Exit
2014/12/26 (Fri) 18:06:29 JST,gnu/linux,root,qu,Exit
2014/12/26 (Fri) 18:07:57 JST,gnu/linux,root,qu,Exit
2014/12/26 (Fri) 18:10:41 JST,gnu/linux,root,qu,Exit
2014/12/26 (Fri) 18:12:56 JST,gnu/linux,root,qu,Exit
2014/12/26 (Fri) 18:14:48 JST,gnu/linux,root,qu,Exit
2014/12/26 (Fri) 18:15:40 JST,gnu/linux,root,qu,Exit
2014/12/26 (Fri) 18:15:50 JST,gnu/linux,root,qu,Exit
2014/12/26 (Fri) 18:18:49 JST,gnu/linux,root,qu,Exit
2014/12/26 (Fri) 18:21:21 JST,gnu/linux,root,qu,Exit
2014/12/26 (Fri) 18:21:40 JST,gnu/linux,root,qu,Exit
2014/12/26 (Fri) 18:23:38 JST,gnu/linux,root,qu,Exit
2014/12/26 (Fri) 18:25:01 JST,gnu/linux,root,qu,Exit
2014/12/24 (Wed) 08:19:20 JST,gnu/linux,root,qu,Exit
2014/12/27 (Sat) 15:34:36 JST,gnu/linux,root,qu,Start,Default
2014/12/27 (Sat) 15:34:36 JST,gnu/linux,root,qu,Exit
2014/12/27 (Sat) 15:40:00 JST,gnu/linux,root,qu,Start,Default
2014/12/27 (Sat) 15:40:00 JST,gnu/linux,root,qu,Exit
2014/12/27 (Sat) 15:42:50 JST,gnu/linux,root,qu,Start,Default
2014/12/28 (Sun) 16:21:32 JST,gnu/linux,root,qu,Exit
2014/12/28 (Sun) 16:37:22 JST,gnu/linux,root,qu,Exit
2014/12/28 (Sun) 22:51:51 JST,gnu/linux,root,qu,Exit
2014/12/28 (Sun) 22:52:47 JST,gnu/linux,root,qu,Exit
2014/12/28 (Sun) 22:53:14 JST,gnu/linux,root,qu,Exit
