2015/05/29 (Fri) 18:41:13 JST,gnu/linux,root,qu,Exit
2015/06/02 (Tue) 07:21:01 JST,gnu/linux,root,qu,Start,Default
2015/06/02 (Tue) 09:02:23 JST,gnu/linux,root,qu,Exit
2015/06/02 (Tue) 09:20:03 JST,gnu/linux,root,qu,Exit
2015/06/02 (Tue) 09:25:35 JST,gnu/linux,root,qu,Exit
2015/06/02 (Tue) 09:25:42 JST,gnu/linux,root,qu,Start,Default
2015/06/02 (Tue) 09:25:42 JST,gnu/linux,root,qu,Exit
2015/06/02 (Tue) 09:29:26 JST,gnu/linux,root,qu,Exit
2015/06/02 (Tue) 09:30:18 JST,gnu/linux,root,qu,Exit
2015/06/02 (Tue) 09:33:01 JST,gnu/linux,root,qu,Exit
2015/06/02 (Tue) 07:21:01 JST,gnu/linux,root,qu,Exit
2015/06/04 (Thu) 09:56:09 JST,gnu/linux,root,qu,Start,Default
2015/06/04 (Thu) 09:56:09 JST,gnu/linux,root,qu,Exit
2015/06/06 (Sat) 09:04:02 JST,gnu/linux,root,qu,Start,Default
2015/06/06 (Sat) 13:17:28 JST,gnu/linux,root,qu,Start,Default
2015/06/06 (Sat) 13:17:57 JST,gnu/linux,root,qu,Start,Default
2015/06/06 (Sat) 13:17:28 JST,gnu/linux,root,qu,Exit
2015/06/06 (Sat) 13:17:57 JST,gnu/linux,root,qu,Exit
2015/06/09 (Tue) 16:48:34 JST,gnu/linux,root,qu,Start,Default
2015/06/10 (Wed) 13:37:09 JST,gnu/linux,root,qu,Start,Default
2015/06/11 (Thu) 17:50:08 JST,gnu/linux,root,qu,Exit
2015/06/11 (Thu) 17:50:16 JST,gnu/linux,root,qu,Exit
2015/06/11 (Thu) 18:20:51 JST,gnu/linux,root,qu,Exit
2015/06/13 (Sat) 14:06:59 JST,gnu/linux,root,qu,Start,Default
2015/06/13 (Sat) 14:07:28 JST,gnu/linux,root,qu,Start,Default
2015/06/13 (Sat) 14:06:59 JST,gnu/linux,root,qu,Exit
2015/06/13 (Sat) 14:07:28 JST,gnu/linux,root,qu,Exit
2015/06/19 (Fri) 06:42:49 JST,gnu/linux,root,qu,Start,Default
2015/06/19 (Fri) 06:42:49 JST,gnu/linux,root,qu,Exit
2015/06/10 (Wed) 13:37:09 JST,gnu/linux,root,qu,Exit
2015/06/19 (Fri) 16:52:45 JST,gnu/linux,root,qu,Start,Default
2015/06/21 (Sun) 11:30:32 JST,gnu/linux,root,qu,Start,Default
2015/06/21 (Sun) 11:31:01 JST,gnu/linux,root,qu,Start,Default
2015/06/21 (Sun) 11:30:32 JST,gnu/linux,root,qu,Exit
2015/06/21 (Sun) 11:31:01 JST,gnu/linux,root,qu,Exit
2015/06/27 (Sat) 14:07:42 JST,gnu/linux,root,qu,Start,Default
2015/06/27 (Sat) 14:08:10 JST,gnu/linux,root,qu,Start,Default
2015/06/27 (Sat) 14:07:42 JST,gnu/linux,root,qu,Exit
2015/06/27 (Sat) 14:08:10 JST,gnu/linux,root,qu,Exit
2015/06/19 (Fri) 16:52:45 JST,gnu/linux,root,qu,Exit
2015/06/30 (Tue) 06:33:25 JST,gnu/linux,root,qu,Start,Default
2015/06/30 (Tue) 06:33:25 JST,gnu/linux,root,qu,Exit
2015/06/30 (Tue) 14:13:10 JST,gnu/linux,root,qu,Start,Default
