2014/07/28 (Mon) 18:06:16 JST,gnu/linux,root,qu,Exit
2014/08/01 (Fri) 14:45:23 JST,gnu/linux,root,qu,Start,Default
2014/08/01 (Fri) 14:45:23 JST,gnu/linux,root,qu,Exit
2014/08/01 (Fri) 14:58:39 JST,gnu/linux,root,qu,Start,Default
2014/08/02 (Sat) 16:35:07 JST,gnu/linux,root,qu,Start,Default
2014/08/02 (Sat) 16:35:07 JST,gnu/linux,root,qu,Exit
2014/08/02 (Sat) 16:35:33 JST,gnu/linux,root,qu,Start,Default
2014/08/02 (Sat) 16:35:33 JST,gnu/linux,root,qu,Exit
2014/08/09 (Sat) 22:08:48 JST,gnu/linux,root,qu,Start,Default
2014/08/09 (Sat) 22:08:48 JST,gnu/linux,root,qu,Exit
2014/08/09 (Sat) 22:09:16 JST,gnu/linux,root,qu,Start,Default
2014/08/09 (Sat) 22:09:16 JST,gnu/linux,root,qu,Exit
2014/08/01 (Fri) 14:58:39 JST,gnu/linux,root,qu,Exit
2014/08/14 (Thu) 05:18:53 JST,gnu/linux,root,qu,Start,Default
2014/08/14 (Thu) 06:09:39 JST,gnu/linux,root,qu,Start,Default
2014/08/15 (Fri) 21:28:34 JST,gnu/linux,root,qu,Start,Default
2014/08/15 (Fri) 21:28:34 JST,gnu/linux,root,qu,Exit
2014/08/15 (Fri) 21:52:25 JST,gnu/linux,root,qu,Start,Default
2014/08/17 (Sun) 22:17:26 JST,gnu/linux,root,qu,Start,Default
2014/08/18 (Mon) 05:30:09 JST,gnu/linux,root,qu,Start,Default
2014/08/19 (Tue) 10:17:51 JST,gnu/linux,root,qu,Start,Default
2014/08/19 (Tue) 10:37:23 JST,gnu/linux,root,qu,Exit
2014/08/19 (Tue) 10:39:56 JST,gnu/linux,root,qu,Exit
2014/08/19 (Tue) 10:17:51 JST,gnu/linux,root,qu,Exit
2014/08/19 (Tue) 10:40:26 JST,gnu/linux,root,qu,Start,Default
2014/08/19 (Tue) 11:00:59 JST,gnu/linux,root,qu,Exit
2014/08/19 (Tue) 11:01:18 JST,gnu/linux,root,qu,Exit
2014/08/19 (Tue) 10:40:26 JST,gnu/linux,root,qu,Exit
2014/08/19 (Tue) 11:01:36 JST,gnu/linux,root,qu,Start,Default
2014/08/19 (Tue) 11:01:36 JST,gnu/linux,root,qu,Exit
2014/08/25 (Mon) 11:06:51 JST,gnu/linux,root,qu,Start,Default
2014/08/27 (Wed) 13:21:50 JST,gnu/linux,root,qu,Start,Default
2014/08/29 (Fri) 09:32:14 JST,gnu/linux,root,qu,Start,Default
2014/08/30 (Sat) 16:55:56 JST,gnu/linux,root,qu,Start,Default
2014/08/30 (Sat) 16:55:56 JST,gnu/linux,root,qu,Exit
2014/08/30 (Sat) 16:56:23 JST,gnu/linux,root,qu,Start,Default
2014/08/30 (Sat) 16:56:23 JST,gnu/linux,root,qu,Exit
