2013/06/29 (Sat) 20:31:47 JST,gnu/linux,root,qu,Exit
2013/07/03 (Wed) 15:13:27 JST,gnu/linux,root,qu,Start,Default
2013/07/03 (Wed) 15:13:27 JST,gnu/linux,root,qu,Exit
2013/07/05 (Fri) 13:58:20 JST,gnu/linux,root,qu,Start,Default
2013/07/05 (Fri) 13:58:20 JST,gnu/linux,root,qu,Exit
2013/07/07 (Sun) 00:32:56 JST,gnu/linux,root,qu,Start,Default
2013/07/07 (Sun) 00:32:56 JST,gnu/linux,root,qu,Exit
2013/07/07 (Sun) 14:23:40 JST,gnu/linux,root,qu,Start,Default
2013/07/07 (Sun) 14:23:40 JST,gnu/linux,root,qu,Exit
2013/07/18 (Thu) 05:10:08 JST,gnu/linux,root,qu,Start,Default
2013/07/18 (Thu) 05:10:08 JST,gnu/linux,root,qu,Exit
2013/07/18 (Thu) 13:17:13 JST,gnu/linux,root,qu,Start,Default
2013/07/18 (Thu) 13:17:13 JST,gnu/linux,root,qu,Exit
2013/07/18 (Thu) 19:09:57 JST,gnu/linux,root,qu,Start,Default
2013/07/18 (Thu) 19:09:57 JST,gnu/linux,root,qu,Exit
2013/07/24 (Wed) 09:53:28 JST,gnu/linux,root,qu,Start,Default
2013/07/24 (Wed) 09:53:28 JST,gnu/linux,root,qu,Exit
2013/07/25 (Thu) 03:18:49 JST,gnu/linux,root,qu,Start,Default
2013/07/25 (Thu) 03:18:49 JST,gnu/linux,root,qu,Exit
2013/07/25 (Thu) 16:37:18 JST,gnu/linux,root,qu,Start,Default
2013/07/25 (Thu) 16:37:18 JST,gnu/linux,root,qu,Exit
2013/07/27 (Sat) 09:46:56 JST,gnu/linux,root,qu,Start,Default
2013/07/27 (Sat) 09:46:56 JST,gnu/linux,root,qu,Exit
2013/07/29 (Mon) 11:35:40 JST,gnu/linux,root,qu,Start,Default
2013/07/30 (Tue) 00:53:06 JST,gnu/linux,root,qu,Start,Default
2013/07/30 (Tue) 00:53:06 JST,gnu/linux,root,qu,Exit
2013/07/30 (Tue) 11:38:04 JST,gnu/linux,root,qu,Start,Default
2013/07/30 (Tue) 11:38:04 JST,gnu/linux,root,qu,Exit
