2014/11/02 (Sun) 21:14:41 JST,gnu/linux,root,qu,Exit
2014/11/02 (Sun) 21:15:09 JST,gnu/linux,root,qu,Exit
2014/11/15 (Sat) 18:43:14 JST,gnu/linux,root,qu,Start,Default
2014/11/15 (Sat) 18:43:14 JST,gnu/linux,root,qu,Exit
2014/11/15 (Sat) 18:43:42 JST,gnu/linux,root,qu,Start,Default
2014/11/15 (Sat) 18:43:42 JST,gnu/linux,root,qu,Exit
2014/10/27 (Mon) 17:47:56 JST,gnu/linux,root,qu,Exit
2014/11/19 (Wed) 14:15:30 JST,gnu/linux,root,qu,Start,Default
2014/11/22 (Sat) 17:48:31 JST,gnu/linux,root,qu,Start,Default
2014/11/22 (Sat) 17:48:31 JST,gnu/linux,root,qu,Exit
2014/11/22 (Sat) 17:48:58 JST,gnu/linux,root,qu,Start,Default
2014/11/22 (Sat) 17:48:58 JST,gnu/linux,root,qu,Exit
2014/11/19 (Wed) 14:15:30 JST,gnu/linux,root,qu,Exit
2014/11/23 (Sun) 13:52:18 JST,gnu/linux,root,qu,Start,Default
2014/11/28 (Fri) 23:32:10 JST,gnu/linux,root,qu,Start,Default
2014/11/28 (Fri) 23:32:10 JST,gnu/linux,root,qu,Exit
2014/11/23 (Sun) 13:52:18 JST,gnu/linux,root,qu,Exit
2014/11/28 (Fri) 23:58:15 JST,gnu/linux,root,qu,Start,Default
2014/11/30 (Sun) 14:34:01 JST,gnu/linux,root,qu,Start,Default
2014/11/30 (Sun) 14:34:01 JST,gnu/linux,root,qu,Exit
2014/11/30 (Sun) 14:35:20 JST,gnu/linux,root,qu,Start,Default
2014/11/30 (Sun) 14:35:20 JST,gnu/linux,root,qu,Exit
2014/11/28 (Fri) 23:58:15 JST,gnu/linux,root,qu,Exit
2014/11/30 (Sun) 14:43:54 JST,gnu/linux,root,qu,Start,Default
2014/11/30 (Sun) 14:45:03 JST,gnu/linux,root,qu,Start,Default
2014/11/30 (Sun) 14:45:03 JST,gnu/linux,root,qu,Exit
2014/11/30 (Sun) 14:45:33 JST,gnu/linux,root,qu,Start,Default
2014/11/30 (Sun) 14:45:33 JST,gnu/linux,root,qu,Exit
