2015/03/29 (Sun) 14:29:18 JST,gnu/linux,root,qu,Exit
2015/04/04 (Sat) 04:06:48 JST,gnu/linux,root,qu,Start,Default
2015/04/04 (Sat) 13:50:22 JST,gnu/linux,root,qu,Start,Default
2015/04/04 (Sat) 13:50:51 JST,gnu/linux,root,qu,Start,Default
2015/04/04 (Sat) 13:50:22 JST,gnu/linux,root,qu,Exit
2015/04/04 (Sat) 13:50:51 JST,gnu/linux,root,qu,Exit
2015/04/11 (Sat) 15:23:55 JST,gnu/linux,root,qu,Start,Default
2015/04/11 (Sat) 15:24:23 JST,gnu/linux,root,qu,Start,Default
2015/04/11 (Sat) 15:23:55 JST,gnu/linux,root,qu,Exit
2015/04/11 (Sat) 15:24:23 JST,gnu/linux,root,qu,Exit
2015/04/11 (Sat) 15:31:29 JST,gnu/linux,root,qu,Start,Default
2015/04/11 (Sat) 15:31:29 JST,gnu/linux,root,qu,Exit
2015/04/11 (Sat) 15:31:58 JST,gnu/linux,root,qu,Start,Default
2015/04/11 (Sat) 15:31:58 JST,gnu/linux,root,qu,Exit
2015/04/04 (Sat) 04:06:48 JST,gnu/linux,root,qu,Exit
2015/04/12 (Sun) 11:14:04 JST,gnu/linux,root,qu,Start,Default
2015/04/12 (Sun) 11:14:04 JST,gnu/linux,root,qu,Exit
2015/04/14 (Tue) 07:14:25 JST,gnu/linux,root,qu,Start,Default
2015/04/18 (Sat) 13:05:30 JST,gnu/linux,root,qu,Start,Default
2015/04/18 (Sat) 13:05:58 JST,gnu/linux,root,qu,Start,Default
2015/04/18 (Sat) 13:05:30 JST,gnu/linux,root,qu,Exit
2015/04/18 (Sat) 13:05:58 JST,gnu/linux,root,qu,Exit
2015/04/14 (Tue) 07:14:25 JST,gnu/linux,root,qu,Exit
2015/04/18 (Sat) 15:08:20 JST,gnu/linux,root,qu,Start,Default
2015/04/25 (Sat) 15:40:36 JST,gnu/linux,root,qu,Start,Default
2015/04/25 (Sat) 15:41:04 JST,gnu/linux,root,qu,Start,Default
2015/04/25 (Sat) 15:40:36 JST,gnu/linux,root,qu,Exit
2015/04/25 (Sat) 15:41:04 JST,gnu/linux,root,qu,Exit
2015/04/18 (Sat) 15:08:20 JST,gnu/linux,root,qu,Exit
2015/04/29 (Wed) 09:33:06 JST,gnu/linux,root,qu,Start,Default
2015/04/29 (Wed) 09:33:06 JST,gnu/linux,root,qu,Exit
2015/04/29 (Wed) 09:44:05 JST,gnu/linux,root,qu,Start,Default
2015/04/29 (Wed) 09:44:05 JST,gnu/linux,root,qu,Exit
2015/04/29 (Wed) 09:54:48 JST,gnu/linux,root,qu,Start,Default
