2014/08/29 (Fri) 09:32:14 JST,gnu/linux,root,qu,Exit
2014/09/03 (Wed) 10:31:31 JST,gnu/linux,root,qu,Start,Default
2014/09/05 (Fri) 14:22:38 JST,gnu/linux,root,qu,Exit
2014/09/05 (Fri) 14:24:26 JST,gnu/linux,root,qu,Exit
2014/09/05 (Fri) 14:24:38 JST,gnu/linux,root,qu,Exit
2014/09/05 (Fri) 14:24:51 JST,gnu/linux,root,qu,Exit
2014/09/05 (Fri) 14:25:37 JST,gnu/linux,root,qu,Exit
2014/09/05 (Fri) 14:29:23 JST,gnu/linux,root,qu,Exit
2014/09/05 (Fri) 14:31:26 JST,gnu/linux,root,qu,Exit
2014/09/06 (Sat) 15:52:57 JST,gnu/linux,root,qu,Start,Default
2014/09/06 (Sat) 15:52:57 JST,gnu/linux,root,qu,Exit
2014/09/06 (Sat) 15:53:24 JST,gnu/linux,root,qu,Start,Default
2014/09/06 (Sat) 15:53:24 JST,gnu/linux,root,qu,Exit
2014/09/09 (Tue) 17:22:41 JST,gnu/linux,root,qu,Exit
2014/09/09 (Tue) 17:24:25 JST,gnu/linux,root,qu,Exit
2014/09/09 (Tue) 17:24:52 JST,gnu/linux,root,qu,Exit
2014/09/09 (Tue) 17:26:54 JST,gnu/linux,root,qu,Exit
2014/09/09 (Tue) 17:27:27 JST,gnu/linux,root,qu,Exit
2014/09/09 (Tue) 17:27:54 JST,gnu/linux,root,qu,Exit
2014/09/09 (Tue) 17:28:18 JST,gnu/linux,root,qu,Exit
2014/09/09 (Tue) 17:29:27 JST,gnu/linux,root,qu,Exit
2014/09/10 (Wed) 01:17:58 JST,gnu/linux,root,qu,Start,Default
2014/09/10 (Wed) 04:43:56 JST,gnu/linux,root,qu,Exit
2014/09/10 (Wed) 04:44:22 JST,gnu/linux,root,qu,Exit
2014/09/10 (Wed) 04:45:36 JST,gnu/linux,root,qu,Exit
2014/09/11 (Thu) 06:19:04 JST,gnu/linux,root,qu,Exit
2014/09/11 (Thu) 06:20:42 JST,gnu/linux,root,qu,Exit
2014/09/11 (Thu) 06:20:59 JST,gnu/linux,root,qu,Exit
2014/09/11 (Thu) 06:22:22 JST,gnu/linux,root,qu,Exit
2014/09/13 (Sat) 17:14:18 JST,gnu/linux,root,qu,Start,Default
2014/09/13 (Sat) 17:14:18 JST,gnu/linux,root,qu,Exit
2014/09/13 (Sat) 17:18:38 JST,gnu/linux,root,qu,Start,Default
2014/09/13 (Sat) 17:18:38 JST,gnu/linux,root,qu,Exit
2014/09/10 (Wed) 01:17:58 JST,gnu/linux,root,qu,Exit
2014/09/16 (Tue) 02:38:14 JST,gnu/linux,root,qu,Start,Default
2014/09/16 (Tue) 02:38:14 JST,gnu/linux,root,qu,Exit
2014/09/18 (Thu) 16:53:18 JST,gnu/linux,root,qu,Start,Default
2014/09/20 (Sat) 17:09:33 JST,gnu/linux,root,qu,Start,Default
2014/09/20 (Sat) 17:09:33 JST,gnu/linux,root,qu,Exit
2014/09/20 (Sat) 17:10:00 JST,gnu/linux,root,qu,Start,Default
2014/09/20 (Sat) 17:10:00 JST,gnu/linux,root,qu,Exit
2014/09/27 (Sat) 22:29:09 JST,gnu/linux,root,qu,Start,Default
2014/09/27 (Sat) 22:29:09 JST,gnu/linux,root,qu,Exit
2014/09/27 (Sat) 22:31:17 JST,gnu/linux,root,qu,Start,Default
2014/09/27 (Sat) 22:31:17 JST,gnu/linux,root,qu,Exit
2014/09/18 (Thu) 16:53:18 JST,gnu/linux,root,qu,Exit
2014/09/28 (Sun) 14:14:54 JST,gnu/linux,root,qu,Start,Default
2014/09/29 (Mon) 20:52:32 JST,gnu/linux,root,qu,Start,Default
