2013/02/01 (é‡‘) 01:09:26 æ±äº¬ (æ¨™æº–æ™‚),windows-nt,qua,QU,Start,Default
2013/02/01 (‹à) 01:27:54 “Œ‹ (•W€),windows-nt,qua,QU,Exit
2013/02/01 (‹à) 01:38:45 “Œ‹ (•W€),windows-nt,qua,QU,Exit
2013/02/01 (‹à) 02:02:08 “Œ‹ (•W€),windows-nt,qua,QU,Exit
2013/02/01 (‹à) 02:17:24 “Œ‹ (•W€),windows-nt,qua,QU,Exit
2013/02/01 (‹à) 02:27:04 “Œ‹ (•W€),windows-nt,qua,QU,Exit
2013/02/01 (é‡‘) 01:09:26 æ±äº¬ (æ¨™æº–æ™‚),windows-nt,qua,QU,Exit
2013/02/01 (é‡‘) 02:32:49 æ±äº¬ (æ¨™æº–æ™‚),windows-nt,qua,QU,Start,Default
2013/02/01 (‹à) 02:37:31 “Œ‹ (•W€),windows-nt,qua,QU,Exit
2013/02/01 (‹à) 02:39:18 “Œ‹ (•W€),windows-nt,qua,QU,Exit
2013/02/01 (‹à) 02:39:39 “Œ‹ (•W€),windows-nt,qua,QU,Exit
2013/02/01 (é‡‘) 02:32:49 æ±äº¬ (æ¨™æº–æ™‚),windows-nt,qua,QU,Exit
2013/02/01 (é‡‘) 02:40:27 æ±äº¬ (æ¨™æº–æ™‚),windows-nt,qua,QU,Start,Default
2013/02/01 (‹à) 02:44:53 “Œ‹ (•W€),windows-nt,qua,QU,Exit
2013/02/01 (‹à) 02:45:15 “Œ‹ (•W€),windows-nt,qua,QU,Exit
2013/02/01 (‹à) 02:47:20 “Œ‹ (•W€),windows-nt,qua,QU,Exit
2013/02/01 (é‡‘) 02:40:27 æ±äº¬ (æ¨™æº–æ™‚),windows-nt,qua,QU,Exit
2013/02/01 (é‡‘) 02:50:43 æ±äº¬ (æ¨™æº–æ™‚),windows-nt,qua,QU,Start,Default
2013/02/01 (‹à) 03:26:46 “Œ‹ (•W€),windows-nt,qua,QU,Exit
2013/02/01 (‹à) 03:27:39 “Œ‹ (•W€),windows-nt,qua,QU,Exit
2013/02/01 (é‡‘) 02:50:43 æ±äº¬ (æ¨™æº–æ™‚),windows-nt,qua,QU,Exit
2013/02/01 (é‡‘) 03:45:53 æ±äº¬ (æ¨™æº–æ™‚),windows-nt,qua,QU,Start,Default
2013/02/01 (‹à) 03:49:21 “Œ‹ (•W€),windows-nt,qua,QU,Exit
2013/02/01 (é‡‘) 03:45:53 æ±äº¬ (æ¨™æº–æ™‚),windows-nt,qua,QU,Exit
2013/02/01 (é‡‘) 03:54:46 æ±äº¬ (æ¨™æº–æ™‚),windows-nt,qua,QU,Start,Default
2013/02/01 (‹à) 10:42:59 “Œ‹ (•W€),windows-nt,qua,QU,Exit
2013/02/01 (é‡‘) 03:54:46 æ±äº¬ (æ¨™æº–æ™‚),windows-nt,qua,QU,Exit
2013/02/02 (åœŸ) 08:12:23 æ±äº¬ (æ¨™æº–æ™‚),windows-nt,qua,QU,Start,Default
2013/02/03 (“ú) 07:48:14 “Œ‹ (•W€),windows-nt,qua,QU,Exit
2013/02/03 (“ú) 07:57:24 “Œ‹ (•W€),windows-nt,qua,QU,Exit
2013/02/03 (“ú) 08:02:29 “Œ‹ (•W€),windows-nt,qua,QU,Exit
2013/02/03 (“ú) 08:02:55 “Œ‹ (•W€),windows-nt,qua,QU,Exit
2013/02/03 (“ú) 08:23:32 “Œ‹ (•W€),windows-nt,qua,QU,Exit
2013/02/03 (“ú) 09:02:29 “Œ‹ (•W€),windows-nt,qua,QU,Exit
2013/02/03 (“ú) 09:16:48 “Œ‹ (•W€),windows-nt,qua,QU,Exit
2013/02/03 (æ—¥) 17:30:00 æ±äº¬ (æ¨™æº–æ™‚),windows-nt,qua,QU,Start,Default
2013/02/03 (æ—¥) 17:30:00 æ±äº¬ (æ¨™æº–æ™‚),windows-nt,qua,QU,Exit
2013/02/03 (æ—¥) 23:10:56 æ±äº¬ (æ¨™æº–æ™‚),windows-nt,qua,QU,Start,Default
2013/02/03 (æ—¥) 23:10:56 æ±äº¬ (æ¨™æº–æ™‚),windows-nt,qua,QU,Exit
2013/02/03 (æ—¥) 23:47:21 æ±äº¬ (æ¨™æº–æ™‚),windows-nt,qua,QU,Start,Default
2013/02/03 (æ—¥) 23:47:21 æ±äº¬ (æ¨™æº–æ™‚),windows-nt,qua,QU,Exit
2013/02/04 (æœˆ) 05:39:11 æ±äº¬ (æ¨™æº–æ™‚),windows-nt,qua,QU,Start,Default
2013/02/04 (Œ) 08:40:30 “Œ‹ (•W€),windows-nt,qua,QU,Exit
2013/02/04 (Œ) 08:50:51 “Œ‹ (•W€),windows-nt,qua,QU,Exit
2013/02/04 (Œ) 08:51:46 “Œ‹ (•W€),windows-nt,qua,QU,Exit
2013/02/04 (Œ) 09:33:29 “Œ‹ (•W€),windows-nt,qua,QU,Exit
2013/02/04 (Œ) 09:58:41 “Œ‹ (•W€),windows-nt,qua,QU,Exit
2013/02/04 (Œ) 10:44:49 “Œ‹ (•W€),windows-nt,qua,QU,Exit
2013/02/04 (Œ) 10:45:40 “Œ‹ (•W€),windows-nt,qua,QU,Exit
2013/02/04 (Œ) 10:47:13 “Œ‹ (•W€),windows-nt,qua,QU,Exit
2013/02/04 (Œ) 11:10:08 “Œ‹ (•W€),windows-nt,qua,QU,Exit
2013/02/04 (Œ) 11:13:48 “Œ‹ (•W€),windows-nt,qua,QU,Exit
2013/02/04 (æœˆ) 11:14:18 æ±äº¬ (æ¨™æº–æ™‚),windows-nt,qua,QU,Start,Default
2013/02/04 (æœˆ) 11:14:18 æ±äº¬ (æ¨™æº–æ™‚),windows-nt,qua,QU,Exit
2013/02/04 (æœˆ) 05:39:11 æ±äº¬ (æ¨™æº–æ™‚),windows-nt,qua,QU,Exit
2013/02/04 (æœˆ) 11:14:30 æ±äº¬ (æ¨™æº–æ™‚),windows-nt,qua,QU,Start,Default
2013/02/04 (Œ) 11:15:00 “Œ‹ (•W€),windows-nt,qua,QU,Exit
2013/02/04 (æœˆ) 11:14:30 æ±äº¬ (æ¨™æº–æ™‚),windows-nt,qua,QU,Exit
2013/02/04 (æœˆ) 11:15:08 æ±äº¬ (æ¨™æº–æ™‚),windows-nt,qua,QU,Start,Default
2013/02/04 (Œ) 11:17:19 “Œ‹ (•W€),windows-nt,qua,QU,Exit
2013/02/04 (Œ) 11:20:19 “Œ‹ (•W€),windows-nt,qua,QU,Exit
2013/02/04 (Œ) 11:24:25 “Œ‹ (•W€),windows-nt,qua,QU,Exit
2013/02/04 (Œ) 11:37:55 “Œ‹ (•W€),windows-nt,qua,QU,Exit
2013/02/04 (Œ) 11:39:08 “Œ‹ (•W€),windows-nt,qua,QU,Exit
2013/02/04 (Œ) 14:42:56 “Œ‹ (•W€),windows-nt,qua,QU,Exit
2013/02/04 (Œ) 14:44:53 “Œ‹ (•W€),windows-nt,qua,QU,Exit
2013/02/04 (Œ) 14:45:03 “Œ‹ (•W€),windows-nt,qua,QU,Exit
2013/02/04 (Œ) 14:45:34 “Œ‹ (•W€),windows-nt,qua,QU,Exit
2013/02/04 (Œ) 14:46:21 “Œ‹ (•W€),windows-nt,qua,QU,Exit
2013/02/04 (Œ) 15:18:12 “Œ‹ (•W€),windows-nt,qua,QU,Exit
2013/02/04 (Œ) 15:23:06 “Œ‹ (•W€),windows-nt,qua,QU,Exit
2013/02/04 (Œ) 15:33:30 “Œ‹ (•W€),windows-nt,qua,QU,Exit
2013/02/04 (æœˆ) 15:33:35 æ±äº¬ (æ¨™æº–æ™‚),windows-nt,qua,QU,Start,Default
2013/02/04 (æœˆ) 15:33:35 æ±äº¬ (æ¨™æº–æ™‚),windows-nt,qua,QU,Exit
2013/02/04 (Œ) 15:35:00 “Œ‹ (•W€),windows-nt,qua,QU,Exit
2013/02/04 (Œ) 15:35:21 “Œ‹ (•W€),windows-nt,qua,QU,Exit
2013/02/04 (æœˆ) 15:35:31 æ±äº¬ (æ¨™æº–æ™‚),windows-nt,qua,QU,Start,Default
2013/02/04 (æœˆ) 15:35:31 æ±äº¬ (æ¨™æº–æ™‚),windows-nt,qua,QU,Exit
2013/02/04 (Œ) 15:35:58 “Œ‹ (•W€),windows-nt,qua,QU,Exit
2013/02/04 (æœˆ) 17:45:10 æ±äº¬ (æ¨™æº–æ™‚),windows-nt,qua,QU,Start,Default
2013/02/04 (æœˆ) 17:45:10 æ±äº¬ (æ¨™æº–æ™‚),windows-nt,qua,QU,Exit
2013/02/04 (æœˆ) 11:15:08 æ±äº¬ (æ¨™æº–æ™‚),windows-nt,qua,QU,Exit
2013/02/05 (ç«) 06:34:06 æ±äº¬ (æ¨™æº–æ™‚),windows-nt,qua,QU,Start,Default
2013/02/05 (‰Î) 06:43:52 “Œ‹ (•W€),windows-nt,qua,QU,Exit
2013/02/05 (ç«) 06:34:06 æ±äº¬ (æ¨™æº–æ™‚),windows-nt,qua,QU,Exit
2013/02/05 (ç«) 08:09:32 æ±äº¬ (æ¨™æº–æ™‚),windows-nt,qua,QU,Start,Default
2013/02/05 (‰Î) 08:10:31 “Œ‹ (•W€),windows-nt,qua,QU,Exit
2013/02/05 (ç«) 08:09:32 æ±äº¬ (æ¨™æº–æ™‚),windows-nt,qua,QU,Exit
2013/02/05 (ç«) 08:10:46 æ±äº¬ (æ¨™æº–æ™‚),windows-nt,qua,QU,Start,Default
2013/02/05 (‰Î) 08:12:26 “Œ‹ (•W€),windows-nt,qua,QU,Exit
2013/02/05 (ç«) 08:10:46 æ±äº¬ (æ¨™æº–æ™‚),windows-nt,qua,QU,Exit
2013/02/05 (‰Î) 09:23:37 “Œ‹ (•W€),windows-nt,qua,QU,Exit
2013/02/05 (‰Î) 09:28:35 “Œ‹ (•W€),windows-nt,qua,QU,Exit
2013/02/05 (‰Î) 09:31:28 “Œ‹ (•W€),windows-nt,qua,QU,Exit
2013/02/05 (‰Î) 09:32:42 “Œ‹ (•W€),windows-nt,qua,QU,Exit
2013/02/05 (‰Î) 09:33:05 “Œ‹ (•W€),windows-nt,qua,QU,Exit
2013/02/05 (‰Î) 09:45:12 “Œ‹ (•W€),windows-nt,qua,QU,Exit
2013/02/05 (‰Î) 09:45:57 “Œ‹ (•W€),windows-nt,qua,QU,Exit
2013/02/05 (ç«) 08:12:34 æ±äº¬ (æ¨™æº–æ™‚),windows-nt,qua,QU,Exit
2013/02/05 (‰Î) 09:46:52 “Œ‹ (•W€),windows-nt,qua,QU,Exit
2013/02/05 (ç«) 09:46:03 æ±äº¬ (æ¨™æº–æ™‚),windows-nt,qua,QU,Exit
2013/02/05 (ç«) 09:47:18 æ±äº¬ (æ¨™æº–æ™‚),windows-nt,qua,QU,Start,Default
2013/02/05 (‰Î) 09:48:45 “Œ‹ (•W€),windows-nt,qua,QU,Exit
2013/02/05 (ç«) 09:47:18 æ±äº¬ (æ¨™æº–æ™‚),windows-nt,qua,QU,Exit
2013/02/05 (ç«) 09:49:47 æ±äº¬ (æ¨™æº–æ™‚),windows-nt,qua,QU,Start,Default
2013/02/05 (ç«) 09:49:47 æ±äº¬ (æ¨™æº–æ™‚),windows-nt,qua,QU,Exit
2013/02/05 (ç«) 09:50:41 æ±äº¬ (æ¨™æº–æ™‚),windows-nt,qua,QU,Start,Default
2013/02/05 (‰Î) 09:52:13 “Œ‹ (•W€),windows-nt,qua,QU,Exit
2013/02/05 (‰Î) 09:55:46 “Œ‹ (•W€),windows-nt,qua,QU,Exit
2013/02/05 (‰Î) 09:57:24 “Œ‹ (•W€),windows-nt,qua,QU,Exit
2013/02/05 (ç«) 09:50:41 æ±äº¬ (æ¨™æº–æ™‚),windows-nt,qua,QU,Exit
2013/02/05 (ç«) 10:02:37 æ±äº¬ (æ¨™æº–æ™‚),windows-nt,qua,QU,Start,Default
2013/02/05 (‰Î) 10:27:48 “Œ‹ (•W€),windows-nt,qua,QU,Exit
2013/02/05 (‰Î) 11:46:45 “Œ‹ (•W€),windows-nt,qua,QU,Exit
2013/02/05 (‰Î) 11:54:59 “Œ‹ (•W€),windows-nt,qua,QU,Exit
2013/02/05 (‰Î) 12:11:41 “Œ‹ (•W€),windows-nt,qua,QU,Exit
2013/02/05 (‰Î) 13:37:16 “Œ‹ (•W€),windows-nt,qua,QU,Exit
2013/02/05 (‰Î) 13:37:35 “Œ‹ (•W€),windows-nt,qua,QU,Exit
2013/02/05 (‰Î) 13:37:59 “Œ‹ (•W€),windows-nt,qua,QU,Exit
2013/02/05 (ç«) 13:38:05 æ±äº¬ (æ¨™æº–æ™‚),windows-nt,qua,QU,Start,Default
2013/02/05 (ç«) 13:38:05 æ±äº¬ (æ¨™æº–æ™‚),windows-nt,qua,QU,Exit
2013/02/05 (‰Î) 13:38:40 “Œ‹ (•W€),windows-nt,qua,QU,Exit
2013/02/05 (‰Î) 13:38:48 “Œ‹ (•W€),windows-nt,qua,QU,Exit
2013/02/05 (ç«) 13:38:52 æ±äº¬ (æ¨™æº–æ™‚),windows-nt,qua,QU,Start,Default
2013/02/05 (ç«) 13:38:52 æ±äº¬ (æ¨™æº–æ™‚),windows-nt,qua,QU,Exit
2013/02/05 (‰Î) 13:41:41 “Œ‹ (•W€),windows-nt,qua,QU,Exit
2013/02/05 (ç«) 13:41:49 æ±äº¬ (æ¨™æº–æ™‚),windows-nt,qua,QU,Start,Default
2013/02/05 (ç«) 13:41:49 æ±äº¬ (æ¨™æº–æ™‚),windows-nt,qua,QU,Exit
2013/02/05 (‰Î) 13:44:24 “Œ‹ (•W€),windows-nt,qua,QU,Exit
2013/02/05 (‰Î) 13:51:27 “Œ‹ (•W€),windows-nt,qua,QU,Exit
2013/02/05 (‰Î) 14:06:43 “Œ‹ (•W€),windows-nt,qua,QU,Exit
2013/02/05 (‰Î) 14:08:54 “Œ‹ (•W€),windows-nt,qua,QU,Exit
2013/02/05 (ç«) 14:09:03 æ±äº¬ (æ¨™æº–æ™‚),windows-nt,qua,QU,Start,Default
2013/02/05 (ç«) 14:09:03 æ±äº¬ (æ¨™æº–æ™‚),windows-nt,qua,QU,Exit
2013/02/05 (ç«) 14:13:16 æ±äº¬ (æ¨™æº–æ™‚),windows-nt,qua,QU,Start,Default
2013/02/05 (ç«) 14:13:16 æ±äº¬ (æ¨™æº–æ™‚),windows-nt,qua,QU,Exit
2013/02/05 (ç«) 14:15:52 æ±äº¬ (æ¨™æº–æ™‚),windows-nt,qua,QU,Start,Default
2013/02/05 (‰Î) 14:20:49 “Œ‹ (•W€),windows-nt,qua,QU,Exit
2013/02/05 (‰Î) 14:23:32 “Œ‹ (•W€),windows-nt,qua,QU,Exit
2013/02/05 (‰Î) 14:23:51 “Œ‹ (•W€),windows-nt,qua,QU,Exit
2013/02/05 (‰Î) 14:26:37 “Œ‹ (•W€),windows-nt,qua,QU,Exit
2013/02/05 (‰Î) 14:27:35 “Œ‹ (•W€),windows-nt,qua,QU,Exit
2013/02/05 (‰Î) 14:28:02 “Œ‹ (•W€),windows-nt,qua,QU,Exit
2013/02/05 (‰Î) 14:32:16 “Œ‹ (•W€),windows-nt,qua,QU,Exit
2013/02/05 (ç«) 14:15:52 æ±äº¬ (æ¨™æº–æ™‚),windows-nt,qua,QU,Exit
2013/02/05 (‰Î) 14:40:49 “Œ‹ (•W€),windows-nt,qua,QU,Exit
2013/02/05 (ç«) 14:40:54 æ±äº¬ (æ¨™æº–æ™‚),windows-nt,qua,QU,Start,Default
2013/02/05 (ç«) 14:40:54 æ±äº¬ (æ¨™æº–æ™‚),windows-nt,qua,QU,Exit
2013/02/05 (ç«) 14:41:33 æ±äº¬ (æ¨™æº–æ™‚),windows-nt,qua,QU,Start,Default
2013/02/05 (ç«) 14:41:33 æ±äº¬ (æ¨™æº–æ™‚),windows-nt,qua,QU,Exit
2013/02/05 (‰Î) 14:46:30 “Œ‹ (•W€),windows-nt,qua,QU,Exit
2013/02/05 (‰Î) 14:48:26 “Œ‹ (•W€),windows-nt,qua,QU,Exit
2013/02/05 (‰Î) 14:50:19 “Œ‹ (•W€),windows-nt,qua,QU,Exit
2013/02/05 (ç«) 14:50:30 æ±äº¬ (æ¨™æº–æ™‚),windows-nt,qua,QU,Start,Default
2013/02/05 (ç«) 14:52:19 æ±äº¬ (æ¨™æº–æ™‚),windows-nt,qua,QU,Start,Default
2013/02/05 (ç«) 14:52:19 æ±äº¬ (æ¨™æº–æ™‚),windows-nt,qua,QU,Exit
2013/02/05 (‰Î) 14:56:37 “Œ‹ (•W€),windows-nt,qua,QU,Exit
2013/02/05 (‰Î) 14:59:37 “Œ‹ (•W€),windows-nt,qua,QU,Exit
2013/02/05 (‰Î) 15:00:40 “Œ‹ (•W€),windows-nt,qua,QU,Exit
2013/02/05 (ç«) 15:03:40 æ±äº¬ (æ¨™æº–æ™‚),windows-nt,qua,QU,Start,Default
2013/02/05 (ç«) 15:03:40 æ±äº¬ (æ¨™æº–æ™‚),windows-nt,qua,QU,Exit
2013/02/05 (‰Î) 15:09:41 “Œ‹ (•W€),windows-nt,qua,QU,Exit
2013/02/05 (‰Î) 15:09:49 “Œ‹ (•W€),windows-nt,qua,QU,Exit
2013/02/05 (‰Î) 15:10:10 “Œ‹ (•W€),windows-nt,qua,QU,Exit
2013/02/05 (‰Î) 15:10:35 “Œ‹ (•W€),windows-nt,qua,QU,Exit
2013/02/05 (ç«) 15:10:43 æ±äº¬ (æ¨™æº–æ™‚),windows-nt,qua,QU,Start,Default
2013/02/05 (ç«) 15:10:43 æ±äº¬ (æ¨™æº–æ™‚),windows-nt,qua,QU,Exit
2013/02/05 (ç«) 10:02:37 æ±äº¬ (æ¨™æº–æ™‚),windows-nt,qua,QU,Exit
2013/02/05 (ç«) 15:13:46 æ±äº¬ (æ¨™æº–æ™‚),windows-nt,qua,QU,Start,Default
2013/02/05 (‰Î) 16:34:26 “Œ‹ (•W€),windows-nt,qua,QU,Exit
2013/02/05 (‰Î) 16:51:06 “Œ‹ (•W€),windows-nt,qua,QU,Exit
2013/02/05 (‰Î) 17:10:36 “Œ‹ (•W€),windows-nt,qua,QU,Exit
2013/02/05 (‰Î) 17:13:15 “Œ‹ (•W€),windows-nt,qua,QU,Exit
2013/02/05 (‰Î) 17:14:42 “Œ‹ (•W€),windows-nt,qua,QU,Exit
2013/02/05 (‰Î) 17:14:53 “Œ‹ (•W€),windows-nt,qua,QU,Exit
2013/02/05 (‰Î) 17:15:44 “Œ‹ (•W€),windows-nt,qua,QU,Exit
2013/02/05 (‰Î) 17:15:50 “Œ‹ (•W€),windows-nt,qua,QU,Exit
2013/02/05 (‰Î) 17:16:44 “Œ‹ (•W€),windows-nt,qua,QU,Exit
2013/02/05 (‰Î) 17:17:29 “Œ‹ (•W€),windows-nt,qua,QU,Exit
2013/02/05 (‰Î) 17:20:51 “Œ‹ (•W€),windows-nt,qua,QU,Exit
2013/02/05 (‰Î) 17:35:24 “Œ‹ (•W€),windows-nt,qua,QU,Exit
2013/02/05 (ç«) 15:13:46 æ±äº¬ (æ¨™æº–æ™‚),windows-nt,qua,QU,Exit
2013/02/05 (ç«) 17:41:51 æ±äº¬ (æ¨™æº–æ™‚),windows-nt,qua,QU,Start,Default
2013/02/05 (‰Î) 17:54:05 “Œ‹ (•W€),windows-nt,qua,QU,Exit
2013/02/05 (‰Î) 17:54:40 “Œ‹ (•W€),windows-nt,qua,QU,Exit
2013/02/05 (‰Î) 17:57:34 “Œ‹ (•W€),windows-nt,qua,QU,Exit
2013/02/05 (‰Î) 18:11:37 “Œ‹ (•W€),windows-nt,qua,QU,Exit
2013/02/05 (‰Î) 18:12:10 “Œ‹ (•W€),windows-nt,qua,QU,Exit
2013/02/05 (‰Î) 18:17:23 “Œ‹ (•W€),windows-nt,qua,QU,Exit
2013/02/05 (‰Î) 18:19:45 “Œ‹ (•W€),windows-nt,qua,QU,Exit
2013/02/05 (ç«) 18:25:24 æ±äº¬ (æ¨™æº–æ™‚),windows-nt,qua,QU,Start,Default
2013/02/05 (ç«) 18:25:24 æ±äº¬ (æ¨™æº–æ™‚),windows-nt,qua,QU,Exit
2013/02/05 (‰Î) 18:26:30 “Œ‹ (•W€),windows-nt,qua,QU,Exit
2013/02/05 (ç«) 18:26:37 æ±äº¬ (æ¨™æº–æ™‚),windows-nt,qua,QU,Start,Default
2013/02/05 (ç«) 18:26:37 æ±äº¬ (æ¨™æº–æ™‚),windows-nt,qua,QU,Exit
2013/02/05 (‰Î) 18:29:19 “Œ‹ (•W€),windows-nt,qua,QU,Exit
2013/02/05 (ç«) 18:29:31 æ±äº¬ (æ¨™æº–æ™‚),windows-nt,qua,QU,Start,Default
2013/02/05 (ç«) 18:29:31 æ±äº¬ (æ¨™æº–æ™‚),windows-nt,qua,QU,Exit
2013/02/05 (‰Î) 18:30:51 “Œ‹ (•W€),windows-nt,qua,QU,Exit
2013/02/05 (‰Î) 18:31:12 “Œ‹ (•W€),windows-nt,qua,QU,Exit
2013/02/05 (ç«) 18:31:26 æ±äº¬ (æ¨™æº–æ™‚),windows-nt,qua,QU,Start,Default
2013/02/05 (ç«) 18:31:26 æ±äº¬ (æ¨™æº–æ™‚),windows-nt,qua,QU,Exit
2013/02/05 (‰Î) 18:33:08 “Œ‹ (•W€),windows-nt,qua,QU,Exit
2013/02/05 (‰Î) 18:33:16 “Œ‹ (•W€),windows-nt,qua,QU,Exit
2013/02/05 (ç«) 18:33:32 æ±äº¬ (æ¨™æº–æ™‚),windows-nt,qua,QU,Start,Default
2013/02/05 (ç«) 18:33:32 æ±äº¬ (æ¨™æº–æ™‚),windows-nt,qua,QU,Exit
2013/02/05 (ç«) 18:44:19 æ±äº¬ (æ¨™æº–æ™‚),windows-nt,qua,QU,Start,Default
2013/02/05 (ç«) 18:44:19 æ±äº¬ (æ¨™æº–æ™‚),windows-nt,qua,QU,Exit
2013/02/05 (‰Î) 18:49:28 “Œ‹ (•W€),windows-nt,qua,QU,Exit
2013/02/05 (‰Î) 18:49:39 “Œ‹ (•W€),windows-nt,qua,QU,Exit
2013/02/05 (‰Î) 18:50:34 “Œ‹ (•W€),windows-nt,qua,QU,Exit
2013/02/05 (ç«) 18:50:39 æ±äº¬ (æ¨™æº–æ™‚),windows-nt,qua,QU,Start,Default
2013/02/05 (ç«) 18:50:39 æ±äº¬ (æ¨™æº–æ™‚),windows-nt,qua,QU,Exit
2013/02/05 (‰Î) 18:53:09 “Œ‹ (•W€),windows-nt,qua,QU,Exit
2013/02/05 (ç«) 18:53:17 æ±äº¬ (æ¨™æº–æ™‚),windows-nt,qua,QU,Start,Default
2013/02/05 (ç«) 18:53:17 æ±äº¬ (æ¨™æº–æ™‚),windows-nt,qua,QU,Exit
2013/02/05 (ç«) 17:41:51 æ±äº¬ (æ¨™æº–æ™‚),windows-nt,qua,QU,Exit
2013/02/05 (ç«) 19:08:04 æ±äº¬ (æ¨™æº–æ™‚),windows-nt,qua,QU,Start,Default
2013/02/05 (‰Î) 19:13:32 “Œ‹ (•W€),windows-nt,qua,QU,Exit
2013/02/05 (‰Î) 19:16:09 “Œ‹ (•W€),windows-nt,qua,QU,Exit
2013/02/05 (‰Î) 19:18:42 “Œ‹ (•W€),windows-nt,qua,QU,Exit
2013/02/05 (‰Î) 19:23:09 “Œ‹ (•W€),windows-nt,qua,QU,Exit
2013/02/05 (‰Î) 19:42:31 “Œ‹ (•W€),windows-nt,qua,QU,Exit
2013/02/05 (‰Î) 19:45:26 “Œ‹ (•W€),windows-nt,qua,QU,Exit
2013/02/05 (‰Î) 19:47:51 “Œ‹ (•W€),windows-nt,qua,QU,Exit
2013/02/05 (‰Î) 19:51:00 “Œ‹ (•W€),windows-nt,qua,QU,Exit
2013/02/05 (‰Î) 19:53:36 “Œ‹ (•W€),windows-nt,qua,QU,Exit
2013/02/05 (‰Î) 19:53:37 “Œ‹ (•W€),windows-nt,qua,QU,Exit
2013/02/05 (‰Î) 19:53:52 “Œ‹ (•W€),windows-nt,qua,QU,Exit
2013/02/05 (‰Î) 20:00:47 “Œ‹ (•W€),windows-nt,qua,QU,Exit
2013/02/05 (‰Î) 20:01:40 “Œ‹ (•W€),windows-nt,qua,QU,Exit
2013/02/06 (…) 05:07:16 “Œ‹ (•W€),windows-nt,qua,QU,Exit
2013/02/06 (…) 05:28:14 “Œ‹ (•W€),windows-nt,qua,QU,Exit
2013/02/06 (æ°´) 05:28:26 æ±äº¬ (æ¨™æº–æ™‚),windows-nt,qua,QU,Start,Default
2013/02/06 (æ°´) 05:28:26 æ±äº¬ (æ¨™æº–æ™‚),windows-nt,qua,QU,Exit
2013/02/06 (…) 05:28:58 “Œ‹ (•W€),windows-nt,qua,QU,Exit
2013/02/06 (æ°´) 05:29:32 æ±äº¬ (æ¨™æº–æ™‚),windows-nt,qua,QU,Start,Default
2013/02/06 (æ°´) 05:29:32 æ±äº¬ (æ¨™æº–æ™‚),windows-nt,qua,QU,Exit
2013/02/06 (æ°´) 05:30:18 æ±äº¬ (æ¨™æº–æ™‚),windows-nt,qua,QU,Start,Default
2013/02/06 (æ°´) 05:30:18 æ±äº¬ (æ¨™æº–æ™‚),windows-nt,qua,QU,Exit
2013/02/06 (…) 05:32:40 “Œ‹ (•W€),windows-nt,qua,QU,Exit
2013/02/06 (æ°´) 05:32:45 æ±äº¬ (æ¨™æº–æ™‚),windows-nt,qua,QU,Start,Default
2013/02/06 (æ°´) 05:32:45 æ±äº¬ (æ¨™æº–æ™‚),windows-nt,qua,QU,Exit
2013/02/06 (…) 05:37:35 “Œ‹ (•W€),windows-nt,qua,QU,Exit
2013/02/06 (æ°´) 07:04:16 æ±äº¬ (æ¨™æº–æ™‚),windows-nt,qua,QU,Start,Default
2013/02/06 (æ°´) 07:04:16 æ±äº¬ (æ¨™æº–æ™‚),windows-nt,qua,QU,Exit
2013/02/06 (…) 07:05:46 “Œ‹ (•W€),windows-nt,qua,QU,Exit
2013/02/06 (æ°´) 07:05:58 æ±äº¬ (æ¨™æº–æ™‚),windows-nt,qua,QU,Start,Default
2013/02/06 (æ°´) 07:05:58 æ±äº¬ (æ¨™æº–æ™‚),windows-nt,qua,QU,Exit
2013/02/06 (…) 07:07:02 “Œ‹ (•W€),windows-nt,qua,QU,Exit
2013/02/06 (…) 07:08:01 “Œ‹ (•W€),windows-nt,qua,QU,Exit
2013/02/06 (…) 07:08:38 “Œ‹ (•W€),windows-nt,qua,QU,Exit
2013/02/06 (…) 07:09:31 “Œ‹ (•W€),windows-nt,qua,QU,Exit
2013/02/06 (…) 07:14:23 “Œ‹ (•W€),windows-nt,qua,QU,Exit
2013/02/06 (…) 07:15:24 “Œ‹ (•W€),windows-nt,qua,QU,Exit
2013/02/06 (…) 07:19:00 “Œ‹ (•W€),windows-nt,qua,QU,Exit
2013/02/06 (…) 07:19:02 “Œ‹ (•W€),windows-nt,qua,QU,Exit
2013/02/06 (æ°´) 07:19:07 æ±äº¬ (æ¨™æº–æ™‚),windows-nt,qua,QU,Start,Default
2013/02/06 (æ°´) 07:19:07 æ±äº¬ (æ¨™æº–æ™‚),windows-nt,qua,QU,Exit
2013/02/06 (…) 07:20:22 “Œ‹ (•W€),windows-nt,qua,QU,Exit
2013/02/06 (æ°´) 07:20:31 æ±äº¬ (æ¨™æº–æ™‚),windows-nt,qua,QU,Start,Default
2013/02/06 (æ°´) 07:20:31 æ±äº¬ (æ¨™æº–æ™‚),windows-nt,qua,QU,Exit
2013/02/06 (…) 07:20:47 “Œ‹ (•W€),windows-nt,qua,QU,Exit
2013/02/06 (æ°´) 07:20:53 æ±äº¬ (æ¨™æº–æ™‚),windows-nt,qua,QU,Start,Default
2013/02/06 (æ°´) 07:20:53 æ±äº¬ (æ¨™æº–æ™‚),windows-nt,qua,QU,Exit
2013/02/06 (…) 07:35:46 “Œ‹ (•W€),windows-nt,qua,QU,Exit
2013/02/06 (…) 08:01:01 “Œ‹ (•W€),windows-nt,qua,QU,Exit
2013/02/06 (…) 08:07:05 “Œ‹ (•W€),windows-nt,qua,QU,Exit
2013/02/06 (…) 08:10:23 “Œ‹ (•W€),windows-nt,qua,QU,Exit
2013/02/06 (…) 08:16:40 “Œ‹ (•W€),windows-nt,qua,QU,Exit
2013/02/06 (æ°´) 08:19:50 æ±äº¬ (æ¨™æº–æ™‚),windows-nt,qua,QU,Start,Default
2013/02/06 (æ°´) 08:19:50 æ±äº¬ (æ¨™æº–æ™‚),windows-nt,qua,QU,Exit
2013/02/06 (…) 08:21:31 “Œ‹ (•W€),windows-nt,qua,QU,Exit
2013/02/06 (…) 08:30:25 “Œ‹ (•W€),windows-nt,qua,QU,Exit
2013/02/06 (…) 08:30:41 “Œ‹ (•W€),windows-nt,qua,QU,Exit
2013/02/06 (…) 08:45:07 “Œ‹ (•W€),windows-nt,qua,QU,Exit
2013/02/06 (…) 09:29:25 “Œ‹ (•W€),windows-nt,qua,QU,Exit
2013/02/06 (…) 09:29:52 “Œ‹ (•W€),windows-nt,qua,QU,Exit
2013/02/06 (…) 09:33:01 “Œ‹ (•W€),windows-nt,qua,QU,Exit
2013/02/06 (…) 09:33:12 “Œ‹ (•W€),windows-nt,qua,QU,Exit
2013/02/06 (…) 09:33:16 “Œ‹ (•W€),windows-nt,qua,QU,Exit
2013/02/06 (…) 09:33:40 “Œ‹ (•W€),windows-nt,qua,QU,Exit
2013/02/06 (æ°´) 09:36:01 æ±äº¬ (æ¨™æº–æ™‚),windows-nt,qua,QU,Start,Default
2013/02/06 (æ°´) 09:36:01 æ±äº¬ (æ¨™æº–æ™‚),windows-nt,qua,QU,Exit
2013/02/06 (…) 09:39:40 “Œ‹ (•W€),windows-nt,qua,QU,Exit
2013/02/06 (…) 09:42:52 “Œ‹ (•W€),windows-nt,qua,QU,Exit
2013/02/06 (…) 10:00:21 “Œ‹ (•W€),windows-nt,qua,QU,Exit
2013/02/06 (…) 10:03:10 “Œ‹ (•W€),windows-nt,qua,QU,Exit
2013/02/06 (…) 10:06:05 “Œ‹ (•W€),windows-nt,qua,QU,Exit
2013/02/06 (…) 10:06:20 “Œ‹ (•W€),windows-nt,qua,QU,Exit
2013/02/06 (…) 10:06:36 “Œ‹ (•W€),windows-nt,qua,QU,Exit
2013/02/06 (…) 10:08:58 “Œ‹ (•W€),windows-nt,qua,QU,Exit
2013/02/06 (…) 10:56:40 “Œ‹ (•W€),windows-nt,qua,QU,Exit
2013/02/06 (…) 10:57:37 “Œ‹ (•W€),windows-nt,qua,QU,Exit
2013/02/06 (…) 10:58:27 “Œ‹ (•W€),windows-nt,qua,QU,Exit
2013/02/06 (…) 14:43:34 “Œ‹ (•W€),windows-nt,qua,QU,Exit
2013/02/06 (…) 14:43:43 “Œ‹ (•W€),windows-nt,qua,QU,Exit
2013/02/06 (…) 16:02:39 “Œ‹ (•W€),windows-nt,qua,QU,Exit
2013/02/06 (…) 16:03:49 “Œ‹ (•W€),windows-nt,qua,QU,Exit
2013/02/06 (…) 16:30:28 “Œ‹ (•W€),windows-nt,qua,QU,Exit
2013/02/07 (æœ¨) 13:23:33 æ±äº¬ (æ¨™æº–æ™‚),windows-nt,qua,QU,Start,Default
2013/02/07 (æœ¨) 13:23:33 æ±äº¬ (æ¨™æº–æ™‚),windows-nt,qua,QU,Exit
2013/02/07 (æœ¨) 13:26:25 æ±äº¬ (æ¨™æº–æ™‚),windows-nt,qua,QU,Start,Default
2013/02/07 (æœ¨) 13:27:57 æ±äº¬ (æ¨™æº–æ™‚),windows-nt,qua,QU,Start,Default
2013/02/07 (æœ¨) 13:27:57 æ±äº¬ (æ¨™æº–æ™‚),windows-nt,qua,QU,Exit
2013/02/07 (æœ¨) 13:29:46 æ±äº¬ (æ¨™æº–æ™‚),windows-nt,qua,QU,Start,Default
2013/02/07 (æœ¨) 13:29:46 æ±äº¬ (æ¨™æº–æ™‚),windows-nt,qua,QU,Exit
2013/02/07 (æœ¨) 13:31:14 æ±äº¬ (æ¨™æº–æ™‚),windows-nt,qua,QU,Start,Default
2013/02/07 (æœ¨) 13:31:14 æ±äº¬ (æ¨™æº–æ™‚),windows-nt,qua,QU,Exit
2013/02/07 (æœ¨) 13:32:22 æ±äº¬ (æ¨™æº–æ™‚),windows-nt,qua,QU,Start,Default
2013/02/07 (æœ¨) 13:40:58 æ±äº¬ (æ¨™æº–æ™‚),windows-nt,qua,QU,Start,Default
2013/02/07 (æœ¨) 13:40:58 æ±äº¬ (æ¨™æº–æ™‚),windows-nt,qua,QU,Exit
2013/02/07 (æœ¨) 13:41:14 æ±äº¬ (æ¨™æº–æ™‚),windows-nt,qua,QU,Start,Default
2013/02/07 (æœ¨) 13:41:14 æ±äº¬ (æ¨™æº–æ™‚),windows-nt,qua,QU,Exit
2013/02/07 (æœ¨) 13:41:46 æ±äº¬ (æ¨™æº–æ™‚),windows-nt,qua,QU,Start,Default
2013/02/07 (–Ø) 13:42:12 “Œ‹ (•W€),windows-nt,qua,QU,Exit
2013/02/07 (–Ø) 13:42:21 “Œ‹ (•W€),windows-nt,qua,QU,Exit
2013/02/07 (æœ¨) 13:41:46 æ±äº¬ (æ¨™æº–æ™‚),windows-nt,qua,QU,Exit
2013/02/05 (ç«) 19:08:04 æ±äº¬ (æ¨™æº–æ™‚),windows-nt,qua,QU,Exit
2013/02/07 (æœ¨) 13:32:22 æ±äº¬ (æ¨™æº–æ™‚),windows-nt,qua,QU,Exit
2013/02/07 (æœ¨) 13:45:42 æ±äº¬ (æ¨™æº–æ™‚),windows-nt,qua,QU,Start,Default
2013/02/07 (æœ¨) 13:45:42 æ±äº¬ (æ¨™æº–æ™‚),windows-nt,qua,QU,Exit
2013/02/07 (æœ¨) 13:47:17 æ±äº¬ (æ¨™æº–æ™‚),windows-nt,qua,QU,Start,Default
2013/02/07 (–Ø) 13:50:29 “Œ‹ (•W€),windows-nt,qua,QU,Exit
2013/02/07 (æœ¨) 13:47:17 æ±äº¬ (æ¨™æº–æ™‚),windows-nt,qua,QU,Exit
2013/02/07 (æœ¨) 13:51:04 æ±äº¬ (æ¨™æº–æ™‚),windows-nt,qua,QU,Start,Default
2013/02/07 (–Ø) 14:01:51 “Œ‹ (•W€),windows-nt,qua,QU,Exit
2013/02/07 (–Ø) 14:05:11 “Œ‹ (•W€),windows-nt,qua,QU,Exit
2013/02/07 (–Ø) 14:05:37 “Œ‹ (•W€),windows-nt,qua,QU,Exit
2013/02/07 (–Ø) 14:05:41 “Œ‹ (•W€),windows-nt,qua,QU,Exit
2013/02/07 (–Ø) 14:06:55 “Œ‹ (•W€),windows-nt,qua,QU,Exit
2013/02/07 (æœ¨) 14:07:03 æ±äº¬ (æ¨™æº–æ™‚),windows-nt,qua,QU,Start,Default
2013/02/07 (æœ¨) 14:07:03 æ±äº¬ (æ¨™æº–æ™‚),windows-nt,qua,QU,Exit
2013/02/07 (–Ø) 14:10:16 “Œ‹ (•W€),windows-nt,qua,QU,Exit
2013/02/07 (–Ø) 14:10:37 “Œ‹ (•W€),windows-nt,qua,QU,Exit
2013/02/07 (æœ¨) 13:51:04 æ±äº¬ (æ¨™æº–æ™‚),windows-nt,qua,QU,Exit
2013/02/07 (æœ¨) 14:10:48 æ±äº¬ (æ¨™æº–æ™‚),windows-nt,qua,QU,Start,Default
2013/02/07 (–Ø) 14:14:16 “Œ‹ (•W€),windows-nt,qua,QU,Exit
2013/02/07 (æœ¨) 14:10:48 æ±äº¬ (æ¨™æº–æ™‚),windows-nt,qua,QU,Exit
2013/02/07 (æœ¨) 14:14:31 æ±äº¬ (æ¨™æº–æ™‚),windows-nt,qua,QU,Start,Default
2013/02/07 (–Ø) 14:17:42 “Œ‹ (•W€),windows-nt,qua,QU,Exit
2013/02/07 (æœ¨) 14:17:52 æ±äº¬ (æ¨™æº–æ™‚),windows-nt,qua,QU,Start,Default
2013/02/07 (æœ¨) 14:17:52 æ±äº¬ (æ¨™æº–æ™‚),windows-nt,qua,QU,Exit
2013/02/07 (æœ¨) 14:18:41 æ±äº¬ (æ¨™æº–æ™‚),windows-nt,qua,QU,Start,Default
2013/02/07 (æœ¨) 14:18:41 æ±äº¬ (æ¨™æº–æ™‚),windows-nt,qua,QU,Exit
2013/02/07 (–Ø) 14:30:43 “Œ‹ (•W€),windows-nt,qua,QU,Exit
2013/02/07 (–Ø) 14:31:36 “Œ‹ (•W€),windows-nt,qua,QU,Exit
2013/02/07 (–Ø) 14:32:37 “Œ‹ (•W€),windows-nt,qua,QU,Exit
2013/02/07 (–Ø) 14:33:37 “Œ‹ (•W€),windows-nt,qua,QU,Exit
2013/02/07 (æœ¨) 14:33:52 æ±äº¬ (æ¨™æº–æ™‚),windows-nt,qua,QU,Start,Default
2013/02/07 (æœ¨) 14:33:52 æ±äº¬ (æ¨™æº–æ™‚),windows-nt,qua,QU,Exit
2013/02/07 (–Ø) 14:37:11 “Œ‹ (•W€),windows-nt,qua,QU,Exit
2013/02/07 (–Ø) 14:37:17 “Œ‹ (•W€),windows-nt,qua,QU,Exit
2013/02/07 (æœ¨) 14:37:25 æ±äº¬ (æ¨™æº–æ™‚),windows-nt,qua,QU,Start,Default
2013/02/07 (æœ¨) 14:37:25 æ±äº¬ (æ¨™æº–æ™‚),windows-nt,qua,QU,Exit
2013/02/07 (–Ø) 14:41:02 “Œ‹ (•W€),windows-nt,qua,QU,Exit
2013/02/07 (æœ¨) 14:14:31 æ±äº¬ (æ¨™æº–æ™‚),windows-nt,qua,QU,Exit
2013/02/07 (æœ¨) 14:41:13 æ±äº¬ (æ¨™æº–æ™‚),windows-nt,qua,QU,Start,Default
2013/02/07 (–Ø) 16:29:57 “Œ‹ (•W€),windows-nt,qua,QU,Exit
2013/02/07 (–Ø) 16:38:35 “Œ‹ (•W€),windows-nt,qua,QU,Exit
2013/02/07 (–Ø) 16:38:57 “Œ‹ (•W€),windows-nt,qua,QU,Exit
2013/02/07 (–Ø) 16:39:17 “Œ‹ (•W€),windows-nt,qua,QU,Exit
2013/02/07 (æœ¨) 16:39:53 æ±äº¬ (æ¨™æº–æ™‚),windows-nt,qua,QU,Start,Default
2013/02/07 (æœ¨) 16:39:53 æ±äº¬ (æ¨™æº–æ™‚),windows-nt,qua,QU,Exit
2013/02/07 (–Ø) 16:40:47 “Œ‹ (•W€),windows-nt,qua,QU,Exit
2013/02/07 (æœ¨) 17:51:31 æ±äº¬ (æ¨™æº–æ™‚),windows-nt,qua,QU,Start,Default
2013/02/07 (æœ¨) 17:51:31 æ±äº¬ (æ¨™æº–æ™‚),windows-nt,qua,QU,Exit
2013/02/07 (æœ¨) 17:53:13 æ±äº¬ (æ¨™æº–æ™‚),windows-nt,qua,QU,Start,Default
2013/02/07 (æœ¨) 17:53:13 æ±äº¬ (æ¨™æº–æ™‚),windows-nt,qua,QU,Exit
2013/02/07 (æœ¨) 18:48:16 æ±äº¬ (æ¨™æº–æ™‚),windows-nt,qua,QU,Start,Default
2013/02/07 (æœ¨) 18:48:16 æ±äº¬ (æ¨™æº–æ™‚),windows-nt,qua,QU,Exit
2013/02/07 (æœ¨) 14:41:13 æ±äº¬ (æ¨™æº–æ™‚),windows-nt,qua,QU,Exit
2013/02/07 (æœ¨) 18:50:36 æ±äº¬ (æ¨™æº–æ™‚),windows-nt,qua,QU,Start,Default
2013/02/07 (æœ¨) 18:50:36 æ±äº¬ (æ¨™æº–æ™‚),windows-nt,qua,QU,Exit
2013/02/07 (æœ¨) 18:56:06 æ±äº¬ (æ¨™æº–æ™‚),windows-nt,qua,QU,Start,Default
2013/02/07 (–Ø) 18:56:41 “Œ‹ (•W€),windows-nt,qua,QU,Exit
2013/02/07 (æœ¨) 18:57:24 æ±äº¬ (æ¨™æº–æ™‚),windows-nt,qua,QU,Start,Default
2013/02/07 (–Ø) 19:02:46 “Œ‹ (•W€),windows-nt,qua,QU,Exit
2013/02/07 (–Ø) 19:03:00 “Œ‹ (•W€),windows-nt,qua,QU,Exit
2013/02/07 (–Ø) 19:03:45 “Œ‹ (•W€),windows-nt,qua,QU,Exit
2013/02/07 (–Ø) 19:03:48 “Œ‹ (•W€),windows-nt,qua,QU,Exit
2013/02/07 (–Ø) 19:04:25 “Œ‹ (•W€),windows-nt,qua,QU,Exit
2013/02/07 (–Ø) 19:04:32 “Œ‹ (•W€),windows-nt,qua,QU,Exit
2013/02/07 (æœ¨) 18:57:24 æ±äº¬ (æ¨™æº–æ™‚),windows-nt,qua,QU,Exit
2013/02/07 (–Ø) 19:14:30 “Œ‹ (•W€),windows-nt,qua,QU,Exit
2013/02/07 (æœ¨) 18:56:06 æ±äº¬ (æ¨™æº–æ™‚),windows-nt,qua,QU,Exit
2013/02/07 (æœ¨) 19:14:39 æ±äº¬ (æ¨™æº–æ™‚),windows-nt,qua,QU,Start,Default
2013/02/07 (–Ø) 19:15:23 “Œ‹ (•W€),windows-nt,qua,QU,Exit
2013/02/07 (æœ¨) 19:15:27 æ±äº¬ (æ¨™æº–æ™‚),windows-nt,qua,QU,Start,Default
2013/02/07 (æœ¨) 19:15:27 æ±äº¬ (æ¨™æº–æ™‚),windows-nt,qua,QU,Exit
2013/02/07 (–Ø) 19:15:57 “Œ‹ (•W€),windows-nt,qua,QU,Exit
2013/02/07 (æœ¨) 19:16:02 æ±äº¬ (æ¨™æº–æ™‚),windows-nt,qua,QU,Start,Default
2013/02/07 (æœ¨) 19:16:02 æ±äº¬ (æ¨™æº–æ™‚),windows-nt,qua,QU,Exit
2013/02/07 (–Ø) 19:16:12 “Œ‹ (•W€),windows-nt,qua,QU,Exit
2013/02/07 (æœ¨) 19:16:15 æ±äº¬ (æ¨™æº–æ™‚),windows-nt,qua,QU,Start,Default
2013/02/07 (æœ¨) 19:16:15 æ±äº¬ (æ¨™æº–æ™‚),windows-nt,qua,QU,Exit
2013/02/07 (–Ø) 19:16:26 “Œ‹ (•W€),windows-nt,qua,QU,Exit
2013/02/07 (–Ø) 19:16:52 “Œ‹ (•W€),windows-nt,qua,QU,Exit
2013/02/07 (–Ø) 19:17:04 “Œ‹ (•W€),windows-nt,qua,QU,Exit
2013/02/07 (æœ¨) 19:17:09 æ±äº¬ (æ¨™æº–æ™‚),windows-nt,qua,QU,Start,Default
2013/02/07 (æœ¨) 19:17:09 æ±äº¬ (æ¨™æº–æ™‚),windows-nt,qua,QU,Exit
2013/02/07 (æœ¨) 19:18:54 æ±äº¬ (æ¨™æº–æ™‚),windows-nt,qua,QU,Start,Debug
2013/02/07 (æœ¨) 19:18:54 æ±äº¬ (æ¨™æº–æ™‚),windows-nt,qua,QU,Exit
2013/02/07 (æœ¨) 19:21:58 æ±äº¬ (æ¨™æº–æ™‚),windows-nt,qua,QU,Start,Default
2013/02/07 (æœ¨) 19:21:58 æ±äº¬ (æ¨™æº–æ™‚),windows-nt,qua,QU,Exit
2013/02/07 (–Ø) 19:22:47 “Œ‹ (•W€),windows-nt,qua,QU,Exit
2013/02/07 (æœ¨) 19:22:57 æ±äº¬ (æ¨™æº–æ™‚),windows-nt,qua,QU,Start,Default
2013/02/07 (æœ¨) 19:22:57 æ±äº¬ (æ¨™æº–æ™‚),windows-nt,qua,QU,Exit
2013/02/07 (æœ¨) 19:23:30 æ±äº¬ (æ¨™æº–æ™‚),windows-nt,qua,QU,Start,Default
2013/02/07 (æœ¨) 19:24:46 æ±äº¬ (æ¨™æº–æ™‚),windows-nt,qua,QU,Start,Default
2013/02/07 (æœ¨) 19:24:46 æ±äº¬ (æ¨™æº–æ™‚),windows-nt,qua,QU,Exit
2013/02/07 (æœ¨) 19:25:27 æ±äº¬ (æ¨™æº–æ™‚),windows-nt,qua,QU,Start,Default
2013/02/07 (æœ¨) 19:25:27 æ±äº¬ (æ¨™æº–æ™‚),windows-nt,qua,QU,Exit
2013/02/07 (æœ¨) 19:28:18 æ±äº¬ (æ¨™æº–æ™‚),windows-nt,qua,QU,Start,Default
2013/02/07 (æœ¨) 19:28:18 æ±äº¬ (æ¨™æº–æ™‚),windows-nt,qua,QU,Exit
2013/02/07 (æœ¨) 19:28:50 æ±äº¬ (æ¨™æº–æ™‚),windows-nt,qua,QU,Start,Default
2013/02/07 (æœ¨) 19:28:50 æ±äº¬ (æ¨™æº–æ™‚),windows-nt,qua,QU,Exit
2013/02/07 (æœ¨) 19:29:38 æ±äº¬ (æ¨™æº–æ™‚),windows-nt,qua,QU,Start,Default
2013/02/07 (–Ø) 19:32:05 “Œ‹ (•W€),windows-nt,qua,QU,Exit
2013/02/07 (–Ø) 19:33:05 “Œ‹ (•W€),windows-nt,qua,QU,Exit
2013/02/07 (–Ø) 19:33:16 “Œ‹ (•W€),windows-nt,qua,QU,Exit
2013/02/07 (æœ¨) 19:29:38 æ±äº¬ (æ¨™æº–æ™‚),windows-nt,qua,QU,Exit
2013/02/07 (æœ¨) 19:33:23 æ±äº¬ (æ¨™æº–æ™‚),windows-nt,qua,QU,Start,Default
2013/02/07 (–Ø) 19:35:17 “Œ‹ (•W€),windows-nt,qua,QU,Exit
2013/02/07 (–Ø) 19:36:30 “Œ‹ (•W€),windows-nt,qua,QU,Exit
2013/02/07 (æœ¨) 19:36:42 æ±äº¬ (æ¨™æº–æ™‚),windows-nt,qua,QU,Start,Default
2013/02/07 (æœ¨) 19:36:42 æ±äº¬ (æ¨™æº–æ™‚),windows-nt,qua,QU,Exit
2013/02/07 (æœ¨) 19:33:23 æ±äº¬ (æ¨™æº–æ™‚),windows-nt,qua,QU,Exit
2013/02/07 (æœ¨) 19:37:00 æ±äº¬ (æ¨™æº–æ™‚),windows-nt,qua,QU,Start,Default
2013/02/07 (–Ø) 19:37:36 “Œ‹ (•W€),windows-nt,qua,QU,Exit
2013/02/07 (æœ¨) 19:38:23 æ±äº¬ (æ¨™æº–æ™‚),windows-nt,qua,QU,Start,Default
2013/02/07 (æœ¨) 19:38:23 æ±äº¬ (æ¨™æº–æ™‚),windows-nt,qua,QU,Exit
2013/02/07 (æœ¨) 19:37:00 æ±äº¬ (æ¨™æº–æ™‚),windows-nt,qua,QU,Exit
2013/02/07 (æœ¨) 19:39:00 æ±äº¬ (æ¨™æº–æ™‚),windows-nt,qua,QU,Start,Default
2013/02/07 (–Ø) 19:39:46 “Œ‹ (•W€),windows-nt,qua,QU,Exit
2013/02/07 (æœ¨) 19:39:49 æ±äº¬ (æ¨™æº–æ™‚),windows-nt,qua,QU,Start,Default
2013/02/07 (æœ¨) 19:39:49 æ±äº¬ (æ¨™æº–æ™‚),windows-nt,qua,QU,Exit
2013/02/07 (–Ø) 19:40:16 “Œ‹ (•W€),windows-nt,qua,QU,Exit
2013/02/07 (æœ¨) 19:39:00 æ±äº¬ (æ¨™æº–æ™‚),windows-nt,qua,QU,Exit
2013/02/07 (æœ¨) 19:43:28 æ±äº¬ (æ¨™æº–æ™‚),windows-nt,qua,QU,Start,Default
2013/02/07 (–Ø) 19:46:25 “Œ‹ (•W€),windows-nt,qua,QU,Exit
2013/02/07 (–Ø) 19:46:53 “Œ‹ (•W€),windows-nt,qua,QU,Exit
2013/02/07 (–Ø) 19:47:31 “Œ‹ (•W€),windows-nt,qua,QU,Exit
2013/02/08 (‹à) 08:40:54 “Œ‹ (•W€),windows-nt,qua,QU,Exit
2013/02/08 (‹à) 09:15:54 “Œ‹ (•W€),windows-nt,qua,QU,Exit
2013/02/08 (‹à) 09:18:57 “Œ‹ (•W€),windows-nt,qua,QU,Exit
2013/02/08 (‹à) 17:06:07 “Œ‹ (•W€),windows-nt,qua,QU,Exit
2013/02/08 (‹à) 17:47:17 “Œ‹ (•W€),windows-nt,qua,QU,Exit
2013/02/08 (‹à) 17:47:22 “Œ‹ (•W€),windows-nt,qua,QU,Exit
2013/02/08 (‹à) 17:51:46 “Œ‹ (•W€),windows-nt,qua,QU,Exit
2013/02/08 (‹à) 19:46:09 “Œ‹ (•W€),windows-nt,qua,QU,Exit
2013/02/08 (‹à) 23:59:02 “Œ‹ (•W€),windows-nt,qua,QU,Exit
2013/02/09 (“y) 00:00:19 “Œ‹ (•W€),windows-nt,qua,QU,Exit
2013/02/07 (æœ¨) 19:43:28 æ±äº¬ (æ¨™æº–æ™‚),windows-nt,qua,QU,Exit
2013/02/09 (åœŸ) 09:57:26 æ±äº¬ (æ¨™æº–æ™‚),windows-nt,qua,QU,Start,Default
2013/02/09 (åœŸ) 22:19:58 æ±äº¬ (æ¨™æº–æ™‚),windows-nt,qua,QU,Start,Default
2013/02/09 (åœŸ) 22:19:58 æ±äº¬ (æ¨™æº–æ™‚),windows-nt,qua,QU,Exit
2013/02/10 (æ—¥) 11:14:13 æ±äº¬ (æ¨™æº–æ™‚),windows-nt,qua,QU,Start,Default
2013/02/10 (æ—¥) 11:14:13 æ±äº¬ (æ¨™æº–æ™‚),windows-nt,qua,QU,Exit
2013/02/10 (æ—¥) 18:00:16 æ±äº¬ (æ¨™æº–æ™‚),windows-nt,qua,QU,Start,Default
2013/02/10 (“ú) 20:24:30 “Œ‹ (•W€),windows-nt,qua,QU,Exit
2013/02/10 (“ú) 20:26:32 “Œ‹ (•W€),windows-nt,qua,QU,Exit
2013/02/10 (“ú) 20:28:41 “Œ‹ (•W€),windows-nt,qua,QU,Exit
2013/02/10 (“ú) 20:29:43 “Œ‹ (•W€),windows-nt,qua,QU,Exit
2013/02/10 (æ—¥) 18:00:16 æ±äº¬ (æ¨™æº–æ™‚),windows-nt,qua,QU,Exit
2013/02/11 (æœˆ) 10:10:39 æ±äº¬ (æ¨™æº–æ™‚),windows-nt,qua,QU,Start,Default
2013/02/11 (Œ) 14:46:40 “Œ‹ (•W€),windows-nt,qua,QU,Exit
2013/02/11 (Œ) 14:47:43 “Œ‹ (•W€),windows-nt,qua,QU,Exit
2013/02/11 (Œ) 14:49:29 “Œ‹ (•W€),windows-nt,qua,QU,Exit
2013/02/11 (Œ) 14:53:32 “Œ‹ (•W€),windows-nt,qua,QU,Exit
2013/02/11 (Œ) 14:53:52 “Œ‹ (•W€),windows-nt,qua,QU,Exit
2013/02/11 (æœˆ) 14:54:01 æ±äº¬ (æ¨™æº–æ™‚),windows-nt,qua,QU,Start,Default
2013/02/11 (æœˆ) 14:54:01 æ±äº¬ (æ¨™æº–æ™‚),windows-nt,qua,QU,Exit
2013/02/11 (Œ) 14:55:24 “Œ‹ (•W€),windows-nt,qua,QU,Exit
2013/02/11 (æœˆ) 14:55:30 æ±äº¬ (æ¨™æº–æ™‚),windows-nt,qua,QU,Start,Default
2013/02/11 (æœˆ) 14:55:30 æ±äº¬ (æ¨™æº–æ™‚),windows-nt,qua,QU,Exit
2013/02/11 (Œ) 14:59:05 “Œ‹ (•W€),windows-nt,qua,QU,Exit
2013/02/11 (æœˆ) 14:59:14 æ±äº¬ (æ¨™æº–æ™‚),windows-nt,qua,QU,Start,Default
2013/02/11 (æœˆ) 14:59:14 æ±äº¬ (æ¨™æº–æ™‚),windows-nt,qua,QU,Exit
2013/02/11 (Œ) 15:04:17 “Œ‹ (•W€),windows-nt,qua,QU,Exit
2013/02/11 (Œ) 15:04:40 “Œ‹ (•W€),windows-nt,qua,QU,Exit
2013/02/11 (Œ) 15:04:47 “Œ‹ (•W€),windows-nt,qua,QU,Exit
2013/02/11 (Œ) 15:06:13 “Œ‹ (•W€),windows-nt,qua,QU,Exit
2013/02/11 (æœˆ) 15:06:21 æ±äº¬ (æ¨™æº–æ™‚),windows-nt,qua,QU,Start,Default
2013/02/11 (æœˆ) 15:06:21 æ±äº¬ (æ¨™æº–æ™‚),windows-nt,qua,QU,Exit
2013/02/11 (Œ) 15:07:02 “Œ‹ (•W€),windows-nt,qua,QU,Exit
2013/02/11 (Œ) 15:07:12 “Œ‹ (•W€),windows-nt,qua,QU,Exit
2013/02/11 (æœˆ) 15:07:17 æ±äº¬ (æ¨™æº–æ™‚),windows-nt,qua,QU,Start,Default
2013/02/11 (æœˆ) 15:07:17 æ±äº¬ (æ¨™æº–æ™‚),windows-nt,qua,QU,Exit
2013/02/11 (æœˆ) 15:07:46 æ±äº¬ (æ¨™æº–æ™‚),windows-nt,qua,QU,Start,Default
2013/02/11 (Œ) 15:08:13 “Œ‹ (•W€),windows-nt,qua,QU,Exit
2013/02/11 (æœˆ) 15:08:24 æ±äº¬ (æ¨™æº–æ™‚),windows-nt,qua,QU,Start,Default
2013/02/11 (æœˆ) 15:08:24 æ±äº¬ (æ¨™æº–æ™‚),windows-nt,qua,QU,Exit
2013/02/11 (æœˆ) 15:07:46 æ±äº¬ (æ¨™æº–æ™‚),windows-nt,qua,QU,Exit
2013/02/11 (Œ) 15:09:08 “Œ‹ (•W€),windows-nt,qua,QU,Exit
2013/02/11 (æœˆ) 15:10:19 æ±äº¬ (æ¨™æº–æ™‚),windows-nt,qua,QU,Start,Default
2013/02/11 (æœˆ) 15:10:19 æ±äº¬ (æ¨™æº–æ™‚),windows-nt,qua,QU,Exit
2013/02/11 (Œ) 15:11:55 “Œ‹ (•W€),windows-nt,qua,QU,Exit
2013/02/11 (æœˆ) 15:12:02 æ±äº¬ (æ¨™æº–æ™‚),windows-nt,qua,QU,Start,Default
2013/02/11 (æœˆ) 15:12:02 æ±äº¬ (æ¨™æº–æ™‚),windows-nt,qua,QU,Exit
2013/02/11 (Œ) 15:13:20 “Œ‹ (•W€),windows-nt,qua,QU,Exit
2013/02/11 (Œ) 15:13:22 “Œ‹ (•W€),windows-nt,qua,QU,Exit
2013/02/11 (æœˆ) 15:13:51 æ±äº¬ (æ¨™æº–æ™‚),windows-nt,qua,QU,Start,Default
2013/02/11 (æœˆ) 15:13:51 æ±äº¬ (æ¨™æº–æ™‚),windows-nt,qua,QU,Exit
2013/02/11 (Œ) 15:31:49 “Œ‹ (•W€),windows-nt,qua,QU,Exit
2013/02/11 (Œ) 15:33:28 “Œ‹ (•W€),windows-nt,qua,QU,Exit
2013/02/11 (Œ) 15:34:25 “Œ‹ (•W€),windows-nt,qua,QU,Exit
2013/02/11 (æœˆ) 10:10:39 æ±äº¬ (æ¨™æº–æ™‚),windows-nt,qua,QU,Exit
2013/02/11 (æœˆ) 15:34:39 æ±äº¬ (æ¨™æº–æ™‚),windows-nt,qua,QU,Start,Default
2013/02/11 (Œ) 16:24:00 “Œ‹ (•W€),windows-nt,qua,QU,Exit
2013/02/11 (Œ) 16:28:03 “Œ‹ (•W€),windows-nt,qua,QU,Exit
2013/02/11 (Œ) 18:23:24 “Œ‹ (•W€),windows-nt,qua,QU,Exit
2013/02/11 (Œ) 18:30:48 “Œ‹ (•W€),windows-nt,qua,QU,Exit
2013/02/11 (Œ) 18:56:02 “Œ‹ (•W€),windows-nt,qua,QU,Exit
2013/02/11 (Œ) 20:36:10 “Œ‹ (•W€),windows-nt,qua,QU,Exit
2013/02/11 (æœˆ) 20:36:21 æ±äº¬ (æ¨™æº–æ™‚),windows-nt,qua,QU,Start,Default
2013/02/11 (Œ) 20:37:12 “Œ‹ (•W€),windows-nt,qua,QU,Exit
2013/02/11 (æœˆ) 20:36:21 æ±äº¬ (æ¨™æº–æ™‚),windows-nt,qua,QU,Exit
2013/02/11 (Œ) 20:40:40 “Œ‹ (•W€),windows-nt,qua,QU,Exit
2013/02/11 (Œ) 20:40:44 “Œ‹ (•W€),windows-nt,qua,QU,Exit
2013/02/11 (æœˆ) 20:40:50 æ±äº¬ (æ¨™æº–æ™‚),windows-nt,qua,QU,Start,Default
2013/02/11 (æœˆ) 20:40:50 æ±äº¬ (æ¨™æº–æ™‚),windows-nt,qua,QU,Exit
2013/02/11 (Œ) 20:43:35 “Œ‹ (•W€),windows-nt,qua,QU,Exit
2013/02/11 (æœˆ) 20:43:41 æ±äº¬ (æ¨™æº–æ™‚),windows-nt,qua,QU,Start,Default
2013/02/11 (æœˆ) 20:43:41 æ±äº¬ (æ¨™æº–æ™‚),windows-nt,qua,QU,Exit
2013/02/11 (æœˆ) 20:49:14 æ±äº¬ (æ¨™æº–æ™‚),windows-nt,qua,QU,Start,Default
2013/02/11 (æœˆ) 20:49:14 æ±äº¬ (æ¨™æº–æ™‚),windows-nt,qua,QU,Exit
2013/02/11 (Œ) 20:52:21 “Œ‹ (•W€),windows-nt,qua,QU,Exit
2013/02/11 (æœˆ) 20:52:26 æ±äº¬ (æ¨™æº–æ™‚),windows-nt,qua,QU,Start,Default
2013/02/11 (æœˆ) 20:52:26 æ±äº¬ (æ¨™æº–æ™‚),windows-nt,qua,QU,Exit
2013/02/11 (Œ) 20:53:38 “Œ‹ (•W€),windows-nt,qua,QU,Exit
2013/02/11 (æœˆ) 20:56:26 æ±äº¬ (æ¨™æº–æ™‚),windows-nt,qua,QU,Start,Default
2013/02/11 (æœˆ) 20:56:26 æ±äº¬ (æ¨™æº–æ™‚),windows-nt,qua,QU,Exit
2013/02/11 (Œ) 20:58:56 “Œ‹ (•W€),windows-nt,qua,QU,Exit
2013/02/11 (æœˆ) 20:58:59 æ±äº¬ (æ¨™æº–æ™‚),windows-nt,qua,QU,Start,Default
2013/02/11 (æœˆ) 20:58:59 æ±äº¬ (æ¨™æº–æ™‚),windows-nt,qua,QU,Exit
2013/02/11 (Œ) 20:59:32 “Œ‹ (•W€),windows-nt,qua,QU,Exit
2013/02/11 (æœˆ) 20:59:35 æ±äº¬ (æ¨™æº–æ™‚),windows-nt,qua,QU,Start,Default
2013/02/11 (æœˆ) 20:59:35 æ±äº¬ (æ¨™æº–æ™‚),windows-nt,qua,QU,Exit
2013/02/11 (æœˆ) 21:01:33 æ±äº¬ (æ¨™æº–æ™‚),windows-nt,qua,QU,Start,Default
2013/02/11 (æœˆ) 21:01:33 æ±äº¬ (æ¨™æº–æ™‚),windows-nt,qua,QU,Exit
2013/02/11 (æœˆ) 21:02:38 æ±äº¬ (æ¨™æº–æ™‚),windows-nt,qua,QU,Start,Default
2013/02/11 (æœˆ) 21:02:38 æ±äº¬ (æ¨™æº–æ™‚),windows-nt,qua,QU,Exit
2013/02/11 (Œ) 21:06:59 “Œ‹ (•W€),windows-nt,qua,QU,Exit
2013/02/11 (æœˆ) 21:07:04 æ±äº¬ (æ¨™æº–æ™‚),windows-nt,qua,QU,Start,Default
2013/02/11 (æœˆ) 21:07:04 æ±äº¬ (æ¨™æº–æ™‚),windows-nt,qua,QU,Exit
2013/02/11 (æœˆ) 21:07:20 æ±äº¬ (æ¨™æº–æ™‚),windows-nt,qua,QU,Start,Default
2013/02/11 (æœˆ) 21:07:20 æ±äº¬ (æ¨™æº–æ™‚),windows-nt,qua,QU,Exit
2013/02/11 (æœˆ) 21:10:01 æ±äº¬ (æ¨™æº–æ™‚),windows-nt,qua,QU,Start,Default
2013/02/11 (æœˆ) 21:10:01 æ±äº¬ (æ¨™æº–æ™‚),windows-nt,qua,QU,Exit
2013/02/11 (Œ) 21:18:11 “Œ‹ (•W€),windows-nt,qua,QU,Exit
2013/02/11 (Œ) 21:19:08 “Œ‹ (•W€),windows-nt,qua,QU,Exit
2013/02/11 (Œ) 21:27:09 “Œ‹ (•W€),windows-nt,qua,QU,Exit
2013/02/11 (æœˆ) 15:34:39 æ±äº¬ (æ¨™æº–æ™‚),windows-nt,qua,QU,Exit
2013/02/11 (æœˆ) 21:27:37 æ±äº¬ (æ¨™æº–æ™‚),windows-nt,qua,QU,Start,Default
2013/02/11 (Œ) 21:34:46 “Œ‹ (•W€),windows-nt,qua,QU,Exit
2013/02/11 (Œ) 21:57:27 “Œ‹ (•W€),windows-nt,qua,QU,Exit
2013/02/12 (‰Î) 01:49:14 “Œ‹ (•W€),windows-nt,qua,QU,Exit
2013/02/12 (‰Î) 12:44:19 “Œ‹ (•W€),windows-nt,qua,QU,Exit
2013/02/12 (‰Î) 12:44:41 “Œ‹ (•W€),windows-nt,qua,QU,Exit
2013/02/12 (‰Î) 12:45:02 “Œ‹ (•W€),windows-nt,qua,QU,Exit
2013/02/12 (‰Î) 12:45:12 “Œ‹ (•W€),windows-nt,qua,QU,Exit
2013/02/12 (‰Î) 12:48:57 “Œ‹ (•W€),windows-nt,qua,QU,Exit
2013/02/12 (‰Î) 12:49:57 “Œ‹ (•W€),windows-nt,qua,QU,Exit
2013/02/12 (‰Î) 12:50:55 “Œ‹ (•W€),windows-nt,qua,QU,Exit
2013/02/12 (‰Î) 12:52:52 “Œ‹ (•W€),windows-nt,qua,QU,Exit
2013/02/12 (‰Î) 12:53:31 “Œ‹ (•W€),windows-nt,qua,QU,Exit
2013/02/12 (‰Î) 12:53:38 “Œ‹ (•W€),windows-nt,qua,QU,Exit
2013/02/12 (‰Î) 12:54:33 “Œ‹ (•W€),windows-nt,qua,QU,Exit
2013/02/12 (‰Î) 12:55:10 “Œ‹ (•W€),windows-nt,qua,QU,Exit
2013/02/12 (‰Î) 12:55:53 “Œ‹ (•W€),windows-nt,qua,QU,Exit
2013/02/12 (‰Î) 12:56:04 “Œ‹ (•W€),windows-nt,qua,QU,Exit
2013/02/12 (‰Î) 12:56:39 “Œ‹ (•W€),windows-nt,qua,QU,Exit
2013/02/12 (‰Î) 12:56:58 “Œ‹ (•W€),windows-nt,qua,QU,Exit
2013/02/12 (‰Î) 12:57:49 “Œ‹ (•W€),windows-nt,qua,QU,Exit
2013/02/11 (æœˆ) 21:27:37 æ±äº¬ (æ¨™æº–æ™‚),windows-nt,qua,QU,Exit
2013/02/12 (ç«) 12:59:45 æ±äº¬ (æ¨™æº–æ™‚),windows-nt,qua,QU,Start,Default
2013/02/12 (‰Î) 13:04:08 “Œ‹ (•W€),windows-nt,qua,QU,Exit
2013/02/12 (‰Î) 13:05:06 “Œ‹ (•W€),windows-nt,qua,QU,Exit
2013/02/12 (‰Î) 13:05:14 “Œ‹ (•W€),windows-nt,qua,QU,Exit
2013/02/12 (ç«) 13:05:19 æ±äº¬ (æ¨™æº–æ™‚),windows-nt,qua,QU,Start,Default
2013/02/12 (ç«) 13:05:19 æ±äº¬ (æ¨™æº–æ™‚),windows-nt,qua,QU,Exit
2013/02/12 (‰Î) 13:08:45 “Œ‹ (•W€),windows-nt,qua,QU,Exit
2013/02/12 (‰Î) 13:08:57 “Œ‹ (•W€),windows-nt,qua,QU,Exit
2013/02/12 (‰Î) 13:10:15 “Œ‹ (•W€),windows-nt,qua,QU,Exit
2013/02/12 (‰Î) 13:10:34 “Œ‹ (•W€),windows-nt,qua,QU,Exit
2013/02/12 (ç«) 13:16:20 æ±äº¬ (æ¨™æº–æ™‚),windows-nt,qua,QU,Start,Default
2013/02/12 (‰Î) 13:17:44 “Œ‹ (•W€),windows-nt,qua,QU,Exit
2013/02/12 (‰Î) 13:19:06 “Œ‹ (•W€),windows-nt,qua,QU,Exit
2013/02/12 (‰Î) 13:20:16 “Œ‹ (•W€),windows-nt,qua,QU,Exit
2013/02/12 (‰Î) 13:20:34 “Œ‹ (•W€),windows-nt,qua,QU,Exit
2013/02/12 (‰Î) 13:24:30 “Œ‹ (•W€),windows-nt,qua,QU,Exit
2013/02/12 (‰Î) 13:25:47 “Œ‹ (•W€),windows-nt,qua,QU,Exit
2013/02/12 (‰Î) 13:26:56 “Œ‹ (•W€),windows-nt,qua,QU,Exit
2013/02/12 (‰Î) 13:27:53 “Œ‹ (•W€),windows-nt,qua,QU,Exit
2013/02/12 (‰Î) 13:29:10 “Œ‹ (•W€),windows-nt,qua,QU,Exit
2013/02/12 (‰Î) 13:44:26 “Œ‹ (•W€),windows-nt,qua,QU,Exit
2013/02/12 (‰Î) 13:46:37 “Œ‹ (•W€),windows-nt,qua,QU,Exit
2013/02/12 (‰Î) 13:52:13 “Œ‹ (•W€),windows-nt,qua,QU,Exit
2013/02/12 (‰Î) 13:52:29 “Œ‹ (•W€),windows-nt,qua,QU,Exit
2013/02/12 (‰Î) 13:52:43 “Œ‹ (•W€),windows-nt,qua,QU,Exit
2013/02/12 (‰Î) 13:53:23 “Œ‹ (•W€),windows-nt,qua,QU,Exit
2013/02/12 (‰Î) 13:53:56 “Œ‹ (•W€),windows-nt,qua,QU,Exit
2013/02/12 (‰Î) 13:54:14 “Œ‹ (•W€),windows-nt,qua,QU,Exit
2013/02/12 (‰Î) 13:55:27 “Œ‹ (•W€),windows-nt,qua,QU,Exit
2013/02/12 (‰Î) 13:55:44 “Œ‹ (•W€),windows-nt,qua,QU,Exit
2013/02/12 (‰Î) 13:56:25 “Œ‹ (•W€),windows-nt,qua,QU,Exit
2013/02/12 (‰Î) 14:57:12 “Œ‹ (•W€),windows-nt,qua,QU,Exit
2013/02/12 (‰Î) 15:14:37 “Œ‹ (•W€),windows-nt,qua,QU,Exit
2013/02/12 (‰Î) 15:15:16 “Œ‹ (•W€),windows-nt,qua,QU,Exit
2013/02/12 (‰Î) 15:15:27 “Œ‹ (•W€),windows-nt,qua,QU,Exit
2013/02/12 (‰Î) 15:18:36 “Œ‹ (•W€),windows-nt,qua,QU,Exit
2013/02/12 (‰Î) 15:19:13 “Œ‹ (•W€),windows-nt,qua,QU,Exit
2013/02/12 (‰Î) 15:19:58 “Œ‹ (•W€),windows-nt,qua,QU,Exit
2013/02/12 (‰Î) 15:21:01 “Œ‹ (•W€),windows-nt,qua,QU,Exit
2013/02/12 (‰Î) 15:24:11 “Œ‹ (•W€),windows-nt,qua,QU,Exit
2013/02/12 (‰Î) 15:25:39 “Œ‹ (•W€),windows-nt,qua,QU,Exit
2013/02/12 (‰Î) 16:36:33 “Œ‹ (•W€),windows-nt,qua,QU,Exit
2013/02/12 (‰Î) 16:51:03 “Œ‹ (•W€),windows-nt,qua,QU,Exit
2013/02/12 (‰Î) 16:51:14 “Œ‹ (•W€),windows-nt,qua,QU,Exit
2013/02/12 (‰Î) 16:52:20 “Œ‹ (•W€),windows-nt,qua,QU,Exit
2013/02/12 (‰Î) 16:53:13 “Œ‹ (•W€),windows-nt,qua,QU,Exit
2013/02/12 (‰Î) 16:53:23 “Œ‹ (•W€),windows-nt,qua,QU,Exit
2013/02/12 (‰Î) 16:53:50 “Œ‹ (•W€),windows-nt,qua,QU,Exit
2013/02/12 (‰Î) 17:05:17 “Œ‹ (•W€),windows-nt,qua,QU,Exit
2013/02/12 (‰Î) 17:05:43 “Œ‹ (•W€),windows-nt,qua,QU,Exit
2013/02/12 (ç«) 17:05:52 æ±äº¬ (æ¨™æº–æ™‚),windows-nt,qua,QU,Start,Default
2013/02/12 (ç«) 17:05:52 æ±äº¬ (æ¨™æº–æ™‚),windows-nt,qua,QU,Exit
2013/02/12 (‰Î) 17:06:52 “Œ‹ (•W€),windows-nt,qua,QU,Exit
2013/02/12 (‰Î) 17:06:58 “Œ‹ (•W€),windows-nt,qua,QU,Exit
2013/02/12 (‰Î) 17:07:17 “Œ‹ (•W€),windows-nt,qua,QU,Exit
2013/02/12 (‰Î) 17:09:27 “Œ‹ (•W€),windows-nt,qua,QU,Exit
2013/02/12 (ç«) 17:09:31 æ±äº¬ (æ¨™æº–æ™‚),windows-nt,qua,QU,Start,Default
2013/02/12 (ç«) 17:09:31 æ±äº¬ (æ¨™æº–æ™‚),windows-nt,qua,QU,Exit
2013/02/12 (ç«) 17:10:18 æ±äº¬ (æ¨™æº–æ™‚),windows-nt,qua,QU,Start,Default
2013/02/12 (ç«) 17:10:18 æ±äº¬ (æ¨™æº–æ™‚),windows-nt,qua,QU,Exit
2013/02/12 (ç«) 17:10:55 æ±äº¬ (æ¨™æº–æ™‚),windows-nt,qua,QU,Start,Default
2013/02/12 (ç«) 17:10:55 æ±äº¬ (æ¨™æº–æ™‚),windows-nt,qua,QU,Exit
2013/02/12 (‰Î) 17:15:00 “Œ‹ (•W€),windows-nt,qua,QU,Exit
2013/02/12 (ç«) 17:15:06 æ±äº¬ (æ¨™æº–æ™‚),windows-nt,qua,QU,Start,Default
2013/02/12 (ç«) 17:15:06 æ±äº¬ (æ¨™æº–æ™‚),windows-nt,qua,QU,Exit
2013/02/12 (‰Î) 17:15:29 “Œ‹ (•W€),windows-nt,qua,QU,Exit
2013/02/12 (‰Î) 17:15:49 “Œ‹ (•W€),windows-nt,qua,QU,Exit
2013/02/12 (ç«) 17:15:56 æ±äº¬ (æ¨™æº–æ™‚),windows-nt,qua,QU,Start,Default
2013/02/12 (ç«) 17:15:56 æ±äº¬ (æ¨™æº–æ™‚),windows-nt,qua,QU,Exit
2013/02/12 (‰Î) 17:19:50 “Œ‹ (•W€),windows-nt,qua,QU,Exit
2013/02/12 (ç«) 17:19:55 æ±äº¬ (æ¨™æº–æ™‚),windows-nt,qua,QU,Start,Default
2013/02/12 (ç«) 17:19:55 æ±äº¬ (æ¨™æº–æ™‚),windows-nt,qua,QU,Exit
2013/02/12 (‰Î) 17:20:14 “Œ‹ (•W€),windows-nt,qua,QU,Exit
2013/02/12 (ç«) 17:20:18 æ±äº¬ (æ¨™æº–æ™‚),windows-nt,qua,QU,Start,Default
2013/02/12 (ç«) 17:20:18 æ±äº¬ (æ¨™æº–æ™‚),windows-nt,qua,QU,Exit
2013/02/12 (‰Î) 17:21:28 “Œ‹ (•W€),windows-nt,qua,QU,Exit
2013/02/12 (ç«) 17:21:31 æ±äº¬ (æ¨™æº–æ™‚),windows-nt,qua,QU,Start,Default
2013/02/12 (ç«) 17:21:31 æ±äº¬ (æ¨™æº–æ™‚),windows-nt,qua,QU,Exit
2013/02/12 (‰Î) 17:22:40 “Œ‹ (•W€),windows-nt,qua,QU,Exit
2013/02/12 (ç«) 17:22:43 æ±äº¬ (æ¨™æº–æ™‚),windows-nt,qua,QU,Start,Default
2013/02/12 (ç«) 17:22:43 æ±äº¬ (æ¨™æº–æ™‚),windows-nt,qua,QU,Exit
2013/02/12 (ç«) 17:26:07 æ±äº¬ (æ¨™æº–æ™‚),windows-nt,qua,QU,Start,Default
2013/02/12 (ç«) 17:26:07 æ±äº¬ (æ¨™æº–æ™‚),windows-nt,qua,QU,Exit
2013/02/12 (‰Î) 17:26:59 “Œ‹ (•W€),windows-nt,qua,QU,Exit
2013/02/12 (ç«) 17:27:01 æ±äº¬ (æ¨™æº–æ™‚),windows-nt,qua,QU,Start,Default
2013/02/12 (ç«) 17:27:01 æ±äº¬ (æ¨™æº–æ™‚),windows-nt,qua,QU,Exit
2013/02/12 (‰Î) 17:28:51 “Œ‹ (•W€),windows-nt,qua,QU,Exit
2013/02/12 (‰Î) 17:29:15 “Œ‹ (•W€),windows-nt,qua,QU,Exit
2013/02/12 (ç«) 17:30:49 æ±äº¬ (æ¨™æº–æ™‚),windows-nt,qua,QU,Start,Default
2013/02/12 (ç«) 17:30:49 æ±äº¬ (æ¨™æº–æ™‚),windows-nt,qua,QU,Exit
2013/02/12 (‰Î) 17:34:41 “Œ‹ (•W€),windows-nt,qua,QU,Exit
2013/02/12 (‰Î) 17:36:33 “Œ‹ (•W€),windows-nt,qua,QU,Exit
2013/02/12 (‰Î) 18:03:18 “Œ‹ (•W€),windows-nt,qua,QU,Exit
2013/02/12 (‰Î) 18:09:41 “Œ‹ (•W€),windows-nt,qua,QU,Exit
2013/02/12 (‰Î) 18:10:40 “Œ‹ (•W€),windows-nt,qua,QU,Exit
2013/02/12 (‰Î) 18:22:36 “Œ‹ (•W€),windows-nt,qua,QU,Exit
2013/02/12 (‰Î) 18:23:45 “Œ‹ (•W€),windows-nt,qua,QU,Exit
2013/02/12 (‰Î) 18:28:00 “Œ‹ (•W€),windows-nt,qua,QU,Exit
2013/02/12 (‰Î) 18:29:33 “Œ‹ (•W€),windows-nt,qua,QU,Exit
2013/02/12 (‰Î) 18:43:33 “Œ‹ (•W€),windows-nt,qua,QU,Exit
2013/02/12 (‰Î) 18:44:29 “Œ‹ (•W€),windows-nt,qua,QU,Exit
2013/02/12 (‰Î) 18:44:42 “Œ‹ (•W€),windows-nt,qua,QU,Exit
2013/02/12 (‰Î) 19:58:57 “Œ‹ (•W€),windows-nt,qua,QU,Exit
2013/02/12 (‰Î) 20:16:24 “Œ‹ (•W€),windows-nt,qua,QU,Exit
2013/02/12 (‰Î) 20:34:30 “Œ‹ (•W€),windows-nt,qua,QU,Exit
2013/02/12 (‰Î) 22:17:33 “Œ‹ (•W€),windows-nt,qua,QU,Exit
2013/02/12 (‰Î) 22:18:44 “Œ‹ (•W€),windows-nt,qua,QU,Exit
2013/02/12 (‰Î) 22:25:11 “Œ‹ (•W€),windows-nt,qua,QU,Exit
2013/02/12 (‰Î) 22:33:25 “Œ‹ (•W€),windows-nt,qua,QU,Exit
2013/02/12 (‰Î) 22:54:47 “Œ‹ (•W€),windows-nt,qua,QU,Exit
2013/02/13 (…) 19:54:20 “Œ‹ (•W€),windows-nt,qua,QU,Exit
2013/02/13 (…) 19:55:12 “Œ‹ (•W€),windows-nt,qua,QU,Exit
2013/02/14 (–Ø) 02:19:19 “Œ‹ (•W€),windows-nt,qua,QU,Exit
2013/02/14 (–Ø) 03:17:38 “Œ‹ (•W€),windows-nt,qua,QU,Exit
2013/02/14 (æœ¨) 03:17:47 æ±äº¬ (æ¨™æº–æ™‚),windows-nt,qua,QU,Start,Default
2013/02/14 (æœ¨) 03:17:47 æ±äº¬ (æ¨™æº–æ™‚),windows-nt,qua,QU,Exit
2013/02/14 (–Ø) 03:19:02 “Œ‹ (•W€),windows-nt,qua,QU,Exit
2013/02/14 (æœ¨) 03:19:07 æ±äº¬ (æ¨™æº–æ™‚),windows-nt,qua,QU,Start,Default
2013/02/14 (æœ¨) 03:19:07 æ±äº¬ (æ¨™æº–æ™‚),windows-nt,qua,QU,Exit
2013/02/14 (–Ø) 03:20:12 “Œ‹ (•W€),windows-nt,qua,QU,Exit
2013/02/14 (æœ¨) 03:20:31 æ±äº¬ (æ¨™æº–æ™‚),windows-nt,qua,QU,Start,Default
2013/02/14 (æœ¨) 03:20:31 æ±äº¬ (æ¨™æº–æ™‚),windows-nt,qua,QU,Exit
2013/02/14 (–Ø) 03:29:21 “Œ‹ (•W€),windows-nt,qua,QU,Exit
2013/02/14 (–Ø) 03:34:22 “Œ‹ (•W€),windows-nt,qua,QU,Exit
2013/02/14 (–Ø) 03:35:02 “Œ‹ (•W€),windows-nt,qua,QU,Exit
2013/02/14 (æœ¨) 03:36:10 æ±äº¬ (æ¨™æº–æ™‚),windows-nt,qua,QU,Start,Default
2013/02/14 (æœ¨) 03:36:10 æ±äº¬ (æ¨™æº–æ™‚),windows-nt,qua,QU,Exit
2013/02/14 (–Ø) 03:40:11 “Œ‹ (•W€),windows-nt,qua,QU,Exit
2013/02/14 (–Ø) 03:41:34 “Œ‹ (•W€),windows-nt,qua,QU,Exit
2013/02/14 (æœ¨) 03:41:47 æ±äº¬ (æ¨™æº–æ™‚),windows-nt,qua,QU,Start,Default
2013/02/14 (æœ¨) 03:41:47 æ±äº¬ (æ¨™æº–æ™‚),windows-nt,qua,QU,Exit
2013/02/14 (–Ø) 03:47:06 “Œ‹ (•W€),windows-nt,qua,QU,Exit
2013/02/14 (–Ø) 03:49:40 “Œ‹ (•W€),windows-nt,qua,QU,Exit
2013/02/14 (–Ø) 04:01:23 “Œ‹ (•W€),windows-nt,qua,QU,Exit
2013/02/14 (æœ¨) 04:27:24 æ±äº¬ (æ¨™æº–æ™‚),windows-nt,qua,QU,Start,Default
2013/02/14 (æœ¨) 04:27:24 æ±äº¬ (æ¨™æº–æ™‚),windows-nt,qua,QU,Exit
2013/02/14 (–Ø) 04:27:40 “Œ‹ (•W€),windows-nt,qua,QU,Exit
2013/02/14 (æœ¨) 04:27:46 æ±äº¬ (æ¨™æº–æ™‚),windows-nt,qua,QU,Start,Default
2013/02/14 (æœ¨) 04:27:46 æ±äº¬ (æ¨™æº–æ™‚),windows-nt,qua,QU,Exit
2013/02/14 (–Ø) 04:32:29 “Œ‹ (•W€),windows-nt,qua,QU,Exit
2013/02/14 (æœ¨) 04:32:32 æ±äº¬ (æ¨™æº–æ™‚),windows-nt,qua,QU,Start,Default
2013/02/14 (æœ¨) 04:32:32 æ±äº¬ (æ¨™æº–æ™‚),windows-nt,qua,QU,Exit
2013/02/14 (–Ø) 04:33:23 “Œ‹ (•W€),windows-nt,qua,QU,Exit
2013/02/14 (–Ø) 04:35:07 “Œ‹ (•W€),windows-nt,qua,QU,Exit
2013/02/14 (–Ø) 04:35:36 “Œ‹ (•W€),windows-nt,qua,QU,Exit
2013/02/14 (æœ¨) 04:50:01 æ±äº¬ (æ¨™æº–æ™‚),windows-nt,qua,QU,Start,Default
2013/02/14 (æœ¨) 04:50:01 æ±äº¬ (æ¨™æº–æ™‚),windows-nt,qua,QU,Exit
2013/02/14 (–Ø) 04:50:13 “Œ‹ (•W€),windows-nt,qua,QU,Exit
2013/02/14 (–Ø) 04:50:18 “Œ‹ (•W€),windows-nt,qua,QU,Exit
2013/02/14 (æœ¨) 04:50:24 æ±äº¬ (æ¨™æº–æ™‚),windows-nt,qua,QU,Start,Default
2013/02/14 (æœ¨) 04:50:24 æ±äº¬ (æ¨™æº–æ™‚),windows-nt,qua,QU,Exit
2013/02/14 (–Ø) 04:58:04 “Œ‹ (•W€),windows-nt,qua,QU,Exit
2013/02/14 (–Ø) 04:58:34 “Œ‹ (•W€),windows-nt,qua,QU,Exit
2013/02/14 (–Ø) 05:13:52 “Œ‹ (•W€),windows-nt,qua,QU,Exit
2013/02/14 (–Ø) 05:34:12 “Œ‹ (•W€),windows-nt,qua,QU,Exit
2013/02/14 (–Ø) 05:38:20 “Œ‹ (•W€),windows-nt,qua,QU,Exit
2013/02/14 (–Ø) 05:41:55 “Œ‹ (•W€),windows-nt,qua,QU,Exit
2013/02/14 (–Ø) 05:42:51 “Œ‹ (•W€),windows-nt,qua,QU,Exit
2013/02/14 (–Ø) 05:43:36 “Œ‹ (•W€),windows-nt,qua,QU,Exit
2013/02/14 (–Ø) 05:51:11 “Œ‹ (•W€),windows-nt,qua,QU,Exit
2013/02/14 (–Ø) 05:59:43 “Œ‹ (•W€),windows-nt,qua,QU,Exit
2013/02/14 (–Ø) 06:00:40 “Œ‹ (•W€),windows-nt,qua,QU,Exit
2013/02/14 (–Ø) 06:02:12 “Œ‹ (•W€),windows-nt,qua,QU,Exit
2013/02/14 (æœ¨) 06:02:18 æ±äº¬ (æ¨™æº–æ™‚),windows-nt,qua,QU,Start,Default
2013/02/14 (æœ¨) 06:02:18 æ±äº¬ (æ¨™æº–æ™‚),windows-nt,qua,QU,Exit
2013/02/14 (–Ø) 06:02:47 “Œ‹ (•W€),windows-nt,qua,QU,Exit
2013/02/14 (–Ø) 06:02:58 “Œ‹ (•W€),windows-nt,qua,QU,Exit
2013/02/14 (–Ø) 06:03:07 “Œ‹ (•W€),windows-nt,qua,QU,Exit
2013/02/14 (æœ¨) 06:03:16 æ±äº¬ (æ¨™æº–æ™‚),windows-nt,qua,QU,Start,Default
2013/02/14 (æœ¨) 06:03:16 æ±äº¬ (æ¨™æº–æ™‚),windows-nt,qua,QU,Exit
2013/02/14 (–Ø) 06:04:55 “Œ‹ (•W€),windows-nt,qua,QU,Exit
2013/02/14 (–Ø) 06:05:04 “Œ‹ (•W€),windows-nt,qua,QU,Exit
2013/02/14 (æœ¨) 06:05:16 æ±äº¬ (æ¨™æº–æ™‚),windows-nt,qua,QU,Start,Default
2013/02/14 (æœ¨) 06:05:16 æ±äº¬ (æ¨™æº–æ™‚),windows-nt,qua,QU,Exit
2013/02/14 (–Ø) 06:07:01 “Œ‹ (•W€),windows-nt,qua,QU,Exit
2013/02/14 (–Ø) 06:12:47 “Œ‹ (•W€),windows-nt,qua,QU,Exit
2013/02/14 (–Ø) 06:17:00 “Œ‹ (•W€),windows-nt,qua,QU,Exit
2013/02/14 (–Ø) 06:47:51 “Œ‹ (•W€),windows-nt,qua,QU,Exit
2013/02/14 (–Ø) 06:58:42 “Œ‹ (•W€),windows-nt,qua,QU,Exit
2013/02/14 (æœ¨) 06:58:47 æ±äº¬ (æ¨™æº–æ™‚),windows-nt,qua,QU,Start,Default
2013/02/14 (æœ¨) 06:58:47 æ±äº¬ (æ¨™æº–æ™‚),windows-nt,qua,QU,Exit
2013/02/14 (–Ø) 07:00:02 “Œ‹ (•W€),windows-nt,qua,QU,Exit
2013/02/14 (æœ¨) 07:00:12 æ±äº¬ (æ¨™æº–æ™‚),windows-nt,qua,QU,Start,Default
2013/02/14 (æœ¨) 07:00:12 æ±äº¬ (æ¨™æº–æ™‚),windows-nt,qua,QU,Exit
2013/02/14 (–Ø) 07:08:09 “Œ‹ (•W€),windows-nt,qua,QU,Exit
2013/02/14 (æœ¨) 07:08:13 æ±äº¬ (æ¨™æº–æ™‚),windows-nt,qua,QU,Start,Default
2013/02/14 (æœ¨) 07:08:13 æ±äº¬ (æ¨™æº–æ™‚),windows-nt,qua,QU,Exit
2013/02/14 (–Ø) 07:09:40 “Œ‹ (•W€),windows-nt,qua,QU,Exit
2013/02/14 (–Ø) 07:09:50 “Œ‹ (•W€),windows-nt,qua,QU,Exit
2013/02/14 (æœ¨) 07:09:54 æ±äº¬ (æ¨™æº–æ™‚),windows-nt,qua,QU,Start,Default
2013/02/14 (æœ¨) 07:09:54 æ±äº¬ (æ¨™æº–æ™‚),windows-nt,qua,QU,Exit
2013/02/14 (–Ø) 07:10:17 “Œ‹ (•W€),windows-nt,qua,QU,Exit
2013/02/14 (æœ¨) 07:10:19 æ±äº¬ (æ¨™æº–æ™‚),windows-nt,qua,QU,Start,Default
2013/02/14 (æœ¨) 07:10:19 æ±äº¬ (æ¨™æº–æ™‚),windows-nt,qua,QU,Exit
2013/02/14 (–Ø) 07:10:40 “Œ‹ (•W€),windows-nt,qua,QU,Exit
2013/02/14 (æœ¨) 07:10:43 æ±äº¬ (æ¨™æº–æ™‚),windows-nt,qua,QU,Start,Default
2013/02/14 (æœ¨) 07:10:43 æ±äº¬ (æ¨™æº–æ™‚),windows-nt,qua,QU,Exit
2013/02/14 (–Ø) 07:11:02 “Œ‹ (•W€),windows-nt,qua,QU,Exit
2013/02/14 (æœ¨) 07:11:22 æ±äº¬ (æ¨™æº–æ™‚),windows-nt,qua,QU,Start,Default
2013/02/14 (æœ¨) 07:11:22 æ±äº¬ (æ¨™æº–æ™‚),windows-nt,qua,QU,Exit
2013/02/14 (–Ø) 07:12:35 “Œ‹ (•W€),windows-nt,qua,QU,Exit
2013/02/14 (–Ø) 07:13:04 “Œ‹ (•W€),windows-nt,qua,QU,Exit
2013/02/14 (–Ø) 07:23:44 “Œ‹ (•W€),windows-nt,qua,QU,Exit
2013/02/14 (–Ø) 07:30:45 “Œ‹ (•W€),windows-nt,qua,QU,Exit
2013/02/14 (–Ø) 07:32:14 “Œ‹ (•W€),windows-nt,qua,QU,Exit
2013/02/14 (–Ø) 07:38:58 “Œ‹ (•W€),windows-nt,qua,QU,Exit
2013/02/14 (–Ø) 07:42:34 “Œ‹ (•W€),windows-nt,qua,QU,Exit
2013/02/14 (–Ø) 07:42:53 “Œ‹ (•W€),windows-nt,qua,QU,Exit
2013/02/14 (–Ø) 07:43:38 “Œ‹ (•W€),windows-nt,qua,QU,Exit
2013/02/14 (–Ø) 07:48:13 “Œ‹ (•W€),windows-nt,qua,QU,Exit
2013/02/14 (–Ø) 07:49:20 “Œ‹ (•W€),windows-nt,qua,QU,Exit
2013/02/14 (–Ø) 08:03:08 “Œ‹ (•W€),windows-nt,qua,QU,Exit
2013/02/14 (–Ø) 08:05:38 “Œ‹ (•W€),windows-nt,qua,QU,Exit
2013/02/14 (–Ø) 08:05:57 “Œ‹ (•W€),windows-nt,qua,QU,Exit
2013/02/14 (–Ø) 08:06:03 “Œ‹ (•W€),windows-nt,qua,QU,Exit
2013/02/14 (–Ø) 08:07:16 “Œ‹ (•W€),windows-nt,qua,QU,Exit
2013/02/14 (–Ø) 08:17:07 “Œ‹ (•W€),windows-nt,qua,QU,Exit
2013/02/14 (–Ø) 08:19:23 “Œ‹ (•W€),windows-nt,qua,QU,Exit
2013/02/12 (ç«) 13:16:20 æ±äº¬ (æ¨™æº–æ™‚),windows-nt,qua,QU,Exit
2013/02/14 (æœ¨) 11:42:58 æ±äº¬ (æ¨™æº–æ™‚),windows-nt,qua,QU,Start,Default
2013/02/14 (–Ø) 12:38:48 “Œ‹ (•W€),windows-nt,qua,QU,Exit
2013/02/14 (–Ø) 12:40:58 “Œ‹ (•W€),windows-nt,qua,QU,Exit
2013/02/14 (æœ¨) 11:42:58 æ±äº¬ (æ¨™æº–æ™‚),windows-nt,qua,QU,Exit
2013/02/14 (æœ¨) 12:41:08 æ±äº¬ (æ¨™æº–æ™‚),windows-nt,qua,QU,Start,Default
2013/02/14 (–Ø) 12:48:22 “Œ‹ (•W€),windows-nt,qua,QU,Exit
2013/02/14 (–Ø) 12:59:19 “Œ‹ (•W€),windows-nt,qua,QU,Exit
2013/02/14 (–Ø) 13:21:50 “Œ‹ (•W€),windows-nt,qua,QU,Exit
2013/02/14 (–Ø) 16:46:36 “Œ‹ (•W€),windows-nt,qua,QU,Exit
2013/02/14 (–Ø) 16:53:50 “Œ‹ (•W€),windows-nt,qua,QU,Exit
2013/02/14 (–Ø) 17:14:48 “Œ‹ (•W€),windows-nt,qua,QU,Exit
2013/02/14 (–Ø) 17:17:09 “Œ‹ (•W€),windows-nt,qua,QU,Exit
2013/02/14 (–Ø) 17:20:30 “Œ‹ (•W€),windows-nt,qua,QU,Exit
2013/02/14 (–Ø) 19:13:33 “Œ‹ (•W€),windows-nt,qua,QU,Exit
2013/02/14 (–Ø) 20:15:08 “Œ‹ (•W€),windows-nt,qua,QU,Exit
2013/02/15 (‹à) 00:20:16 “Œ‹ (•W€),windows-nt,qua,QU,Exit
2013/02/15 (‹à) 00:24:10 “Œ‹ (•W€),windows-nt,qua,QU,Exit
2013/02/15 (é‡‘) 00:24:15 æ±äº¬ (æ¨™æº–æ™‚),windows-nt,qua,QU,Start,Default
2013/02/15 (é‡‘) 00:24:15 æ±äº¬ (æ¨™æº–æ™‚),windows-nt,qua,QU,Exit
2013/02/15 (‹à) 00:24:59 “Œ‹ (•W€),windows-nt,qua,QU,Exit
2013/02/15 (‹à) 00:31:35 “Œ‹ (•W€),windows-nt,qua,QU,Exit
2013/02/15 (‹à) 01:25:24 “Œ‹ (•W€),windows-nt,qua,QU,Exit
2013/02/15 (‹à) 01:34:43 “Œ‹ (•W€),windows-nt,qua,QU,Exit
2013/02/15 (‹à) 01:37:11 “Œ‹ (•W€),windows-nt,qua,QU,Exit
2013/02/15 (é‡‘) 01:37:44 æ±äº¬ (æ¨™æº–æ™‚),windows-nt,qua,QU,Start,Default
2013/02/15 (é‡‘) 01:37:44 æ±äº¬ (æ¨™æº–æ™‚),windows-nt,qua,QU,Exit
2013/02/15 (‹à) 12:32:33 “Œ‹ (•W€),windows-nt,qua,QU,Exit
2013/02/15 (‹à) 12:37:49 “Œ‹ (•W€),windows-nt,qua,QU,Exit
2013/02/15 (é‡‘) 13:26:35 æ±äº¬ (æ¨™æº–æ™‚),windows-nt,qua,QU,Start,Default
2013/02/15 (é‡‘) 13:26:35 æ±äº¬ (æ¨™æº–æ™‚),windows-nt,qua,QU,Exit
2013/02/15 (‹à) 13:38:27 “Œ‹ (•W€),windows-nt,qua,QU,Exit
2013/02/15 (‹à) 13:43:12 “Œ‹ (•W€),windows-nt,qua,QU,Exit
2013/02/15 (‹à) 15:58:57 “Œ‹ (•W€),windows-nt,qua,QU,Exit
2013/02/15 (‹à) 16:09:22 “Œ‹ (•W€),windows-nt,qua,QU,Exit
2013/02/16 (“y) 01:15:24 “Œ‹ (•W€),windows-nt,qua,QU,Exit
2013/02/16 (“y) 01:20:18 “Œ‹ (•W€),windows-nt,qua,QU,Exit
2013/02/16 (“y) 01:20:34 “Œ‹ (•W€),windows-nt,qua,QU,Exit
2013/02/16 (“y) 01:31:34 “Œ‹ (•W€),windows-nt,qua,QU,Exit
2013/02/16 (“y) 02:43:33 “Œ‹ (•W€),windows-nt,qua,QU,Exit
2013/02/16 (“y) 02:43:50 “Œ‹ (•W€),windows-nt,qua,QU,Exit
2013/02/16 (åœŸ) 02:46:32 æ±äº¬ (æ¨™æº–æ™‚),windows-nt,qua,QU,Start,Default
2013/02/16 (åœŸ) 02:46:32 æ±äº¬ (æ¨™æº–æ™‚),windows-nt,qua,QU,Exit
2013/02/16 (åœŸ) 03:20:42 æ±äº¬ (æ¨™æº–æ™‚),windows-nt,qua,QU,Start,Default
2013/02/16 (åœŸ) 03:25:31 æ±äº¬ (æ¨™æº–æ™‚),windows-nt,qua,QU,Start,Default
2013/02/16 (åœŸ) 03:51:18 æ±äº¬ (æ¨™æº–æ™‚),windows-nt,qua,QU,Start,Default
2013/02/16 (åœŸ) 04:04:18 æ±äº¬ (æ¨™æº–æ™‚),windows-nt,qua,QU,Start,Default
2013/02/16 (“y) 04:12:38 “Œ‹ (•W€),windows-nt,qua,QU,Exit
2013/02/16 (“y) 04:15:59 “Œ‹ (•W€),windows-nt,qua,QU,Exit
2013/02/16 (“y) 04:16:59 “Œ‹ (•W€),windows-nt,qua,QU,Exit
2013/02/16 (åœŸ) 04:17:03 æ±äº¬ (æ¨™æº–æ™‚),windows-nt,qua,QU,Start,Default
2013/02/16 (åœŸ) 04:17:03 æ±äº¬ (æ¨™æº–æ™‚),windows-nt,qua,QU,Exit
2013/02/16 (åœŸ) 04:04:18 æ±äº¬ (æ¨™æº–æ™‚),windows-nt,qua,QU,Exit
2013/02/16 (åœŸ) 14:23:10 æ±äº¬ (æ¨™æº–æ™‚),windows-nt,qua,QU,Start,Default
2013/02/16 (“y) 15:31:49 “Œ‹ (•W€),windows-nt,qua,QU,Exit
2013/02/16 (“y) 15:31:59 “Œ‹ (•W€),windows-nt,qua,QU,Exit
2013/02/16 (“y) 16:24:52 “Œ‹ (•W€),windows-nt,qua,QU,Exit
2013/02/16 (“y) 16:26:06 “Œ‹ (•W€),windows-nt,qua,QU,Exit
2013/02/16 (“y) 16:31:10 “Œ‹ (•W€),windows-nt,qua,QU,Exit
2013/02/16 (“y) 22:24:57 “Œ‹ (•W€),windows-nt,qua,QU,Exit
2013/02/16 (“y) 22:26:07 “Œ‹ (•W€),windows-nt,qua,QU,Exit
2013/02/16 (“y) 22:27:19 “Œ‹ (•W€),windows-nt,qua,QU,Exit
2013/02/16 (“y) 22:28:01 “Œ‹ (•W€),windows-nt,qua,QU,Exit
2013/02/16 (“y) 22:28:28 “Œ‹ (•W€),windows-nt,qua,QU,Exit
2013/02/16 (“y) 22:29:50 “Œ‹ (•W€),windows-nt,qua,QU,Exit
2013/02/16 (“y) 23:12:49 “Œ‹ (•W€),windows-nt,qua,QU,Exit
2013/02/16 (“y) 23:23:24 “Œ‹ (•W€),windows-nt,qua,QU,Exit
2013/02/16 (“y) 23:25:49 “Œ‹ (•W€),windows-nt,qua,QU,Exit
2013/02/16 (“y) 23:28:21 “Œ‹ (•W€),windows-nt,qua,QU,Exit
2013/02/16 (“y) 23:28:38 “Œ‹ (•W€),windows-nt,qua,QU,Exit
2013/02/17 (“ú) 00:09:47 “Œ‹ (•W€),windows-nt,qua,QU,Exit
2013/02/17 (æ—¥) 00:09:56 æ±äº¬ (æ¨™æº–æ™‚),windows-nt,qua,QU,Start,Default
2013/02/17 (æ—¥) 00:09:56 æ±äº¬ (æ¨™æº–æ™‚),windows-nt,qua,QU,Exit
2013/02/17 (“ú) 00:52:07 “Œ‹ (•W€),windows-nt,qua,QU,Exit
2013/02/17 (æ—¥) 00:52:14 æ±äº¬ (æ¨™æº–æ™‚),windows-nt,qua,QU,Start,Default
2013/02/17 (“ú) 00:54:02 “Œ‹ (•W€),windows-nt,qua,QU,Exit
2013/02/17 (“ú) 00:54:30 “Œ‹ (•W€),windows-nt,qua,QU,Exit
2013/02/17 (æ—¥) 00:52:14 æ±äº¬ (æ¨™æº–æ™‚),windows-nt,qua,QU,Exit
2013/02/17 (“ú) 02:27:50 “Œ‹ (•W€),windows-nt,qua,QU,Exit
2013/02/17 (æ—¥) 16:38:48 æ±äº¬ (æ¨™æº–æ™‚),windows-nt,qua,QU,Start,Default
2013/02/17 (“ú) 16:58:55 “Œ‹ (•W€),windows-nt,qua,QU,Exit
2013/02/17 (æ—¥) 17:28:52 æ±äº¬ (æ¨™æº–æ™‚),windows-nt,qua,QU,Start,Default
2013/02/17 (æ—¥) 17:28:52 æ±äº¬ (æ¨™æº–æ™‚),windows-nt,qua,QU,Exit
2013/02/17 (æ—¥) 16:38:48 æ±äº¬ (æ¨™æº–æ™‚),windows-nt,qua,QU,Exit
2013/02/17 (æ—¥) 18:30:52 æ±äº¬ (æ¨™æº–æ™‚),windows-nt,qua,QU,Start,Default
2013/02/17 (æ—¥) 18:30:52 æ±äº¬ (æ¨™æº–æ™‚),windows-nt,qua,QU,Exit
2013/02/17 (æ—¥) 18:34:13 æ±äº¬ (æ¨™æº–æ™‚),windows-nt,qua,QU,Start,Default
2013/02/17 (æ—¥) 18:34:13 æ±äº¬ (æ¨™æº–æ™‚),windows-nt,qua,QU,Exit
2013/02/18 (æœˆ) 00:00:36 æ±äº¬ (æ¨™æº–æ™‚),windows-nt,qua,QU,Start,Default
2013/02/18 (æœˆ) 02:47:57 æ±äº¬ (æ¨™æº–æ™‚),windows-nt,qua,QU,Start,Default
2013/02/18 (æœˆ) 02:47:57 æ±äº¬ (æ¨™æº–æ™‚),windows-nt,qua,QU,Exit
2013/02/18 (æœˆ) 02:50:31 æ±äº¬ (æ¨™æº–æ™‚),windows-nt,qua,QU,Start,Default
2013/02/18 (æœˆ) 02:50:31 æ±äº¬ (æ¨™æº–æ™‚),windows-nt,qua,QU,Exit
2013/02/18 (Œ) 02:53:27 “Œ‹ (•W€),windows-nt,qua,QU,Exit
2013/02/18 (æœˆ) 02:53:52 æ±äº¬ (æ¨™æº–æ™‚),windows-nt,qua,QU,Start,Default
2013/02/18 (æœˆ) 02:53:52 æ±äº¬ (æ¨™æº–æ™‚),windows-nt,qua,QU,Exit
2013/02/18 (Œ) 03:22:50 “Œ‹ (•W€),windows-nt,qua,QU,Exit
2013/02/18 (Œ) 04:02:14 “Œ‹ (•W€),windows-nt,qua,QU,Exit
2013/02/18 (æœˆ) 04:04:58 æ±äº¬ (æ¨™æº–æ™‚),windows-nt,qua,QU,Start,Default
2013/02/18 (æœˆ) 04:04:58 æ±äº¬ (æ¨™æº–æ™‚),windows-nt,qua,QU,Exit
2013/02/18 (Œ) 04:10:04 “Œ‹ (•W€),windows-nt,qua,QU,Exit
2013/02/18 (Œ) 05:11:17 “Œ‹ (•W€),windows-nt,qua,QU,Exit
2013/02/18 (æœˆ) 05:11:21 æ±äº¬ (æ¨™æº–æ™‚),windows-nt,qua,QU,Start,Default
2013/02/18 (æœˆ) 00:00:36 æ±äº¬ (æ¨™æº–æ™‚),windows-nt,qua,QU,Exit
2013/02/18 (Œ) 05:20:02 “Œ‹ (•W€),windows-nt,qua,QU,Exit
2013/02/18 (Œ) 05:20:17 “Œ‹ (•W€),windows-nt,qua,QU,Exit
2013/02/18 (Œ) 05:44:12 “Œ‹ (•W€),windows-nt,qua,QU,Exit
2013/02/18 (Œ) 05:47:00 “Œ‹ (•W€),windows-nt,qua,QU,Exit
2013/02/18 (Œ) 05:49:59 “Œ‹ (•W€),windows-nt,qua,QU,Exit
2013/02/18 (Œ) 05:50:43 “Œ‹ (•W€),windows-nt,qua,QU,Exit
2013/02/18 (Œ) 05:51:39 “Œ‹ (•W€),windows-nt,qua,QU,Exit
2013/02/18 (Œ) 05:53:39 “Œ‹ (•W€),windows-nt,qua,QU,Exit
2013/02/18 (Œ) 06:10:48 “Œ‹ (•W€),windows-nt,qua,QU,Exit
2013/02/18 (Œ) 06:19:00 “Œ‹ (•W€),windows-nt,qua,QU,Exit
2013/02/18 (Œ) 06:21:29 “Œ‹ (•W€),windows-nt,qua,QU,Exit
2013/02/18 (Œ) 06:36:52 “Œ‹ (•W€),windows-nt,qua,QU,Exit
2013/02/18 (Œ) 06:56:19 “Œ‹ (•W€),windows-nt,qua,QU,Exit
2013/02/18 (æœˆ) 05:11:21 æ±äº¬ (æ¨™æº–æ™‚),windows-nt,qua,QU,Exit
2013/02/18 (æœˆ) 07:09:24 æ±äº¬ (æ¨™æº–æ™‚),windows-nt,qua,QU,Start,Default
2013/02/18 (Œ) 07:59:05 “Œ‹ (•W€),windows-nt,qua,QU,Exit
2013/02/18 (Œ) 08:00:46 “Œ‹ (•W€),windows-nt,qua,QU,Exit
2013/02/18 (Œ) 08:07:46 “Œ‹ (•W€),windows-nt,qua,QU,Exit
2013/02/18 (Œ) 08:11:26 “Œ‹ (•W€),windows-nt,qua,QU,Exit
2013/02/18 (Œ) 19:15:23 “Œ‹ (•W€),windows-nt,qua,QU,Exit
2013/02/18 (Œ) 20:48:36 “Œ‹ (•W€),windows-nt,qua,QU,Exit
2013/02/18 (Œ) 20:48:52 “Œ‹ (•W€),windows-nt,qua,QU,Exit
2013/02/18 (Œ) 20:49:17 “Œ‹ (•W€),windows-nt,qua,QU,Exit
2013/02/18 (Œ) 22:24:16 “Œ‹ (•W€),windows-nt,qua,QU,Exit
2013/02/18 (Œ) 22:25:56 “Œ‹ (•W€),windows-nt,qua,QU,Exit
2013/02/18 (æœˆ) 23:19:48 æ±äº¬ (æ¨™æº–æ™‚),windows-nt,qua,QU,Start,Default
2013/02/18 (æœˆ) 23:21:12 æ±äº¬ (æ¨™æº–æ™‚),windows-nt,qua,QU,Start,Default
2013/02/18 (æœˆ) 23:21:12 æ±äº¬ (æ¨™æº–æ™‚),windows-nt,qua,QU,Exit
2013/02/19 (ç«) 13:49:24 æ±äº¬ (æ¨™æº–æ™‚),windows-nt,qua,QU,Start,Default
2013/02/19 (‰Î) 13:51:04 “Œ‹ (•W€),windows-nt,qua,QU,Exit
2013/02/19 (ç«) 13:49:24 æ±äº¬ (æ¨™æº–æ™‚),windows-nt,qua,QU,Exit
2013/02/19 (ç«) 13:51:11 æ±äº¬ (æ¨™æº–æ™‚),windows-nt,qua,QU,Start,Default
2013/02/19 (‰Î) 17:03:10 “Œ‹ (•W€),windows-nt,qua,QU,Exit
2013/02/19 (ç«) 13:51:11 æ±äº¬ (æ¨™æº–æ™‚),windows-nt,qua,QU,Exit
2013/02/20 (æ°´) 17:50:06 æ±äº¬ (æ¨™æº–æ™‚),windows-nt,qua,QU,Start,Default
2013/02/20 (…) 18:51:58 “Œ‹ (•W€),windows-nt,qua,QU,Exit
2013/02/20 (æ°´) 17:50:06 æ±äº¬ (æ¨™æº–æ™‚),windows-nt,qua,QU,Exit
ÿş2 0 1 3 / 0 2 / 2 1   ( (g)   0 1 : 1 5 : 2 4   qg¬N  ( j–nBf) , w i n d o w s - n t , q u a , Q U , S t a r t , D e f a u l t  
 2013/02/21 (–Ø) 03:02:00 “Œ‹ (•W€),windows-nt,qua,QU,Exit
2013/02/21 (–Ø) 05:33:11 “Œ‹ (•W€),windows-nt,qua,QU,Exit
2013/02/21 (–Ø) 05:33:29 “Œ‹ (•W€),windows-nt,qua,QU,Exit
2013/02/21 (–Ø) 06:59:42 “Œ‹ (•W€),windows-nt,qua,QU,Exit
2013/02/21 (–Ø) 07:03:17 “Œ‹ (•W€),windows-nt,qua,QU,Exit
2013/02/21 (–Ø) 07:11:08 “Œ‹ (•W€),windows-nt,qua,QU,Exit
2013/02/21 (–Ø) 07:16:36 “Œ‹ (•W€),windows-nt,qua,QU,Exit
2013/02/21 (–Ø) 07:17:35 “Œ‹ (•W€),windows-nt,qua,QU,Exit
2013/02/21 (–Ø) 07:18:13 “Œ‹ (•W€),windows-nt,qua,QU,Exit
2013/02/21 (–Ø) 07:23:46 “Œ‹ (•W€),windows-nt,qua,QU,Exit
2013/02/21 (–Ø) 10:42:28 “Œ‹ (•W€),windows-nt,qua,QU,Exit
2013/02/21 (–Ø) 22:35:55 “Œ‹ (•W€),windows-nt,qua,QU,Exit
2013/02/22 (‹à) 00:36:17 “Œ‹ (•W€),windows-nt,qua,QU,Exit
2013/02/22 (‹à) 00:51:51 “Œ‹ (•W€),windows-nt,qua,QU,Exit
2013/02/22 (‹à) 00:54:29 “Œ‹ (•W€),windows-nt,qua,QU,Exit
2013/02/22 (‹à) 01:07:12 “Œ‹ (•W€),windows-nt,qua,QU,Exit
2013/02/22 (‹à) 01:11:01 “Œ‹ (•W€),windows-nt,qua,QU,Exit
2013/02/22 (é‡‘) 01:13:09 æ±äº¬ (æ¨™æº–æ™‚),windows-nt,qua,QU,Start,Default
2013/02/22 (é‡‘) 01:13:09 æ±äº¬ (æ¨™æº–æ™‚),windows-nt,qua,QU,Exit
2013/02/22 (‹à) 01:13:56 “Œ‹ (•W€),windows-nt,qua,QU,Exit
2013/02/22 (‹à) 01:21:29 “Œ‹ (•W€),windows-nt,qua,QU,Exit
2013/02/22 (‹à) 01:22:27 “Œ‹ (•W€),windows-nt,qua,QU,Exit
2013/02/22 (‹à) 01:26:14 “Œ‹ (•W€),windows-nt,qua,QU,Exit
2013/02/22 (‹à) 02:59:58 “Œ‹ (•W€),windows-nt,qua,QU,Exit
2013/02/22 (‹à) 03:27:23 “Œ‹ (•W€),windows-nt,qua,QU,Exit
2013/02/22 (‹à) 20:32:51 “Œ‹ (•W€),windows-nt,qua,QU,Exit
2013/02/22 (‹à) 20:42:54 “Œ‹ (•W€),windows-nt,qua,QU,Exit
2013/02/21 (æœ¨) 01:15:24 æ±äº¬ (æ¨™æº–æ™‚),windows-nt,qua,QU,Exit
2013/02/22 (é‡‘) 20:44:22 æ±äº¬ (æ¨™æº–æ™‚),windows-nt,qua,QU,Start,Default
2013/02/22 (‹à) 22:25:59 “Œ‹ (•W€),windows-nt,qua,QU,Exit
2013/02/22 (‹à) 23:05:36 “Œ‹ (•W€),windows-nt,qua,QU,Exit
2013/02/22 (‹à) 23:07:15 “Œ‹ (•W€),windows-nt,qua,QU,Exit
2013/02/22 (‹à) 23:07:58 “Œ‹ (•W€),windows-nt,qua,QU,Exit
2013/02/22 (‹à) 23:56:01 “Œ‹ (•W€),windows-nt,qua,QU,Exit
2013/02/23 (“y) 01:50:32 “Œ‹ (•W€),windows-nt,qua,QU,Exit
2013/02/23 (“y) 02:07:01 “Œ‹ (•W€),windows-nt,qua,QU,Exit
2013/02/23 (åœŸ) 03:33:25 æ±äº¬ (æ¨™æº–æ™‚),windows-nt,qua,QU,Start,Default
2013/02/23 (åœŸ) 03:33:25 æ±äº¬ (æ¨™æº–æ™‚),windows-nt,qua,QU,Exit
2013/02/23 (åœŸ) 03:49:30 æ±äº¬ (æ¨™æº–æ™‚),windows-nt,qua,QU,Start,Default
2013/02/23 (“y) 03:54:26 “Œ‹ (•W€),windows-nt,qua,QU,Exit
2013/02/23 (åœŸ) 03:49:30 æ±äº¬ (æ¨™æº–æ™‚),windows-nt,qua,QU,Exit
2013/02/23 (åœŸ) 03:54:37 æ±äº¬ (æ¨™æº–æ™‚),windows-nt,qua,QU,Start,Default
2013/02/23 (“y) 04:05:28 “Œ‹ (•W€),windows-nt,qua,QU,Exit
2013/02/23 (åœŸ) 04:05:31 æ±äº¬ (æ¨™æº–æ™‚),windows-nt,qua,QU,Start,Default
2013/02/23 (åœŸ) 04:05:31 æ±äº¬ (æ¨™æº–æ™‚),windows-nt,qua,QU,Exit
2013/02/23 (“y) 04:05:53 “Œ‹ (•W€),windows-nt,qua,QU,Exit
2013/02/23 (åœŸ) 04:05:58 æ±äº¬ (æ¨™æº–æ™‚),windows-nt,qua,QU,Start,Default
2013/02/23 (åœŸ) 04:05:58 æ±äº¬ (æ¨™æº–æ™‚),windows-nt,qua,QU,Exit
2013/02/23 (“y) 04:07:53 “Œ‹ (•W€),windows-nt,qua,QU,Exit
2013/02/23 (åœŸ) 04:08:20 æ±äº¬ (æ¨™æº–æ™‚),windows-nt,qua,QU,Start,Default
2013/02/23 (åœŸ) 04:08:20 æ±äº¬ (æ¨™æº–æ™‚),windows-nt,qua,QU,Exit
2013/02/23 (åœŸ) 03:54:37 æ±äº¬ (æ¨™æº–æ™‚),windows-nt,qua,QU,Exit
2013/02/22 (é‡‘) 20:44:22 æ±äº¬ (æ¨™æº–æ™‚),windows-nt,qua,QU,Exit
2013/02/23 (åœŸ) 04:09:39 æ±äº¬ (æ¨™æº–æ™‚),windows-nt,qua,QU,Start,Default
2013/02/23 (“y) 04:10:23 “Œ‹ (•W€),windows-nt,qua,QU,Exit
2013/02/23 (åœŸ) 04:10:26 æ±äº¬ (æ¨™æº–æ™‚),windows-nt,qua,QU,Start,Default
2013/02/23 (åœŸ) 04:10:26 æ±äº¬ (æ¨™æº–æ™‚),windows-nt,qua,QU,Exit
2013/02/23 (åœŸ) 04:09:39 æ±äº¬ (æ¨™æº–æ™‚),windows-nt,qua,QU,Exit
2013/02/23 (åœŸ) 04:10:45 æ±äº¬ (æ¨™æº–æ™‚),windows-nt,qua,QU,Start,Default
2013/02/23 (“y) 04:17:04 “Œ‹ (•W€),windows-nt,qua,QU,Exit
2013/02/23 (“y) 04:37:53 “Œ‹ (•W€),windows-nt,qua,QU,Exit
2013/02/23 (åœŸ) 04:37:57 æ±äº¬ (æ¨™æº–æ™‚),windows-nt,qua,QU,Start,Default
2013/02/23 (åœŸ) 04:37:57 æ±äº¬ (æ¨™æº–æ™‚),windows-nt,qua,QU,Exit
2013/02/23 (åœŸ) 04:10:45 æ±äº¬ (æ¨™æº–æ™‚),windows-nt,qua,QU,Exit
2013/02/23 (åœŸ) 04:39:03 æ±äº¬ (æ¨™æº–æ™‚),windows-nt,qua,QU,Start,Default
2013/02/23 (“y) 04:44:13 “Œ‹ (•W€),windows-nt,qua,QU,Exit
2013/02/23 (“y) 05:14:44 “Œ‹ (•W€),windows-nt,qua,QU,Exit
2013/02/23 (“y) 05:41:36 “Œ‹ (•W€),windows-nt,qua,QU,Exit
2013/02/23 (“y) 05:59:53 “Œ‹ (•W€),windows-nt,qua,QU,Exit
2013/02/23 (åœŸ) 04:39:03 æ±äº¬ (æ¨™æº–æ™‚),windows-nt,qua,QU,Exit
2013/02/23 (åœŸ) 19:00:50 æ±äº¬ (æ¨™æº–æ™‚),windows-nt,qua,QU,Start,Default
2013/02/23 (“y) 21:19:08 “Œ‹ (•W€),windows-nt,qua,QU,Exit
2013/02/23 (åœŸ) 21:19:22 æ±äº¬ (æ¨™æº–æ™‚),windows-nt,qua,QU,Start,Default
2013/02/23 (åœŸ) 21:19:22 æ±äº¬ (æ¨™æº–æ™‚),windows-nt,qua,QU,Exit
2013/02/23 (“y) 21:21:34 “Œ‹ (•W€),windows-nt,qua,QU,Exit
2013/02/23 (åœŸ) 21:21:42 æ±äº¬ (æ¨™æº–æ™‚),windows-nt,qua,QU,Start,Default
2013/02/23 (åœŸ) 21:21:42 æ±äº¬ (æ¨™æº–æ™‚),windows-nt,qua,QU,Exit
2013/02/23 (“y) 21:23:13 “Œ‹ (•W€),windows-nt,qua,QU,Exit
2013/02/23 (“y) 21:23:39 “Œ‹ (•W€),windows-nt,qua,QU,Exit
2013/02/23 (“y) 21:24:20 “Œ‹ (•W€),windows-nt,qua,QU,Exit
2013/02/23 (åœŸ) 21:24:29 æ±äº¬ (æ¨™æº–æ™‚),windows-nt,qua,QU,Start,Default
2013/02/23 (åœŸ) 21:24:29 æ±äº¬ (æ¨™æº–æ™‚),windows-nt,qua,QU,Exit
2013/02/23 (“y) 21:25:16 “Œ‹ (•W€),windows-nt,qua,QU,Exit
2013/02/23 (åœŸ) 21:25:21 æ±äº¬ (æ¨™æº–æ™‚),windows-nt,qua,QU,Start,Default
2013/02/23 (åœŸ) 21:25:21 æ±äº¬ (æ¨™æº–æ™‚),windows-nt,qua,QU,Exit
2013/02/23 (“y) 21:25:47 “Œ‹ (•W€),windows-nt,qua,QU,Exit
2013/02/23 (åœŸ) 21:26:19 æ±äº¬ (æ¨™æº–æ™‚),windows-nt,qua,QU,Start,Default
2013/02/23 (åœŸ) 21:26:19 æ±äº¬ (æ¨™æº–æ™‚),windows-nt,qua,QU,Exit
2013/02/23 (åœŸ) 19:00:50 æ±äº¬ (æ¨™æº–æ™‚),windows-nt,qua,QU,Exit
2013/02/23 (åœŸ) 22:11:33 æ±äº¬ (æ¨™æº–æ™‚),windows-nt,qua,QU,Start,Default
2013/02/23 (“y) 22:41:10 “Œ‹ (•W€),windows-nt,qua,QU,Exit
2013/02/23 (åœŸ) 22:11:33 æ±äº¬ (æ¨™æº–æ™‚),windows-nt,qua,QU,Exit
2013/02/23 (åœŸ) 22:53:31 æ±äº¬ (æ¨™æº–æ™‚),windows-nt,qua,QU,Start,Default
2013/02/23 (åœŸ) 22:53:31 æ±äº¬ (æ¨™æº–æ™‚),windows-nt,qua,QU,Exit
2013/02/23 (åœŸ) 23:57:04 æ±äº¬ (æ¨™æº–æ™‚),windows-nt,qua,QU,Start,Default
2013/02/23 (åœŸ) 23:57:04 æ±äº¬ (æ¨™æº–æ™‚),windows-nt,qua,QU,Exit
2013/02/24 (æ—¥) 02:22:33 æ±äº¬ (æ¨™æº–æ™‚),windows-nt,qua,QU,Start,Default
2013/02/24 (æ—¥) 02:22:33 æ±äº¬ (æ¨™æº–æ™‚),windows-nt,qua,QU,Exit
2013/02/24 (æ—¥) 17:10:43 æ±äº¬ (æ¨™æº–æ™‚),windows-nt,qua,QU,Start,Default
2013/02/24 (“ú) 17:15:34 “Œ‹ (•W€),windows-nt,qua,QU,Exit
2013/02/25 (æœˆ) 01:22:34 æ±äº¬ (æ¨™æº–æ™‚),windows-nt,qua,QU,Exit
2013/02/25 (æœˆ) 00:58:28 æ±äº¬ (æ¨™æº–æ™‚),windows-nt,qua,QU,Exit
2013/02/25 (æœˆ) 01:23:35 æ±äº¬ (æ¨™æº–æ™‚),windows-nt,qua,QU,Start,Default
2013/02/25 (æœˆ) 01:28:00 æ±äº¬ (æ¨™æº–æ™‚),windows-nt,qua,QU,Exit
2013/02/25 (æœˆ) 01:23:35 æ±äº¬ (æ¨™æº–æ™‚),windows-nt,qua,QU,Exit
2013/02/25 (æœˆ) 01:28:34 æ±äº¬ (æ¨™æº–æ™‚),windows-nt,qua,QU,Start,Default
2013/02/25 (æœˆ) 01:28:34 æ±äº¬ (æ¨™æº–æ™‚),windows-nt,qua,QU,Exit
2013/02/25 (æœˆ) 02:34:24 æ±äº¬ (æ¨™æº–æ™‚),windows-nt,qua,QU,Start,Default
2013/02/25 (æœˆ) 02:34:24 æ±äº¬ (æ¨™æº–æ™‚),windows-nt,qua,QU,Exit
2013/02/25 (æœˆ) 03:14:37 æ±äº¬ (æ¨™æº–æ™‚),windows-nt,qua,QU,Start,Default
2013/02/25 (æœˆ) 04:36:36 æ±äº¬ (æ¨™æº–æ™‚),windows-nt,qua,QU,Start,Default
2013/02/25 (æœˆ) 05:00:32 æ±äº¬ (æ¨™æº–æ™‚),windows-nt,qua,QU,Start,Default
2013/02/25 (æœˆ) 06:12:59 æ±äº¬ (æ¨™æº–æ™‚),windows-nt,qua,QU,Start,Default
2013/02/25 (æœˆ) 07:46:14 æ±äº¬ (æ¨™æº–æ™‚),windows-nt,qua,QU,Start,Default
2013/02/25 (æœˆ) 16:05:32 æ±äº¬ (æ¨™æº–æ™‚),windows-nt,qua,QU,Start,Default
2013/02/25 (æœˆ) 17:08:42 æ±äº¬ (æ¨™æº–æ™‚),windows-nt,qua,QU,Exit
2013/02/25 (æœˆ) 18:20:20 æ±äº¬ (æ¨™æº–æ™‚),windows-nt,qua,QU,Exit
2013/02/25 (æœˆ) 19:39:30 æ±äº¬ (æ¨™æº–æ™‚),windows-nt,qua,QU,Exit
2013/02/25 (æœˆ) 19:42:03 æ±äº¬ (æ¨™æº–æ™‚),windows-nt,qua,QU,Exit
2013/02/25 (æœˆ) 22:06:44 æ±äº¬ (æ¨™æº–æ™‚),windows-nt,qua,QU,Start,Default
2013/02/25 (æœˆ) 22:06:44 æ±äº¬ (æ¨™æº–æ™‚),windows-nt,qua,QU,Exit
2013/02/25 (æœˆ) 22:15:20 æ±äº¬ (æ¨™æº–æ™‚),windows-nt,qua,QU,Start,Default
2013/02/25 (æœˆ) 22:15:20 æ±äº¬ (æ¨™æº–æ™‚),windows-nt,qua,QU,Exit
2013/02/25 (æœˆ) 22:18:36 æ±äº¬ (æ¨™æº–æ™‚),windows-nt,qua,QU,Start,Default
2013/02/25 (æœˆ) 22:18:36 æ±äº¬ (æ¨™æº–æ™‚),windows-nt,qua,QU,Exit
2013/02/25 (æœˆ) 22:20:40 æ±äº¬ (æ¨™æº–æ™‚),windows-nt,qua,QU,Start,Default
2013/02/25 (æœˆ) 22:20:40 æ±äº¬ (æ¨™æº–æ™‚),windows-nt,qua,QU,Exit
2013/02/25 (æœˆ) 22:24:26 æ±äº¬ (æ¨™æº–æ™‚),windows-nt,qua,QU,Start,Default
2013/02/25 (æœˆ) 22:24:26 æ±äº¬ (æ¨™æº–æ™‚),windows-nt,qua,QU,Exit
2013/02/25 (æœˆ) 22:27:45 æ±äº¬ (æ¨™æº–æ™‚),windows-nt,qua,QU,Exit
2013/02/26 (ç«) 01:43:01 æ±äº¬ (æ¨™æº–æ™‚),windows-nt,qua,QU,Exit
2013/02/26 (ç«) 03:00:06 æ±äº¬ (æ¨™æº–æ™‚),windows-nt,qua,QU,Exit
2013/02/25 (æœˆ) 16:05:32 æ±äº¬ (æ¨™æº–æ™‚),windows-nt,qua,QU,Exit
2013/02/26 (ç«) 03:59:47 æ±äº¬ (æ¨™æº–æ™‚),windows-nt,qua,QU,Start,Default
2013/02/26 (ç«) 04:03:14 æ±äº¬ (æ¨™æº–æ™‚),windows-nt,qua,QU,Exit
2013/02/26 (ç«) 04:15:21 æ±äº¬ (æ¨™æº–æ™‚),windows-nt,qua,QU,Exit
2013/02/26 (ç«) 04:53:41 æ±äº¬ (æ¨™æº–æ™‚),windows-nt,qua,QU,Exit
2013/02/26 (ç«) 20:46:23 æ±äº¬ (æ¨™æº–æ™‚),windows-nt,qua,QU,Exit
2013/02/26 (ç«) 22:10:33 æ±äº¬ (æ¨™æº–æ™‚),windows-nt,qua,QU,Exit
2013/02/26 (ç«) 22:52:27 æ±äº¬ (æ¨™æº–æ™‚),windows-nt,qua,QU,Exit
2013/02/26 (ç«) 22:55:53 æ±äº¬ (æ¨™æº–æ™‚),windows-nt,qua,QU,Exit
2013/02/26 (ç«) 23:00:40 æ±äº¬ (æ¨™æº–æ™‚),windows-nt,qua,QU,Exit
2013/02/26 (ç«) 23:27:04 æ±äº¬ (æ¨™æº–æ™‚),windows-nt,qua,QU,Exit
2013/02/26 (ç«) 23:30:39 æ±äº¬ (æ¨™æº–æ™‚),windows-nt,qua,QU,Exit
2013/02/26 (ç«) 23:30:53 æ±äº¬ (æ¨™æº–æ™‚),windows-nt,qua,QU,Exit
2013/02/26 (ç«) 23:55:05 æ±äº¬ (æ¨™æº–æ™‚),windows-nt,qua,QU,Exit
2013/02/26 (ç«) 23:55:06 æ±äº¬ (æ¨™æº–æ™‚),windows-nt,qua,QU,Exit
2013/02/27 (æ°´) 00:10:35 æ±äº¬ (æ¨™æº–æ™‚),windows-nt,qua,QU,Exit
2013/02/27 (æ°´) 00:47:58 æ±äº¬ (æ¨™æº–æ™‚),windows-nt,qua,QU,Exit
2013/02/27 (æ°´) 01:01:16 æ±äº¬ (æ¨™æº–æ™‚),windows-nt,qua,QU,Exit
2013/02/27 (æ°´) 01:01:44 æ±äº¬ (æ¨™æº–æ™‚),windows-nt,qua,QU,Exit
2013/02/27 (æ°´) 01:03:40 æ±äº¬ (æ¨™æº–æ™‚),windows-nt,qua,QU,Exit
2013/02/27 (æ°´) 01:05:38 æ±äº¬ (æ¨™æº–æ™‚),windows-nt,qua,QU,Exit
2013/02/27 (æ°´) 01:05:45 æ±äº¬ (æ¨™æº–æ™‚),windows-nt,qua,QU,Exit
2013/02/27 (æ°´) 01:10:29 æ±äº¬ (æ¨™æº–æ™‚),windows-nt,qua,QU,Exit
2013/02/27 (æ°´) 01:20:10 æ±äº¬ (æ¨™æº–æ™‚),windows-nt,qua,QU,Exit
2013/02/27 (æ°´) 02:01:23 æ±äº¬ (æ¨™æº–æ™‚),windows-nt,qua,QU,Exit
2013/02/27 (æ°´) 02:02:32 æ±äº¬ (æ¨™æº–æ™‚),windows-nt,qua,QU,Exit
2013/02/27 (æ°´) 02:10:51 æ±äº¬ (æ¨™æº–æ™‚),windows-nt,qua,QU,Start,Default
2013/02/27 (æ°´) 02:10:51 æ±äº¬ (æ¨™æº–æ™‚),windows-nt,qua,QU,Exit
2013/02/27 (æ°´) 02:12:24 æ±äº¬ (æ¨™æº–æ™‚),windows-nt,qua,QU,Exit
2013/02/27 (æ°´) 02:12:38 æ±äº¬ (æ¨™æº–æ™‚),windows-nt,qua,QU,Start,Default
2013/02/27 (æ°´) 02:12:38 æ±äº¬ (æ¨™æº–æ™‚),windows-nt,qua,QU,Exit
2013/02/27 (æ°´) 02:14:47 æ±äº¬ (æ¨™æº–æ™‚),windows-nt,qua,QU,Exit
2013/02/27 (æ°´) 02:15:13 æ±äº¬ (æ¨™æº–æ™‚),windows-nt,qua,QU,Start,Default
2013/02/27 (æ°´) 02:17:45 æ±äº¬ (æ¨™æº–æ™‚),windows-nt,qua,QU,Exit
2013/02/27 (æ°´) 02:15:13 æ±äº¬ (æ¨™æº–æ™‚),windows-nt,qua,QU,Exit
2013/02/27 (æ°´) 02:17:56 æ±äº¬ (æ¨™æº–æ™‚),windows-nt,qua,QU,Start,Default
2013/02/27 (æ°´) 02:17:56 æ±äº¬ (æ¨™æº–æ™‚),windows-nt,qua,QU,Exit
2013/02/27 (æ°´) 02:21:28 æ±äº¬ (æ¨™æº–æ™‚),windows-nt,qua,QU,Start,Default
2013/02/27 (æ°´) 02:21:28 æ±äº¬ (æ¨™æº–æ™‚),windows-nt,qua,QU,Exit
2013/02/27 (æ°´) 02:48:46 æ±äº¬ (æ¨™æº–æ™‚),windows-nt,qua,QU,Exit
2013/02/27 (æ°´) 02:52:49 æ±äº¬ (æ¨™æº–æ™‚),windows-nt,qua,QU,Exit
2013/02/27 (æ°´) 03:03:45 æ±äº¬ (æ¨™æº–æ™‚),windows-nt,qua,QU,Exit
2013/02/27 (æ°´) 03:10:37 æ±äº¬ (æ¨™æº–æ™‚),windows-nt,qua,QU,Exit
2013/02/27 (æ°´) 03:18:05 æ±äº¬ (æ¨™æº–æ™‚),windows-nt,qua,QU,Exit
2013/02/27 (æ°´) 03:32:26 æ±äº¬ (æ¨™æº–æ™‚),windows-nt,qua,QU,Exit
2013/02/27 (æ°´) 03:50:57 æ±äº¬ (æ¨™æº–æ™‚),windows-nt,qua,QU,Exit
2013/02/27 (æ°´) 03:52:35 æ±äº¬ (æ¨™æº–æ™‚),windows-nt,qua,QU,Exit
2013/02/27 (æ°´) 03:53:13 æ±äº¬ (æ¨™æº–æ™‚),windows-nt,qua,QU,Exit
2013/02/27 (æ°´) 03:54:12 æ±äº¬ (æ¨™æº–æ™‚),windows-nt,qua,QU,Exit
2013/02/27 (æ°´) 07:05:54 æ±äº¬ (æ¨™æº–æ™‚),windows-nt,qua,QU,Exit
2013/02/27 (æ°´) 08:53:42 æ±äº¬ (æ¨™æº–æ™‚),windows-nt,qua,QU,Exit
2013/02/27 (æ°´) 09:03:52 æ±äº¬ (æ¨™æº–æ™‚),windows-nt,qua,QU,Exit
2013/02/26 (ç«) 03:59:47 æ±äº¬ (æ¨™æº–æ™‚),windows-nt,qua,QU,Exit
2013/02/27 (æ°´) 10:37:02 æ±äº¬ (æ¨™æº–æ™‚),windows-nt,qua,QU,Start,Default
2013/02/27 (æ°´) 10:37:02 æ±äº¬ (æ¨™æº–æ™‚),windows-nt,qua,QU,Exit
2013/02/27 (æ°´) 10:44:04 æ±äº¬ (æ¨™æº–æ™‚),windows-nt,qua,QU,Start,Default
2013/02/27 (æ°´) 10:44:04 æ±äº¬ (æ¨™æº–æ™‚),windows-nt,qua,QU,Exit
2013/02/27 (æ°´) 10:46:25 æ±äº¬ (æ¨™æº–æ™‚),windows-nt,qua,QU,Start,Default
2013/02/27 (æ°´) 10:54:02 æ±äº¬ (æ¨™æº–æ™‚),windows-nt,qua,QU,Exit
2013/02/27 (æ°´) 18:58:02 æ±äº¬ (æ¨™æº–æ™‚),windows-nt,qua,QU,Exit
2013/02/27 (æ°´) 18:58:24 æ±äº¬ (æ¨™æº–æ™‚),windows-nt,qua,QU,Exit
2013/02/27 (æ°´) 18:59:51 æ±äº¬ (æ¨™æº–æ™‚),windows-nt,qua,QU,Exit
2013/02/27 (æ°´) 19:00:03 æ±äº¬ (æ¨™æº–æ™‚),windows-nt,qua,QU,Exit
2013/02/27 (æ°´) 19:02:49 æ±äº¬ (æ¨™æº–æ™‚),windows-nt,qua,QU,Exit
2013/02/27 (æ°´) 19:05:31 æ±äº¬ (æ¨™æº–æ™‚),windows-nt,qua,QU,Exit
2013/02/27 (æ°´) 19:48:46 æ±äº¬ (æ¨™æº–æ™‚),windows-nt,qua,QU,Exit
2013/02/27 (æ°´) 20:01:01 æ±äº¬ (æ¨™æº–æ™‚),windows-nt,qua,QU,Exit
2013/02/27 (æ°´) 20:06:44 æ±äº¬ (æ¨™æº–æ™‚),windows-nt,qua,QU,Exit
2013/02/27 (æ°´) 20:07:38 æ±äº¬ (æ¨™æº–æ™‚),windows-nt,qua,QU,Exit
2013/02/27 (æ°´) 20:25:41 æ±äº¬ (æ¨™æº–æ™‚),windows-nt,qua,QU,Exit
2013/02/27 (æ°´) 20:26:37 æ±äº¬ (æ¨™æº–æ™‚),windows-nt,qua,QU,Exit
2013/02/27 (æ°´) 20:37:13 æ±äº¬ (æ¨™æº–æ™‚),windows-nt,qua,QU,Exit
2013/02/27 (æ°´) 20:38:53 æ±äº¬ (æ¨™æº–æ™‚),windows-nt,qua,QU,Exit
2013/02/27 (æ°´) 20:45:03 æ±äº¬ (æ¨™æº–æ™‚),windows-nt,qua,QU,Exit
2013/02/27 (æ°´) 21:24:23 æ±äº¬ (æ¨™æº–æ™‚),windows-nt,qua,QU,Exit
2013/02/27 (æ°´) 21:27:28 æ±äº¬ (æ¨™æº–æ™‚),windows-nt,qua,QU,Exit
2013/02/27 (æ°´) 10:46:25 æ±äº¬ (æ¨™æº–æ™‚),windows-nt,qua,QU,Exit
2013/02/28 (æœ¨) 19:10:11 æ±äº¬ (æ¨™æº–æ™‚),windows-nt,qua,QU,Start,Default
2013/02/28 (æœ¨) 20:08:41 æ±äº¬ (æ¨™æº–æ™‚),windows-nt,qua,QU,Exit
2013/02/28 (æœ¨) 20:09:52 æ±äº¬ (æ¨™æº–æ™‚),windows-nt,qua,QU,Exit
2013/02/28 (æœ¨) 20:31:01 æ±äº¬ (æ¨™æº–æ™‚),windows-nt,qua,QU,Start,Default
2013/02/28 (æœ¨) 20:31:01 æ±äº¬ (æ¨™æº–æ™‚),windows-nt,qua,QU,Exit
2013/02/28 (æœ¨) 20:36:43 æ±äº¬ (æ¨™æº–æ™‚),windows-nt,qua,QU,Exit
2013/02/28 (æœ¨) 20:41:59 æ±äº¬ (æ¨™æº–æ™‚),windows-nt,qua,QU,Exit
2013/02/28 (æœ¨) 21:16:59 æ±äº¬ (æ¨™æº–æ™‚),windows-nt,qua,QU,Exit
2013/02/28 (æœ¨) 23:19:17 æ±äº¬ (æ¨™æº–æ™‚),windows-nt,qua,QU,Exit
2013/02/28 (æœ¨) 23:40:28 æ±äº¬ (æ¨™æº–æ™‚),windows-nt,qua,QU,Exit
2013/02/28 (æœ¨) 23:43:11 æ±äº¬ (æ¨™æº–æ™‚),windows-nt,qua,QU,Exit
