2012/12/01 (Sat) 11:44:41 JST,gnu/linux,root,ni,Start,Default
2012/12/02 (Sun) 07:45:23 JST,gnu/linux,root,ni,Start,Default
2012/12/02 (Sun) 07:45:23 JST,gnu/linux,root,ni,Exit
2012/12/01 (Sat) 11:44:41 JST,gnu/linux,root,ni,Exit
2012/12/02 (Sun) 07:46:55 JST,gnu/linux,root,ni,Start,Default
2012/12/02 (Sun) 08:08:10 JST,gnu/linux,root,ni,Start,Default
2012/12/02 (Sun) 08:08:10 JST,gnu/linux,root,ni,Exit
2012/12/02 (Sun) 07:46:55 JST,gnu/linux,root,ni,Exit
2012/12/02 (Sun) 08:10:51 JST,gnu/linux,root,ni,Start,Default
2012/12/02 (Sun) 08:10:51 JST,gnu/linux,root,ni,Exit
2012/12/02 (Sun) 08:25:59 JST,gnu/linux,root,ni,Start,Default
2012/12/02 (Sun) 08:46:58 JST,gnu/linux,root,ni,Start,Default
2012/12/02 (Sun) 08:46:58 JST,gnu/linux,root,ni,Exit
2012/12/02 (Sun) 08:25:59 JST,gnu/linux,root,ni,Exit
2012/12/02 (Sun) 08:49:25 JST,gnu/linux,root,ni,Start,Default
2012/12/02 (Sun) 08:49:25 JST,gnu/linux,root,ni,Exit
2012/12/02 (Sun) 08:54:51 JST,gnu/linux,root,ni,Start,Default
2012/12/02 (Sun) 10:50:43 JST,gnu/linux,root,ni,Start,Default
2012/12/02 (Sun) 10:50:43 JST,gnu/linux,root,ni,Exit
2012/12/02 (Sun) 08:54:51 JST,gnu/linux,root,ni,Exit
2012/12/02 (Sun) 10:55:01 JST,gnu/linux,root,ni,Start,Default
2012/12/02 (Sun) 11:36:43 JST,gnu/linux,root,ni,Start,Default
2012/12/02 (Sun) 11:36:43 JST,gnu/linux,root,ni,Exit
2012/12/02 (Sun) 11:41:14 JST,gnu/linux,root,ni,Start,Default
2012/12/02 (Sun) 11:41:14 JST,gnu/linux,root,ni,Exit
2012/12/02 (Sun) 12:14:22 JST,gnu/linux,root,ni,Start,Default
2012/12/02 (Sun) 12:14:22 JST,gnu/linux,root,ni,Exit
2012/12/02 (Sun) 12:15:47 JST,gnu/linux,root,ni,Start,Default
2012/12/02 (Sun) 12:15:47 JST,gnu/linux,root,ni,Exit
2012/12/02 (Sun) 12:17:10 JST,gnu/linux,root,ni,Start,Default
2012/12/02 (Sun) 12:17:10 JST,gnu/linux,root,ni,Exit
2012/12/02 (Sun) 12:21:59 JST,gnu/linux,root,ni,Start,Default
2012/12/02 (Sun) 12:21:59 JST,gnu/linux,root,ni,Exit
2012/12/02 (Sun) 13:07:34 JST,gnu/linux,root,ni,Start,Default
2012/12/02 (Sun) 13:07:34 JST,gnu/linux,root,ni,Exit
2012/12/02 (Sun) 13:52:12 JST,gnu/linux,root,ni,Start,Default
2012/12/02 (Sun) 13:52:12 JST,gnu/linux,root,ni,Exit
2012/12/02 (Sun) 14:22:49 JST,gnu/linux,root,ni,Start,Default
2012/12/02 (Sun) 14:36:08 JST,gnu/linux,root,ni,Start,Default
2012/12/02 (Sun) 14:36:08 JST,gnu/linux,root,ni,Exit
2012/12/02 (Sun) 14:38:23 JST,gnu/linux,root,ni,Start,Default
2012/12/02 (Sun) 14:38:23 JST,gnu/linux,root,ni,Exit
2012/12/02 (Sun) 15:47:00 JST,gnu/linux,root,ni,Start,Default
2012/12/02 (Sun) 16:22:51 JST,gnu/linux,root,ni,Start,Default
2012/12/02 (Sun) 16:22:51 JST,gnu/linux,root,ni,Exit
2012/12/02 (Sun) 17:09:06 JST,gnu/linux,root,ni,Start,Default
2012/12/02 (Sun) 17:09:06 JST,gnu/linux,root,ni,Exit
2012/12/02 (Sun) 17:10:35 JST,gnu/linux,root,ni,Start,Default
2012/12/02 (Sun) 17:10:35 JST,gnu/linux,root,ni,Exit
2012/12/02 (Sun) 17:12:39 JST,gnu/linux,root,ni,Start,Default
2012/12/02 (Sun) 17:12:39 JST,gnu/linux,root,ni,Exit
2012/12/02 (Sun) 17:13:45 JST,gnu/linux,root,ni,Start,Default
2012/12/02 (Sun) 17:13:45 JST,gnu/linux,root,ni,Exit
2012/12/02 (Sun) 17:22:06 JST,gnu/linux,root,ni,Start,Default
2012/12/02 (Sun) 17:22:06 JST,gnu/linux,root,ni,Exit
2012/12/02 (Sun) 17:24:23 JST,gnu/linux,root,ni,Start,Default
2012/12/02 (Sun) 17:24:23 JST,gnu/linux,root,ni,Exit
2012/12/02 (Sun) 17:38:35 JST,gnu/linux,root,ni,Start,Default
2012/12/02 (Sun) 17:43:26 JST,gnu/linux,root,ni,Start,Default
2012/12/02 (Sun) 17:43:26 JST,gnu/linux,root,ni,Exit
2012/12/02 (Sun) 17:55:52 JST,gnu/linux,root,ni,Start,Default
2012/12/02 (Sun) 19:09:14 JST,gnu/linux,root,ni,Start,Default
2012/12/02 (Sun) 19:28:07 JST,gnu/linux,root,ni,Start,Default
2012/12/02 (Sun) 19:28:07 JST,gnu/linux,root,ni,Exit
2012/12/03 (Mon) 09:04:14 JST,gnu/linux,root,ni,Start,Default
2012/12/03 (Mon) 09:04:14 JST,gnu/linux,root,ni,Exit
2012/12/03 (Mon) 09:15:09 JST,gnu/linux,root,ni,Start,Default
2012/12/03 (Mon) 09:15:09 JST,gnu/linux,root,ni,Exit
2012/12/03 (Mon) 13:42:19 JST,gnu/linux,root,ni,Start,Default
2012/12/03 (Mon) 13:42:19 JST,gnu/linux,root,ni,Exit
2012/12/03 (Mon) 13:43:32 JST,gnu/linux,root,ni,Start,Default
2012/12/03 (Mon) 13:43:32 JST,gnu/linux,root,ni,Exit
2012/12/03 (Mon) 13:48:57 JST,gnu/linux,root,ni,Start,Default
2012/12/04 (Tue) 20:07:46 JST,gnu/linux,root,ni,Start,Default
2012/12/04 (Tue) 20:07:46 JST,gnu/linux,root,ni,Exit
2012/12/05 (Wed) 00:15:28 JST,gnu/linux,root,ni,Start,Default
2012/12/05 (Wed) 10:32:26 JST,gnu/linux,root,ni,Start,Default
2012/12/05 (Wed) 21:18:53 JST,gnu/linux,root,ni,Start,Default
2012/12/05 (Wed) 21:18:53 JST,gnu/linux,root,ni,Exit
2012/12/05 (Wed) 21:26:07 JST,gnu/linux,root,ni,Start,Default
2012/12/05 (Wed) 22:26:46 JST,gnu/linux,root,ni,Start,Default
2012/12/05 (Wed) 22:26:46 JST,gnu/linux,root,ni,Exit
2012/12/05 (Wed) 22:29:13 JST,gnu/linux,root,ni,Start,Default
2012/12/05 (Wed) 22:29:13 JST,gnu/linux,root,ni,Exit
2012/12/05 (Wed) 23:17:00 JST,gnu/linux,root,ni,Start,Default
2012/12/05 (Wed) 23:17:00 JST,gnu/linux,root,ni,Exit
2012/12/05 (Wed) 21:26:07 JST,gnu/linux,root,ni,Exit
2012/12/05 (Wed) 23:37:58 JST,gnu/linux,root,ni,Start,Default
2012/12/05 (Wed) 23:37:58 JST,gnu/linux,root,ni,Exit
2012/12/05 (Wed) 23:49:46 JST,gnu/linux,root,ni,Start,Default
2012/12/05 (Wed) 23:49:46 JST,gnu/linux,root,ni,Exit
2012/12/06 (Thu) 00:24:11 JST,gnu/linux,root,ni,Start,Default
2012/12/06 (Thu) 01:00:20 JST,gnu/linux,root,ni,Start,Default
2012/12/06 (Thu) 01:00:20 JST,gnu/linux,root,ni,Exit
2012/12/06 (Thu) 16:02:23 JST,gnu/linux,root,ni,Start,Default
2012/12/06 (Thu) 16:12:32 JST,gnu/linux,root,ni,Start,Default
2012/12/06 (Thu) 16:20:52 JST,gnu/linux,root,ni,Start,Default
2012/12/06 (Thu) 16:42:34 JST,gnu/linux,root,ni,Start,Default
2012/12/06 (Thu) 23:13:42 JST,gnu/linux,root,ni,Start,Default
2012/12/07 (Fri) 11:30:34 JST,gnu/linux,root,ni,Start,Default
2012/12/07 (Fri) 11:30:34 JST,gnu/linux,root,ni,Exit
2012/12/07 (Fri) 11:31:46 JST,gnu/linux,root,ni,Start,Default
2012/12/07 (Fri) 11:31:46 JST,gnu/linux,root,ni,Exit
2012/12/07 (Fri) 11:33:24 JST,gnu/linux,root,ni,Start,Default
2012/12/07 (Fri) 11:33:24 JST,gnu/linux,root,ni,Exit
2012/12/07 (Fri) 15:53:05 JST,gnu/linux,root,ni,Start,Default
2012/12/07 (Fri) 15:56:33 JST,gnu/linux,root,ni,Start,Default
2012/12/07 (Fri) 15:56:33 JST,gnu/linux,root,ni,Exit
2012/12/07 (Fri) 15:59:21 JST,gnu/linux,root,ni,Start,Default
2012/12/07 (Fri) 15:59:21 JST,gnu/linux,root,ni,Exit
2012/12/07 (Fri) 16:00:25 JST,gnu/linux,root,ni,Start,Default
2012/12/07 (Fri) 16:00:25 JST,gnu/linux,root,ni,Exit
2012/12/07 (Fri) 16:05:36 JST,gnu/linux,root,ni,Start,Default
2012/12/07 (Fri) 16:05:36 JST,gnu/linux,root,ni,Exit
2012/12/07 (Fri) 16:07:51 JST,gnu/linux,root,ni,Start,Default
2012/12/07 (Fri) 16:07:51 JST,gnu/linux,root,ni,Exit
2012/12/07 (Fri) 16:10:40 JST,gnu/linux,root,ni,Start,Default
2012/12/07 (Fri) 16:10:40 JST,gnu/linux,root,ni,Exit
2012/12/07 (Fri) 16:12:01 JST,gnu/linux,root,ni,Start,Default
2012/12/07 (Fri) 16:12:01 JST,gnu/linux,root,ni,Exit
2012/12/07 (Fri) 16:20:55 JST,gnu/linux,root,ni,Start,Default
2012/12/07 (Fri) 16:20:55 JST,gnu/linux,root,ni,Exit
2012/12/07 (Fri) 16:22:35 JST,gnu/linux,root,ni,Start,Default
2012/12/07 (Fri) 16:22:35 JST,gnu/linux,root,ni,Exit
2012/12/07 (Fri) 16:23:40 JST,gnu/linux,root,ni,Start,Default
2012/12/07 (Fri) 16:23:40 JST,gnu/linux,root,ni,Exit
2012/12/07 (Fri) 16:29:14 JST,gnu/linux,root,ni,Start,Default
2012/12/07 (Fri) 16:29:14 JST,gnu/linux,root,ni,Exit
2012/12/07 (Fri) 16:32:06 JST,gnu/linux,root,ni,Start,Default
2012/12/07 (Fri) 16:32:06 JST,gnu/linux,root,ni,Exit
2012/12/07 (Fri) 16:32:49 JST,gnu/linux,root,ni,Start,Default
2012/12/07 (Fri) 16:32:49 JST,gnu/linux,root,ni,Exit
2012/12/07 (Fri) 16:35:16 JST,gnu/linux,root,ni,Start,Default
2012/12/07 (Fri) 16:35:16 JST,gnu/linux,root,ni,Exit
2012/12/07 (Fri) 16:39:23 JST,gnu/linux,root,ni,Start,Default
2012/12/07 (Fri) 16:39:23 JST,gnu/linux,root,ni,Exit
2012/12/07 (Fri) 16:42:25 JST,gnu/linux,root,ni,Start,Default
2012/12/07 (Fri) 16:42:25 JST,gnu/linux,root,ni,Exit
2012/12/07 (Fri) 16:44:22 JST,gnu/linux,root,ni,Start,Default
2012/12/07 (Fri) 16:44:22 JST,gnu/linux,root,ni,Exit
2012/12/07 (Fri) 16:54:57 JST,gnu/linux,root,ni,Start,Default
2012/12/07 (Fri) 16:54:57 JST,gnu/linux,root,ni,Exit
2012/12/07 (Fri) 17:00:42 JST,gnu/linux,root,ni,Start,Default
2012/12/07 (Fri) 17:00:42 JST,gnu/linux,root,ni,Exit
2012/12/07 (Fri) 17:16:10 JST,gnu/linux,root,ni,Start,Default
2012/12/07 (Fri) 17:16:10 JST,gnu/linux,root,ni,Exit
2012/12/07 (Fri) 17:30:49 JST,gnu/linux,root,ni,Start,Default
2012/12/07 (Fri) 17:30:49 JST,gnu/linux,root,ni,Exit
2012/12/07 (Fri) 18:06:40 JST,gnu/linux,root,ni,Start,Default
2012/12/07 (Fri) 18:06:40 JST,gnu/linux,root,ni,Exit
2012/12/07 (Fri) 18:11:57 JST,gnu/linux,root,ni,Start,Default
2012/12/07 (Fri) 18:11:57 JST,gnu/linux,root,ni,Exit
2012/12/07 (Fri) 18:24:55 JST,gnu/linux,root,ni,Start,Default
2012/12/07 (Fri) 18:24:55 JST,gnu/linux,root,ni,Exit
2012/12/07 (Fri) 18:26:28 JST,gnu/linux,root,ni,Start,Default
2012/12/07 (Fri) 18:26:28 JST,gnu/linux,root,ni,Exit
2012/12/07 (Fri) 18:28:34 JST,gnu/linux,root,ni,Start,Default
2012/12/07 (Fri) 18:28:34 JST,gnu/linux,root,ni,Exit
2012/12/07 (Fri) 18:31:34 JST,gnu/linux,root,ni,Start,Default
2012/12/07 (Fri) 18:31:34 JST,gnu/linux,root,ni,Exit
2012/12/07 (Fri) 18:34:04 JST,gnu/linux,root,ni,Start,Default
2012/12/07 (Fri) 18:34:04 JST,gnu/linux,root,ni,Exit
2012/12/07 (Fri) 18:34:33 JST,gnu/linux,root,ni,Start,Default
2012/12/07 (Fri) 18:34:33 JST,gnu/linux,root,ni,Exit
2012/12/07 (Fri) 18:36:45 JST,gnu/linux,root,ni,Start,Default
2012/12/07 (Fri) 18:36:45 JST,gnu/linux,root,ni,Exit
2012/12/07 (Fri) 18:37:47 JST,gnu/linux,root,ni,Start,Default
2012/12/07 (Fri) 18:37:47 JST,gnu/linux,root,ni,Exit
2012/12/07 (Fri) 15:53:05 JST,gnu/linux,root,ni,Exit
2012/12/07 (Fri) 18:39:07 JST,gnu/linux,root,ni,Start,Default
2012/12/07 (Fri) 18:39:07 JST,gnu/linux,root,ni,Exit
2012/12/07 (Fri) 20:33:46 JST,gnu/linux,root,ni,Start,Default
2012/12/07 (Fri) 20:35:45 JST,gnu/linux,root,ni,Start,Default
2012/12/07 (Fri) 20:35:45 JST,gnu/linux,root,ni,Exit
2012/12/07 (Fri) 20:33:46 JST,gnu/linux,root,ni,Exit
2012/12/07 (Fri) 20:36:16 JST,gnu/linux,root,ni,Start,Default
2012/12/07 (Fri) 21:59:18 JST,gnu/linux,root,ni,Start,Default
2012/12/07 (Fri) 21:59:18 JST,gnu/linux,root,ni,Exit
2012/12/07 (Fri) 22:10:39 JST,gnu/linux,root,ni,Start,Default
2012/12/07 (Fri) 22:10:39 JST,gnu/linux,root,ni,Exit
2012/12/07 (Fri) 22:21:05 JST,gnu/linux,root,ni,Start,Default
2012/12/07 (Fri) 22:21:05 JST,gnu/linux,root,ni,Exit
2012/12/07 (Fri) 22:35:38 JST,gnu/linux,root,ni,Start,Default
2012/12/07 (Fri) 22:39:35 JST,gnu/linux,root,ni,Start,Default
2012/12/07 (Fri) 22:35:38 JST,gnu/linux,root,ni,Exit
2012/12/07 (Fri) 22:39:35 JST,gnu/linux,root,ni,Exit
2012/12/07 (Fri) 22:41:40 JST,gnu/linux,root,ni,Start,Default
2012/12/07 (Fri) 20:36:16 JST,gnu/linux,root,ni,Exit
2012/12/07 (Fri) 22:43:21 JST,gnu/linux,root,ni,Start,Default
2012/12/07 (Fri) 22:43:21 JST,gnu/linux,root,ni,Exit
2012/12/07 (Fri) 22:41:40 JST,gnu/linux,root,ni,Exit
2012/12/07 (Fri) 22:49:08 JST,gnu/linux,root,ni,Start,Default
2012/12/07 (Fri) 22:50:41 JST,gnu/linux,root,ni,Start,Default
2012/12/07 (Fri) 22:50:41 JST,gnu/linux,root,ni,Exit
2012/12/07 (Fri) 22:53:40 JST,gnu/linux,root,ni,Start,Default
2012/12/07 (Fri) 22:53:40 JST,gnu/linux,root,ni,Exit
2012/12/07 (Fri) 22:56:20 JST,gnu/linux,root,ni,Start,Default
2012/12/07 (Fri) 22:56:20 JST,gnu/linux,root,ni,Exit
2012/12/07 (Fri) 23:06:17 JST,gnu/linux,root,ni,Start,Debug
2012/12/07 (Fri) 23:06:17 JST,gnu/linux,root,ni,Exit
2012/12/07 (Fri) 23:12:42 JST,gnu/linux,root,ni,Start,Debug
2012/12/07 (Fri) 23:12:42 JST,gnu/linux,root,ni,Exit
2012/12/07 (Fri) 23:15:48 JST,gnu/linux,root,ni,Start,Debug
2012/12/07 (Fri) 23:15:48 JST,gnu/linux,root,ni,Exit
2012/12/07 (Fri) 23:16:28 JST,gnu/linux,root,ni,Start,Debug
2012/12/07 (Fri) 23:16:28 JST,gnu/linux,root,ni,Exit
2012/12/07 (Fri) 23:54:37 JST,gnu/linux,root,ni,Start,Default
2012/12/07 (Fri) 23:54:37 JST,gnu/linux,root,ni,Exit
2012/12/07 (Fri) 23:56:10 JST,gnu/linux,root,ni,Start,Default
2012/12/07 (Fri) 23:56:10 JST,gnu/linux,root,ni,Exit
2012/12/07 (Fri) 23:56:59 JST,gnu/linux,root,ni,Start,Debug
2012/12/07 (Fri) 23:56:59 JST,gnu/linux,root,ni,Exit
2012/12/09 (Sun) 12:09:20 JST,gnu/linux,root,ni,Start,Default
2012/12/09 (Sun) 12:09:20 JST,gnu/linux,root,ni,Exit
2012/12/09 (Sun) 19:20:40 JST,gnu/linux,root,ni,Start,Default
2012/12/09 (Sun) 20:04:16 JST,gnu/linux,root,ni,Start,Default
2012/12/09 (Sun) 20:29:50 JST,gnu/linux,root,ni,Start,Default
2012/12/09 (Sun) 20:29:50 JST,gnu/linux,root,ni,Exit
2012/12/10 (Mon) 13:49:51 JST,gnu/linux,root,ni,Start,Default
2012/12/10 (Mon) 13:49:51 JST,gnu/linux,root,ni,Exit
2012/12/10 (Mon) 13:53:25 JST,gnu/linux,root,ni,Start,Default
2012/12/10 (Mon) 13:53:25 JST,gnu/linux,root,ni,Exit
2012/12/10 (Mon) 14:10:36 JST,gnu/linux,root,ni,Start,Default
2012/12/10 (Mon) 14:10:36 JST,gnu/linux,root,ni,Exit
2012/12/10 (Mon) 14:27:54 JST,gnu/linux,root,ni,Start,Default
2012/12/10 (Mon) 14:29:25 JST,gnu/linux,root,ni,Start,Default
2012/12/10 (Mon) 14:39:36 JST,gnu/linux,root,ni,Start,Default
2012/12/10 (Mon) 15:56:28 JST,gnu/linux,root,ni,Start,Default
2012/12/10 (Mon) 15:56:28 JST,gnu/linux,root,ni,Exit
2012/12/10 (Mon) 16:02:04 JST,gnu/linux,root,ni,Start,Default
2012/12/10 (Mon) 16:02:52 JST,gnu/linux,root,ni,Start,Default
2012/12/10 (Mon) 16:02:52 JST,gnu/linux,root,ni,Exit
2012/12/10 (Mon) 16:12:38 JST,gnu/linux,root,ni,Start,Default
2012/12/10 (Mon) 16:12:38 JST,gnu/linux,root,ni,Exit
2012/12/10 (Mon) 18:53:43 JST,gnu/linux,root,ni,Start,Default
2012/12/10 (Mon) 20:10:35 JST,gnu/linux,root,ni,Start,Default
2012/12/10 (Mon) 20:47:30 JST,gnu/linux,root,ni,Start,Default
2012/12/10 (Mon) 20:47:30 JST,gnu/linux,root,ni,Exit
2012/12/10 (Mon) 22:02:30 JST,gnu/linux,root,ni,Start,Default
2012/12/10 (Mon) 22:02:30 JST,gnu/linux,root,ni,Exit
2012/12/10 (Mon) 22:31:05 JST,gnu/linux,root,ni,Start,Debug
2012/12/10 (Mon) 22:31:05 JST,gnu/linux,root,ni,Exit
2012/12/10 (Mon) 23:18:18 JST,gnu/linux,root,ni,Start,Debug
2012/12/10 (Mon) 23:18:18 JST,gnu/linux,root,ni,Exit
2012/12/10 (Mon) 23:39:31 JST,gnu/linux,root,ni,Start,Default
2012/12/10 (Mon) 23:43:25 JST,gnu/linux,root,ni,Start,Debug
2012/12/10 (Mon) 23:43:25 JST,gnu/linux,root,ni,Exit
2012/12/10 (Mon) 23:39:31 JST,gnu/linux,root,ni,Exit
2012/12/10 (Mon) 23:50:36 JST,gnu/linux,root,ni,Start,Default
2012/12/11 (Tue) 00:10:48 JST,gnu/linux,root,ni,Start,Debug
2012/12/11 (Tue) 00:10:48 JST,gnu/linux,root,ni,Exit
2012/12/11 (Tue) 00:36:21 JST,gnu/linux,root,ni,Start,Debug
2012/12/11 (Tue) 00:36:21 JST,gnu/linux,root,ni,Exit
2012/12/11 (Tue) 00:51:14 JST,gnu/linux,root,ni,Start,Default
2012/12/11 (Tue) 00:51:14 JST,gnu/linux,root,ni,Exit
2012/12/11 (Tue) 00:53:44 JST,gnu/linux,root,ni,Start,Debug
2012/12/11 (Tue) 00:53:44 JST,gnu/linux,root,ni,Exit
2012/12/11 (Tue) 01:10:01 JST,gnu/linux,root,ni,Start,Debug
2012/12/11 (Tue) 01:10:01 JST,gnu/linux,root,ni,Exit
2012/12/11 (Tue) 01:22:32 JST,gnu/linux,root,ni,Start,Debug
2012/12/11 (Tue) 01:22:32 JST,gnu/linux,root,ni,Exit
2012/12/11 (Tue) 01:56:56 JST,gnu/linux,root,ni,Start,Debug
2012/12/11 (Tue) 01:56:56 JST,gnu/linux,root,ni,Exit
2012/12/11 (Tue) 02:07:40 JST,gnu/linux,root,ni,Start,Debug
2012/12/11 (Tue) 02:11:15 JST,gnu/linux,root,ni,Start,Debug
2012/12/11 (Tue) 02:18:46 JST,gnu/linux,root,ni,Start,Default
2012/12/11 (Tue) 02:18:46 JST,gnu/linux,root,ni,Exit
2012/12/11 (Tue) 02:19:48 JST,gnu/linux,root,ni,Start,Debug
2012/12/11 (Tue) 02:19:48 JST,gnu/linux,root,ni,Exit
2012/12/11 (Tue) 02:22:18 JST,gnu/linux,root,ni,Start,Debug
2012/12/11 (Tue) 02:22:18 JST,gnu/linux,root,ni,Exit
2012/12/11 (Tue) 02:31:14 JST,gnu/linux,root,ni,Start,Debug
2012/12/11 (Tue) 02:31:14 JST,gnu/linux,root,ni,Exit
2012/12/11 (Tue) 02:11:15 JST,gnu/linux,root,ni,Exit
2012/12/11 (Tue) 02:07:40 JST,gnu/linux,root,ni,Exit
2012/12/11 (Tue) 03:04:02 JST,gnu/linux,root,ni,Start,Debug
2012/12/11 (Tue) 04:07:51 JST,gnu/linux,root,ni,Start,Debug
2012/12/11 (Tue) 04:18:35 JST,gnu/linux,root,ni,Start,Debug
2012/12/11 (Tue) 04:18:35 JST,gnu/linux,root,ni,Exit
2012/12/11 (Tue) 04:07:51 JST,gnu/linux,root,ni,Exit
2012/12/11 (Tue) 04:23:55 JST,gnu/linux,root,ni,Start,Debug
2012/12/11 (Tue) 12:56:07 JST,gnu/linux,root,ni,Start,Debug
2012/12/11 (Tue) 12:56:07 JST,gnu/linux,root,ni,Exit
2012/12/11 (Tue) 13:08:52 JST,gnu/linux,root,ni,Start,Default
2012/12/11 (Tue) 13:08:52 JST,gnu/linux,root,ni,Exit
2012/12/11 (Tue) 13:11:17 JST,gnu/linux,root,ni,Start,Default
2012/12/11 (Tue) 13:11:17 JST,gnu/linux,root,ni,Exit
2012/12/11 (Tue) 13:27:07 JST,gnu/linux,root,ni,Start,Default
2012/12/11 (Tue) 13:27:07 JST,gnu/linux,root,ni,Exit
2012/12/11 (Tue) 13:28:48 JST,gnu/linux,root,ni,Start,Debug
2012/12/11 (Tue) 13:28:48 JST,gnu/linux,root,ni,Exit
2012/12/11 (Tue) 13:32:33 JST,gnu/linux,root,ni,Start,Debug
2012/12/11 (Tue) 13:32:33 JST,gnu/linux,root,ni,Exit
2012/12/11 (Tue) 13:58:20 JST,gnu/linux,root,ni,Start,Debug
2012/12/11 (Tue) 13:58:20 JST,gnu/linux,root,ni,Exit
2012/12/11 (Tue) 14:16:05 JST,gnu/linux,root,ni,Start,Debug
2012/12/11 (Tue) 14:28:31 JST,gnu/linux,root,ni,Start,Debug
2012/12/11 (Tue) 14:28:31 JST,gnu/linux,root,ni,Exit
2012/12/11 (Tue) 14:35:09 JST,gnu/linux,root,ni,Start,Debug
2012/12/11 (Tue) 14:16:05 JST,gnu/linux,root,ni,Exit
2012/12/11 (Tue) 14:52:10 JST,gnu/linux,root,ni,Start,Debug
2012/12/11 (Tue) 15:11:14 JST,gnu/linux,root,ni,Start,Debug
2012/12/11 (Tue) 15:11:14 JST,gnu/linux,root,ni,Exit
2012/12/11 (Tue) 15:14:44 JST,gnu/linux,root,ni,Start,Debug
2012/12/11 (Tue) 15:14:44 JST,gnu/linux,root,ni,Exit
2012/12/11 (Tue) 15:16:52 JST,gnu/linux,root,ni,Start,Debug
2012/12/11 (Tue) 15:21:49 JST,gnu/linux,root,ni,Start,Debug
2012/12/11 (Tue) 15:26:47 JST,gnu/linux,root,ni,Start,Debug
2012/12/11 (Tue) 15:26:47 JST,gnu/linux,root,ni,Exit
2012/12/11 (Tue) 15:39:22 JST,gnu/linux,root,ni,Start,Debug
2012/12/11 (Tue) 15:39:22 JST,gnu/linux,root,ni,Exit
2012/12/11 (Tue) 15:40:56 JST,gnu/linux,root,ni,Start,Debug
2012/12/11 (Tue) 15:40:56 JST,gnu/linux,root,ni,Exit
2012/12/11 (Tue) 15:42:50 JST,gnu/linux,root,ni,Start,Debug
2012/12/11 (Tue) 15:42:50 JST,gnu/linux,root,ni,Exit
2012/12/11 (Tue) 16:05:24 JST,gnu/linux,root,ni,Start,Debug
2012/12/11 (Tue) 16:05:24 JST,gnu/linux,root,ni,Exit
2012/12/11 (Tue) 16:06:33 JST,gnu/linux,root,ni,Start,Debug
2012/12/11 (Tue) 16:06:33 JST,gnu/linux,root,ni,Exit
2012/12/11 (Tue) 16:08:21 JST,gnu/linux,root,ni,Start,Debug
2012/12/11 (Tue) 16:08:21 JST,gnu/linux,root,ni,Exit
2012/12/11 (Tue) 16:10:23 JST,gnu/linux,root,ni,Start,Debug
2012/12/11 (Tue) 16:10:23 JST,gnu/linux,root,ni,Exit
2012/12/11 (Tue) 16:11:43 JST,gnu/linux,root,ni,Start,Debug
2012/12/11 (Tue) 16:11:43 JST,gnu/linux,root,ni,Exit
2012/12/11 (Tue) 16:47:21 JST,gnu/linux,root,ni,Start,Debug
2012/12/11 (Tue) 16:47:21 JST,gnu/linux,root,ni,Exit
2012/12/11 (Tue) 17:01:25 JST,gnu/linux,root,ni,Start,Debug
2012/12/11 (Tue) 17:01:25 JST,gnu/linux,root,ni,Exit
2012/12/11 (Tue) 17:06:18 JST,gnu/linux,root,ni,Start,Debug
2012/12/11 (Tue) 17:06:18 JST,gnu/linux,root,ni,Exit
2012/12/11 (Tue) 17:07:21 JST,gnu/linux,root,ni,Start,Debug
2012/12/11 (Tue) 17:07:21 JST,gnu/linux,root,ni,Exit
2012/12/11 (Tue) 17:10:17 JST,gnu/linux,root,ni,Start,Debug
2012/12/11 (Tue) 17:10:17 JST,gnu/linux,root,ni,Exit
2012/12/11 (Tue) 17:26:30 JST,gnu/linux,root,ni,Start,Debug
2012/12/11 (Tue) 17:26:30 JST,gnu/linux,root,ni,Exit
2012/12/11 (Tue) 17:29:47 JST,gnu/linux,root,ni,Start,Default
2012/12/11 (Tue) 17:29:47 JST,gnu/linux,root,ni,Exit
2012/12/11 (Tue) 17:40:29 JST,gnu/linux,root,ni,Start,Default
2012/12/11 (Tue) 17:40:29 JST,gnu/linux,root,ni,Exit
2012/12/11 (Tue) 17:42:57 JST,gnu/linux,root,ni,Exit
2012/12/11 (Tue) 17:44:23 JST,gnu/linux,root,ni,Exit
2012/12/11 (Tue) 17:46:24 JST,gnu/linux,root,ni,Start,Default
2012/12/11 (Tue) 17:46:24 JST,gnu/linux,root,ni,Exit
2012/12/11 (Tue) 17:47:07 JST,gnu/linux,root,ni,Start,Default
2012/12/11 (Tue) 17:47:07 JST,gnu/linux,root,ni,Exit
2012/12/11 (Tue) 17:49:13 JST,gnu/linux,root,ni,Start,Default
2012/12/11 (Tue) 17:49:13 JST,gnu/linux,root,ni,Exit
2012/12/11 (Tue) 17:50:00 JST,gnu/linux,root,ni,Start,Default
2012/12/11 (Tue) 17:50:00 JST,gnu/linux,root,ni,Exit
2012/12/11 (Tue) 18:17:50 JST,gnu/linux,root,ni,Start,Default
2012/12/11 (Tue) 18:17:50 JST,gnu/linux,root,ni,Exit
2012/12/11 (Tue) 18:19:48 JST,gnu/linux,root,ni,Start,Default
2012/12/11 (Tue) 18:19:48 JST,gnu/linux,root,ni,Exit
2012/12/11 (Tue) 18:23:31 JST,gnu/linux,root,ni,Start,Default
2012/12/11 (Tue) 18:23:31 JST,gnu/linux,root,ni,Exit
2012/12/11 (Tue) 18:24:07 JST,gnu/linux,root,ni,Start,Default
2012/12/11 (Tue) 18:24:07 JST,gnu/linux,root,ni,Exit
2012/12/11 (Tue) 18:24:33 JST,gnu/linux,root,ni,Start,Default
2012/12/11 (Tue) 18:24:33 JST,gnu/linux,root,ni,Exit
2012/12/11 (Tue) 18:24:57 JST,gnu/linux,root,ni,Start,Default
2012/12/11 (Tue) 18:24:57 JST,gnu/linux,root,ni,Exit
2012/12/11 (Tue) 18:27:45 JST,gnu/linux,root,ni,Start,Default
2012/12/11 (Tue) 18:27:45 JST,gnu/linux,root,ni,Exit
2012/12/11 (Tue) 18:49:31 JST,gnu/linux,root,ni,Start,Default
2012/12/11 (Tue) 18:49:31 JST,gnu/linux,root,ni,Exit
2012/12/11 (Tue) 19:42:17 JST,gnu/linux,root,ni,Start,Default
2012/12/11 (Tue) 19:42:59 JST,gnu/linux,root,ni,Start,Debug
2012/12/11 (Tue) 19:42:59 JST,gnu/linux,root,ni,Exit
2012/12/11 (Tue) 19:42:17 JST,gnu/linux,root,ni,Exit
2012/12/11 (Tue) 19:43:45 JST,gnu/linux,root,ni,Start,Debug
2012/12/11 (Tue) 19:48:40 JST,gnu/linux,root,ni,Start,Debug
2012/12/11 (Tue) 19:48:40 JST,gnu/linux,root,ni,Exit
2012/12/11 (Tue) 19:49:21 JST,gnu/linux,root,ni,Start,Debug
2012/12/11 (Tue) 19:49:21 JST,gnu/linux,root,ni,Exit
2012/12/11 (Tue) 19:43:45 JST,gnu/linux,root,ni,Exit
2012/12/11 (Tue) 19:49:58 JST,gnu/linux,root,ni,Start,Debug
2012/12/11 (Tue) 19:49:58 JST,gnu/linux,root,ni,Exit
2012/12/11 (Tue) 19:52:04 JST,gnu/linux,root,ni,Start,Debug
2012/12/11 (Tue) 20:00:48 JST,gnu/linux,root,ni,Start,Debug
2012/12/11 (Tue) 20:00:48 JST,gnu/linux,root,ni,Exit
2012/12/11 (Tue) 20:01:49 JST,gnu/linux,root,ni,Start,Debug
2012/12/11 (Tue) 20:01:49 JST,gnu/linux,root,ni,Exit
2012/12/11 (Tue) 20:15:18 JST,gnu/linux,root,ni,Start,Debug
2012/12/11 (Tue) 20:15:18 JST,gnu/linux,root,ni,Exit
2012/12/11 (Tue) 20:24:53 JST,gnu/linux,root,ni,Start,Debug
2012/12/11 (Tue) 20:25:36 JST,gnu/linux,root,ni,Start,Debug
2012/12/11 (Tue) 20:25:36 JST,gnu/linux,root,ni,Exit
2012/12/11 (Tue) 20:36:29 JST,gnu/linux,root,ni,Start,Debug
2012/12/11 (Tue) 20:36:29 JST,gnu/linux,root,ni,Exit
2012/12/11 (Tue) 21:56:42 JST,gnu/linux,root,ni,Start,Debug
2012/12/11 (Tue) 21:56:42 JST,gnu/linux,root,ni,Exit
2012/12/11 (Tue) 21:59:11 JST,gnu/linux,root,ni,Start,Debug
2012/12/11 (Tue) 21:59:11 JST,gnu/linux,root,ni,Exit
2012/12/11 (Tue) 22:04:00 JST,gnu/linux,root,ni,Start,Debug
2012/12/11 (Tue) 22:04:00 JST,gnu/linux,root,ni,Exit
2012/12/11 (Tue) 22:05:30 JST,gnu/linux,root,ni,Start,Debug
2012/12/11 (Tue) 22:05:30 JST,gnu/linux,root,ni,Exit
2012/12/11 (Tue) 22:07:13 JST,gnu/linux,root,ni,Start,Debug
2012/12/11 (Tue) 22:07:13 JST,gnu/linux,root,ni,Exit
2012/12/11 (Tue) 22:31:27 JST,gnu/linux,root,ni,Start,Debug
2012/12/11 (Tue) 22:31:27 JST,gnu/linux,root,ni,Exit
2012/12/11 (Tue) 22:33:59 JST,gnu/linux,root,ni,Start,Debug
2012/12/11 (Tue) 22:33:59 JST,gnu/linux,root,ni,Exit
2012/12/11 (Tue) 22:35:43 JST,gnu/linux,root,ni,Start,Debug
2012/12/11 (Tue) 22:35:43 JST,gnu/linux,root,ni,Exit
2012/12/11 (Tue) 22:44:16 JST,gnu/linux,root,ni,Start,Debug
2012/12/11 (Tue) 22:44:16 JST,gnu/linux,root,ni,Exit
2012/12/11 (Tue) 22:44:59 JST,gnu/linux,root,ni,Start,Debug
2012/12/11 (Tue) 22:44:59 JST,gnu/linux,root,ni,Exit
2012/12/11 (Tue) 23:02:38 JST,gnu/linux,root,ni,Start,Debug
2012/12/11 (Tue) 23:02:38 JST,gnu/linux,root,ni,Exit
2012/12/11 (Tue) 23:03:34 JST,gnu/linux,root,ni,Start,Debug
2012/12/11 (Tue) 23:03:34 JST,gnu/linux,root,ni,Exit
2012/12/11 (Tue) 23:05:52 JST,gnu/linux,root,ni,Start,Debug
2012/12/11 (Tue) 23:05:52 JST,gnu/linux,root,ni,Exit
2012/12/11 (Tue) 23:08:11 JST,gnu/linux,root,ni,Start,Debug
2012/12/11 (Tue) 23:08:11 JST,gnu/linux,root,ni,Exit
2012/12/11 (Tue) 23:13:03 JST,gnu/linux,root,ni,Start,Debug
2012/12/11 (Tue) 23:13:03 JST,gnu/linux,root,ni,Exit
2012/12/11 (Tue) 23:16:53 JST,gnu/linux,root,ni,Start,Debug
2012/12/11 (Tue) 23:16:53 JST,gnu/linux,root,ni,Exit
2012/12/12 (Wed) 01:56:43 JST,gnu/linux,root,ni,Start,Debug
2012/12/12 (Wed) 01:56:43 JST,gnu/linux,root,ni,Exit
2012/12/12 (Wed) 02:02:01 JST,gnu/linux,root,ni,Start,Debug
2012/12/12 (Wed) 02:02:01 JST,gnu/linux,root,ni,Exit
2012/12/12 (Wed) 15:41:15 JST,gnu/linux,root,ni,Start,Debug
2012/12/12 (Wed) 15:41:15 JST,gnu/linux,root,ni,Exit
2012/12/12 (Wed) 15:45:09 JST,gnu/linux,root,ni,Start,Debug
2012/12/12 (Wed) 15:45:09 JST,gnu/linux,root,ni,Exit
2012/12/12 (Wed) 15:46:54 JST,gnu/linux,root,ni,Start,Debug
2012/12/12 (Wed) 15:46:54 JST,gnu/linux,root,ni,Exit
2012/12/11 (Tue) 19:52:04 JST,gnu/linux,root,ni,Exit
2012/12/12 (Wed) 15:53:12 JST,gnu/linux,root,ni,Start,Debug
2012/12/12 (Wed) 15:56:48 JST,gnu/linux,root,ni,Start,Debug
2012/12/12 (Wed) 15:56:48 JST,gnu/linux,root,ni,Exit
2012/12/12 (Wed) 15:53:12 JST,gnu/linux,root,ni,Exit
2012/12/12 (Wed) 15:58:47 JST,gnu/linux,root,ni,Start,Debug
2012/12/12 (Wed) 15:58:47 JST,gnu/linux,root,ni,Exit
2012/12/12 (Wed) 16:17:21 JST,gnu/linux,root,ni,Start,Debug
2012/12/12 (Wed) 16:43:30 JST,gnu/linux,root,ni,Start,Debug
2012/12/12 (Wed) 16:49:28 JST,gnu/linux,root,ni,Exit
2012/12/12 (Wed) 16:43:30 JST,gnu/linux,root,ni,Exit
2012/12/12 (Wed) 16:50:47 JST,gnu/linux,root,ni,Start,Debug
2012/12/12 (Wed) 17:09:25 JST,gnu/linux,root,ni,Start,Debug
2012/12/12 (Wed) 17:09:25 JST,gnu/linux,root,ni,Exit
2012/12/12 (Wed) 17:13:19 JST,gnu/linux,root,ni,Exit
2012/12/12 (Wed) 17:14:55 JST,gnu/linux,root,ni,Start,Debug
2012/12/12 (Wed) 17:14:55 JST,gnu/linux,root,ni,Exit
2012/12/12 (Wed) 17:28:36 JST,gnu/linux,root,ni,Exit
2012/12/12 (Wed) 17:36:52 JST,gnu/linux,root,ni,Exit
2012/12/12 (Wed) 17:37:23 JST,gnu/linux,root,ni,Start,Debug
2012/12/12 (Wed) 17:37:23 JST,gnu/linux,root,ni,Exit
2012/12/12 (Wed) 18:22:30 JST,gnu/linux,root,ni,Exit
2012/12/12 (Wed) 18:22:59 JST,gnu/linux,root,ni,Start,Debug
2012/12/12 (Wed) 18:45:23 JST,gnu/linux,root,ni,Start,Debug
2012/12/12 (Wed) 18:51:44 JST,gnu/linux,root,ni,Exit
2012/12/12 (Wed) 21:03:15 JST,gnu/linux,root,ni,Exit
2012/12/12 (Wed) 21:30:20 JST,gnu/linux,root,ni,Exit
2012/12/12 (Wed) 22:03:45 JST,gnu/linux,root,ni,Exit
2012/12/12 (Wed) 23:57:59 JST,gnu/linux,root,ni,Exit
2012/12/12 (Wed) 23:58:17 JST,gnu/linux,root,ni,Exit
2012/12/12 (Wed) 23:59:10 JST,gnu/linux,root,ni,Exit
2012/12/13 (Thu) 00:01:45 JST,gnu/linux,root,ni,Exit
2012/12/13 (Thu) 00:03:32 JST,gnu/linux,root,ni,Start,Debug
2012/12/13 (Thu) 00:03:32 JST,gnu/linux,root,ni,Exit
2012/12/13 (Thu) 00:04:26 JST,gnu/linux,root,ni,Start,Debug
2012/12/13 (Thu) 00:04:26 JST,gnu/linux,root,ni,Exit
2012/12/13 (Thu) 00:04:56 JST,gnu/linux,root,ni,Start,Debug
2012/12/13 (Thu) 00:04:56 JST,gnu/linux,root,ni,Exit
2012/12/13 (Thu) 00:05:21 JST,gnu/linux,root,ni,Start,Debug
2012/12/13 (Thu) 00:05:21 JST,gnu/linux,root,ni,Exit
2012/12/13 (Thu) 00:14:22 JST,gnu/linux,root,ni,Start,Debug
2012/12/13 (Thu) 00:14:22 JST,gnu/linux,root,ni,Exit
2012/12/13 (Thu) 00:15:55 JST,gnu/linux,root,ni,Start,Debug
2012/12/13 (Thu) 00:22:39 JST,gnu/linux,root,ni,Exit
2012/12/13 (Thu) 00:23:09 JST,gnu/linux,root,ni,Start,Debug
2012/12/13 (Thu) 00:23:09 JST,gnu/linux,root,ni,Exit
2012/12/13 (Thu) 00:25:26 JST,gnu/linux,root,ni,Start,Debug
2012/12/13 (Thu) 00:25:26 JST,gnu/linux,root,ni,Exit
2012/12/13 (Thu) 00:26:33 JST,gnu/linux,root,ni,Start,Debug
2012/12/13 (Thu) 00:26:33 JST,gnu/linux,root,ni,Exit
2012/12/13 (Thu) 00:36:54 JST,gnu/linux,root,ni,Start,Debug
2012/12/13 (Thu) 00:36:54 JST,gnu/linux,root,ni,Exit
2012/12/13 (Thu) 00:52:44 JST,gnu/linux,root,ni,Exit
2012/12/13 (Thu) 00:53:00 JST,gnu/linux,root,ni,Exit
2012/12/13 (Thu) 00:53:39 JST,gnu/linux,root,ni,Start,Debug
2012/12/13 (Thu) 00:53:39 JST,gnu/linux,root,ni,Exit
2012/12/13 (Thu) 00:15:55 JST,gnu/linux,root,ni,Exit
2012/12/13 (Thu) 00:59:01 JST,gnu/linux,root,ni,Start,Debug
2012/12/13 (Thu) 01:11:10 JST,gnu/linux,root,ni,Start,Debug
2012/12/13 (Thu) 01:14:33 JST,gnu/linux,root,ni,Start,Debug
2012/12/13 (Thu) 01:14:33 JST,gnu/linux,root,ni,Exit
2012/12/13 (Thu) 00:59:01 JST,gnu/linux,root,ni,Exit
2012/12/13 (Thu) 01:16:33 JST,gnu/linux,root,ni,Start,Debug
2012/12/13 (Thu) 01:21:29 JST,gnu/linux,root,ni,Start,Debug
2012/12/13 (Thu) 01:21:29 JST,gnu/linux,root,ni,Exit
2012/12/13 (Thu) 01:22:52 JST,gnu/linux,root,ni,Start,Debug
2012/12/13 (Thu) 01:22:52 JST,gnu/linux,root,ni,Exit
2012/12/13 (Thu) 01:23:50 JST,gnu/linux,root,ni,Exit
2012/12/13 (Thu) 01:24:13 JST,gnu/linux,root,ni,Start,Debug
2012/12/13 (Thu) 01:24:13 JST,gnu/linux,root,ni,Exit
2012/12/13 (Thu) 01:46:26 JST,gnu/linux,root,ni,Start,Debug
2012/12/13 (Thu) 01:46:26 JST,gnu/linux,root,ni,Exit
2012/12/13 (Thu) 13:21:29 JST,gnu/linux,root,ni,Start,Debug
2012/12/13 (Thu) 13:21:29 JST,gnu/linux,root,ni,Exit
2012/12/13 (Thu) 13:22:43 JST,gnu/linux,root,ni,Start,Debug
2012/12/13 (Thu) 13:22:43 JST,gnu/linux,root,ni,Exit
2012/12/13 (Thu) 13:39:08 JST,gnu/linux,root,ni,Start,Debug
2012/12/13 (Thu) 13:39:08 JST,gnu/linux,root,ni,Exit
2012/12/13 (Thu) 13:40:17 JST,gnu/linux,root,ni,Start,Debug
2012/12/13 (Thu) 13:40:17 JST,gnu/linux,root,ni,Exit
2012/12/13 (Thu) 13:41:15 JST,gnu/linux,root,ni,Exit
2012/12/13 (Thu) 14:06:37 JST,gnu/linux,root,ni,Exit
2012/12/13 (Thu) 14:15:42 JST,gnu/linux,root,ni,Start,Debug
2012/12/13 (Thu) 14:15:42 JST,gnu/linux,root,ni,Exit
2012/12/13 (Thu) 14:17:23 JST,gnu/linux,root,ni,Start,Debug
2012/12/13 (Thu) 14:17:23 JST,gnu/linux,root,ni,Exit
2012/12/13 (Thu) 16:16:24 JST,gnu/linux,root,ni,Start,Debug
2012/12/13 (Thu) 16:57:36 JST,gnu/linux,root,ni,Start,Debug
2012/12/13 (Thu) 17:31:23 JST,gnu/linux,root,ni,Start,Debug
2012/12/13 (Thu) 17:31:23 JST,gnu/linux,root,ni,Exit
2012/12/13 (Thu) 17:35:08 JST,gnu/linux,root,ni,Start,Debug
2012/12/13 (Thu) 17:35:08 JST,gnu/linux,root,ni,Exit
2012/12/13 (Thu) 16:57:36 JST,gnu/linux,root,ni,Exit
2012/12/13 (Thu) 18:17:00 JST,gnu/linux,root,ni,Start,Debug
2012/12/13 (Thu) 18:19:41 JST,gnu/linux,root,ni,Exit
2012/12/13 (Thu) 18:20:02 JST,gnu/linux,root,ni,Start,Debug
2012/12/13 (Thu) 18:20:38 JST,gnu/linux,root,ni,Exit
2012/12/13 (Thu) 18:17:00 JST,gnu/linux,root,ni,Exit
2012/12/13 (Thu) 18:21:08 JST,gnu/linux,root,ni,Start,Debug
2012/12/13 (Thu) 18:21:08 JST,gnu/linux,root,ni,Exit
2012/12/13 (Thu) 18:29:47 JST,gnu/linux,root,ni,Start,Debug
2012/12/13 (Thu) 19:08:03 JST,gnu/linux,root,ni,Exit
2012/12/13 (Thu) 19:08:22 JST,gnu/linux,root,ni,Start,Debug
2012/12/13 (Thu) 19:08:22 JST,gnu/linux,root,ni,Exit
2012/12/13 (Thu) 19:11:05 JST,gnu/linux,root,ni,Start,Debug
2012/12/13 (Thu) 19:11:05 JST,gnu/linux,root,ni,Exit
2012/12/13 (Thu) 19:26:14 JST,gnu/linux,root,ni,Start,Debug
2012/12/13 (Thu) 19:26:14 JST,gnu/linux,root,ni,Exit
2012/12/13 (Thu) 21:15:49 JST,gnu/linux,root,ni,Start,Debug
2012/12/13 (Thu) 21:15:49 JST,gnu/linux,root,ni,Exit
2012/12/13 (Thu) 22:05:05 JST,gnu/linux,root,ni,Exit
2012/12/13 (Thu) 22:05:23 JST,gnu/linux,root,ni,Start,Debug
2012/12/13 (Thu) 22:05:23 JST,gnu/linux,root,ni,Exit
2012/12/13 (Thu) 22:17:04 JST,gnu/linux,root,ni,Exit
2012/12/13 (Thu) 22:17:25 JST,gnu/linux,root,ni,Start,Debug
2012/12/13 (Thu) 22:17:25 JST,gnu/linux,root,ni,Exit
2012/12/13 (Thu) 22:32:37 JST,gnu/linux,root,ni,Start,Debug
2012/12/13 (Thu) 22:32:37 JST,gnu/linux,root,ni,Exit
2012/12/13 (Thu) 22:34:25 JST,gnu/linux,root,ni,Start,Debug
2012/12/13 (Thu) 22:34:25 JST,gnu/linux,root,ni,Exit
2012/12/13 (Thu) 22:37:45 JST,gnu/linux,root,ni,Start,Debug
2012/12/13 (Thu) 22:37:45 JST,gnu/linux,root,ni,Exit
2012/12/13 (Thu) 22:39:40 JST,gnu/linux,root,ni,Start,Debug
2012/12/13 (Thu) 22:39:40 JST,gnu/linux,root,ni,Exit
2012/12/13 (Thu) 22:49:13 JST,gnu/linux,root,ni,Exit
2012/12/13 (Thu) 22:49:57 JST,gnu/linux,root,ni,Start,Debug
2012/12/13 (Thu) 22:49:57 JST,gnu/linux,root,ni,Exit
2012/12/13 (Thu) 23:05:36 JST,gnu/linux,root,ni,Exit
2012/12/13 (Thu) 23:05:59 JST,gnu/linux,root,ni,Exit
2012/12/13 (Thu) 23:06:26 JST,gnu/linux,root,ni,Start,Debug
2012/12/13 (Thu) 23:06:26 JST,gnu/linux,root,ni,Exit
2012/12/13 (Thu) 23:31:12 JST,gnu/linux,root,ni,Exit
2012/12/13 (Thu) 23:31:42 JST,gnu/linux,root,ni,Exit
2012/12/13 (Thu) 23:32:01 JST,gnu/linux,root,ni,Start,Debug
2012/12/13 (Thu) 23:32:01 JST,gnu/linux,root,ni,Exit
2012/12/14 (Fri) 00:14:03 JST,gnu/linux,root,ni,Start,Debug
2012/12/14 (Fri) 00:14:03 JST,gnu/linux,root,ni,Exit
2012/12/14 (Fri) 00:58:06 JST,gnu/linux,root,ni,Start,Debug
2012/12/14 (Fri) 00:58:06 JST,gnu/linux,root,ni,Exit
2012/12/14 (Fri) 01:00:18 JST,gnu/linux,root,ni,Start,Debug
2012/12/14 (Fri) 01:00:18 JST,gnu/linux,root,ni,Exit
2012/12/14 (Fri) 01:02:29 JST,gnu/linux,root,ni,Start,Debug
2012/12/14 (Fri) 01:02:29 JST,gnu/linux,root,ni,Exit
2012/12/14 (Fri) 01:02:54 JST,gnu/linux,root,ni,Start,Debug
2012/12/14 (Fri) 01:02:54 JST,gnu/linux,root,ni,Exit
2012/12/14 (Fri) 01:04:01 JST,gnu/linux,root,ni,Start,Debug
2012/12/14 (Fri) 01:04:01 JST,gnu/linux,root,ni,Exit
2012/12/14 (Fri) 01:04:41 JST,gnu/linux,root,ni,Start,Debug
2012/12/14 (Fri) 01:04:41 JST,gnu/linux,root,ni,Exit
2012/12/14 (Fri) 01:05:59 JST,gnu/linux,root,ni,Start,Debug
2012/12/14 (Fri) 01:05:59 JST,gnu/linux,root,ni,Exit
2012/12/14 (Fri) 01:12:32 JST,gnu/linux,root,ni,Start,Debug
2012/12/14 (Fri) 01:12:32 JST,gnu/linux,root,ni,Exit
2012/12/14 (Fri) 01:13:13 JST,gnu/linux,root,ni,Start,Debug
2012/12/14 (Fri) 01:13:13 JST,gnu/linux,root,ni,Exit
2012/12/14 (Fri) 08:27:23 JST,gnu/linux,root,ni,Start,Debug
2012/12/14 (Fri) 08:27:23 JST,gnu/linux,root,ni,Exit
2012/12/14 (Fri) 08:30:12 JST,gnu/linux,root,ni,Start,Debug
2012/12/14 (Fri) 08:30:12 JST,gnu/linux,root,ni,Exit
2012/12/14 (Fri) 08:33:47 JST,gnu/linux,root,ni,Exit
2012/12/14 (Fri) 14:32:10 JST,gnu/linux,root,ni,Exit
2012/12/14 (Fri) 14:32:35 JST,gnu/linux,root,ni,Start,Debug
2012/12/14 (Fri) 14:32:35 JST,gnu/linux,root,ni,Exit
2012/12/14 (Fri) 14:35:07 JST,gnu/linux,root,ni,Exit
2012/12/14 (Fri) 14:35:31 JST,gnu/linux,root,ni,Start,Debug
2012/12/14 (Fri) 14:35:31 JST,gnu/linux,root,ni,Exit
2012/12/14 (Fri) 18:51:01 JST,gnu/linux,root,ni,Exit
2012/12/14 (Fri) 18:51:51 JST,gnu/linux,root,ni,Start,Debug
2012/12/14 (Fri) 18:51:51 JST,gnu/linux,root,ni,Exit
2012/12/14 (Fri) 18:54:22 JST,gnu/linux,root,ni,Exit
2012/12/14 (Fri) 18:56:22 JST,gnu/linux,root,ni,Exit
2012/12/14 (Fri) 18:57:52 JST,gnu/linux,root,ni,Exit
2012/12/14 (Fri) 18:58:29 JST,gnu/linux,root,ni,Exit
2012/12/14 (Fri) 19:05:59 JST,gnu/linux,root,ni,Exit
2012/12/13 (Thu) 18:29:47 JST,gnu/linux,root,ni,Exit
2012/12/14 (Fri) 19:07:16 JST,gnu/linux,root,ni,Start,Default
2012/12/14 (Fri) 19:07:16 JST,gnu/linux,root,ni,Exit
2012/12/14 (Fri) 19:10:25 JST,gnu/linux,root,ni,Start,Default
2012/12/14 (Fri) 19:38:21 JST,gnu/linux,root,ni,Start,Default
2012/12/14 (Fri) 19:38:21 JST,gnu/linux,root,ni,Exit
2012/12/14 (Fri) 19:39:10 JST,gnu/linux,root,ni,Start,Debug
2012/12/14 (Fri) 19:39:10 JST,gnu/linux,root,ni,Exit
2012/12/14 (Fri) 19:42:37 JST,gnu/linux,root,ni,Start,Debug
2012/12/14 (Fri) 19:42:37 JST,gnu/linux,root,ni,Exit
2012/12/14 (Fri) 19:46:53 JST,gnu/linux,root,ni,Start,Debug
2012/12/14 (Fri) 19:46:53 JST,gnu/linux,root,ni,Exit
2012/12/14 (Fri) 19:10:25 JST,gnu/linux,root,ni,Exit
2012/12/14 (Fri) 19:49:45 JST,gnu/linux,root,ni,Start,Default
2012/12/14 (Fri) 19:49:45 JST,gnu/linux,root,ni,Exit
2012/12/14 (Fri) 19:50:09 JST,gnu/linux,root,ni,Start,Debug
2012/12/14 (Fri) 20:05:07 JST,gnu/linux,root,ni,Start,Debug
2012/12/14 (Fri) 20:05:07 JST,gnu/linux,root,ni,Exit
2012/12/14 (Fri) 20:06:31 JST,gnu/linux,root,ni,Start,Debug
2012/12/14 (Fri) 20:06:31 JST,gnu/linux,root,ni,Exit
2012/12/14 (Fri) 20:06:48 JST,gnu/linux,root,ni,Start,Debug
2012/12/14 (Fri) 20:06:48 JST,gnu/linux,root,ni,Exit
2012/12/14 (Fri) 20:07:10 JST,gnu/linux,root,ni,Start,Debug
2012/12/14 (Fri) 20:07:10 JST,gnu/linux,root,ni,Exit
2012/12/14 (Fri) 20:08:15 JST,gnu/linux,root,ni,Start,Debug
2012/12/14 (Fri) 20:08:15 JST,gnu/linux,root,ni,Exit
2012/12/14 (Fri) 20:20:39 JST,gnu/linux,root,ni,Exit
2012/12/14 (Fri) 20:23:39 JST,gnu/linux,root,ni,Start,Debug
2012/12/14 (Fri) 20:23:39 JST,gnu/linux,root,ni,Exit
2012/12/14 (Fri) 19:50:09 JST,gnu/linux,root,ni,Exit
2012/12/14 (Fri) 21:06:28 JST,gnu/linux,root,ni,Start,Debug
2012/12/14 (Fri) 21:09:20 JST,gnu/linux,root,ni,Start,Debug
2012/12/14 (Fri) 21:09:20 JST,gnu/linux,root,ni,Exit
2012/12/14 (Fri) 21:10:29 JST,gnu/linux,root,ni,Start,Debug
2012/12/14 (Fri) 21:10:29 JST,gnu/linux,root,ni,Exit
2012/12/14 (Fri) 21:12:48 JST,gnu/linux,root,ni,Start,Debug
2012/12/14 (Fri) 21:12:48 JST,gnu/linux,root,ni,Exit
2012/12/14 (Fri) 21:14:23 JST,gnu/linux,root,ni,Start,Debug
2012/12/14 (Fri) 21:14:23 JST,gnu/linux,root,ni,Exit
2012/12/14 (Fri) 21:23:54 JST,gnu/linux,root,ni,Start,Debug
2012/12/14 (Fri) 21:23:54 JST,gnu/linux,root,ni,Exit
2012/12/14 (Fri) 21:25:49 JST,gnu/linux,root,ni,Start,Debug
2012/12/14 (Fri) 21:25:49 JST,gnu/linux,root,ni,Exit
2012/12/14 (Fri) 21:44:21 JST,gnu/linux,root,ni,Start,Debug
2012/12/14 (Fri) 21:44:21 JST,gnu/linux,root,ni,Exit
2012/12/14 (Fri) 21:48:15 JST,gnu/linux,root,ni,Start,Debug
2012/12/14 (Fri) 21:48:15 JST,gnu/linux,root,ni,Exit
2012/12/14 (Fri) 21:49:43 JST,gnu/linux,root,ni,Start,Debug
2012/12/14 (Fri) 21:49:43 JST,gnu/linux,root,ni,Exit
2012/12/14 (Fri) 21:50:58 JST,gnu/linux,root,ni,Start,Default
2012/12/14 (Fri) 21:50:58 JST,gnu/linux,root,ni,Exit
2012/12/14 (Fri) 21:54:04 JST,gnu/linux,root,ni,Start,Default
2012/12/14 (Fri) 21:54:04 JST,gnu/linux,root,ni,Exit
2012/12/14 (Fri) 21:55:36 JST,gnu/linux,root,ni,Start,Default
2012/12/14 (Fri) 21:55:36 JST,gnu/linux,root,ni,Exit
2012/12/14 (Fri) 21:57:29 JST,gnu/linux,root,ni,Start,Default
2012/12/14 (Fri) 21:57:29 JST,gnu/linux,root,ni,Exit
2012/12/14 (Fri) 22:00:37 JST,gnu/linux,root,ni,Start,Default
2012/12/14 (Fri) 22:00:37 JST,gnu/linux,root,ni,Exit
2012/12/14 (Fri) 22:00:58 JST,gnu/linux,root,ni,Start,Debug
2012/12/14 (Fri) 22:00:58 JST,gnu/linux,root,ni,Exit
2012/12/14 (Fri) 22:18:08 JST,gnu/linux,root,ni,Start,Debug
2012/12/14 (Fri) 22:18:08 JST,gnu/linux,root,ni,Exit
2012/12/14 (Fri) 22:18:43 JST,gnu/linux,root,ni,Exit
2012/12/14 (Fri) 22:19:55 JST,gnu/linux,root,ni,Exit
2012/12/15 (Sat) 16:20:00 JST,gnu/linux,root,ni,Exit
2012/12/15 (Sat) 16:20:43 JST,gnu/linux,root,ni,Start,Default
2012/12/15 (Sat) 16:20:43 JST,gnu/linux,root,ni,Exit
2012/12/15 (Sat) 16:34:28 JST,gnu/linux,root,ni,Start,Default
2012/12/15 (Sat) 16:35:02 JST,gnu/linux,root,ni,Start,Default
2012/12/15 (Sat) 16:35:02 JST,gnu/linux,root,ni,Exit
2012/12/15 (Sat) 16:38:32 JST,gnu/linux,root,ni,Start,Default
2012/12/15 (Sat) 16:38:32 JST,gnu/linux,root,ni,Exit
2012/12/15 (Sat) 16:42:40 JST,gnu/linux,root,ni,Start,Default
2012/12/15 (Sat) 16:42:40 JST,gnu/linux,root,ni,Exit
2012/12/15 (Sat) 16:44:34 JST,gnu/linux,root,ni,Start,Default
2012/12/15 (Sat) 16:44:34 JST,gnu/linux,root,ni,Exit
2012/12/15 (Sat) 16:46:52 JST,gnu/linux,root,ni,Start,Default
2012/12/15 (Sat) 16:46:52 JST,gnu/linux,root,ni,Exit
2012/12/15 (Sat) 16:48:23 JST,gnu/linux,root,ni,Start,Default
2012/12/15 (Sat) 16:48:23 JST,gnu/linux,root,ni,Exit
2012/12/15 (Sat) 16:49:41 JST,gnu/linux,root,ni,Start,Default
2012/12/15 (Sat) 16:49:41 JST,gnu/linux,root,ni,Exit
2012/12/15 (Sat) 16:53:29 JST,gnu/linux,root,ni,Start,Default
2012/12/15 (Sat) 16:53:29 JST,gnu/linux,root,ni,Exit
2012/12/15 (Sat) 16:56:25 JST,gnu/linux,root,ni,Start,Default
2012/12/15 (Sat) 16:56:25 JST,gnu/linux,root,ni,Exit
2012/12/15 (Sat) 16:58:21 JST,gnu/linux,root,ni,Start,Default
2012/12/15 (Sat) 16:58:21 JST,gnu/linux,root,ni,Exit
2012/12/15 (Sat) 17:10:01 JST,gnu/linux,root,ni,Exit
2012/12/15 (Sat) 17:10:24 JST,gnu/linux,root,ni,Start,Default
2012/12/15 (Sat) 17:10:24 JST,gnu/linux,root,ni,Exit
2012/12/15 (Sat) 17:11:42 JST,gnu/linux,root,ni,Start,Default
2012/12/15 (Sat) 17:11:42 JST,gnu/linux,root,ni,Exit
2012/12/15 (Sat) 17:21:55 JST,gnu/linux,root,ni,Start,Default
2012/12/15 (Sat) 17:21:55 JST,gnu/linux,root,ni,Exit
2012/12/15 (Sat) 17:24:30 JST,gnu/linux,root,ni,Start,Default
2012/12/15 (Sat) 17:24:30 JST,gnu/linux,root,ni,Exit
2012/12/15 (Sat) 17:25:41 JST,gnu/linux,root,ni,Start,Default
2012/12/15 (Sat) 17:25:41 JST,gnu/linux,root,ni,Exit
2012/12/15 (Sat) 17:31:23 JST,gnu/linux,root,ni,Start,Default
2012/12/15 (Sat) 17:31:23 JST,gnu/linux,root,ni,Exit
2012/12/15 (Sat) 17:32:26 JST,gnu/linux,root,ni,Start,Default
2012/12/15 (Sat) 17:32:26 JST,gnu/linux,root,ni,Exit
2012/12/15 (Sat) 17:54:27 JST,gnu/linux,root,ni,Start,Default
2012/12/15 (Sat) 17:54:27 JST,gnu/linux,root,ni,Exit
2012/12/15 (Sat) 18:11:44 JST,gnu/linux,root,ni,Start,Default
2012/12/15 (Sat) 18:11:44 JST,gnu/linux,root,ni,Exit
2012/12/15 (Sat) 18:12:32 JST,gnu/linux,root,ni,Start,Default
2012/12/15 (Sat) 18:12:32 JST,gnu/linux,root,ni,Exit
2012/12/15 (Sat) 18:13:32 JST,gnu/linux,root,ni,Start,Default
2012/12/15 (Sat) 18:13:32 JST,gnu/linux,root,ni,Exit
2012/12/15 (Sat) 18:14:55 JST,gnu/linux,root,ni,Start,Default
2012/12/15 (Sat) 18:14:55 JST,gnu/linux,root,ni,Exit
2012/12/15 (Sat) 18:17:23 JST,gnu/linux,root,ni,Start,Default
2012/12/15 (Sat) 18:17:23 JST,gnu/linux,root,ni,Exit
2012/12/15 (Sat) 18:27:23 JST,gnu/linux,root,ni,Start,Default
2012/12/15 (Sat) 18:27:23 JST,gnu/linux,root,ni,Exit
2012/12/15 (Sat) 18:29:29 JST,gnu/linux,root,ni,Start,Default
2012/12/15 (Sat) 18:29:29 JST,gnu/linux,root,ni,Exit
2012/12/14 (Fri) 21:06:28 JST,gnu/linux,root,ni,Exit
2012/12/15 (Sat) 20:29:46 JST,gnu/linux,root,ni,Start,Default
2012/12/15 (Sat) 20:46:15 JST,gnu/linux,root,ni,Start,Default
2012/12/15 (Sat) 20:46:15 JST,gnu/linux,root,ni,Exit
2012/12/15 (Sat) 20:48:41 JST,gnu/linux,root,ni,Start,Default
2012/12/15 (Sat) 20:52:07 JST,gnu/linux,root,ni,Start,Default
2012/12/15 (Sat) 20:52:07 JST,gnu/linux,root,ni,Exit
2012/12/15 (Sat) 20:52:34 JST,gnu/linux,root,ni,Start,Default
2012/12/15 (Sat) 20:52:34 JST,gnu/linux,root,ni,Exit
2012/12/15 (Sat) 21:37:49 JST,gnu/linux,root,ni,Start,Default
2012/12/15 (Sat) 21:37:49 JST,gnu/linux,root,ni,Exit
2012/12/15 (Sat) 20:29:46 JST,gnu/linux,root,ni,Exit
2012/12/17 (Mon) 19:21:03 JST,gnu/linux,root,ni,Start,Default
2012/12/17 (Mon) 19:43:31 JST,gnu/linux,root,ni,Start,Default
2012/12/17 (Mon) 19:43:31 JST,gnu/linux,root,ni,Exit
2012/12/17 (Mon) 19:55:03 JST,gnu/linux,root,ni,Start,Default
2012/12/17 (Mon) 19:55:03 JST,gnu/linux,root,ni,Exit
2012/12/17 (Mon) 19:55:20 JST,gnu/linux,root,ni,Exit
2012/12/17 (Mon) 19:56:33 JST,gnu/linux,root,ni,Start,Default
2012/12/17 (Mon) 19:56:33 JST,gnu/linux,root,ni,Exit
2012/12/17 (Mon) 19:58:47 JST,gnu/linux,root,ni,Start,Default
2012/12/17 (Mon) 19:58:47 JST,gnu/linux,root,ni,Exit
2012/12/17 (Mon) 20:53:36 JST,gnu/linux,root,ni,Start,Default
2012/12/17 (Mon) 20:53:36 JST,gnu/linux,root,ni,Exit
2012/12/17 (Mon) 21:50:26 JST,gnu/linux,root,ni,Start,Default
2012/12/17 (Mon) 21:50:26 JST,gnu/linux,root,ni,Exit
2012/12/17 (Mon) 22:44:38 JST,gnu/linux,root,ni,Exit
2012/12/17 (Mon) 22:45:55 JST,gnu/linux,root,ni,Start,Default
2012/12/17 (Mon) 22:45:55 JST,gnu/linux,root,ni,Exit
2012/12/18 (Tue) 00:39:43 JST,gnu/linux,root,ni,Exit
2012/12/18 (Tue) 00:40:11 JST,gnu/linux,root,ni,Start,Default
2012/12/18 (Tue) 00:40:11 JST,gnu/linux,root,ni,Exit
2012/12/18 (Tue) 00:41:01 JST,gnu/linux,root,ni,Exit
2012/12/18 (Tue) 00:41:22 JST,gnu/linux,root,ni,Start,Debug
2012/12/18 (Tue) 00:41:22 JST,gnu/linux,root,ni,Exit
2012/12/18 (Tue) 00:43:12 JST,gnu/linux,root,ni,Start,Debug
2012/12/18 (Tue) 00:43:12 JST,gnu/linux,root,ni,Exit
2012/12/18 (Tue) 00:44:26 JST,gnu/linux,root,ni,Start,Debug
2012/12/18 (Tue) 00:48:45 JST,gnu/linux,root,ni,Start,Debug
2012/12/18 (Tue) 00:48:45 JST,gnu/linux,root,ni,Exit
2012/12/18 (Tue) 01:30:33 JST,gnu/linux,root,ni,Exit
2012/12/18 (Tue) 01:32:16 JST,gnu/linux,root,ni,Start,Default
2012/12/18 (Tue) 01:32:16 JST,gnu/linux,root,ni,Exit
2012/12/18 (Tue) 01:33:03 JST,gnu/linux,root,ni,Start,Default
2012/12/18 (Tue) 01:49:53 JST,gnu/linux,root,ni,Start,Debug
2012/12/18 (Tue) 01:49:53 JST,gnu/linux,root,ni,Exit
2012/12/18 (Tue) 02:14:14 JST,gnu/linux,root,ni,Exit
2012/12/18 (Tue) 02:14:40 JST,gnu/linux,root,ni,Exit
2012/12/18 (Tue) 02:15:08 JST,gnu/linux,root,ni,Start,Debug
2012/12/18 (Tue) 02:15:08 JST,gnu/linux,root,ni,Exit
2012/12/18 (Tue) 16:08:33 JST,gnu/linux,root,ni,Exit
2012/12/18 (Tue) 16:14:31 JST,gnu/linux,root,ni,Exit
2012/12/18 (Tue) 16:14:04 JST,gnu/linux,root,ni,Exit
2012/12/18 (Tue) 16:16:13 JST,gnu/linux,root,ni,Exit
2012/12/18 (Tue) 16:16:31 JST,gnu/linux,root,ni,Start,Debug
2012/12/18 (Tue) 16:16:31 JST,gnu/linux,root,ni,Exit
2012/12/18 (Tue) 16:22:51 JST,gnu/linux,root,ni,Start,Debug
2012/12/18 (Tue) 16:22:51 JST,gnu/linux,root,ni,Exit
2012/12/18 (Tue) 17:50:17 JST,gnu/linux,root,ni,Exit
2012/12/18 (Tue) 17:50:55 JST,gnu/linux,root,ni,Exit
2012/12/18 (Tue) 17:51:46 JST,gnu/linux,root,ni,Start,Debug
2012/12/18 (Tue) 17:51:46 JST,gnu/linux,root,ni,Exit
2012/12/18 (Tue) 18:02:00 JST,gnu/linux,root,ni,Start,Debug
2012/12/18 (Tue) 18:02:00 JST,gnu/linux,root,ni,Exit
2012/12/18 (Tue) 18:06:31 JST,gnu/linux,root,ni,Start,Debug
2012/12/18 (Tue) 18:06:31 JST,gnu/linux,root,ni,Exit
2012/12/18 (Tue) 18:54:57 JST,gnu/linux,root,ni,Exit
2012/12/18 (Tue) 18:55:27 JST,gnu/linux,root,ni,Start,Debug
2012/12/18 (Tue) 18:55:27 JST,gnu/linux,root,ni,Exit
2012/12/18 (Tue) 20:46:51 JST,gnu/linux,root,ni,Exit
2012/12/18 (Tue) 21:27:42 JST,gnu/linux,root,ni,Exit
2012/12/18 (Tue) 21:28:10 JST,gnu/linux,root,ni,Exit
2012/12/18 (Tue) 22:39:51 JST,gnu/linux,root,ni,Exit
2012/12/18 (Tue) 22:41:36 JST,gnu/linux,root,ni,Exit
2012/12/18 (Tue) 22:43:28 JST,gnu/linux,root,ni,Exit
2012/12/18 (Tue) 22:43:53 JST,gnu/linux,root,ni,Exit
2012/12/18 (Tue) 22:48:52 JST,gnu/linux,root,ni,Exit
2012/12/18 (Tue) 22:50:54 JST,gnu/linux,root,ni,Exit
2012/12/18 (Tue) 22:51:52 JST,gnu/linux,root,ni,Exit
2012/12/18 (Tue) 22:52:39 JST,gnu/linux,root,ni,Exit
2012/12/18 (Tue) 22:54:03 JST,gnu/linux,root,ni,Exit
2012/12/18 (Tue) 22:57:48 JST,gnu/linux,root,ni,Exit
2012/12/18 (Tue) 22:58:35 JST,gnu/linux,root,ni,Exit
2012/12/18 (Tue) 23:18:37 JST,gnu/linux,root,ni,Exit
2012/12/19 (Wed) 01:22:13 JST,gnu/linux,root,ni,Start,Default
2012/12/19 (Wed) 01:22:13 JST,gnu/linux,root,ni,Exit
2012/12/19 (Wed) 01:29:06 JST,gnu/linux,root,ni,Start,Default
2012/12/19 (Wed) 01:29:06 JST,gnu/linux,root,ni,Exit
2012/12/19 (Wed) 01:31:49 JST,gnu/linux,root,ni,Start,Debug
2012/12/19 (Wed) 01:31:49 JST,gnu/linux,root,ni,Exit
2012/12/23 (Sun) 03:01:18 JST,gnu/linux,root,ni,Start,Default
2012/12/23 (Sun) 23:02:11 JST,gnu/linux,root,ni,Exit
2012/12/23 (Sun) 23:03:23 JST,gnu/linux,root,ni,Exit
2012/12/23 (Sun) 23:04:08 JST,gnu/linux,root,ni,Start,Debug
2012/12/23 (Sun) 23:04:08 JST,gnu/linux,root,ni,Exit
2012/12/24 (Mon) 04:41:01 JST,gnu/linux,root,ni,Start,Debug
2012/12/24 (Mon) 04:41:01 JST,gnu/linux,root,ni,Exit
2012/12/24 (Mon) 04:42:26 JST,gnu/linux,root,ni,Start,Debug
2012/12/24 (Mon) 04:42:26 JST,gnu/linux,root,ni,Exit
2012/12/24 (Mon) 04:53:23 JST,gnu/linux,root,ni,Start,Debug
2012/12/24 (Mon) 04:53:23 JST,gnu/linux,root,ni,Exit
2012/12/24 (Mon) 04:56:16 JST,gnu/linux,root,ni,Start,Debug
2012/12/24 (Mon) 04:56:16 JST,gnu/linux,root,ni,Exit
2012/12/24 (Mon) 05:25:17 JST,gnu/linux,root,ni,Start,Debug
2012/12/24 (Mon) 05:25:17 JST,gnu/linux,root,ni,Exit
2012/12/24 (Mon) 07:31:49 JST,gnu/linux,root,ni,Exit
2012/12/24 (Mon) 07:33:28 JST,gnu/linux,root,ni,Exit
2012/12/24 (Mon) 07:34:24 JST,gnu/linux,root,ni,Exit
2012/12/24 (Mon) 07:34:58 JST,gnu/linux,root,ni,Start,Debug
2012/12/24 (Mon) 07:34:58 JST,gnu/linux,root,ni,Exit
2012/12/23 (Sun) 03:01:18 JST,gnu/linux,root,ni,Exit
2012/12/24 (Mon) 09:55:13 JST,gnu/linux,root,ni,Start,Default
2012/12/24 (Mon) 09:55:13 JST,gnu/linux,root,ni,Exit
2012/12/24 (Mon) 11:00:42 JST,gnu/linux,root,ni,Start,Default
2012/12/24 (Mon) 14:08:09 JST,gnu/linux,root,ni,Exit
2012/12/24 (Mon) 14:08:54 JST,gnu/linux,root,ni,Start,Default
2012/12/24 (Mon) 14:08:54 JST,gnu/linux,root,ni,Exit
2012/12/24 (Mon) 14:09:47 JST,gnu/linux,root,ni,Start,Default
2012/12/24 (Mon) 14:10:06 JST,gnu/linux,root,ni,Start,Default
2012/12/24 (Mon) 14:10:06 JST,gnu/linux,root,ni,Exit
2012/12/24 (Mon) 11:00:42 JST,gnu/linux,root,ni,Exit
2012/12/24 (Mon) 14:17:26 JST,gnu/linux,root,ni,Start,Default
2012/12/24 (Mon) 14:34:36 JST,gnu/linux,root,ni,Start,Default
2012/12/25 (Tue) 00:08:56 JST,gnu/linux,root,ni,Start,Default
2012/12/25 (Tue) 00:08:56 JST,gnu/linux,root,ni,Exit
2012/12/25 (Tue) 00:17:44 JST,gnu/linux,root,ni,Exit
2012/12/25 (Tue) 00:23:26 JST,gnu/linux,root,ni,Exit
2012/12/25 (Tue) 00:28:30 JST,gnu/linux,root,ni,Exit
2012/12/25 (Tue) 00:41:14 JST,gnu/linux,root,ni,Start,Default
2012/12/25 (Tue) 00:41:14 JST,gnu/linux,root,ni,Exit
2012/12/25 (Tue) 00:44:49 JST,gnu/linux,root,ni,Start,Default
2012/12/25 (Tue) 00:44:49 JST,gnu/linux,root,ni,Exit
2012/12/24 (Mon) 14:34:36 JST,gnu/linux,root,ni,Exit
2012/12/25 (Tue) 00:51:23 JST,gnu/linux,root,ni,Start,Default
2012/12/25 (Tue) 01:32:38 JST,gnu/linux,root,ni,Start,Default
2012/12/25 (Tue) 01:32:38 JST,gnu/linux,root,ni,Exit
2012/12/25 (Tue) 01:33:09 JST,gnu/linux,root,ni,Start,Default
2012/12/25 (Tue) 01:33:09 JST,gnu/linux,root,ni,Exit
2012/12/25 (Tue) 01:36:10 JST,gnu/linux,root,ni,Start,Default
2012/12/25 (Tue) 01:36:10 JST,gnu/linux,root,ni,Exit
2012/12/26 (Wed) 05:24:09 JST,gnu/linux,root,ni,Start,Default
2012/12/26 (Wed) 05:24:09 JST,gnu/linux,root,ni,Exit
2012/12/26 (Wed) 05:24:47 JST,gnu/linux,root,ni,Start,Default
2012/12/26 (Wed) 05:24:47 JST,gnu/linux,root,ni,Exit
2012/12/26 (Wed) 05:31:53 JST,gnu/linux,root,ni,Start,Default
2012/12/26 (Wed) 05:31:53 JST,gnu/linux,root,ni,Exit
2012/12/26 (Wed) 05:33:04 JST,gnu/linux,root,ni,Start,Default
2012/12/26 (Wed) 05:33:04 JST,gnu/linux,root,ni,Exit
2012/12/26 (Wed) 05:34:05 JST,gnu/linux,root,ni,Start,Default
2012/12/26 (Wed) 05:34:05 JST,gnu/linux,root,ni,Exit
2012/12/26 (Wed) 05:39:58 JST,gnu/linux,root,ni,Start,Default
2012/12/26 (Wed) 06:23:38 JST,gnu/linux,root,ni,Start,Default
2012/12/26 (Wed) 06:23:38 JST,gnu/linux,root,ni,Exit
2012/12/26 (Wed) 06:26:46 JST,gnu/linux,root,ni,Start,Default
2012/12/26 (Wed) 05:39:58 JST,gnu/linux,root,ni,Exit
2012/12/26 (Wed) 06:48:15 JST,gnu/linux,root,ni,Start,Default
2012/12/26 (Wed) 06:48:15 JST,gnu/linux,root,ni,Exit
2012/12/25 (Tue) 00:51:23 JST,gnu/linux,root,ni,Exit
2012/12/26 (Wed) 06:26:46 JST,gnu/linux,root,ni,Exit
2012/12/26 (Wed) 06:55:35 JST,gnu/linux,root,ni,Start,Default
2012/12/26 (Wed) 06:58:44 JST,gnu/linux,root,ni,Start,Default
2012/12/26 (Wed) 06:58:44 JST,gnu/linux,root,ni,Exit
2012/12/26 (Wed) 07:08:06 JST,gnu/linux,root,ni,Start,Default
2012/12/26 (Wed) 07:08:06 JST,gnu/linux,root,ni,Exit
2012/12/26 (Wed) 07:20:45 JST,gnu/linux,root,ni,Start,Default
2012/12/26 (Wed) 07:20:45 JST,gnu/linux,root,ni,Exit
2012/12/26 (Wed) 07:32:00 JST,gnu/linux,root,ni,Start,Default
2012/12/28 (Fri) 05:29:57 JST,gnu/linux,root,ni,Start,Default
2012/12/28 (Fri) 05:29:57 JST,gnu/linux,root,ni,Exit
2012/12/28 (Fri) 05:30:16 JST,gnu/linux,root,ni,Start,Default
2012/12/28 (Fri) 16:30:26 JST,gnu/linux,root,ni,Start,Default
2012/12/28 (Fri) 16:30:26 JST,gnu/linux,root,ni,Exit
2012/12/28 (Fri) 16:37:40 JST,gnu/linux,root,ni,Start,Default
2012/12/28 (Fri) 17:11:48 JST,gnu/linux,root,ni,Start,Default
2012/12/28 (Fri) 17:11:48 JST,gnu/linux,root,ni,Exit
2012/12/28 (Fri) 17:38:35 JST,gnu/linux,root,ni,Start,Default
2012/12/28 (Fri) 17:38:35 JST,gnu/linux,root,ni,Exit
2012/12/28 (Fri) 17:40:34 JST,gnu/linux,root,ni,Start,Default
2012/12/28 (Fri) 17:40:34 JST,gnu/linux,root,ni,Exit
2012/12/28 (Fri) 17:45:00 JST,gnu/linux,root,ni,Start,Default
2012/12/28 (Fri) 17:45:00 JST,gnu/linux,root,ni,Exit
2012/12/28 (Fri) 18:21:47 JST,gnu/linux,root,ni,Start,Default
2012/12/28 (Fri) 18:21:47 JST,gnu/linux,root,ni,Exit
2012/12/28 (Fri) 18:22:30 JST,gnu/linux,root,ni,Start,Default
2012/12/29 (Sat) 00:32:56 JST,gnu/linux,root,ni,Start,Default
2012/12/29 (Sat) 00:37:47 JST,gnu/linux,root,ni,Start,Default
2012/12/29 (Sat) 00:44:56 JST,gnu/linux,root,ni,Start,Default
2012/12/29 (Sat) 00:44:56 JST,gnu/linux,root,ni,Exit
2012/12/29 (Sat) 00:47:29 JST,gnu/linux,root,ni,Start,Default
2012/12/29 (Sat) 00:47:29 JST,gnu/linux,root,ni,Exit
2012/12/29 (Sat) 08:08:12 JST,gnu/linux,root,ni,Start,Default
2012/12/29 (Sat) 08:08:12 JST,gnu/linux,root,ni,Exit
2012/12/29 (Sat) 08:50:11 JST,gnu/linux,root,ni,Start,Default
2012/12/29 (Sat) 08:50:11 JST,gnu/linux,root,ni,Exit
2012/12/29 (Sat) 09:10:37 JST,gnu/linux,root,ni,Start,Default
2012/12/29 (Sat) 09:10:37 JST,gnu/linux,root,ni,Exit
2012/12/29 (Sat) 09:14:07 JST,gnu/linux,root,ni,Start,Default
2012/12/29 (Sat) 09:14:07 JST,gnu/linux,root,ni,Exit
2012/12/29 (Sat) 09:16:36 JST,gnu/linux,root,ni,Start,Default
2012/12/29 (Sat) 09:16:36 JST,gnu/linux,root,ni,Exit
2012/12/29 (Sat) 09:28:40 JST,gnu/linux,root,ni,Start,Default
2012/12/29 (Sat) 10:00:06 JST,gnu/linux,root,ni,Exit
2012/12/29 (Sat) 10:28:26 JST,gnu/linux,root,ni,Exit
2012/12/29 (Sat) 10:31:53 JST,gnu/linux,root,ni,Start,Default
2012/12/29 (Sat) 10:31:53 JST,gnu/linux,root,ni,Exit
2012/12/29 (Sat) 14:45:00 JST,gnu/linux,root,ni,Start,Default
2012/12/29 (Sat) 14:45:00 JST,gnu/linux,root,ni,Exit
2012/12/29 (Sat) 14:50:54 JST,gnu/linux,root,ni,Start,Default
2012/12/29 (Sat) 14:50:54 JST,gnu/linux,root,ni,Exit
2012/12/29 (Sat) 15:48:04 JST,gnu/linux,root,ni,Start,Default
2012/12/29 (Sat) 15:48:04 JST,gnu/linux,root,ni,Exit
2012/12/29 (Sat) 16:11:16 JST,gnu/linux,root,ni,Start,Default
2012/12/29 (Sat) 16:11:16 JST,gnu/linux,root,ni,Exit
2012/12/29 (Sat) 16:11:57 JST,gnu/linux,root,ni,Start,Default
2012/12/29 (Sat) 16:11:57 JST,gnu/linux,root,ni,Exit
2012/12/29 (Sat) 09:28:40 JST,gnu/linux,root,ni,Exit
2012/12/29 (Sat) 16:14:44 JST,gnu/linux,root,ni,Start,Default
2012/12/29 (Sat) 16:20:59 JST,gnu/linux,root,ni,Exit
2012/12/29 (Sat) 16:21:25 JST,gnu/linux,root,ni,Start,Default
2012/12/29 (Sat) 16:21:25 JST,gnu/linux,root,ni,Exit
2012/12/29 (Sat) 16:28:21 JST,gnu/linux,root,ni,Exit
2012/12/29 (Sat) 16:29:28 JST,gnu/linux,root,ni,Exit
2012/12/29 (Sat) 16:29:52 JST,gnu/linux,root,ni,Start,Default
2012/12/29 (Sat) 16:29:52 JST,gnu/linux,root,ni,Exit
2012/12/29 (Sat) 16:31:53 JST,gnu/linux,root,ni,Start,Default
2012/12/29 (Sat) 16:31:53 JST,gnu/linux,root,ni,Exit
2012/12/29 (Sat) 16:36:08 JST,gnu/linux,root,ni,Start,Default
2012/12/29 (Sat) 16:36:08 JST,gnu/linux,root,ni,Exit
2012/12/29 (Sat) 17:38:56 JST,gnu/linux,root,ni,Start,Default
2012/12/29 (Sat) 18:26:42 JST,gnu/linux,root,ni,Start,Default
2012/12/29 (Sat) 18:26:42 JST,gnu/linux,root,ni,Exit
2012/12/29 (Sat) 18:32:08 JST,gnu/linux,root,ni,Start,Default
2012/12/29 (Sat) 18:32:08 JST,gnu/linux,root,ni,Exit
2012/12/29 (Sat) 17:38:56 JST,gnu/linux,root,ni,Exit
2012/12/31 (Mon) 01:34:55 JST,gnu/linux,root,ni,Start,Default
2012/12/31 (Mon) 01:34:55 JST,gnu/linux,root,ni,Exit
2012/12/31 (Mon) 02:10:16 JST,gnu/linux,root,ni,Start,Default
2012/12/31 (Mon) 02:12:56 JST,gnu/linux,root,ni,Start,Default
2012/12/31 (Mon) 02:12:56 JST,gnu/linux,root,ni,Exit
2012/12/31 (Mon) 02:13:29 JST,gnu/linux,root,ni,Start,Default
2012/12/31 (Mon) 02:13:29 JST,gnu/linux,root,ni,Exit
2012/12/31 (Mon) 02:10:16 JST,gnu/linux,root,ni,Exit
2012/12/31 (Mon) 02:13:44 JST,gnu/linux,root,ni,Start,Default
2012/12/31 (Mon) 02:13:44 JST,gnu/linux,root,ni,Exit
2012/12/31 (Mon) 02:16:56 JST,gnu/linux,root,ni,Start,Default
