2015/07/04 (Sat) 13:23:39 JST,gnu/linux,root,qu,Start,Default
2015/07/04 (Sat) 13:24:08 JST,gnu/linux,root,qu,Start,Default
2015/07/04 (Sat) 13:23:39 JST,gnu/linux,root,qu,Exit
2015/07/04 (Sat) 13:24:08 JST,gnu/linux,root,qu,Exit
2015/07/04 (Sat) 15:01:23 JST,gnu/linux,root,qu,Start,Default
2015/07/11 (Sat) 12:45:02 JST,gnu/linux,root,qu,Start,Default
2015/07/11 (Sat) 12:45:30 JST,gnu/linux,root,qu,Start,Default
2015/07/11 (Sat) 12:45:02 JST,gnu/linux,root,qu,Exit
2015/07/11 (Sat) 12:45:30 JST,gnu/linux,root,qu,Exit
2015/07/11 (Sat) 17:31:05 JST,gnu/linux,root,qu,Exit
2015/07/11 (Sat) 17:31:16 JST,gnu/linux,root,qu,Start,Default
2015/07/11 (Sat) 17:31:16 JST,gnu/linux,root,qu,Exit
2015/07/11 (Sat) 17:34:10 JST,gnu/linux,root,qu,Exit
2015/07/11 (Sat) 17:34:18 JST,gnu/linux,root,qu,Start,Default
2015/07/11 (Sat) 17:34:18 JST,gnu/linux,root,qu,Exit
2015/07/11 (Sat) 17:35:28 JST,gnu/linux,root,qu,Exit
2015/07/11 (Sat) 17:35:33 JST,gnu/linux,root,qu,Start,Default
2015/07/11 (Sat) 17:35:33 JST,gnu/linux,root,qu,Exit
2015/07/11 (Sat) 17:36:09 JST,gnu/linux,root,qu,Exit
2015/07/11 (Sat) 17:36:24 JST,gnu/linux,root,qu,Exit
2015/07/11 (Sat) 17:38:06 JST,gnu/linux,root,qu,Exit
2015/07/11 (Sat) 17:38:11 JST,gnu/linux,root,qu,Start,Default
2015/07/11 (Sat) 17:38:11 JST,gnu/linux,root,qu,Exit
2015/07/11 (Sat) 17:39:31 JST,gnu/linux,root,qu,Exit
2015/07/11 (Sat) 17:39:39 JST,gnu/linux,root,qu,Exit
2015/07/11 (Sat) 17:39:45 JST,gnu/linux,root,qu,Start,Default
2015/07/11 (Sat) 17:39:45 JST,gnu/linux,root,qu,Exit
2015/07/11 (Sat) 17:40:53 JST,gnu/linux,root,qu,Exit
2015/07/11 (Sat) 17:42:30 JST,gnu/linux,root,qu,Exit
2015/07/04 (Sat) 15:01:23 JST,gnu/linux,root,qu,Exit
2015/07/14 (Tue) 10:26:53 JST,gnu/linux,root,qu,Start,Default
2015/07/14 (Tue) 10:26:53 JST,gnu/linux,root,qu,Exit
2015/07/15 (Wed) 10:14:23 JST,gnu/linux,root,qu,Start,Default
2015/07/15 (Wed) 14:26:56 JST,gnu/linux,root,qu,Exit
2015/07/15 (Wed) 14:28:19 JST,gnu/linux,root,qu,Exit
2015/07/15 (Wed) 14:29:44 JST,gnu/linux,root,qu,Exit
2015/07/15 (Wed) 14:30:44 JST,gnu/linux,root,qu,Exit
2015/07/15 (Wed) 14:31:48 JST,gnu/linux,root,qu,Exit
2015/07/15 (Wed) 14:33:57 JST,gnu/linux,root,qu,Exit
2015/07/15 (Wed) 14:36:21 JST,gnu/linux,root,qu,Exit
2015/07/15 (Wed) 14:36:57 JST,gnu/linux,root,qu,Exit
2015/07/15 (Wed) 14:37:57 JST,gnu/linux,root,qu,Exit
2015/07/15 (Wed) 14:38:24 JST,gnu/linux,root,qu,Exit
2015/07/19 (Sun) 13:53:05 JST,gnu/linux,root,qu,Start,Default
2015/07/19 (Sun) 13:53:33 JST,gnu/linux,root,qu,Start,Default
2015/07/19 (Sun) 13:53:05 JST,gnu/linux,root,qu,Exit
2015/07/19 (Sun) 13:53:33 JST,gnu/linux,root,qu,Exit
2015/07/19 (Sun) 23:40:01 JST,gnu/linux,root,qu,Exit
2015/07/19 (Sun) 23:44:29 JST,gnu/linux,root,qu,Exit
2015/07/19 (Sun) 23:44:36 JST,gnu/linux,root,qu,Exit
2015/07/19 (Sun) 23:44:42 JST,gnu/linux,root,qu,Exit
2015/07/21 (Tue) 23:21:08 JST,gnu/linux,root,qu,Exit
2015/07/21 (Tue) 23:22:06 JST,gnu/linux,root,qu,Start,Default
2015/07/21 (Tue) 23:22:06 JST,gnu/linux,root,qu,Exit
2015/07/21 (Tue) 23:33:17 JST,gnu/linux,root,qu,Exit
2015/07/21 (Tue) 23:34:30 JST,gnu/linux,root,qu,Exit
2015/07/21 (Tue) 23:35:22 JST,gnu/linux,root,qu,Exit
2015/07/21 (Tue) 23:40:07 JST,gnu/linux,root,qu,Exit
2015/07/21 (Tue) 23:41:00 JST,gnu/linux,root,qu,Start,Default
2015/07/21 (Tue) 23:41:00 JST,gnu/linux,root,qu,Exit
2015/07/21 (Tue) 23:41:58 JST,gnu/linux,root,qu,Exit
2015/07/21 (Tue) 23:42:02 JST,gnu/linux,root,qu,Start,Default
2015/07/21 (Tue) 23:44:45 JST,gnu/linux,root,qu,Exit
2015/07/21 (Tue) 23:42:02 JST,gnu/linux,root,qu,Exit
2015/07/21 (Tue) 23:44:55 JST,gnu/linux,root,qu,Start,Default
2015/07/21 (Tue) 23:44:55 JST,gnu/linux,root,qu,Exit
2015/07/21 (Tue) 23:48:29 JST,gnu/linux,root,qu,Start,Default
2015/07/21 (Tue) 23:48:29 JST,gnu/linux,root,qu,Exit
2015/07/21 (Tue) 23:52:26 JST,gnu/linux,root,qu,Exit
2015/07/21 (Tue) 23:53:19 JST,gnu/linux,root,qu,Exit
2015/07/21 (Tue) 23:53:29 JST,gnu/linux,root,qu,Start,Default
2015/07/21 (Tue) 23:53:29 JST,gnu/linux,root,qu,Exit
2015/07/22 (Wed) 16:58:09 JST,gnu/linux,root,qu,Exit
2015/07/22 (Wed) 16:59:24 JST,gnu/linux,root,qu,Exit
2015/07/22 (Wed) 17:09:15 JST,gnu/linux,root,qu,Exit
2015/07/25 (Sat) 02:56:43 JST,gnu/linux,root,qu,Exit
2015/07/25 (Sat) 03:01:03 JST,gnu/linux,root,qu,Exit
2015/07/25 (Sat) 03:19:28 JST,gnu/linux,root,qu,Exit
2015/07/25 (Sat) 03:22:07 JST,gnu/linux,root,qu,Exit
2015/07/25 (Sat) 03:26:42 JST,gnu/linux,root,qu,Exit
2015/07/25 (Sat) 03:27:29 JST,gnu/linux,root,qu,Exit
2015/07/25 (Sat) 03:27:49 JST,gnu/linux,root,qu,Start,Default
2015/07/25 (Sat) 03:29:59 JST,gnu/linux,root,qu,Exit
2015/07/25 (Sat) 03:31:42 JST,gnu/linux,root,qu,Exit
2015/07/25 (Sat) 03:48:29 JST,gnu/linux,root,qu,Exit
2015/07/25 (Sat) 03:49:05 JST,gnu/linux,root,qu,Exit
2015/07/25 (Sat) 03:52:52 JST,gnu/linux,root,qu,Exit
2015/07/25 (Sat) 03:27:49 JST,gnu/linux,root,qu,Exit
2015/07/25 (Sat) 03:55:02 JST,gnu/linux,root,qu,Start,Default
2015/07/25 (Sat) 03:55:02 JST,gnu/linux,root,qu,Exit
2015/07/25 (Sat) 03:55:19 JST,gnu/linux,root,qu,Exit
2015/07/25 (Sat) 03:55:25 JST,gnu/linux,root,qu,Start,Default
2015/07/25 (Sat) 03:56:25 JST,gnu/linux,root,qu,Exit
2015/07/25 (Sat) 03:58:27 JST,gnu/linux,root,qu,Exit
2015/07/25 (Sat) 03:55:25 JST,gnu/linux,root,qu,Exit
2015/07/25 (Sat) 03:58:45 JST,gnu/linux,root,qu,Start,Default
2015/07/25 (Sat) 04:01:36 JST,gnu/linux,root,qu,Exit
2015/07/25 (Sat) 04:01:48 JST,gnu/linux,root,qu,Exit
2015/07/25 (Sat) 04:02:39 JST,gnu/linux,root,qu,Exit
2015/07/25 (Sat) 04:04:12 JST,gnu/linux,root,qu,Exit
2015/07/25 (Sat) 04:04:19 JST,gnu/linux,root,qu,Exit
2015/07/25 (Sat) 04:06:40 JST,gnu/linux,root,qu,Exit
2015/07/25 (Sat) 04:07:20 JST,gnu/linux,root,qu,Exit
2015/07/25 (Sat) 04:09:27 JST,gnu/linux,root,qu,Exit
2015/07/25 (Sat) 04:11:48 JST,gnu/linux,root,qu,Exit
2015/07/25 (Sat) 04:12:50 JST,gnu/linux,root,qu,Exit
2015/07/25 (Sat) 04:13:42 JST,gnu/linux,root,qu,Exit
2015/07/25 (Sat) 04:14:59 JST,gnu/linux,root,qu,Exit
2015/07/25 (Sat) 04:15:03 JST,gnu/linux,root,qu,Exit
2015/07/25 (Sat) 04:15:41 JST,gnu/linux,root,qu,Exit
2015/07/25 (Sat) 04:17:05 JST,gnu/linux,root,qu,Exit
2015/07/25 (Sat) 04:17:13 JST,gnu/linux,root,qu,Exit
2015/07/25 (Sat) 04:20:56 JST,gnu/linux,root,qu,Exit
2015/07/25 (Sat) 03:58:45 JST,gnu/linux,root,qu,Exit
2015/07/25 (Sat) 14:04:38 JST,gnu/linux,root,qu,Start,Default
2015/07/25 (Sat) 14:05:07 JST,gnu/linux,root,qu,Start,Default
2015/07/25 (Sat) 14:04:38 JST,gnu/linux,root,qu,Exit
2015/07/25 (Sat) 14:05:07 JST,gnu/linux,root,qu,Exit
2015/07/15 (Wed) 10:14:23 JST,gnu/linux,root,qu,Exit
2015/07/26 (Sun) 14:52:04 JST,gnu/linux,root,qu,Start,Default
2015/07/26 (Sun) 14:52:04 JST,gnu/linux,root,qu,Exit
2015/07/26 (Sun) 15:07:29 JST,gnu/linux,root,qu,Start,Default
2015/07/27 (Mon) 15:32:37 JST,gnu/linux,root,qu,Exit
2015/07/27 (Mon) 15:33:59 JST,gnu/linux,root,qu,Exit
2015/07/27 (Mon) 15:36:00 JST,gnu/linux,root,qu,Exit
2015/07/27 (Mon) 17:39:05 JST,gnu/linux,root,qu,Exit
2015/07/27 (Mon) 17:39:38 JST,gnu/linux,root,qu,Exit
2015/07/27 (Mon) 17:40:14 JST,gnu/linux,root,qu,Exit
2015/07/27 (Mon) 17:40:34 JST,gnu/linux,root,qu,Exit
2015/07/26 (Sun) 15:07:29 JST,gnu/linux,root,qu,Exit
2015/07/31 (Fri) 01:58:21 JST,gnu/linux,root,qu,Start,Default
2015/07/31 (Fri) 02:06:20 JST,gnu/linux,root,qu,Exit
2015/07/31 (Fri) 03:45:58 JST,gnu/linux,root,qu,Exit
2015/07/31 (Fri) 03:49:01 JST,gnu/linux,root,qu,Exit
2015/07/31 (Fri) 03:52:11 JST,gnu/linux,root,qu,Exit
2015/07/31 (Fri) 03:52:56 JST,gnu/linux,root,qu,Exit
