2014/10/04 (Sat) 14:25:56 JST,gnu/linux,root,qu,Start,Default
2014/10/04 (Sat) 14:25:56 JST,gnu/linux,root,qu,Exit
2014/10/04 (Sat) 14:26:24 JST,gnu/linux,root,qu,Start,Default
2014/10/04 (Sat) 14:26:24 JST,gnu/linux,root,qu,Exit
2014/10/05 (Sun) 01:15:51 JST,gnu/linux,root,qu,Start,Default
2014/10/05 (Sun) 01:15:51 JST,gnu/linux,root,qu,Exit
2014/10/05 (Sun) 09:30:45 JST,gnu/linux,root,qu,Start,Default
2014/10/11 (Sat) 21:40:48 JST,gnu/linux,root,qu,Start,Default
2014/10/11 (Sat) 21:40:48 JST,gnu/linux,root,qu,Exit
2014/10/11 (Sat) 21:41:16 JST,gnu/linux,root,qu,Start,Default
2014/10/11 (Sat) 21:41:16 JST,gnu/linux,root,qu,Exit
2014/10/05 (Sun) 09:30:45 JST,gnu/linux,root,qu,Exit
2014/10/17 (Fri) 13:42:56 JST,gnu/linux,root,qu,Start,Default
2014/10/19 (Sun) 04:38:35 JST,gnu/linux,root,qu,Exit
2014/10/19 (Sun) 04:39:39 JST,gnu/linux,root,qu,Exit
2014/10/19 (Sun) 04:48:21 JST,gnu/linux,root,qu,Exit
2014/10/19 (Sun) 04:56:39 JST,gnu/linux,root,qu,Exit
2014/10/19 (Sun) 04:58:50 JST,gnu/linux,root,qu,Exit
2014/10/19 (Sun) 04:59:40 JST,gnu/linux,root,qu,Exit
2014/10/19 (Sun) 05:00:15 JST,gnu/linux,root,qu,Exit
2014/10/19 (Sun) 05:00:22 JST,gnu/linux,root,qu,Exit
2014/10/19 (Sun) 05:00:46 JST,gnu/linux,root,qu,Start,Default
2014/10/19 (Sun) 05:00:46 JST,gnu/linux,root,qu,Exit
2014/10/19 (Sun) 05:06:24 JST,gnu/linux,root,qu,Exit
2014/10/19 (Sun) 05:06:37 JST,gnu/linux,root,qu,Start,Default
2014/10/19 (Sun) 05:07:11 JST,gnu/linux,root,qu,Exit
2014/10/19 (Sun) 05:06:37 JST,gnu/linux,root,qu,Exit
2014/10/19 (Sun) 05:09:02 JST,gnu/linux,root,qu,Exit
2014/10/19 (Sun) 05:09:09 JST,gnu/linux,root,qu,Exit
2014/10/17 (Fri) 13:42:56 JST,gnu/linux,root,qu,Exit
2014/10/19 (Sun) 05:20:59 JST,gnu/linux,root,qu,Start,Default
2014/10/19 (Sun) 05:20:59 JST,gnu/linux,root,qu,Exit
2014/10/19 (Sun) 15:18:55 JST,gnu/linux,root,qu,Start,Default
2014/10/19 (Sun) 17:01:22 JST,gnu/linux,root,qu,Start,Default
2014/10/19 (Sun) 17:01:22 JST,gnu/linux,root,qu,Exit
2014/10/19 (Sun) 17:05:04 JST,gnu/linux,root,qu,Start,Default
2014/10/19 (Sun) 17:05:42 JST,gnu/linux,root,qu,Exit
2014/10/19 (Sun) 17:05:04 JST,gnu/linux,root,qu,Exit
2014/10/19 (Sun) 17:07:32 JST,gnu/linux,root,qu,Start,Default
2014/10/19 (Sun) 17:07:32 JST,gnu/linux,root,qu,Exit
2014/10/19 (Sun) 17:09:19 JST,gnu/linux,root,qu,Start,Default
2014/10/19 (Sun) 17:10:56 JST,gnu/linux,root,qu,Exit
2014/10/19 (Sun) 17:09:19 JST,gnu/linux,root,qu,Exit
2014/10/19 (Sun) 17:11:06 JST,gnu/linux,root,qu,Start,Default
2014/10/19 (Sun) 17:11:06 JST,gnu/linux,root,qu,Exit
2014/10/19 (Sun) 15:18:55 JST,gnu/linux,root,qu,Exit
2014/10/19 (Sun) 17:12:44 JST,gnu/linux,root,qu,Start,Default
2014/10/19 (Sun) 17:12:44 JST,gnu/linux,root,qu,Exit
2014/10/22 (Wed) 16:57:25 JST,gnu/linux,root,qu,Start,Default
2014/10/22 (Wed) 16:57:25 JST,gnu/linux,root,qu,Exit
2014/10/23 (Thu) 16:41:05 JST,gnu/linux,root,qu,Start,Default
2014/10/23 (Thu) 16:41:05 JST,gnu/linux,root,qu,Exit
2014/10/25 (Sat) 16:00:38 JST,gnu/linux,root,qu,Start,Default
2014/10/25 (Sat) 16:00:38 JST,gnu/linux,root,qu,Exit
2014/10/25 (Sat) 16:01:03 JST,gnu/linux,root,qu,Start,Default
2014/10/25 (Sat) 19:18:04 JST,gnu/linux,root,qu,Start,Default
2014/10/25 (Sat) 19:18:04 JST,gnu/linux,root,qu,Exit
2014/10/25 (Sat) 19:18:30 JST,gnu/linux,root,qu,Start,Default
2014/10/25 (Sat) 19:18:30 JST,gnu/linux,root,qu,Exit
2014/10/25 (Sat) 16:01:03 JST,gnu/linux,root,qu,Exit
2014/10/27 (Mon) 17:47:56 JST,gnu/linux,root,qu,Start,Default
2014/10/27 (Mon) 23:01:18 JST,gnu/linux,root,qu,Exit
2014/10/28 (Tue) 00:53:35 JST,gnu/linux,root,qu,Exit
2014/10/28 (Tue) 00:54:17 JST,gnu/linux,root,qu,Exit
