2015/09/01 (Tue) 10:05:44 JST,gnu/linux,root,qu,Start,Default
2015/09/01 (Tue) 10:05:44 JST,gnu/linux,root,qu,Exit
2015/09/01 (Tue) 12:49:24 JST,gnu/linux,root,qu,Start,Default
2015/09/01 (Tue) 15:45:19 JST,gnu/linux,root,qu,Start,Default
2015/09/02 (Wed) 01:09:47 JST,gnu/linux,root,qu,Start,Default
2015/09/02 (Wed) 03:20:01 JST,gnu/linux,root,qu,Start,Default
2015/09/02 (Wed) 03:20:01 JST,gnu/linux,root,qu,Exit
2015/09/02 (Wed) 17:47:39 JST,gnu/linux,root,qu,Start,Default
2015/09/02 (Wed) 17:47:39 JST,gnu/linux,root,qu,Exit
2015/09/05 (Sat) 03:04:43 JST,gnu/linux,root,qu,Start,Default
2015/09/05 (Sat) 03:04:43 JST,gnu/linux,root,qu,Exit
2015/09/05 (Sat) 10:38:00 JST,gnu/linux,root,qu,Start,Default
2015/09/05 (Sat) 10:38:00 JST,gnu/linux,root,qu,Exit
2015/09/05 (Sat) 15:02:26 JST,gnu/linux,root,qu,Start,Default
2015/09/05 (Sat) 22:28:28 JST,gnu/linux,root,qu,Start,Default
2015/09/05 (Sat) 22:28:28 JST,gnu/linux,root,qu,Exit
2015/09/06 (Sun) 02:19:16 JST,gnu/linux,root,qu,Start,Default
2015/09/06 (Sun) 02:19:16 JST,gnu/linux,root,qu,Exit
2015/09/06 (Sun) 21:11:02 JST,gnu/linux,root,qu,Start,Default
2015/09/06 (Sun) 21:11:02 JST,gnu/linux,root,qu,Exit
2015/09/07 (Mon) 04:45:40 JST,gnu/linux,root,qu,Start,Default
2015/09/07 (Mon) 04:45:40 JST,gnu/linux,root,qu,Exit
2015/09/07 (Mon) 07:08:51 JST,gnu/linux,root,qu,Start,Default
2015/09/07 (Mon) 07:08:51 JST,gnu/linux,root,qu,Exit
2015/09/07 (Mon) 07:21:49 JST,gnu/linux,root,qu,Start,Default
2015/09/07 (Mon) 07:21:49 JST,gnu/linux,root,qu,Exit
2015/09/07 (Mon) 08:07:19 JST,gnu/linux,root,qu,Start,Default
2015/09/07 (Mon) 08:07:19 JST,gnu/linux,root,qu,Exit
2015/09/07 (Mon) 17:22:23 JST,gnu/linux,root,qu,Start,Default
2015/09/07 (Mon) 17:22:23 JST,gnu/linux,root,qu,Exit
2015/09/07 (Mon) 18:30:47 JST,gnu/linux,root,qu,Start,Default
2015/09/07 (Mon) 18:30:47 JST,gnu/linux,root,qu,Exit
2015/09/08 (Tue) 03:58:35 JST,gnu/linux,root,qu,Start,Default
2015/09/08 (Tue) 03:58:35 JST,gnu/linux,root,qu,Exit
2015/09/08 (Tue) 22:15:49 JST,gnu/linux,root,qu,Start,Default
2015/09/08 (Tue) 22:15:49 JST,gnu/linux,root,qu,Exit
2015/09/09 (Wed) 00:36:45 JST,gnu/linux,root,qu,Start,Default
2015/09/09 (Wed) 00:36:45 JST,gnu/linux,root,qu,Exit
2015/09/09 (Wed) 00:43:30 JST,gnu/linux,root,qu,Start,Default
2015/09/09 (Wed) 00:43:30 JST,gnu/linux,root,qu,Exit
2015/09/09 (Wed) 01:05:51 JST,gnu/linux,root,qu,Start,Default
2015/09/09 (Wed) 01:05:51 JST,gnu/linux,root,qu,Exit
2015/09/09 (Wed) 01:21:54 JST,gnu/linux,root,qu,Start,Default
2015/09/09 (Wed) 01:21:54 JST,gnu/linux,root,qu,Exit
2015/09/09 (Wed) 01:23:08 JST,gnu/linux,root,qu,Start,Default
2015/09/09 (Wed) 01:23:08 JST,gnu/linux,root,qu,Exit
2015/09/09 (Wed) 01:27:01 JST,gnu/linux,root,qu,Start,Default
2015/09/09 (Wed) 01:49:31 JST,gnu/linux,root,qu,Start,Default
2015/09/09 (Wed) 01:27:01 JST,gnu/linux,root,qu,Exit
2015/09/09 (Wed) 01:49:31 JST,gnu/linux,root,qu,Exit
2015/09/09 (Wed) 02:26:57 JST,gnu/linux,root,qu,Start,Default
2015/09/09 (Wed) 02:26:57 JST,gnu/linux,root,qu,Exit
2015/09/09 (Wed) 02:28:55 JST,gnu/linux,root,qu,Start,Default
2015/09/09 (Wed) 02:28:55 JST,gnu/linux,root,qu,Exit
2015/09/09 (Wed) 03:14:15 JST,gnu/linux,root,qu,Start,Default
2015/09/09 (Wed) 03:14:15 JST,gnu/linux,root,qu,Exit
2015/09/09 (Wed) 03:16:53 JST,gnu/linux,root,qu,Start,Default
2015/09/09 (Wed) 03:16:53 JST,gnu/linux,root,qu,Exit
2015/09/09 (Wed) 03:24:18 JST,gnu/linux,root,qu,Start,Default
2015/09/09 (Wed) 03:24:18 JST,gnu/linux,root,qu,Exit
2015/09/09 (Wed) 03:26:26 JST,gnu/linux,root,qu,Start,Default
2015/09/09 (Wed) 03:26:26 JST,gnu/linux,root,qu,Exit
2015/09/09 (Wed) 03:38:33 JST,gnu/linux,root,qu,Start,Default
2015/09/09 (Wed) 03:41:17 JST,gnu/linux,root,qu,Start,Default
2015/09/09 (Wed) 03:41:17 JST,gnu/linux,root,qu,Exit
2015/09/09 (Wed) 04:01:20 JST,gnu/linux,root,qu,Start,Default
2015/09/09 (Wed) 04:01:20 JST,gnu/linux,root,qu,Exit
2015/09/09 (Wed) 04:06:20 JST,gnu/linux,root,qu,Start,Default
2015/09/09 (Wed) 04:06:20 JST,gnu/linux,root,qu,Exit
2015/09/09 (Wed) 04:34:50 JST,gnu/linux,root,qu,Start,Default
2015/09/09 (Wed) 04:34:50 JST,gnu/linux,root,qu,Exit
2015/09/09 (Wed) 04:37:04 JST,gnu/linux,root,qu,Start,Default
2015/09/09 (Wed) 04:37:04 JST,gnu/linux,root,qu,Exit
2015/09/09 (Wed) 04:43:51 JST,gnu/linux,root,qu,Start,Default
2015/09/09 (Wed) 04:43:51 JST,gnu/linux,root,qu,Exit
2015/09/09 (Wed) 04:45:37 JST,gnu/linux,root,qu,Start,Default
2015/09/09 (Wed) 04:45:37 JST,gnu/linux,root,qu,Exit
2015/09/09 (Wed) 04:46:42 JST,gnu/linux,root,qu,Start,Default
2015/09/09 (Wed) 04:46:42 JST,gnu/linux,root,qu,Exit
2015/09/09 (Wed) 05:29:47 JST,gnu/linux,root,qu,Start,Default
2015/09/09 (Wed) 05:29:47 JST,gnu/linux,root,qu,Exit
2015/09/09 (Wed) 05:33:20 JST,gnu/linux,root,qu,Start,Default
2015/09/09 (Wed) 05:33:20 JST,gnu/linux,root,qu,Exit
2015/09/09 (Wed) 05:38:46 JST,gnu/linux,root,qu,Start,Default
2015/09/09 (Wed) 05:38:46 JST,gnu/linux,root,qu,Exit
2015/09/09 (Wed) 05:40:44 JST,gnu/linux,root,qu,Start,Default
2015/09/09 (Wed) 05:40:44 JST,gnu/linux,root,qu,Exit
2015/09/09 (Wed) 05:42:43 JST,gnu/linux,root,qu,Start,Default
2015/09/09 (Wed) 05:42:43 JST,gnu/linux,root,qu,Exit
2015/09/09 (Wed) 05:44:42 JST,gnu/linux,root,qu,Start,Default
2015/09/09 (Wed) 05:44:42 JST,gnu/linux,root,qu,Exit
2015/09/09 (Wed) 05:46:36 JST,gnu/linux,root,qu,Start,Default
2015/09/09 (Wed) 05:46:36 JST,gnu/linux,root,qu,Exit
2015/09/09 (Wed) 05:47:36 JST,gnu/linux,root,qu,Start,Default
2015/09/09 (Wed) 05:47:36 JST,gnu/linux,root,qu,Exit
2015/09/09 (Wed) 05:48:31 JST,gnu/linux,root,qu,Start,Default
2015/09/09 (Wed) 05:48:31 JST,gnu/linux,root,qu,Exit
2015/09/09 (Wed) 06:05:32 JST,gnu/linux,root,qu,Start,Default
2015/09/09 (Wed) 06:05:32 JST,gnu/linux,root,qu,Exit
2015/09/09 (Wed) 06:07:24 JST,gnu/linux,root,qu,Start,Default
2015/09/09 (Wed) 06:07:24 JST,gnu/linux,root,qu,Exit
2015/09/09 (Wed) 06:09:34 JST,gnu/linux,root,qu,Start,Default
2015/09/09 (Wed) 06:09:34 JST,gnu/linux,root,qu,Exit
2015/09/09 (Wed) 06:11:42 JST,gnu/linux,root,qu,Start,Default
2015/09/09 (Wed) 06:11:42 JST,gnu/linux,root,qu,Exit
2015/09/09 (Wed) 06:13:11 JST,gnu/linux,root,qu,Start,Default
2015/09/09 (Wed) 06:13:11 JST,gnu/linux,root,qu,Exit
2015/09/09 (Wed) 06:14:27 JST,gnu/linux,root,qu,Start,Default
2015/09/09 (Wed) 06:14:27 JST,gnu/linux,root,qu,Exit
2015/09/09 (Wed) 06:15:37 JST,gnu/linux,root,qu,Start,Default
2015/09/09 (Wed) 06:15:37 JST,gnu/linux,root,qu,Exit
2015/09/09 (Wed) 06:17:11 JST,gnu/linux,root,qu,Start,Default
2015/09/09 (Wed) 06:17:11 JST,gnu/linux,root,qu,Exit
2015/09/09 (Wed) 06:18:36 JST,gnu/linux,root,qu,Start,Default
2015/09/09 (Wed) 06:18:36 JST,gnu/linux,root,qu,Exit
2015/09/09 (Wed) 07:22:22 JST,gnu/linux,root,qu,Start,Default
2015/09/09 (Wed) 07:23:53 JST,gnu/linux,root,qu,Exit
2015/09/09 (Wed) 07:22:22 JST,gnu/linux,root,qu,Exit
2015/09/09 (Wed) 07:25:58 JST,gnu/linux,root,qu,Start,Default
2015/09/09 (Wed) 07:26:47 JST,gnu/linux,root,qu,Exit
2015/09/09 (Wed) 07:26:52 JST,gnu/linux,root,qu,Exit
2015/09/09 (Wed) 07:25:58 JST,gnu/linux,root,qu,Exit
2015/09/09 (Wed) 08:46:32 JST,gnu/linux,root,qu,Start,Default
2015/09/09 (Wed) 08:46:53 JST,gnu/linux,root,qu,Start,Default
2015/09/09 (Wed) 08:46:53 JST,gnu/linux,root,qu,Exit
2015/09/09 (Wed) 08:46:32 JST,gnu/linux,root,qu,Exit
2015/09/09 (Wed) 09:29:33 JST,gnu/linux,root,qu,Start,Default
2015/09/09 (Wed) 09:29:33 JST,gnu/linux,root,qu,Exit
2015/09/09 (Wed) 17:03:48 JST,gnu/linux,root,qu,Start,Default
2015/09/09 (Wed) 17:03:48 JST,gnu/linux,root,qu,Exit
2015/09/09 (Wed) 17:31:27 JST,gnu/linux,root,qu,Start,Default
2015/09/10 (Thu) 02:15:55 JST,gnu/linux,root,qu,Start,Default
2015/09/10 (Thu) 02:15:55 JST,gnu/linux,root,qu,Exit
2015/09/10 (Thu) 06:09:41 JST,gnu/linux,root,qu,Start,Default
2015/09/10 (Thu) 06:09:41 JST,gnu/linux,root,qu,Exit
2015/09/10 (Thu) 15:50:13 JST,gnu/linux,root,qu,Start,Default
2015/09/11 (Fri) 17:21:20 JST,gnu/linux,root,qu,Exit
2015/09/10 (Thu) 15:50:13 JST,gnu/linux,root,qu,Exit
2015/09/11 (Fri) 18:02:18 JST,gnu/linux,root,qu,Exit
2015/09/11 (Fri) 18:02:37 JST,gnu/linux,root,qu,Start,Default
2015/09/11 (Fri) 17:21:00 JST,gnu/linux,root,qu,Exit
2015/09/11 (Fri) 18:02:37 JST,gnu/linux,root,qu,Exit
2015/09/11 (Fri) 22:02:39 JST,gnu/linux,root,qu,Start,Default
2015/09/11 (Fri) 22:02:39 JST,gnu/linux,root,qu,Exit
2015/09/11 (Fri) 22:36:24 JST,gnu/linux,root,qu,Start,Default
2015/09/11 (Fri) 22:50:39 JST,gnu/linux,root,qu,Exit
2015/09/11 (Fri) 22:51:35 JST,gnu/linux,root,qu,Exit
2015/09/12 (Sat) 00:59:53 JST,gnu/linux,root,qu,Exit
2015/09/12 (Sat) 01:18:19 JST,gnu/linux,root,qu,Exit
2015/09/12 (Sat) 01:24:10 JST,gnu/linux,root,qu,Exit
2015/09/12 (Sat) 01:25:49 JST,gnu/linux,root,qu,Exit
2015/09/12 (Sat) 01:50:27 JST,gnu/linux,root,qu,Exit
2015/09/12 (Sat) 01:50:45 JST,gnu/linux,root,qu,Exit
2015/09/12 (Sat) 01:52:53 JST,gnu/linux,root,qu,Start,Debug
2015/09/12 (Sat) 01:52:53 JST,gnu/linux,root,qu,Exit
2015/09/11 (Fri) 22:36:24 JST,gnu/linux,root,qu,Exit
2015/09/12 (Sat) 03:06:22 JST,gnu/linux,root,qu,Start,Default
2015/09/12 (Sat) 03:06:22 JST,gnu/linux,root,qu,Exit
2015/09/12 (Sat) 03:30:04 JST,gnu/linux,root,qu,Start,Default
2015/09/12 (Sat) 03:30:04 JST,gnu/linux,root,qu,Exit
2015/09/12 (Sat) 03:46:35 JST,gnu/linux,root,qu,Start,Default
2015/09/12 (Sat) 03:46:35 JST,gnu/linux,root,qu,Exit
2015/09/12 (Sat) 03:58:33 JST,gnu/linux,root,qu,Start,Default
2015/09/12 (Sat) 03:58:33 JST,gnu/linux,root,qu,Exit
2015/09/12 (Sat) 04:38:23 JST,gnu/linux,root,qu,Start,Default
2015/09/12 (Sat) 04:38:23 JST,gnu/linux,root,qu,Exit
2015/09/12 (Sat) 05:38:30 JST,gnu/linux,root,qu,Start,Default
2015/09/12 (Sat) 05:38:30 JST,gnu/linux,root,qu,Exit
2015/09/13 (Sun) 07:53:44 JST,gnu/linux,root,qu,Start,Default
2015/09/13 (Sun) 19:00:02 JST,gnu/linux,root,qu,Exit
2015/09/13 (Sun) 07:53:44 JST,gnu/linux,root,qu,Exit
2015/09/13 (Sun) 19:05:45 JST,gnu/linux,root,qu,Exit
2015/09/13 (Sun) 19:06:33 JST,gnu/linux,root,qu,Exit
2015/09/13 (Sun) 19:12:25 JST,gnu/linux,root,qu,Exit
2015/09/13 (Sun) 19:13:31 JST,gnu/linux,root,qu,Exit
2015/09/13 (Sun) 19:21:03 JST,gnu/linux,root,qu,Exit
2015/09/13 (Sun) 19:22:59 JST,gnu/linux,root,qu,Exit
2015/09/13 (Sun) 19:24:15 JST,gnu/linux,root,qu,Start,Debug
2015/09/13 (Sun) 19:24:15 JST,gnu/linux,root,qu,Exit
2015/09/13 (Sun) 19:25:30 JST,gnu/linux,root,qu,Start,Debug
2015/09/13 (Sun) 19:25:30 JST,gnu/linux,root,qu,Exit
2015/09/13 (Sun) 19:27:00 JST,gnu/linux,root,qu,Start,Default
2015/09/13 (Sun) 19:27:00 JST,gnu/linux,root,qu,Exit
2015/09/13 (Sun) 21:26:29 JST,gnu/linux,root,qu,Start,Default
2015/09/13 (Sun) 21:26:29 JST,gnu/linux,root,qu,Exit
2015/09/13 (Sun) 21:40:53 JST,gnu/linux,root,qu,Start,Debug
2015/09/13 (Sun) 21:40:53 JST,gnu/linux,root,qu,Exit
2015/09/13 (Sun) 21:46:42 JST,gnu/linux,root,qu,Start,Debug
2015/09/13 (Sun) 21:58:17 JST,gnu/linux,root,qu,Exit
2015/09/13 (Sun) 22:01:42 JST,gnu/linux,root,qu,Exit
2015/09/13 (Sun) 22:02:23 JST,gnu/linux,root,qu,Exit
2015/09/13 (Sun) 22:03:41 JST,gnu/linux,root,qu,Exit
2015/09/13 (Sun) 22:03:47 JST,gnu/linux,root,qu,Start,Default
2015/09/13 (Sun) 21:46:42 JST,gnu/linux,root,qu,Exit
2015/09/13 (Sun) 22:05:25 JST,gnu/linux,root,qu,Exit
2015/09/13 (Sun) 22:38:01 JST,gnu/linux,root,qu,Exit
2015/09/13 (Sun) 22:41:54 JST,gnu/linux,root,qu,Exit
2015/09/13 (Sun) 22:42:19 JST,gnu/linux,root,qu,Exit
2015/09/13 (Sun) 23:12:22 JST,gnu/linux,root,qu,Exit
2015/09/13 (Sun) 23:14:17 JST,gnu/linux,root,qu,Exit
2015/09/13 (Sun) 23:14:29 JST,gnu/linux,root,qu,Start,Default
2015/09/13 (Sun) 23:14:29 JST,gnu/linux,root,qu,Exit
2015/09/13 (Sun) 23:21:53 JST,gnu/linux,root,qu,Exit
2015/09/13 (Sun) 23:24:22 JST,gnu/linux,root,qu,Exit
2015/09/13 (Sun) 22:03:47 JST,gnu/linux,root,qu,Exit
2015/09/13 (Sun) 23:31:51 JST,gnu/linux,root,qu,Start,Default
2015/09/13 (Sun) 23:31:51 JST,gnu/linux,root,qu,Exit
2015/09/14 (Mon) 00:12:49 JST,gnu/linux,root,qu,Start,Default
2015/09/14 (Mon) 00:12:49 JST,gnu/linux,root,qu,Exit
2015/09/14 (Mon) 00:42:04 JST,gnu/linux,root,qu,Start,Default
2015/09/14 (Mon) 00:42:04 JST,gnu/linux,root,qu,Exit
2015/09/14 (Mon) 06:29:02 JST,gnu/linux,root,qu,Start,Default
2015/09/14 (Mon) 06:29:02 JST,gnu/linux,root,qu,Exit
2015/09/14 (Mon) 06:43:48 JST,gnu/linux,root,qu,Start,Default
2015/09/14 (Mon) 06:43:48 JST,gnu/linux,root,qu,Exit
2015/09/14 (Mon) 17:42:39 JST,gnu/linux,root,qu,Start,Default
2015/09/14 (Mon) 17:42:39 JST,gnu/linux,root,qu,Exit
2015/09/14 (Mon) 18:44:32 JST,gnu/linux,root,qu,Start,Default
2015/09/14 (Mon) 18:44:32 JST,gnu/linux,root,qu,Exit
2015/09/14 (Mon) 22:12:55 JST,gnu/linux,root,qu,Start,Default
2015/09/14 (Mon) 23:07:03 JST,gnu/linux,root,qu,Start,Default
2015/09/14 (Mon) 23:07:03 JST,gnu/linux,root,qu,Exit
2015/09/14 (Mon) 23:13:02 JST,gnu/linux,root,qu,Exit
2015/09/14 (Mon) 23:15:50 JST,gnu/linux,root,qu,Exit
2015/09/14 (Mon) 23:16:00 JST,gnu/linux,root,qu,Exit
2015/09/14 (Mon) 23:19:34 JST,gnu/linux,root,qu,Exit
2015/09/14 (Mon) 23:27:16 JST,gnu/linux,root,qu,Exit
2015/09/14 (Mon) 23:27:22 JST,gnu/linux,root,qu,Exit
2015/09/14 (Mon) 23:28:12 JST,gnu/linux,root,qu,Exit
2015/09/14 (Mon) 23:28:36 JST,gnu/linux,root,qu,Exit
2015/09/14 (Mon) 23:28:45 JST,gnu/linux,root,qu,Exit
2015/09/14 (Mon) 23:28:54 JST,gnu/linux,root,qu,Start,Default
2015/09/14 (Mon) 23:28:54 JST,gnu/linux,root,qu,Exit
2015/09/14 (Mon) 23:29:44 JST,gnu/linux,root,qu,Start,Default
2015/09/14 (Mon) 23:29:44 JST,gnu/linux,root,qu,Exit
2015/09/14 (Mon) 23:38:46 JST,gnu/linux,root,qu,Exit
2015/09/14 (Mon) 23:40:23 JST,gnu/linux,root,qu,Exit
2015/09/14 (Mon) 23:42:00 JST,gnu/linux,root,qu,Exit
2015/09/14 (Mon) 23:42:26 JST,gnu/linux,root,qu,Exit
2015/09/14 (Mon) 23:43:20 JST,gnu/linux,root,qu,Start,Default
2015/09/14 (Mon) 23:43:20 JST,gnu/linux,root,qu,Exit
2015/09/14 (Mon) 22:12:55 JST,gnu/linux,root,qu,Exit
2015/09/14 (Mon) 23:57:12 JST,gnu/linux,root,qu,Start,Default
2015/09/14 (Mon) 23:57:12 JST,gnu/linux,root,qu,Exit
2015/09/15 (Tue) 03:23:56 JST,gnu/linux,root,qu,Start,Default
2015/09/15 (Tue) 03:23:56 JST,gnu/linux,root,qu,Exit
2015/09/15 (Tue) 03:52:52 JST,gnu/linux,root,qu,Start,Default
2015/09/15 (Tue) 03:52:52 JST,gnu/linux,root,qu,Exit
2015/09/15 (Tue) 04:25:49 JST,gnu/linux,root,qu,Start,Default
2015/09/15 (Tue) 04:25:49 JST,gnu/linux,root,qu,Exit
2015/09/15 (Tue) 04:44:05 JST,gnu/linux,root,qu,Start,Default
2015/09/15 (Tue) 05:13:42 JST,gnu/linux,root,qu,Exit
2015/09/15 (Tue) 05:14:12 JST,gnu/linux,root,qu,Exit
2015/09/15 (Tue) 05:15:28 JST,gnu/linux,root,qu,Exit
2015/09/15 (Tue) 05:18:20 JST,gnu/linux,root,qu,Exit
2015/09/15 (Tue) 05:20:00 JST,gnu/linux,root,qu,Exit
2015/09/15 (Tue) 05:21:41 JST,gnu/linux,root,qu,Exit
2015/09/15 (Tue) 05:34:26 JST,gnu/linux,root,qu,Exit
2015/09/15 (Tue) 05:34:32 JST,gnu/linux,root,qu,Start,Default
2015/09/15 (Tue) 05:37:52 JST,gnu/linux,root,qu,Start,Default
2015/09/15 (Tue) 05:43:07 JST,gnu/linux,root,qu,Start,Default
2015/09/15 (Tue) 05:49:06 JST,gnu/linux,root,qu,Exit
2015/09/15 (Tue) 05:54:43 JST,gnu/linux,root,qu,Exit
2015/09/15 (Tue) 06:02:36 JST,gnu/linux,root,qu,Exit
2015/09/15 (Tue) 06:24:33 JST,gnu/linux,root,qu,Exit
2015/09/15 (Tue) 06:32:18 JST,gnu/linux,root,qu,Exit
2015/09/15 (Tue) 06:32:42 JST,gnu/linux,root,qu,Exit
2015/09/15 (Tue) 06:32:45 JST,gnu/linux,root,qu,Exit
2015/09/15 (Tue) 06:33:03 JST,gnu/linux,root,qu,Exit
2015/09/15 (Tue) 06:38:57 JST,gnu/linux,root,qu,Exit
2015/09/15 (Tue) 06:40:56 JST,gnu/linux,root,qu,Exit
2015/09/15 (Tue) 06:41:40 JST,gnu/linux,root,qu,Exit
2015/09/15 (Tue) 06:45:53 JST,gnu/linux,root,qu,Exit
2015/09/15 (Tue) 06:46:05 JST,gnu/linux,root,qu,Start,Default
2015/09/15 (Tue) 06:46:05 JST,gnu/linux,root,qu,Exit
2015/09/15 (Tue) 06:46:22 JST,gnu/linux,root,qu,Start,Default
2015/09/15 (Tue) 06:46:22 JST,gnu/linux,root,qu,Exit
2015/09/15 (Tue) 06:49:41 JST,gnu/linux,root,qu,Exit
2015/09/15 (Tue) 05:43:07 JST,gnu/linux,root,qu,Exit
2015/09/15 (Tue) 07:04:30 JST,gnu/linux,root,qu,Start,Default
2015/09/15 (Tue) 07:04:30 JST,gnu/linux,root,qu,Exit
2015/09/15 (Tue) 07:09:01 JST,gnu/linux,root,qu,Start,Default
2015/09/15 (Tue) 07:09:01 JST,gnu/linux,root,qu,Exit
2015/09/15 (Tue) 08:20:31 JST,gnu/linux,root,qu,Start,Default
2015/09/15 (Tue) 08:20:31 JST,gnu/linux,root,qu,Exit
2015/09/15 (Tue) 11:01:44 JST,gnu/linux,root,qu,Start,Default
2015/09/15 (Tue) 11:01:44 JST,gnu/linux,root,qu,Exit
2015/09/15 (Tue) 11:13:13 JST,gnu/linux,root,qu,Start,Default
2015/09/15 (Tue) 11:13:13 JST,gnu/linux,root,qu,Exit
2015/09/15 (Tue) 11:29:00 JST,gnu/linux,root,qu,Start,Default
2015/09/15 (Tue) 12:13:31 JST,gnu/linux,root,qu,Exit
2015/09/15 (Tue) 12:13:32 JST,gnu/linux,root,qu,Exit
2015/09/15 (Tue) 12:13:32 JST,gnu/linux,root,qu,Exit
2015/09/15 (Tue) 12:13:32 JST,gnu/linux,root,qu,Exit
2015/09/15 (Tue) 12:13:32 JST,gnu/linux,root,qu,Exit
2015/09/15 (Tue) 12:24:47 JST,gnu/linux,root,qu,Exit
2015/09/15 (Tue) 12:40:36 JST,gnu/linux,root,qu,Exit
2015/09/15 (Tue) 12:40:36 JST,gnu/linux,root,qu,Exit
2015/09/15 (Tue) 12:40:37 JST,gnu/linux,root,qu,Exit
2015/09/15 (Tue) 12:40:37 JST,gnu/linux,root,qu,Exit
2015/09/15 (Tue) 12:40:37 JST,gnu/linux,root,qu,Exit
2015/09/15 (Tue) 12:40:37 JST,gnu/linux,root,qu,Exit
2015/09/15 (Tue) 12:40:37 JST,gnu/linux,root,qu,Exit
2015/09/15 (Tue) 12:40:37 JST,gnu/linux,root,qu,Exit
2015/09/15 (Tue) 12:40:37 JST,gnu/linux,root,qu,Exit
2015/09/15 (Tue) 12:41:15 JST,gnu/linux,root,qu,Exit
2015/09/15 (Tue) 12:42:15 JST,gnu/linux,root,qu,Exit
2015/09/15 (Tue) 12:42:36 JST,gnu/linux,root,qu,Exit
2015/09/15 (Tue) 12:43:11 JST,gnu/linux,root,qu,Exit
2015/09/15 (Tue) 12:48:32 JST,gnu/linux,root,qu,Exit
2015/09/15 (Tue) 12:50:49 JST,gnu/linux,root,qu,Exit
2015/09/15 (Tue) 12:52:54 JST,gnu/linux,root,qu,Start,Default
2015/09/15 (Tue) 12:52:54 JST,gnu/linux,root,qu,Exit
2015/09/15 (Tue) 12:55:42 JST,gnu/linux,root,qu,Start,Default
2015/09/15 (Tue) 12:55:42 JST,gnu/linux,root,qu,Exit
2015/09/15 (Tue) 12:56:12 JST,gnu/linux,root,qu,Start,Debug
2015/09/15 (Tue) 12:56:12 JST,gnu/linux,root,qu,Exit
2015/09/15 (Tue) 13:00:42 JST,gnu/linux,root,qu,Exit
2015/09/15 (Tue) 13:00:42 JST,gnu/linux,root,qu,Exit
2015/09/15 (Tue) 13:00:43 JST,gnu/linux,root,qu,Exit
2015/09/15 (Tue) 13:00:43 JST,gnu/linux,root,qu,Exit
2015/09/15 (Tue) 13:00:43 JST,gnu/linux,root,qu,Exit
2015/09/15 (Tue) 13:00:50 JST,gnu/linux,root,qu,Start,Default
2015/09/15 (Tue) 13:00:50 JST,gnu/linux,root,qu,Exit
2015/09/15 (Tue) 13:01:31 JST,gnu/linux,root,qu,Start,Default
2015/09/15 (Tue) 13:03:26 JST,gnu/linux,root,qu,Start,Default
2015/09/15 (Tue) 13:03:26 JST,gnu/linux,root,qu,Exit
2015/09/15 (Tue) 13:05:18 JST,gnu/linux,root,qu,Exit
2015/09/15 (Tue) 13:05:18 JST,gnu/linux,root,qu,Exit
2015/09/15 (Tue) 13:05:18 JST,gnu/linux,root,qu,Exit
2015/09/15 (Tue) 13:05:18 JST,gnu/linux,root,qu,Exit
2015/09/15 (Tue) 13:05:18 JST,gnu/linux,root,qu,Exit
2015/09/15 (Tue) 13:07:57 JST,gnu/linux,root,qu,Exit
2015/09/15 (Tue) 13:07:58 JST,gnu/linux,root,qu,Exit
2015/09/15 (Tue) 13:07:58 JST,gnu/linux,root,qu,Exit
2015/09/15 (Tue) 13:07:58 JST,gnu/linux,root,qu,Exit
2015/09/15 (Tue) 13:08:52 JST,gnu/linux,root,qu,Start,Default
2015/09/15 (Tue) 13:08:52 JST,gnu/linux,root,qu,Exit
2015/09/15 (Tue) 13:09:36 JST,gnu/linux,root,qu,Exit
2015/09/15 (Tue) 13:09:49 JST,gnu/linux,root,qu,Start,Default
2015/09/15 (Tue) 13:09:49 JST,gnu/linux,root,qu,Exit
2015/09/15 (Tue) 11:29:00 JST,gnu/linux,root,qu,Exit
2015/09/15 (Tue) 13:01:31 JST,gnu/linux,root,qu,Exit
2015/09/15 (Tue) 13:10:11 JST,gnu/linux,root,qu,Start,Default
2015/09/15 (Tue) 13:10:11 JST,gnu/linux,root,qu,Exit
2015/09/15 (Tue) 17:20:40 JST,gnu/linux,root,qu,Start,Default
2015/09/15 (Tue) 21:48:07 JST,gnu/linux,root,qu,Exit
2015/09/15 (Tue) 21:51:06 JST,gnu/linux,root,qu,Exit
2015/09/15 (Tue) 22:01:46 JST,gnu/linux,root,qu,Exit
2015/09/15 (Tue) 22:03:08 JST,gnu/linux,root,qu,Exit
2015/09/15 (Tue) 22:04:18 JST,gnu/linux,root,qu,Exit
2015/09/15 (Tue) 22:17:33 JST,gnu/linux,root,qu,Exit
2015/09/15 (Tue) 22:19:38 JST,gnu/linux,root,qu,Exit
2015/09/15 (Tue) 22:54:24 JST,gnu/linux,root,qu,Exit
2015/09/15 (Tue) 22:56:22 JST,gnu/linux,root,qu,Exit
2015/09/15 (Tue) 22:56:37 JST,gnu/linux,root,qu,Exit
2015/09/15 (Tue) 23:20:41 JST,gnu/linux,root,qu,Exit
2015/09/15 (Tue) 23:23:40 JST,gnu/linux,root,qu,Exit
2015/09/15 (Tue) 23:27:32 JST,gnu/linux,root,qu,Exit
2015/09/16 (Wed) 02:30:47 JST,gnu/linux,root,qu,Exit
2015/09/16 (Wed) 03:07:48 JST,gnu/linux,root,qu,Exit
2015/09/16 (Wed) 03:08:11 JST,gnu/linux,root,qu,Exit
2015/09/16 (Wed) 03:08:20 JST,gnu/linux,root,qu,Exit
2015/09/15 (Tue) 17:20:40 JST,gnu/linux,root,qu,Exit
2015/09/16 (Wed) 18:36:39 JST,gnu/linux,root,qu,Start,Default
2015/09/16 (Wed) 18:43:25 JST,gnu/linux,root,qu,Exit
2015/09/16 (Wed) 22:07:46 JST,gnu/linux,root,qu,Exit
2015/09/16 (Wed) 22:09:27 JST,gnu/linux,root,qu,Exit
2015/09/16 (Wed) 22:09:43 JST,gnu/linux,root,qu,Start,Default
2015/09/16 (Wed) 22:09:43 JST,gnu/linux,root,qu,Exit
2015/09/16 (Wed) 22:10:50 JST,gnu/linux,root,qu,Exit
2015/09/16 (Wed) 22:56:15 JST,gnu/linux,root,qu,Exit
2015/09/16 (Wed) 18:36:39 JST,gnu/linux,root,qu,Exit
2015/09/17 (Thu) 07:14:38 JST,gnu/linux,root,qu,Start,Default
2015/09/17 (Thu) 07:14:38 JST,gnu/linux,root,qu,Exit
2015/09/17 (Thu) 07:55:46 JST,gnu/linux,root,qu,Start,Default
2015/09/17 (Thu) 08:15:48 JST,gnu/linux,root,qu,Exit
2015/09/17 (Thu) 08:15:54 JST,gnu/linux,root,qu,Exit
2015/09/17 (Thu) 07:55:46 JST,gnu/linux,root,qu,Exit
2015/09/17 (Thu) 09:08:34 JST,gnu/linux,root,qu,Start,Default
2015/09/17 (Thu) 09:29:47 JST,gnu/linux,root,qu,Exit
2015/09/17 (Thu) 09:29:55 JST,gnu/linux,root,qu,Start,Default
2015/09/17 (Thu) 09:29:55 JST,gnu/linux,root,qu,Exit
2015/09/17 (Thu) 09:30:40 JST,gnu/linux,root,qu,Exit
2015/09/17 (Thu) 09:30:56 JST,gnu/linux,root,qu,Start,Default
2015/09/17 (Thu) 09:30:56 JST,gnu/linux,root,qu,Exit
2015/09/17 (Thu) 09:31:25 JST,gnu/linux,root,qu,Exit
2015/09/17 (Thu) 09:31:32 JST,gnu/linux,root,qu,Start,Default
2015/09/17 (Thu) 09:31:32 JST,gnu/linux,root,qu,Exit
2015/09/17 (Thu) 09:31:50 JST,gnu/linux,root,qu,Start,Default
2015/09/17 (Thu) 09:31:50 JST,gnu/linux,root,qu,Exit
2015/09/17 (Thu) 09:32:44 JST,gnu/linux,root,qu,Exit
2015/09/17 (Thu) 09:32:46 JST,gnu/linux,root,qu,Exit
2015/09/17 (Thu) 09:41:58 JST,gnu/linux,root,qu,Start,Default
2015/09/17 (Thu) 09:41:58 JST,gnu/linux,root,qu,Exit
2015/09/17 (Thu) 10:06:18 JST,gnu/linux,root,qu,Start,Default
2015/09/17 (Thu) 10:06:18 JST,gnu/linux,root,qu,Exit
2015/09/17 (Thu) 10:09:05 JST,gnu/linux,root,qu,Start,Default
2015/09/17 (Thu) 10:09:05 JST,gnu/linux,root,qu,Exit
2015/09/17 (Thu) 10:22:45 JST,gnu/linux,root,qu,Start,Default
2015/09/17 (Thu) 10:22:45 JST,gnu/linux,root,qu,Exit
2015/09/17 (Thu) 10:24:27 JST,gnu/linux,root,qu,Exit
2015/09/17 (Thu) 10:24:33 JST,gnu/linux,root,qu,Start,Default
2015/09/17 (Thu) 10:24:33 JST,gnu/linux,root,qu,Exit
2015/09/17 (Thu) 10:25:46 JST,gnu/linux,root,qu,Exit
2015/09/17 (Thu) 10:26:01 JST,gnu/linux,root,qu,Start,Default
2015/09/17 (Thu) 10:26:01 JST,gnu/linux,root,qu,Exit
2015/09/17 (Thu) 10:26:33 JST,gnu/linux,root,qu,Exit
2015/09/17 (Thu) 10:26:42 JST,gnu/linux,root,qu,Start,Default
2015/09/17 (Thu) 10:26:42 JST,gnu/linux,root,qu,Exit
2015/09/17 (Thu) 10:27:07 JST,gnu/linux,root,qu,Exit
2015/09/17 (Thu) 10:27:12 JST,gnu/linux,root,qu,Start,Default
2015/09/17 (Thu) 10:27:12 JST,gnu/linux,root,qu,Exit
2015/09/17 (Thu) 10:27:47 JST,gnu/linux,root,qu,Start,Default
2015/09/17 (Thu) 10:28:55 JST,gnu/linux,root,qu,Exit
2015/09/17 (Thu) 10:29:01 JST,gnu/linux,root,qu,Start,Default
2015/09/17 (Thu) 10:29:01 JST,gnu/linux,root,qu,Exit
2015/09/17 (Thu) 10:27:47 JST,gnu/linux,root,qu,Exit
2015/09/17 (Thu) 10:29:35 JST,gnu/linux,root,qu,Start,Default
2015/09/17 (Thu) 10:29:35 JST,gnu/linux,root,qu,Exit
2015/09/17 (Thu) 09:08:34 JST,gnu/linux,root,qu,Exit
2015/09/17 (Thu) 11:28:37 JST,gnu/linux,root,qu,Start,Default
2015/09/17 (Thu) 11:28:37 JST,gnu/linux,root,qu,Exit
2015/09/17 (Thu) 11:54:53 JST,gnu/linux,root,qu,Start,Default
2015/09/17 (Thu) 11:54:53 JST,gnu/linux,root,qu,Exit
2015/09/18 (Fri) 06:34:33 JST,gnu/linux,root,qu,Start,Default
2015/09/18 (Fri) 06:34:33 JST,gnu/linux,root,qu,Exit
2015/09/18 (Fri) 06:46:50 JST,gnu/linux,root,qu,Start,Default
2015/09/18 (Fri) 07:26:28 JST,gnu/linux,root,qu,Exit
2015/09/18 (Fri) 06:46:50 JST,gnu/linux,root,qu,Exit
2015/09/18 (Fri) 08:09:27 JST,gnu/linux,root,qu,Start,Default
2015/09/18 (Fri) 10:28:48 JST,gnu/linux,root,qu,Start,Default
2015/09/18 (Fri) 10:28:48 JST,gnu/linux,root,qu,Exit
2015/09/18 (Fri) 21:24:55 JST,gnu/linux,root,qu,Start,Default
2015/09/18 (Fri) 21:24:55 JST,gnu/linux,root,qu,Exit
2015/09/18 (Fri) 21:27:18 JST,gnu/linux,root,qu,Start,Default
2015/09/18 (Fri) 21:27:18 JST,gnu/linux,root,qu,Exit
2015/09/19 (Sat) 07:54:31 JST,gnu/linux,root,qu,Start,Default
2015/09/19 (Sat) 08:03:30 JST,gnu/linux,root,qu,Exit
2015/09/19 (Sat) 17:07:50 JST,gnu/linux,root,qu,Start,Default
2015/09/19 (Sat) 17:08:50 JST,gnu/linux,root,qu,Exit
2015/09/19 (Sat) 17:07:50 JST,gnu/linux,root,qu,Exit
2015/09/19 (Sat) 17:09:03 JST,gnu/linux,root,qu,Start,Default
2015/09/19 (Sat) 17:13:32 JST,gnu/linux,root,qu,Exit
2015/09/19 (Sat) 17:09:03 JST,gnu/linux,root,qu,Exit
2015/09/19 (Sat) 17:13:40 JST,gnu/linux,root,qu,Start,Default
2015/09/19 (Sat) 17:13:40 JST,gnu/linux,root,qu,Exit
2015/09/19 (Sat) 17:15:24 JST,gnu/linux,root,qu,Start,Default
2015/09/19 (Sat) 17:15:24 JST,gnu/linux,root,qu,Exit
2015/09/19 (Sat) 17:16:37 JST,gnu/linux,root,qu,Start,Default
2015/09/19 (Sat) 17:25:28 JST,gnu/linux,root,qu,Exit
2015/09/19 (Sat) 17:16:37 JST,gnu/linux,root,qu,Exit
2015/09/19 (Sat) 17:25:45 JST,gnu/linux,root,qu,Start,Default
2015/09/19 (Sat) 17:27:04 JST,gnu/linux,root,qu,Exit
2015/09/19 (Sat) 17:31:10 JST,gnu/linux,root,qu,Exit
2015/09/19 (Sat) 17:25:45 JST,gnu/linux,root,qu,Exit
2015/09/19 (Sat) 17:31:17 JST,gnu/linux,root,qu,Start,Default
2015/09/19 (Sat) 17:33:12 JST,gnu/linux,root,qu,Exit
2015/09/19 (Sat) 17:31:17 JST,gnu/linux,root,qu,Exit
2015/09/19 (Sat) 17:33:22 JST,gnu/linux,root,qu,Start,Default
2015/09/19 (Sat) 16:56:28 JST,gnu/linux,root,qu,Exit
2015/09/19 (Sat) 17:50:25 JST,gnu/linux,root,qu,Start,Default
2015/09/19 (Sat) 17:33:22 JST,gnu/linux,root,qu,Exit
2015/09/19 (Sat) 18:03:00 JST,gnu/linux,root,qu,Exit
2015/09/19 (Sat) 18:04:54 JST,gnu/linux,root,qu,Start,Default
2015/09/19 (Sat) 18:04:54 JST,gnu/linux,root,qu,Exit
2015/09/19 (Sat) 18:05:57 JST,gnu/linux,root,qu,Exit
2015/09/19 (Sat) 18:06:07 JST,gnu/linux,root,qu,Start,Default
2015/09/19 (Sat) 18:06:07 JST,gnu/linux,root,qu,Exit
2015/09/19 (Sat) 21:05:41 JST,gnu/linux,root,qu,Exit
2015/09/19 (Sat) 21:05:52 JST,gnu/linux,root,qu,Start,Default
2015/09/19 (Sat) 21:05:52 JST,gnu/linux,root,qu,Exit
2015/09/19 (Sat) 21:10:19 JST,gnu/linux,root,qu,Exit
2015/09/19 (Sat) 21:15:06 JST,gnu/linux,root,qu,Exit
2015/09/19 (Sat) 21:16:09 JST,gnu/linux,root,qu,Exit
2015/09/19 (Sat) 21:16:31 JST,gnu/linux,root,qu,Start,Default
2015/09/19 (Sat) 21:16:31 JST,gnu/linux,root,qu,Exit
2015/09/19 (Sat) 21:17:01 JST,gnu/linux,root,qu,Exit
2015/09/19 (Sat) 21:17:48 JST,gnu/linux,root,qu,Exit
2015/09/19 (Sat) 21:18:14 JST,gnu/linux,root,qu,Start,Default
2015/09/19 (Sat) 21:18:14 JST,gnu/linux,root,qu,Exit
2015/09/19 (Sat) 21:18:42 JST,gnu/linux,root,qu,Exit
2015/09/19 (Sat) 21:18:50 JST,gnu/linux,root,qu,Start,Default
2015/09/19 (Sat) 21:18:50 JST,gnu/linux,root,qu,Exit
2015/09/19 (Sat) 21:19:27 JST,gnu/linux,root,qu,Exit
2015/09/19 (Sat) 21:19:32 JST,gnu/linux,root,qu,Start,Default
2015/09/19 (Sat) 21:19:32 JST,gnu/linux,root,qu,Exit
2015/09/19 (Sat) 21:20:28 JST,gnu/linux,root,qu,Exit
2015/09/19 (Sat) 21:20:36 JST,gnu/linux,root,qu,Start,Default
2015/09/19 (Sat) 21:20:36 JST,gnu/linux,root,qu,Exit
2015/09/19 (Sat) 21:20:48 JST,gnu/linux,root,qu,Exit
2015/09/19 (Sat) 21:20:56 JST,gnu/linux,root,qu,Start,Default
2015/09/19 (Sat) 21:20:56 JST,gnu/linux,root,qu,Exit
2015/09/19 (Sat) 21:22:00 JST,gnu/linux,root,qu,Exit
2015/09/19 (Sat) 21:22:07 JST,gnu/linux,root,qu,Exit
2015/09/19 (Sat) 21:22:16 JST,gnu/linux,root,qu,Start,Default
2015/09/19 (Sat) 21:22:16 JST,gnu/linux,root,qu,Exit
2015/09/19 (Sat) 17:50:25 JST,gnu/linux,root,qu,Exit
2015/09/19 (Sat) 21:45:05 JST,gnu/linux,root,qu,Start,Default
2015/09/19 (Sat) 21:52:27 JST,gnu/linux,root,qu,Start,Default
2015/09/19 (Sat) 21:52:53 JST,gnu/linux,root,qu,Exit
2015/09/19 (Sat) 21:52:27 JST,gnu/linux,root,qu,Exit
2015/09/19 (Sat) 21:53:13 JST,gnu/linux,root,qu,Exit
2015/09/19 (Sat) 21:59:06 JST,gnu/linux,root,qu,Exit
2015/09/19 (Sat) 21:59:12 JST,gnu/linux,root,qu,Exit
2015/09/19 (Sat) 21:59:18 JST,gnu/linux,root,qu,Start,Default
2015/09/19 (Sat) 21:59:18 JST,gnu/linux,root,qu,Exit
2015/09/19 (Sat) 22:00:12 JST,gnu/linux,root,qu,Exit
2015/09/19 (Sat) 22:01:35 JST,gnu/linux,root,qu,Exit
2015/09/19 (Sat) 22:04:30 JST,gnu/linux,root,qu,Exit
2015/09/19 (Sat) 22:06:12 JST,gnu/linux,root,qu,Start,Default
2015/09/19 (Sat) 22:06:12 JST,gnu/linux,root,qu,Exit
2015/09/19 (Sat) 22:07:40 JST,gnu/linux,root,qu,Exit
2015/09/19 (Sat) 22:07:48 JST,gnu/linux,root,qu,Start,Default
2015/09/19 (Sat) 22:07:48 JST,gnu/linux,root,qu,Exit
2015/09/19 (Sat) 22:08:52 JST,gnu/linux,root,qu,Exit
2015/09/19 (Sat) 22:09:30 JST,gnu/linux,root,qu,Start,Default
2015/09/19 (Sat) 22:09:30 JST,gnu/linux,root,qu,Exit
2015/09/19 (Sat) 22:12:59 JST,gnu/linux,root,qu,Start,Default
2015/09/19 (Sat) 22:12:59 JST,gnu/linux,root,qu,Exit
2015/09/19 (Sat) 22:14:28 JST,gnu/linux,root,qu,Exit
2015/09/19 (Sat) 22:14:58 JST,gnu/linux,root,qu,Exit
2015/09/19 (Sat) 22:15:56 JST,gnu/linux,root,qu,Start,Default
2015/09/19 (Sat) 22:15:56 JST,gnu/linux,root,qu,Exit
2015/09/19 (Sat) 22:18:53 JST,gnu/linux,root,qu,Start,Default
2015/09/19 (Sat) 22:18:53 JST,gnu/linux,root,qu,Exit
2015/09/19 (Sat) 22:20:21 JST,gnu/linux,root,qu,Exit
2015/09/19 (Sat) 22:20:28 JST,gnu/linux,root,qu,Start,Default
2015/09/19 (Sat) 22:20:28 JST,gnu/linux,root,qu,Exit
2015/09/19 (Sat) 22:20:40 JST,gnu/linux,root,qu,Exit
2015/09/19 (Sat) 22:22:02 JST,gnu/linux,root,qu,Start,Default
2015/09/19 (Sat) 22:22:02 JST,gnu/linux,root,qu,Exit
2015/09/19 (Sat) 22:24:28 JST,gnu/linux,root,qu,Exit
2015/09/19 (Sat) 22:24:36 JST,gnu/linux,root,qu,Start,Default
2015/09/19 (Sat) 22:24:36 JST,gnu/linux,root,qu,Exit
2015/09/19 (Sat) 22:25:55 JST,gnu/linux,root,qu,Exit
2015/09/19 (Sat) 22:26:02 JST,gnu/linux,root,qu,Start,Default
2015/09/19 (Sat) 22:26:02 JST,gnu/linux,root,qu,Exit
2015/09/19 (Sat) 22:27:51 JST,gnu/linux,root,qu,Exit
2015/09/19 (Sat) 22:28:00 JST,gnu/linux,root,qu,Start,Default
2015/09/19 (Sat) 22:28:00 JST,gnu/linux,root,qu,Exit
2015/09/19 (Sat) 22:30:52 JST,gnu/linux,root,qu,Start,Default
2015/09/19 (Sat) 22:30:52 JST,gnu/linux,root,qu,Exit
2015/09/19 (Sat) 22:32:01 JST,gnu/linux,root,qu,Start,Default
2015/09/19 (Sat) 22:32:01 JST,gnu/linux,root,qu,Exit
2015/09/19 (Sat) 22:55:48 JST,gnu/linux,root,qu,Start,Default
2015/09/19 (Sat) 22:55:48 JST,gnu/linux,root,qu,Exit
2015/09/19 (Sat) 22:58:30 JST,gnu/linux,root,qu,Exit
2015/09/19 (Sat) 22:58:35 JST,gnu/linux,root,qu,Start,Default
2015/09/19 (Sat) 22:58:35 JST,gnu/linux,root,qu,Exit
2015/09/19 (Sat) 23:00:38 JST,gnu/linux,root,qu,Exit
2015/09/19 (Sat) 23:10:41 JST,gnu/linux,root,qu,Exit
2015/09/19 (Sat) 23:39:50 JST,gnu/linux,root,qu,Start,Default
2015/09/19 (Sat) 23:39:50 JST,gnu/linux,root,qu,Exit
2015/09/19 (Sat) 23:47:01 JST,gnu/linux,root,qu,Start,Default
2015/09/19 (Sat) 23:47:01 JST,gnu/linux,root,qu,Exit
2015/09/19 (Sat) 23:47:44 JST,gnu/linux,root,qu,Exit
2015/09/19 (Sat) 23:56:41 JST,gnu/linux,root,qu,Start,Default
2015/09/19 (Sat) 23:56:41 JST,gnu/linux,root,qu,Exit
2015/09/20 (Sun) 00:23:46 JST,gnu/linux,root,qu,Exit
2015/09/20 (Sun) 00:25:16 JST,gnu/linux,root,qu,Start,Default
2015/09/20 (Sun) 00:25:16 JST,gnu/linux,root,qu,Exit
2015/09/20 (Sun) 00:27:54 JST,gnu/linux,root,qu,Exit
2015/09/20 (Sun) 00:28:49 JST,gnu/linux,root,qu,Exit
2015/09/20 (Sun) 00:28:55 JST,gnu/linux,root,qu,Exit
2015/09/19 (Sat) 21:45:05 JST,gnu/linux,root,qu,Exit
2015/09/20 (Sun) 01:00:44 JST,gnu/linux,root,qu,Start,Default
2015/09/20 (Sun) 01:09:26 JST,gnu/linux,root,qu,Start,Default
2015/09/20 (Sun) 01:09:26 JST,gnu/linux,root,qu,Exit
2015/09/20 (Sun) 01:13:57 JST,gnu/linux,root,qu,Exit
2015/09/20 (Sun) 01:21:38 JST,gnu/linux,root,qu,Start,Default
2015/09/20 (Sun) 01:21:38 JST,gnu/linux,root,qu,Exit
2015/09/20 (Sun) 01:00:44 JST,gnu/linux,root,qu,Exit
2015/09/20 (Sun) 01:22:34 JST,gnu/linux,root,qu,Start,Default
2015/09/20 (Sun) 01:26:17 JST,gnu/linux,root,qu,Start,Default
2015/09/20 (Sun) 01:26:17 JST,gnu/linux,root,qu,Exit
2015/09/20 (Sun) 01:31:50 JST,gnu/linux,root,qu,Exit
2015/09/20 (Sun) 01:31:56 JST,gnu/linux,root,qu,Start,Default
2015/09/20 (Sun) 01:31:56 JST,gnu/linux,root,qu,Exit
2015/09/20 (Sun) 01:35:05 JST,gnu/linux,root,qu,Exit
2015/09/20 (Sun) 01:35:27 JST,gnu/linux,root,qu,Start,Default
2015/09/20 (Sun) 01:35:27 JST,gnu/linux,root,qu,Exit
2015/09/20 (Sun) 01:37:12 JST,gnu/linux,root,qu,Exit
2015/09/20 (Sun) 01:22:34 JST,gnu/linux,root,qu,Exit
2015/09/20 (Sun) 01:44:56 JST,gnu/linux,root,qu,Start,Default
2015/09/20 (Sun) 02:01:35 JST,gnu/linux,root,qu,Exit
2015/09/20 (Sun) 01:44:56 JST,gnu/linux,root,qu,Exit
2015/09/20 (Sun) 02:40:54 JST,gnu/linux,root,qu,Start,Default
2015/09/20 (Sun) 04:16:39 JST,gnu/linux,root,qu,Exit
2015/09/20 (Sun) 04:17:35 JST,gnu/linux,root,qu,Exit
2015/09/20 (Sun) 07:09:42 JST,gnu/linux,root,qu,Start,Default
2015/09/20 (Sun) 07:09:42 JST,gnu/linux,root,qu,Exit
2015/09/20 (Sun) 07:14:39 JST,gnu/linux,root,qu,Start,Default
2015/09/20 (Sun) 07:14:39 JST,gnu/linux,root,qu,Exit
2015/09/20 (Sun) 07:19:39 JST,gnu/linux,root,qu,Start,Default
2015/09/20 (Sun) 07:19:39 JST,gnu/linux,root,qu,Exit
2015/09/21 (Mon) 08:56:03 JST,gnu/linux,root,qu,Exit
2015/09/21 (Mon) 08:56:14 JST,gnu/linux,root,qu,Start,Default
2015/09/21 (Mon) 08:56:14 JST,gnu/linux,root,qu,Exit
2015/09/21 (Mon) 09:10:07 JST,gnu/linux,root,qu,Exit
2015/09/21 (Mon) 09:10:39 JST,gnu/linux,root,qu,Exit
2015/09/21 (Mon) 09:10:59 JST,gnu/linux,root,qu,Start,Default
2015/09/21 (Mon) 09:10:59 JST,gnu/linux,root,qu,Exit
2015/09/21 (Mon) 09:11:43 JST,gnu/linux,root,qu,Exit
2015/09/21 (Mon) 09:12:46 JST,gnu/linux,root,qu,Exit
2015/09/21 (Mon) 09:20:49 JST,gnu/linux,root,qu,Exit
2015/09/21 (Mon) 09:20:57 JST,gnu/linux,root,qu,Start,Default
2015/09/21 (Mon) 09:20:57 JST,gnu/linux,root,qu,Exit
2015/09/21 (Mon) 09:22:19 JST,gnu/linux,root,qu,Exit
2015/09/21 (Mon) 09:22:36 JST,gnu/linux,root,qu,Exit
2015/09/20 (Sun) 02:40:54 JST,gnu/linux,root,qu,Exit
2015/09/21 (Mon) 09:22:55 JST,gnu/linux,root,qu,Start,Default
2015/09/21 (Mon) 09:25:05 JST,gnu/linux,root,qu,Exit
2015/09/21 (Mon) 09:34:05 JST,gnu/linux,root,qu,Exit
2015/09/21 (Mon) 09:36:44 JST,gnu/linux,root,qu,Exit
2015/09/21 (Mon) 09:37:27 JST,gnu/linux,root,qu,Exit
2015/09/21 (Mon) 09:37:40 JST,gnu/linux,root,qu,Exit
2015/09/21 (Mon) 09:39:50 JST,gnu/linux,root,qu,Exit
2015/09/21 (Mon) 09:43:06 JST,gnu/linux,root,qu,Exit
2015/09/21 (Mon) 09:50:28 JST,gnu/linux,root,qu,Exit
2015/09/21 (Mon) 10:45:26 JST,gnu/linux,root,qu,Exit
2015/09/21 (Mon) 10:50:12 JST,gnu/linux,root,qu,Exit
2015/09/21 (Mon) 10:51:11 JST,gnu/linux,root,qu,Exit
2015/09/21 (Mon) 11:41:17 JST,gnu/linux,root,qu,Exit
2015/09/21 (Mon) 11:46:35 JST,gnu/linux,root,qu,Exit
2015/09/21 (Mon) 11:58:26 JST,gnu/linux,root,qu,Exit
2015/09/21 (Mon) 12:12:21 JST,gnu/linux,root,qu,Exit
2015/09/21 (Mon) 12:12:29 JST,gnu/linux,root,qu,Exit
2015/09/21 (Mon) 12:12:33 JST,gnu/linux,root,qu,Exit
2015/09/21 (Mon) 12:13:52 JST,gnu/linux,root,qu,Exit
2015/09/21 (Mon) 14:13:24 JST,gnu/linux,root,qu,Exit
2015/09/21 (Mon) 14:14:35 JST,gnu/linux,root,qu,Exit
2015/09/21 (Mon) 15:25:19 JST,gnu/linux,root,qu,Exit
2015/09/21 (Mon) 15:25:21 JST,gnu/linux,root,qu,Exit
2015/09/21 (Mon) 15:26:52 JST,gnu/linux,root,qu,Exit
2015/09/21 (Mon) 15:34:50 JST,gnu/linux,root,qu,Exit
2015/09/21 (Mon) 15:35:44 JST,gnu/linux,root,qu,Exit
2015/09/21 (Mon) 15:36:46 JST,gnu/linux,root,qu,Exit
2015/09/21 (Mon) 15:37:21 JST,gnu/linux,root,qu,Start,Default
2015/09/21 (Mon) 15:37:21 JST,gnu/linux,root,qu,Exit
2015/09/21 (Mon) 15:38:35 JST,gnu/linux,root,qu,Exit
2015/09/21 (Mon) 15:38:41 JST,gnu/linux,root,qu,Start,Default
2015/09/21 (Mon) 15:38:41 JST,gnu/linux,root,qu,Exit
2015/09/21 (Mon) 15:39:45 JST,gnu/linux,root,qu,Exit
2015/09/21 (Mon) 15:39:52 JST,gnu/linux,root,qu,Start,Default
2015/09/21 (Mon) 15:39:52 JST,gnu/linux,root,qu,Exit
2015/09/21 (Mon) 15:40:38 JST,gnu/linux,root,qu,Exit
2015/09/21 (Mon) 15:40:50 JST,gnu/linux,root,qu,Exit
2015/09/21 (Mon) 15:42:01 JST,gnu/linux,root,qu,Exit
2015/09/21 (Mon) 15:42:47 JST,gnu/linux,root,qu,Exit
2015/09/21 (Mon) 15:43:16 JST,gnu/linux,root,qu,Exit
2015/09/21 (Mon) 15:43:35 JST,gnu/linux,root,qu,Exit
2015/09/21 (Mon) 15:44:46 JST,gnu/linux,root,qu,Exit
2015/09/21 (Mon) 15:44:54 JST,gnu/linux,root,qu,Start,Default
2015/09/21 (Mon) 15:44:54 JST,gnu/linux,root,qu,Exit
2015/09/21 (Mon) 15:49:39 JST,gnu/linux,root,qu,Exit
2015/09/21 (Mon) 22:56:53 JST,gnu/linux,root,qu,Start,Default
2015/09/23 (Wed) 12:34:32 JST,gnu/linux,root,qu,Start,Default
2015/09/23 (Wed) 12:34:32 JST,gnu/linux,root,qu,Exit
2015/09/24 (Thu) 07:25:28 JST,gnu/linux,root,qu,Start,Default
2015/09/24 (Thu) 07:25:28 JST,gnu/linux,root,qu,Exit
2015/09/24 (Thu) 07:33:53 JST,gnu/linux,root,qu,Start,Default
2015/09/24 (Thu) 07:33:53 JST,gnu/linux,root,qu,Exit
2015/09/24 (Thu) 07:56:23 JST,gnu/linux,root,qu,Start,Default
2015/09/24 (Thu) 08:31:27 JST,gnu/linux,root,qu,Exit
2015/09/24 (Thu) 08:31:43 JST,gnu/linux,root,qu,Exit
2015/09/24 (Thu) 08:32:06 JST,gnu/linux,root,qu,Exit
2015/09/24 (Thu) 08:32:14 JST,gnu/linux,root,qu,Start,Default
2015/09/24 (Thu) 08:32:14 JST,gnu/linux,root,qu,Exit
2015/09/24 (Thu) 08:34:28 JST,gnu/linux,root,qu,Exit
2015/09/24 (Thu) 08:34:40 JST,gnu/linux,root,qu,Start,Default
2015/09/24 (Thu) 08:34:40 JST,gnu/linux,root,qu,Exit
2015/09/24 (Thu) 08:37:08 JST,gnu/linux,root,qu,Exit
2015/09/24 (Thu) 10:17:27 JST,gnu/linux,root,qu,Exit
2015/09/24 (Thu) 10:18:30 JST,gnu/linux,root,qu,Start,Default
2015/09/24 (Thu) 10:18:30 JST,gnu/linux,root,qu,Exit
2015/09/24 (Thu) 10:21:31 JST,gnu/linux,root,qu,Exit
2015/09/24 (Thu) 10:21:48 JST,gnu/linux,root,qu,Start,Default
2015/09/24 (Thu) 10:21:48 JST,gnu/linux,root,qu,Exit
2015/09/24 (Thu) 10:23:00 JST,gnu/linux,root,qu,Exit
2015/09/24 (Thu) 10:23:13 JST,gnu/linux,root,qu,Start,Default
2015/09/24 (Thu) 10:23:13 JST,gnu/linux,root,qu,Exit
2015/09/24 (Thu) 10:25:06 JST,gnu/linux,root,qu,Exit
2015/09/24 (Thu) 10:34:29 JST,gnu/linux,root,qu,Exit
2015/09/24 (Thu) 10:35:41 JST,gnu/linux,root,qu,Start,Default
2015/09/24 (Thu) 10:35:41 JST,gnu/linux,root,qu,Exit
2015/09/24 (Thu) 12:37:42 JST,gnu/linux,root,qu,Exit
2015/09/24 (Thu) 12:55:39 JST,gnu/linux,root,qu,Exit
2015/09/24 (Thu) 13:05:30 JST,gnu/linux,root,qu,Exit
2015/09/24 (Thu) 13:09:59 JST,gnu/linux,root,qu,Exit
2015/09/24 (Thu) 13:51:59 JST,gnu/linux,root,qu,Exit
2015/09/24 (Thu) 13:52:14 JST,gnu/linux,root,qu,Exit
2015/09/24 (Thu) 13:54:35 JST,gnu/linux,root,qu,Exit
2015/09/24 (Thu) 13:58:14 JST,gnu/linux,root,qu,Exit
2015/09/24 (Thu) 13:58:37 JST,gnu/linux,root,qu,Exit
2015/09/24 (Thu) 13:58:54 JST,gnu/linux,root,qu,Exit
2015/09/24 (Thu) 14:03:31 JST,gnu/linux,root,qu,Exit
2015/09/24 (Thu) 14:03:57 JST,gnu/linux,root,qu,Exit
2015/09/24 (Thu) 14:04:13 JST,gnu/linux,root,qu,Start,Default
2015/09/24 (Thu) 14:04:13 JST,gnu/linux,root,qu,Exit
2015/09/24 (Thu) 14:05:21 JST,gnu/linux,root,qu,Start,Default
2015/09/24 (Thu) 14:05:21 JST,gnu/linux,root,qu,Exit
2015/09/24 (Thu) 14:10:23 JST,gnu/linux,root,qu,Exit
2015/09/24 (Thu) 14:10:31 JST,gnu/linux,root,qu,Start,Default
2015/09/24 (Thu) 14:10:31 JST,gnu/linux,root,qu,Exit
2015/09/24 (Thu) 14:23:58 JST,gnu/linux,root,qu,Start,Default
2015/09/24 (Thu) 14:23:58 JST,gnu/linux,root,qu,Exit
2015/09/24 (Thu) 14:26:30 JST,gnu/linux,root,qu,Exit
2015/09/24 (Thu) 14:26:57 JST,gnu/linux,root,qu,Start,Default
2015/09/24 (Thu) 14:26:57 JST,gnu/linux,root,qu,Exit
2015/09/24 (Thu) 14:28:44 JST,gnu/linux,root,qu,Exit
2015/09/24 (Thu) 14:28:55 JST,gnu/linux,root,qu,Start,Default
2015/09/24 (Thu) 14:28:55 JST,gnu/linux,root,qu,Exit
2015/09/24 (Thu) 14:31:56 JST,gnu/linux,root,qu,Exit
2015/09/24 (Thu) 14:32:04 JST,gnu/linux,root,qu,Start,Default
2015/09/24 (Thu) 14:32:04 JST,gnu/linux,root,qu,Exit
2015/09/24 (Thu) 14:33:36 JST,gnu/linux,root,qu,Exit
2015/09/24 (Thu) 14:33:51 JST,gnu/linux,root,qu,Start,Default
2015/09/24 (Thu) 14:33:51 JST,gnu/linux,root,qu,Exit
2015/09/24 (Thu) 14:47:10 JST,gnu/linux,root,qu,Exit
2015/09/24 (Thu) 14:53:56 JST,gnu/linux,root,qu,Start,Default
2015/09/24 (Thu) 14:53:56 JST,gnu/linux,root,qu,Exit
2015/09/25 (Fri) 02:10:59 JST,gnu/linux,root,qu,Start,Default
2015/09/25 (Fri) 02:10:59 JST,gnu/linux,root,qu,Exit
2015/09/25 (Fri) 02:17:39 JST,gnu/linux,root,qu,Start,Default
2015/09/25 (Fri) 02:17:39 JST,gnu/linux,root,qu,Exit
2015/09/25 (Fri) 03:30:43 JST,gnu/linux,root,qu,Start,Default
2015/09/25 (Fri) 00:30:55 JST,gnu/linux,root,qu,Exit
2015/09/25 (Fri) 00:42:10 JST,gnu/linux,root,qu,Exit
2015/09/25 (Fri) 00:43:46 JST,gnu/linux,root,qu,Exit
2015/09/25 (Fri) 00:45:25 JST,gnu/linux,root,qu,Exit
2015/09/25 (Fri) 00:45:38 JST,gnu/linux,root,qu,Start,Default
2015/09/25 (Fri) 00:45:38 JST,gnu/linux,root,qu,Exit
2015/09/25 (Fri) 00:53:41 JST,gnu/linux,root,qu,Exit
2015/09/25 (Fri) 00:54:23 JST,gnu/linux,root,qu,Exit
2015/09/25 (Fri) 01:16:10 JST,gnu/linux,root,qu,Exit
2015/09/25 (Fri) 01:17:22 JST,gnu/linux,root,qu,Exit
2015/09/25 (Fri) 01:17:31 JST,gnu/linux,root,qu,Exit
2015/09/25 (Fri) 01:31:25 JST,gnu/linux,root,qu,Start,Default
2015/09/25 (Fri) 01:31:25 JST,gnu/linux,root,qu,Exit
2015/09/25 (Fri) 02:40:50 JST,gnu/linux,root,qu,Start,Default
2015/09/25 (Fri) 02:40:50 JST,gnu/linux,root,qu,Exit
2015/09/25 (Fri) 02:43:16 JST,gnu/linux,root,qu,Start,Default
2015/09/25 (Fri) 02:43:16 JST,gnu/linux,root,qu,Exit
2015/09/25 (Fri) 02:47:55 JST,gnu/linux,root,qu,Start,Default
2015/09/25 (Fri) 02:47:55 JST,gnu/linux,root,qu,Exit
2015/09/25 (Fri) 02:51:34 JST,gnu/linux,root,qu,Start,Default
2015/09/25 (Fri) 02:51:34 JST,gnu/linux,root,qu,Exit
2015/09/25 (Fri) 02:54:17 JST,gnu/linux,root,qu,Start,Default
2015/09/25 (Fri) 02:54:17 JST,gnu/linux,root,qu,Exit
2015/09/25 (Fri) 02:56:13 JST,gnu/linux,root,qu,Start,Default
2015/09/25 (Fri) 02:56:13 JST,gnu/linux,root,qu,Exit
2015/09/25 (Fri) 03:38:29 JST,gnu/linux,root,qu,Exit
2015/09/25 (Fri) 06:37:16 JST,gnu/linux,root,qu,Exit
2015/09/25 (Fri) 06:37:44 JST,gnu/linux,root,qu,Start,Default
2015/09/25 (Fri) 06:37:44 JST,gnu/linux,root,qu,Exit
2015/09/25 (Fri) 06:40:45 JST,gnu/linux,root,qu,Exit
2015/09/25 (Fri) 06:41:32 JST,gnu/linux,root,qu,Exit
2015/09/25 (Fri) 07:18:52 JST,gnu/linux,root,qu,Exit
2015/09/25 (Fri) 07:23:16 JST,gnu/linux,root,qu,Exit
2015/09/25 (Fri) 07:28:13 JST,gnu/linux,root,qu,Start,Default
2015/09/25 (Fri) 07:28:13 JST,gnu/linux,root,qu,Exit
2015/09/25 (Fri) 07:29:45 JST,gnu/linux,root,qu,Exit
2015/09/25 (Fri) 07:30:54 JST,gnu/linux,root,qu,Start,Default
2015/09/25 (Fri) 07:30:54 JST,gnu/linux,root,qu,Exit
2015/09/25 (Fri) 07:36:39 JST,gnu/linux,root,qu,Exit
2015/09/25 (Fri) 07:39:26 JST,gnu/linux,root,qu,Exit
2015/09/25 (Fri) 10:23:28 JST,gnu/linux,root,qu,Exit
2015/09/25 (Fri) 10:23:36 JST,gnu/linux,root,qu,Start,Default
2015/09/25 (Fri) 10:23:36 JST,gnu/linux,root,qu,Exit
2015/09/25 (Fri) 10:25:01 JST,gnu/linux,root,qu,Exit
2015/09/25 (Fri) 10:25:26 JST,gnu/linux,root,qu,Exit
2015/09/25 (Fri) 10:25:50 JST,gnu/linux,root,qu,Start,Default
2015/09/25 (Fri) 10:25:50 JST,gnu/linux,root,qu,Exit
2015/09/25 (Fri) 10:27:19 JST,gnu/linux,root,qu,Exit
2015/09/25 (Fri) 10:28:02 JST,gnu/linux,root,qu,Exit
2015/09/25 (Fri) 10:34:55 JST,gnu/linux,root,qu,Start,Default
2015/09/25 (Fri) 10:34:55 JST,gnu/linux,root,qu,Exit
2015/09/25 (Fri) 10:41:31 JST,gnu/linux,root,qu,Exit
2015/09/25 (Fri) 10:42:37 JST,gnu/linux,root,qu,Exit
2015/09/25 (Fri) 10:42:43 JST,gnu/linux,root,qu,Exit
2015/09/25 (Fri) 10:43:34 JST,gnu/linux,root,qu,Start,Default
2015/09/25 (Fri) 10:43:34 JST,gnu/linux,root,qu,Exit
2015/09/25 (Fri) 10:44:50 JST,gnu/linux,root,qu,Exit
2015/09/25 (Fri) 10:44:58 JST,gnu/linux,root,qu,Start,Default
2015/09/25 (Fri) 10:44:58 JST,gnu/linux,root,qu,Exit
2015/09/25 (Fri) 10:46:28 JST,gnu/linux,root,qu,Exit
2015/09/25 (Fri) 10:46:56 JST,gnu/linux,root,qu,Exit
2015/09/25 (Fri) 10:47:03 JST,gnu/linux,root,qu,Start,Default
2015/09/25 (Fri) 10:47:03 JST,gnu/linux,root,qu,Exit
2015/09/25 (Fri) 10:48:50 JST,gnu/linux,root,qu,Start,Default
2015/09/25 (Fri) 10:48:50 JST,gnu/linux,root,qu,Exit
2015/09/25 (Fri) 10:50:59 JST,gnu/linux,root,qu,Start,Default
2015/09/25 (Fri) 10:50:59 JST,gnu/linux,root,qu,Exit
2015/09/25 (Fri) 10:56:41 JST,gnu/linux,root,qu,Exit
2015/09/25 (Fri) 10:56:48 JST,gnu/linux,root,qu,Start,Default
2015/09/25 (Fri) 10:56:48 JST,gnu/linux,root,qu,Exit
2015/09/25 (Fri) 10:58:23 JST,gnu/linux,root,qu,Start,Default
2015/09/25 (Fri) 10:58:23 JST,gnu/linux,root,qu,Exit
2015/09/25 (Fri) 11:21:14 JST,gnu/linux,root,qu,Exit
2015/09/25 (Fri) 11:21:20 JST,gnu/linux,root,qu,Start,Default
2015/09/25 (Fri) 11:21:20 JST,gnu/linux,root,qu,Exit
2015/09/25 (Fri) 11:22:57 JST,gnu/linux,root,qu,Exit
2015/09/25 (Fri) 11:23:21 JST,gnu/linux,root,qu,Start,Default
2015/09/25 (Fri) 11:23:21 JST,gnu/linux,root,qu,Exit
2015/09/25 (Fri) 11:38:31 JST,gnu/linux,root,qu,Exit
2015/09/25 (Fri) 11:38:38 JST,gnu/linux,root,qu,Start,Default
2015/09/25 (Fri) 11:38:38 JST,gnu/linux,root,qu,Exit
2015/09/25 (Fri) 11:42:44 JST,gnu/linux,root,qu,Exit
2015/09/25 (Fri) 11:43:03 JST,gnu/linux,root,qu,Start,Default
2015/09/25 (Fri) 11:43:03 JST,gnu/linux,root,qu,Exit
2015/09/25 (Fri) 11:51:10 JST,gnu/linux,root,qu,Exit
2015/09/25 (Fri) 11:58:46 JST,gnu/linux,root,qu,Exit
2015/09/25 (Fri) 12:01:10 JST,gnu/linux,root,qu,Exit
2015/09/25 (Fri) 12:02:44 JST,gnu/linux,root,qu,Exit
2015/09/25 (Fri) 12:04:15 JST,gnu/linux,root,qu,Exit
2015/09/25 (Fri) 12:19:26 JST,gnu/linux,root,qu,Exit
2015/09/25 (Fri) 12:23:03 JST,gnu/linux,root,qu,Exit
2015/09/25 (Fri) 12:28:16 JST,gnu/linux,root,qu,Exit
2015/09/25 (Fri) 12:31:32 JST,gnu/linux,root,qu,Exit
2015/09/25 (Fri) 12:33:26 JST,gnu/linux,root,qu,Exit
2015/09/25 (Fri) 23:06:20 JST,gnu/linux,root,qu,Exit
2015/09/25 (Fri) 23:13:06 JST,gnu/linux,root,qu,Exit
2015/09/25 (Fri) 23:13:21 JST,gnu/linux,root,qu,Exit
2015/09/25 (Fri) 23:20:43 JST,gnu/linux,root,qu,Exit
2015/09/25 (Fri) 23:31:48 JST,gnu/linux,root,qu,Exit
2015/09/25 (Fri) 23:39:21 JST,gnu/linux,root,qu,Exit
2015/09/25 (Fri) 23:46:37 JST,gnu/linux,root,qu,Exit
2015/09/25 (Fri) 23:47:09 JST,gnu/linux,root,qu,Exit
2015/09/26 (Sat) 00:06:07 JST,gnu/linux,root,qu,Exit
2015/09/26 (Sat) 00:08:02 JST,gnu/linux,root,qu,Exit
2015/09/26 (Sat) 00:09:33 JST,gnu/linux,root,qu,Exit
2015/09/26 (Sat) 00:14:07 JST,gnu/linux,root,qu,Exit
2015/09/26 (Sat) 00:36:38 JST,gnu/linux,root,qu,Exit
2015/09/26 (Sat) 00:38:20 JST,gnu/linux,root,qu,Exit
2015/09/26 (Sat) 00:38:33 JST,gnu/linux,root,qu,Exit
2015/09/26 (Sat) 00:43:20 JST,gnu/linux,root,qu,Exit
2015/09/26 (Sat) 00:43:50 JST,gnu/linux,root,qu,Exit
2015/09/26 (Sat) 00:46:13 JST,gnu/linux,root,qu,Exit
2015/09/26 (Sat) 00:47:43 JST,gnu/linux,root,qu,Exit
2015/09/26 (Sat) 00:50:46 JST,gnu/linux,root,qu,Exit
2015/09/26 (Sat) 00:53:16 JST,gnu/linux,root,qu,Exit
2015/09/26 (Sat) 00:54:06 JST,gnu/linux,root,qu,Exit
2015/09/26 (Sat) 01:19:21 JST,gnu/linux,root,qu,Exit
2015/09/26 (Sat) 01:23:03 JST,gnu/linux,root,qu,Exit
2015/09/26 (Sat) 01:23:32 JST,gnu/linux,root,qu,Exit
2015/09/26 (Sat) 01:29:16 JST,gnu/linux,root,qu,Start,Default
2015/09/26 (Sat) 01:29:16 JST,gnu/linux,root,qu,Exit
2015/09/26 (Sat) 01:29:51 JST,gnu/linux,root,qu,Exit
2015/09/26 (Sat) 01:30:05 JST,gnu/linux,root,qu,Start,Default
2015/09/26 (Sat) 01:30:05 JST,gnu/linux,root,qu,Exit
2015/09/26 (Sat) 01:55:10 JST,gnu/linux,root,qu,Exit
2015/09/25 (Fri) 03:30:43 JST,gnu/linux,root,qu,Exit
2015/09/26 (Sat) 02:22:34 JST,gnu/linux,root,qu,Start,Default
2015/09/26 (Sat) 02:24:21 JST,gnu/linux,root,qu,Exit
2015/09/26 (Sat) 02:24:39 JST,gnu/linux,root,qu,Exit
2015/09/26 (Sat) 02:22:34 JST,gnu/linux,root,qu,Exit
2015/09/26 (Sat) 02:25:23 JST,gnu/linux,root,qu,Start,Default
2015/09/26 (Sat) 02:30:42 JST,gnu/linux,root,qu,Start,Default
2015/09/26 (Sat) 02:43:26 JST,gnu/linux,root,qu,Exit
2015/09/26 (Sat) 02:30:42 JST,gnu/linux,root,qu,Exit
2015/09/26 (Sat) 02:25:23 JST,gnu/linux,root,qu,Exit
2015/09/26 (Sat) 02:43:41 JST,gnu/linux,root,qu,Start,Default
2015/09/26 (Sat) 03:30:36 JST,gnu/linux,root,qu,Exit
2015/09/26 (Sat) 03:31:36 JST,gnu/linux,root,qu,Exit
2015/09/26 (Sat) 03:51:11 JST,gnu/linux,root,qu,Exit
2015/09/26 (Sat) 03:51:47 JST,gnu/linux,root,qu,Exit
2015/09/26 (Sat) 04:13:02 JST,gnu/linux,root,qu,Exit
2015/09/26 (Sat) 04:16:53 JST,gnu/linux,root,qu,Exit
2015/09/26 (Sat) 04:24:37 JST,gnu/linux,root,qu,Exit
2015/09/26 (Sat) 04:33:34 JST,gnu/linux,root,qu,Exit
2015/09/26 (Sat) 04:43:10 JST,gnu/linux,root,qu,Exit
2015/09/26 (Sat) 05:21:38 JST,gnu/linux,root,qu,Exit
2015/09/26 (Sat) 05:24:15 JST,gnu/linux,root,qu,Exit
2015/09/26 (Sat) 05:34:50 JST,gnu/linux,root,qu,Exit
2015/09/26 (Sat) 05:35:34 JST,gnu/linux,root,qu,Exit
2015/09/26 (Sat) 05:40:44 JST,gnu/linux,root,qu,Exit
2015/09/26 (Sat) 05:41:22 JST,gnu/linux,root,qu,Exit
2015/09/26 (Sat) 05:41:27 JST,gnu/linux,root,qu,Exit
2015/09/26 (Sat) 06:22:25 JST,gnu/linux,root,qu,Exit
2015/09/26 (Sat) 06:30:51 JST,gnu/linux,root,qu,Exit
2015/09/26 (Sat) 06:34:51 JST,gnu/linux,root,qu,Exit
2015/09/26 (Sat) 06:35:51 JST,gnu/linux,root,qu,Exit
2015/09/26 (Sat) 06:38:01 JST,gnu/linux,root,qu,Exit
2015/09/26 (Sat) 06:38:58 JST,gnu/linux,root,qu,Start,Default
2015/09/26 (Sat) 06:38:58 JST,gnu/linux,root,qu,Exit
2015/09/26 (Sat) 06:42:45 JST,gnu/linux,root,qu,Exit
2015/09/26 (Sat) 06:46:12 JST,gnu/linux,root,qu,Exit
2015/09/26 (Sat) 06:48:52 JST,gnu/linux,root,qu,Exit
2015/09/26 (Sat) 06:52:25 JST,gnu/linux,root,qu,Exit
2015/09/26 (Sat) 06:53:21 JST,gnu/linux,root,qu,Exit
2015/09/26 (Sat) 06:55:32 JST,gnu/linux,root,qu,Start,Default
2015/09/26 (Sat) 06:55:32 JST,gnu/linux,root,qu,Exit
2015/09/26 (Sat) 06:58:08 JST,gnu/linux,root,qu,Start,Default
2015/09/26 (Sat) 07:01:22 JST,gnu/linux,root,qu,Start,Default
2015/09/26 (Sat) 07:02:00 JST,gnu/linux,root,qu,Exit
2015/09/26 (Sat) 06:58:08 JST,gnu/linux,root,qu,Exit
2015/09/26 (Sat) 07:01:22 JST,gnu/linux,root,qu,Exit
2015/09/26 (Sat) 07:02:11 JST,gnu/linux,root,qu,Start,Default
2015/09/26 (Sat) 07:02:11 JST,gnu/linux,root,qu,Exit
2015/09/26 (Sat) 07:03:55 JST,gnu/linux,root,qu,Exit
2015/09/26 (Sat) 07:04:02 JST,gnu/linux,root,qu,Start,Default
2015/09/26 (Sat) 07:04:02 JST,gnu/linux,root,qu,Exit
2015/09/26 (Sat) 07:04:51 JST,gnu/linux,root,qu,Exit
2015/09/26 (Sat) 07:05:02 JST,gnu/linux,root,qu,Exit
2015/09/26 (Sat) 07:05:09 JST,gnu/linux,root,qu,Start,Default
2015/09/26 (Sat) 07:05:09 JST,gnu/linux,root,qu,Exit
2015/09/26 (Sat) 07:11:53 JST,gnu/linux,root,qu,Exit
2015/09/26 (Sat) 07:12:02 JST,gnu/linux,root,qu,Start,Default
2015/09/26 (Sat) 07:12:02 JST,gnu/linux,root,qu,Exit
2015/09/26 (Sat) 07:14:06 JST,gnu/linux,root,qu,Exit
2015/09/26 (Sat) 07:14:18 JST,gnu/linux,root,qu,Start,Default
2015/09/26 (Sat) 07:14:18 JST,gnu/linux,root,qu,Exit
2015/09/26 (Sat) 07:17:06 JST,gnu/linux,root,qu,Exit
2015/09/26 (Sat) 16:37:33 JST,gnu/linux,root,qu,Start,Default
2015/09/26 (Sat) 16:38:41 JST,gnu/linux,root,qu,Start,Debug
2015/09/26 (Sat) 16:38:41 JST,gnu/linux,root,qu,Exit
2015/09/26 (Sat) 16:40:27 JST,gnu/linux,root,qu,Exit
2015/09/26 (Sat) 16:44:45 JST,gnu/linux,root,qu,Start,Default
2015/09/26 (Sat) 16:44:45 JST,gnu/linux,root,qu,Exit
2015/09/26 (Sat) 16:57:09 JST,gnu/linux,root,qu,Start,Default
2015/09/26 (Sat) 17:05:04 JST,gnu/linux,root,qu,Exit
2015/09/26 (Sat) 17:05:48 JST,gnu/linux,root,qu,Start,Default
2015/09/26 (Sat) 17:05:48 JST,gnu/linux,root,qu,Exit
2015/09/26 (Sat) 17:06:16 JST,gnu/linux,root,qu,Exit
2015/09/26 (Sat) 17:06:32 JST,gnu/linux,root,qu,Exit
2015/09/26 (Sat) 17:07:01 JST,gnu/linux,root,qu,Exit
2015/09/26 (Sat) 17:19:57 JST,gnu/linux,root,qu,Exit
2015/09/26 (Sat) 17:22:09 JST,gnu/linux,root,qu,Exit
2015/09/26 (Sat) 17:25:23 JST,gnu/linux,root,qu,Exit
2015/09/26 (Sat) 17:59:36 JST,gnu/linux,root,qu,Exit
2015/09/26 (Sat) 18:00:35 JST,gnu/linux,root,qu,Exit
2015/09/26 (Sat) 18:04:49 JST,gnu/linux,root,qu,Exit
2015/09/26 (Sat) 18:05:01 JST,gnu/linux,root,qu,Exit
2015/09/26 (Sat) 09:11:17 JST,gnu/linux,root,qu,Exit
2015/09/26 (Sat) 09:16:06 JST,gnu/linux,root,qu,Exit
2015/09/26 (Sat) 09:21:16 JST,gnu/linux,root,qu,Exit
2015/09/26 (Sat) 09:23:22 JST,gnu/linux,root,qu,Exit
2015/09/26 (Sat) 10:23:03 JST,gnu/linux,root,qu,Start,Default
2015/09/26 (Sat) 10:23:03 JST,gnu/linux,root,qu,Exit
2015/09/26 (Sat) 10:24:44 JST,gnu/linux,root,qu,Exit
2015/09/26 (Sat) 10:24:51 JST,gnu/linux,root,qu,Start,Default
2015/09/26 (Sat) 10:24:51 JST,gnu/linux,root,qu,Exit
2015/09/26 (Sat) 10:27:06 JST,gnu/linux,root,qu,Exit
2015/09/26 (Sat) 10:27:12 JST,gnu/linux,root,qu,Start,Default
2015/09/26 (Sat) 10:27:12 JST,gnu/linux,root,qu,Exit
2015/09/26 (Sat) 10:28:28 JST,gnu/linux,root,qu,Exit
2015/09/26 (Sat) 10:32:04 JST,gnu/linux,root,qu,Exit
2015/09/26 (Sat) 10:32:10 JST,gnu/linux,root,qu,Start,Default
2015/09/26 (Sat) 10:32:10 JST,gnu/linux,root,qu,Exit
2015/09/26 (Sat) 10:34:21 JST,gnu/linux,root,qu,Exit
2015/09/26 (Sat) 10:34:31 JST,gnu/linux,root,qu,Exit
2015/09/26 (Sat) 10:34:42 JST,gnu/linux,root,qu,Start,Default
2015/09/26 (Sat) 10:34:42 JST,gnu/linux,root,qu,Exit
2015/09/26 (Sat) 10:43:26 JST,gnu/linux,root,qu,Exit
2015/09/26 (Sat) 16:57:09 JST,gnu/linux,root,qu,Exit
2015/09/26 (Sat) 11:23:57 JST,gnu/linux,root,qu,Start,Default
2015/09/26 (Sat) 11:23:57 JST,gnu/linux,root,qu,Exit
2015/09/26 (Sat) 12:54:28 JST,gnu/linux,root,qu,Start,Default
2015/09/26 (Sat) 12:54:28 JST,gnu/linux,root,qu,Exit
2015/09/26 (Sat) 14:18:13 JST,gnu/linux,root,qu,Start,Default
2015/09/26 (Sat) 14:18:20 JST,gnu/linux,root,qu,Start,Default
2015/09/26 (Sat) 14:18:20 JST,gnu/linux,root,qu,Exit
2015/09/26 (Sat) 14:18:13 JST,gnu/linux,root,qu,Exit
2015/09/26 (Sat) 14:18:35 JST,gnu/linux,root,qu,Start,Default
2015/09/26 (Sat) 14:18:48 JST,gnu/linux,root,qu,Start,Default
2015/09/26 (Sat) 14:18:48 JST,gnu/linux,root,qu,Exit
2015/09/26 (Sat) 21:52:04 JST,gnu/linux,root,qu,Start,Default
2015/09/26 (Sat) 21:52:23 JST,gnu/linux,root,qu,Start,Default
2015/09/26 (Sat) 21:52:23 JST,gnu/linux,root,qu,Exit
2015/09/26 (Sat) 21:52:04 JST,gnu/linux,root,qu,Exit
2015/09/27 (Sun) 00:46:38 JST,gnu/linux,root,qu,Start,Default
2015/09/27 (Sun) 00:46:38 JST,gnu/linux,root,qu,Exit
2015/09/27 (Sun) 01:59:58 JST,gnu/linux,root,qu,Start,Default
2015/09/27 (Sun) 01:59:58 JST,gnu/linux,root,qu,Exit
2015/09/27 (Sun) 06:46:06 JST,gnu/linux,root,qu,Start,Default
2015/09/27 (Sun) 06:46:06 JST,gnu/linux,root,qu,Exit
2015/09/27 (Sun) 07:23:41 JST,gnu/linux,root,qu,Start,Default
2015/09/27 (Sun) 07:23:41 JST,gnu/linux,root,qu,Exit
2015/09/27 (Sun) 07:42:21 JST,gnu/linux,root,qu,Start,Default
2015/09/27 (Sun) 07:42:21 JST,gnu/linux,root,qu,Exit
2015/09/27 (Sun) 08:00:54 JST,gnu/linux,root,qu,Start,Default
2015/09/27 (Sun) 09:41:28 JST,gnu/linux,root,qu,Exit
2015/09/27 (Sun) 09:42:34 JST,gnu/linux,root,qu,Exit
2015/09/27 (Sun) 09:46:10 JST,gnu/linux,root,qu,Exit
2015/09/27 (Sun) 09:46:28 JST,gnu/linux,root,qu,Exit
2015/09/27 (Sun) 21:44:16 JST,gnu/linux,root,qu,Exit
2015/09/27 (Sun) 22:05:11 JST,gnu/linux,root,qu,Start,Default
2015/09/27 (Sun) 22:05:11 JST,gnu/linux,root,qu,Exit
2015/09/27 (Sun) 22:06:31 JST,gnu/linux,root,qu,Start,Default
2015/09/27 (Sun) 22:06:31 JST,gnu/linux,root,qu,Exit
2015/09/28 (Mon) 16:33:32 JST,gnu/linux,root,qu,Start,Default
2015/09/28 (Mon) 16:33:32 JST,gnu/linux,root,qu,Exit
2015/09/28 (Mon) 17:03:48 JST,gnu/linux,root,qu,Start,Default
2015/09/28 (Mon) 23:47:27 JST,gnu/linux,root,qu,Start,Default
2015/09/29 (Tue) 22:01:23 JST,gnu/linux,root,qu,Exit
2015/09/29 (Tue) 22:01:24 JST,gnu/linux,root,qu,Exit
2015/09/29 (Tue) 22:01:26 JST,gnu/linux,root,qu,Exit
2015/09/29 (Tue) 22:01:43 JST,gnu/linux,root,qu,Exit
2015/09/29 (Tue) 22:02:06 JST,gnu/linux,root,qu,Exit
2015/09/29 (Tue) 22:02:13 JST,gnu/linux,root,qu,Exit
2015/09/29 (Tue) 22:02:13 JST,gnu/linux,root,qu,Exit
2015/09/29 (Tue) 22:02:14 JST,gnu/linux,root,qu,Exit
2015/09/29 (Tue) 22:02:14 JST,gnu/linux,root,qu,Exit
2015/09/29 (Tue) 22:02:15 JST,gnu/linux,root,qu,Exit
2015/09/29 (Tue) 22:02:17 JST,gnu/linux,root,qu,Exit
2015/09/29 (Tue) 22:02:17 JST,gnu/linux,root,qu,Exit
2015/09/29 (Tue) 22:02:17 JST,gnu/linux,root,qu,Exit
2015/09/29 (Tue) 22:02:18 JST,gnu/linux,root,qu,Exit
2015/09/29 (Tue) 22:02:18 JST,gnu/linux,root,qu,Exit
2015/09/29 (Tue) 22:02:19 JST,gnu/linux,root,qu,Exit
2015/09/29 (Tue) 22:02:20 JST,gnu/linux,root,qu,Exit
2015/09/29 (Tue) 22:02:21 JST,gnu/linux,root,qu,Exit
2015/09/29 (Tue) 22:02:21 JST,gnu/linux,root,qu,Exit
2015/09/29 (Tue) 22:02:21 JST,gnu/linux,root,qu,Exit
2015/09/29 (Tue) 22:02:22 JST,gnu/linux,root,qu,Exit
2015/09/29 (Tue) 22:02:22 JST,gnu/linux,root,qu,Exit
2015/09/29 (Tue) 22:02:22 JST,gnu/linux,root,qu,Exit
2015/09/29 (Tue) 22:02:23 JST,gnu/linux,root,qu,Exit
2015/09/29 (Tue) 22:02:25 JST,gnu/linux,root,qu,Exit
2015/09/29 (Tue) 22:02:25 JST,gnu/linux,root,qu,Exit
2015/09/29 (Tue) 22:02:26 JST,gnu/linux,root,qu,Exit
2015/09/29 (Tue) 22:02:26 JST,gnu/linux,root,qu,Exit
2015/09/29 (Tue) 22:02:26 JST,gnu/linux,root,qu,Exit
2015/09/29 (Tue) 22:02:26 JST,gnu/linux,root,qu,Exit
2015/09/29 (Tue) 22:02:27 JST,gnu/linux,root,qu,Exit
2015/09/29 (Tue) 22:02:27 JST,gnu/linux,root,qu,Exit
2015/09/29 (Tue) 22:02:27 JST,gnu/linux,root,qu,Exit
2015/09/29 (Tue) 22:02:28 JST,gnu/linux,root,qu,Exit
2015/09/29 (Tue) 22:02:28 JST,gnu/linux,root,qu,Exit
2015/09/29 (Tue) 22:02:28 JST,gnu/linux,root,qu,Exit
2015/09/29 (Tue) 22:02:34 JST,gnu/linux,root,qu,Exit
2015/09/29 (Tue) 22:02:34 JST,gnu/linux,root,qu,Exit
2015/09/29 (Tue) 22:02:35 JST,gnu/linux,root,qu,Exit
2015/09/29 (Tue) 22:02:35 JST,gnu/linux,root,qu,Exit
2015/09/29 (Tue) 22:02:40 JST,gnu/linux,root,qu,Exit
2015/09/29 (Tue) 22:02:40 JST,gnu/linux,root,qu,Exit
2015/09/29 (Tue) 22:02:40 JST,gnu/linux,root,qu,Exit
2015/09/29 (Tue) 22:02:41 JST,gnu/linux,root,qu,Exit
2015/09/29 (Tue) 22:02:41 JST,gnu/linux,root,qu,Exit
2015/09/29 (Tue) 22:02:41 JST,gnu/linux,root,qu,Exit
2015/09/29 (Tue) 22:02:41 JST,gnu/linux,root,qu,Exit
2015/09/29 (Tue) 22:02:42 JST,gnu/linux,root,qu,Exit
2015/09/29 (Tue) 22:02:42 JST,gnu/linux,root,qu,Exit
2015/09/29 (Tue) 22:02:42 JST,gnu/linux,root,qu,Exit
2015/09/29 (Tue) 22:02:42 JST,gnu/linux,root,qu,Exit
2015/09/29 (Tue) 22:02:43 JST,gnu/linux,root,qu,Exit
2015/09/29 (Tue) 22:02:44 JST,gnu/linux,root,qu,Exit
2015/09/29 (Tue) 22:02:45 JST,gnu/linux,root,qu,Exit
2015/09/29 (Tue) 22:02:46 JST,gnu/linux,root,qu,Exit
2015/09/29 (Tue) 22:02:46 JST,gnu/linux,root,qu,Exit
2015/09/29 (Tue) 22:02:46 JST,gnu/linux,root,qu,Exit
2015/09/29 (Tue) 22:02:47 JST,gnu/linux,root,qu,Exit
2015/09/29 (Tue) 22:02:47 JST,gnu/linux,root,qu,Exit
2015/09/29 (Tue) 22:02:47 JST,gnu/linux,root,qu,Exit
2015/09/29 (Tue) 22:02:47 JST,gnu/linux,root,qu,Exit
2015/09/29 (Tue) 22:02:48 JST,gnu/linux,root,qu,Exit
2015/09/29 (Tue) 22:02:48 JST,gnu/linux,root,qu,Exit
2015/09/29 (Tue) 22:02:48 JST,gnu/linux,root,qu,Exit
2015/09/29 (Tue) 22:02:49 JST,gnu/linux,root,qu,Exit
2015/09/29 (Tue) 22:02:49 JST,gnu/linux,root,qu,Exit
2015/09/29 (Tue) 22:02:49 JST,gnu/linux,root,qu,Exit
2015/09/29 (Tue) 22:02:50 JST,gnu/linux,root,qu,Exit
2015/09/29 (Tue) 22:02:50 JST,gnu/linux,root,qu,Exit
2015/09/29 (Tue) 22:02:50 JST,gnu/linux,root,qu,Exit
2015/09/29 (Tue) 22:02:50 JST,gnu/linux,root,qu,Exit
2015/09/29 (Tue) 22:02:51 JST,gnu/linux,root,qu,Exit
2015/09/29 (Tue) 22:02:51 JST,gnu/linux,root,qu,Exit
2015/09/29 (Tue) 22:03:10 JST,gnu/linux,root,qu,Start,Default
2015/09/29 (Tue) 22:03:10 JST,gnu/linux,root,qu,Exit
2015/09/29 (Tue) 22:04:40 JST,gnu/linux,root,qu,Start,Default
2015/09/29 (Tue) 22:07:06 JST,gnu/linux,root,qu,Start,Default
2015/09/29 (Tue) 22:07:06 JST,gnu/linux,root,qu,Exit
2015/09/29 (Tue) 22:08:00 JST,gnu/linux,root,qu,Start,Default
2015/09/29 (Tue) 22:08:00 JST,gnu/linux,root,qu,Exit
2015/09/29 (Tue) 22:09:04 JST,gnu/linux,root,qu,Start,Default
2015/09/29 (Tue) 22:09:04 JST,gnu/linux,root,qu,Exit
2015/09/29 (Tue) 22:10:27 JST,gnu/linux,root,qu,Exit
2015/09/29 (Tue) 22:10:42 JST,gnu/linux,root,qu,Start,Default
2015/09/29 (Tue) 22:10:42 JST,gnu/linux,root,qu,Exit
2015/09/29 (Tue) 22:11:38 JST,gnu/linux,root,qu,Start,Default
2015/09/29 (Tue) 22:11:38 JST,gnu/linux,root,qu,Exit
2015/09/29 (Tue) 22:19:33 JST,gnu/linux,root,qu,Start,Default
2015/09/29 (Tue) 22:19:33 JST,gnu/linux,root,qu,Exit
2015/09/29 (Tue) 22:20:22 JST,gnu/linux,root,qu,Start,Default
2015/09/29 (Tue) 22:20:22 JST,gnu/linux,root,qu,Exit
2015/09/29 (Tue) 22:21:22 JST,gnu/linux,root,qu,Start,Default
2015/09/29 (Tue) 22:21:22 JST,gnu/linux,root,qu,Exit
2015/09/29 (Tue) 22:30:15 JST,gnu/linux,root,qu,Start,Default
2015/09/29 (Tue) 22:30:15 JST,gnu/linux,root,qu,Exit
2015/09/29 (Tue) 22:31:14 JST,gnu/linux,root,qu,Start,Default
2015/09/29 (Tue) 22:31:14 JST,gnu/linux,root,qu,Exit
2015/09/29 (Tue) 22:32:26 JST,gnu/linux,root,qu,Start,Default
2015/09/29 (Tue) 22:32:26 JST,gnu/linux,root,qu,Exit
2015/09/29 (Tue) 22:33:50 JST,gnu/linux,root,qu,Start,Default
2015/09/29 (Tue) 22:33:50 JST,gnu/linux,root,qu,Exit
2015/09/29 (Tue) 22:34:22 JST,gnu/linux,root,qu,Start,Default
2015/09/29 (Tue) 22:34:22 JST,gnu/linux,root,qu,Exit
2015/09/29 (Tue) 22:35:34 JST,gnu/linux,root,qu,Start,Default
2015/09/29 (Tue) 22:35:34 JST,gnu/linux,root,qu,Exit
2015/09/29 (Tue) 22:41:27 JST,gnu/linux,root,qu,Start,Default
2015/09/29 (Tue) 22:04:40 JST,gnu/linux,root,qu,Exit
2015/09/29 (Tue) 22:47:28 JST,gnu/linux,root,qu,Exit
2015/09/29 (Tue) 22:47:34 JST,gnu/linux,root,qu,Start,Default
2015/09/29 (Tue) 22:47:34 JST,gnu/linux,root,qu,Exit
2015/09/29 (Tue) 22:48:37 JST,gnu/linux,root,qu,Exit
2015/09/29 (Tue) 22:48:44 JST,gnu/linux,root,qu,Start,Default
2015/09/29 (Tue) 22:48:44 JST,gnu/linux,root,qu,Exit
2015/09/29 (Tue) 22:41:27 JST,gnu/linux,root,qu,Exit
2015/09/29 (Tue) 22:49:30 JST,gnu/linux,root,qu,Start,Default
2015/09/29 (Tue) 22:58:15 JST,gnu/linux,root,qu,Exit
2015/09/29 (Tue) 22:58:21 JST,gnu/linux,root,qu,Start,Default
2015/09/29 (Tue) 22:58:21 JST,gnu/linux,root,qu,Exit
2015/09/29 (Tue) 22:59:36 JST,gnu/linux,root,qu,Start,Default
2015/09/29 (Tue) 22:59:36 JST,gnu/linux,root,qu,Exit
2015/09/29 (Tue) 23:00:22 JST,gnu/linux,root,qu,Exit
2015/09/29 (Tue) 23:00:35 JST,gnu/linux,root,qu,Start,Default
2015/09/29 (Tue) 23:00:35 JST,gnu/linux,root,qu,Exit
2015/09/29 (Tue) 23:02:21 JST,gnu/linux,root,qu,Start,Default
2015/09/29 (Tue) 23:02:21 JST,gnu/linux,root,qu,Exit
2015/09/29 (Tue) 23:03:55 JST,gnu/linux,root,qu,Exit
2015/09/29 (Tue) 23:04:11 JST,gnu/linux,root,qu,Exit
2015/09/29 (Tue) 23:04:18 JST,gnu/linux,root,qu,Start,Default
2015/09/29 (Tue) 23:04:18 JST,gnu/linux,root,qu,Exit
2015/09/29 (Tue) 22:49:30 JST,gnu/linux,root,qu,Exit
2015/09/29 (Tue) 23:04:36 JST,gnu/linux,root,qu,Start,Default
2015/09/30 (Wed) 05:26:20 JST,gnu/linux,root,qu,Start,Default
2015/09/30 (Wed) 05:26:20 JST,gnu/linux,root,qu,Exit
2015/09/30 (Wed) 07:53:07 JST,gnu/linux,root,qu,Exit
2015/09/30 (Wed) 07:53:18 JST,gnu/linux,root,qu,Start,Default
2015/09/30 (Wed) 07:53:18 JST,gnu/linux,root,qu,Exit
2015/09/30 (Wed) 07:56:14 JST,gnu/linux,root,qu,Exit
2015/09/30 (Wed) 07:57:09 JST,gnu/linux,root,qu,Start,Default
2015/09/30 (Wed) 07:57:09 JST,gnu/linux,root,qu,Exit
2015/09/30 (Wed) 08:12:39 JST,gnu/linux,root,qu,Exit
2015/09/30 (Wed) 08:18:37 JST,gnu/linux,root,qu,Exit
2015/09/30 (Wed) 08:19:04 JST,gnu/linux,root,qu,Exit
2015/09/30 (Wed) 08:19:51 JST,gnu/linux,root,qu,Exit
2015/09/30 (Wed) 08:19:59 JST,gnu/linux,root,qu,Start,Default
2015/09/30 (Wed) 08:19:59 JST,gnu/linux,root,qu,Exit
2015/09/30 (Wed) 08:26:37 JST,gnu/linux,root,qu,Exit
2015/09/30 (Wed) 08:27:02 JST,gnu/linux,root,qu,Exit
2015/09/30 (Wed) 08:28:37 JST,gnu/linux,root,qu,Exit
2015/09/30 (Wed) 08:29:57 JST,gnu/linux,root,qu,Start,Default
2015/09/30 (Wed) 08:29:57 JST,gnu/linux,root,qu,Exit
2015/09/30 (Wed) 08:30:47 JST,gnu/linux,root,qu,Exit
2015/09/30 (Wed) 08:30:55 JST,gnu/linux,root,qu,Start,Default
2015/09/30 (Wed) 08:30:55 JST,gnu/linux,root,qu,Exit
2015/09/30 (Wed) 08:32:11 JST,gnu/linux,root,qu,Exit
2015/09/30 (Wed) 08:32:19 JST,gnu/linux,root,qu,Start,Default
2015/09/30 (Wed) 08:32:19 JST,gnu/linux,root,qu,Exit
2015/09/30 (Wed) 08:32:59 JST,gnu/linux,root,qu,Start,Default
2015/09/30 (Wed) 08:32:59 JST,gnu/linux,root,qu,Exit
2015/09/30 (Wed) 08:37:10 JST,gnu/linux,root,qu,Exit
2015/09/30 (Wed) 08:37:28 JST,gnu/linux,root,qu,Exit
2015/09/30 (Wed) 08:37:46 JST,gnu/linux,root,qu,Start,Default
2015/09/30 (Wed) 08:37:46 JST,gnu/linux,root,qu,Exit
2015/09/30 (Wed) 08:38:38 JST,gnu/linux,root,qu,Exit
2015/09/30 (Wed) 08:38:57 JST,gnu/linux,root,qu,Start,Default
2015/09/30 (Wed) 08:38:57 JST,gnu/linux,root,qu,Exit
2015/09/30 (Wed) 08:39:29 JST,gnu/linux,root,qu,Start,Default
2015/09/30 (Wed) 08:39:29 JST,gnu/linux,root,qu,Exit
2015/09/30 (Wed) 08:40:19 JST,gnu/linux,root,qu,Start,Default
2015/09/30 (Wed) 08:40:19 JST,gnu/linux,root,qu,Exit
2015/09/30 (Wed) 08:41:34 JST,gnu/linux,root,qu,Exit
2015/09/30 (Wed) 08:42:15 JST,gnu/linux,root,qu,Exit
2015/09/30 (Wed) 08:42:23 JST,gnu/linux,root,qu,Start,Default
2015/09/30 (Wed) 08:42:23 JST,gnu/linux,root,qu,Exit
2015/09/30 (Wed) 08:44:08 JST,gnu/linux,root,qu,Exit
2015/09/30 (Wed) 08:44:57 JST,gnu/linux,root,qu,Exit
2015/09/30 (Wed) 08:45:40 JST,gnu/linux,root,qu,Exit
2015/09/30 (Wed) 08:45:59 JST,gnu/linux,root,qu,Start,Default
2015/09/30 (Wed) 08:45:59 JST,gnu/linux,root,qu,Exit
2015/09/30 (Wed) 08:47:23 JST,gnu/linux,root,qu,Exit
2015/09/30 (Wed) 08:48:05 JST,gnu/linux,root,qu,Exit
2015/09/30 (Wed) 08:48:14 JST,gnu/linux,root,qu,Exit
2015/09/30 (Wed) 08:48:33 JST,gnu/linux,root,qu,Exit
2015/09/30 (Wed) 08:48:41 JST,gnu/linux,root,qu,Start,Default
2015/09/30 (Wed) 08:48:41 JST,gnu/linux,root,qu,Exit
2015/09/30 (Wed) 08:49:50 JST,gnu/linux,root,qu,Exit
2015/09/30 (Wed) 08:50:02 JST,gnu/linux,root,qu,Exit
2015/09/30 (Wed) 08:50:10 JST,gnu/linux,root,qu,Start,Default
2015/09/30 (Wed) 08:50:10 JST,gnu/linux,root,qu,Exit
2015/09/30 (Wed) 10:10:29 JST,gnu/linux,root,qu,Exit
2015/09/30 (Wed) 10:18:43 JST,gnu/linux,root,qu,Exit
2015/09/30 (Wed) 10:20:11 JST,gnu/linux,root,qu,Exit
