2014/04/30 (Wed) 16:09:45 JST,gnu/linux,root,qu,Exit
2014/05/01 (Thu) 18:27:23 JST,gnu/linux,root,qu,Start,Default
2014/05/01 (Thu) 18:27:23 JST,gnu/linux,root,qu,Exit
2014/05/01 (Thu) 18:38:40 JST,gnu/linux,root,qu,Start,Default
2014/05/01 (Thu) 18:38:40 JST,gnu/linux,root,qu,Exit
2014/05/02 (Fri) 06:22:47 JST,gnu/linux,root,qu,Start,Default
2014/05/02 (Fri) 06:22:47 JST,gnu/linux,root,qu,Exit
2014/05/03 (Sat) 05:11:45 JST,gnu/linux,root,qu,Start,Default
2014/05/03 (Sat) 16:47:49 JST,gnu/linux,root,qu,Start,Default
2014/05/03 (Sat) 16:47:49 JST,gnu/linux,root,qu,Exit
2014/05/03 (Sat) 16:53:24 JST,gnu/linux,root,qu,Start,Default
2014/05/03 (Sat) 16:53:24 JST,gnu/linux,root,qu,Exit
2014/05/03 (Sat) 05:11:45 JST,gnu/linux,root,qu,Exit
2014/05/05 (Mon) 06:06:27 JST,gnu/linux,root,qu,Start,Default
2014/05/05 (Mon) 06:06:27 JST,gnu/linux,root,qu,Exit
2014/05/06 (Tue) 07:53:11 JST,gnu/linux,root,qu,Start,Default
2014/05/07 (Wed) 09:40:50 JST,gnu/linux,root,qu,Exit
2014/05/07 (Wed) 16:20:57 JST,gnu/linux,root,qu,Start,Default
2014/05/07 (Wed) 16:20:57 JST,gnu/linux,root,qu,Exit
2014/05/06 (Tue) 07:53:11 JST,gnu/linux,root,qu,Exit
2014/05/08 (Thu) 10:26:22 JST,gnu/linux,root,qu,Start,Default
2014/05/08 (Thu) 10:26:22 JST,gnu/linux,root,qu,Exit
2014/05/08 (Thu) 10:27:16 JST,gnu/linux,root,qu,Start,Default
2014/05/08 (Thu) 13:26:46 JST,gnu/linux,root,qu,Start,Default
2014/05/08 (Thu) 13:26:46 JST,gnu/linux,root,qu,Exit
2014/05/09 (Fri) 09:08:03 JST,gnu/linux,root,qu,Start,Default
2014/05/10 (Sat) 18:42:49 JST,gnu/linux,root,qu,Start,Default
2014/05/10 (Sat) 18:42:49 JST,gnu/linux,root,qu,Exit
2014/05/10 (Sat) 23:11:25 JST,gnu/linux,root,qu,Start,Default
2014/05/10 (Sat) 23:11:25 JST,gnu/linux,root,qu,Exit
2014/05/09 (Fri) 09:08:03 JST,gnu/linux,root,qu,Exit
2014/05/11 (Sun) 10:15:43 JST,gnu/linux,root,qu,Start,Default
2014/05/11 (Sun) 23:31:44 JST,gnu/linux,root,qu,Exit
2014/05/11 (Sun) 23:36:19 JST,gnu/linux,root,qu,Exit
2014/05/11 (Sun) 23:40:31 JST,gnu/linux,root,qu,Exit
2014/05/11 (Sun) 23:42:16 JST,gnu/linux,root,qu,Exit
2014/05/11 (Sun) 23:44:25 JST,gnu/linux,root,qu,Exit
2014/05/11 (Sun) 23:44:33 JST,gnu/linux,root,qu,Exit
2014/05/11 (Sun) 23:54:25 JST,gnu/linux,root,qu,Exit
2014/05/11 (Sun) 23:57:12 JST,gnu/linux,root,qu,Exit
2014/05/11 (Sun) 23:59:39 JST,gnu/linux,root,qu,Exit
2014/05/12 (Mon) 00:03:01 JST,gnu/linux,root,qu,Exit
2014/05/12 (Mon) 00:03:55 JST,gnu/linux,root,qu,Exit
2014/05/12 (Mon) 00:04:43 JST,gnu/linux,root,qu,Exit
2014/05/12 (Mon) 00:06:32 JST,gnu/linux,root,qu,Exit
2014/05/11 (Sun) 10:15:43 JST,gnu/linux,root,qu,Exit
2014/05/12 (Mon) 13:13:29 JST,gnu/linux,root,qu,Start,Default
2014/05/12 (Mon) 15:00:28 JST,gnu/linux,root,qu,Exit
2014/05/12 (Mon) 15:03:47 JST,gnu/linux,root,qu,Exit
2014/05/12 (Mon) 15:05:39 JST,gnu/linux,root,qu,Exit
2014/05/12 (Mon) 15:06:20 JST,gnu/linux,root,qu,Start,Default
2014/05/12 (Mon) 15:06:20 JST,gnu/linux,root,qu,Exit
2014/05/12 (Mon) 15:12:37 JST,gnu/linux,root,qu,Exit
2014/05/12 (Mon) 15:16:24 JST,gnu/linux,root,qu,Exit
2014/05/12 (Mon) 15:20:53 JST,gnu/linux,root,qu,Exit
2014/05/12 (Mon) 15:21:51 JST,gnu/linux,root,qu,Exit
2014/05/12 (Mon) 15:22:56 JST,gnu/linux,root,qu,Exit
2014/05/12 (Mon) 15:23:01 JST,gnu/linux,root,qu,Exit
2014/05/12 (Mon) 15:38:12 JST,gnu/linux,root,qu,Exit
2014/05/12 (Mon) 15:39:09 JST,gnu/linux,root,qu,Exit
2014/05/12 (Mon) 15:39:15 JST,gnu/linux,root,qu,Exit
2014/05/12 (Mon) 15:45:40 JST,gnu/linux,root,qu,Start,Default
2014/05/12 (Mon) 15:45:40 JST,gnu/linux,root,qu,Exit
2014/05/13 (Tue) 00:14:26 JST,gnu/linux,root,qu,Exit
2014/05/12 (Mon) 13:13:29 JST,gnu/linux,root,qu,Exit
2014/05/13 (Tue) 10:50:02 JST,gnu/linux,root,qu,Start,Default
2014/05/13 (Tue) 18:41:43 JST,gnu/linux,root,qu,Exit
2014/05/14 (Wed) 02:22:44 JST,gnu/linux,root,qu,Exit
2014/05/14 (Wed) 02:23:18 JST,gnu/linux,root,qu,Exit
2014/05/14 (Wed) 02:24:46 JST,gnu/linux,root,qu,Exit
2014/05/14 (Wed) 02:25:01 JST,gnu/linux,root,qu,Exit
2014/05/14 (Wed) 02:25:29 JST,gnu/linux,root,qu,Exit
2014/05/14 (Wed) 02:26:21 JST,gnu/linux,root,qu,Exit
2014/05/14 (Wed) 02:26:59 JST,gnu/linux,root,qu,Exit
2014/05/14 (Wed) 02:27:38 JST,gnu/linux,root,qu,Start,Default
2014/05/14 (Wed) 02:27:38 JST,gnu/linux,root,qu,Exit
2014/05/14 (Wed) 02:28:49 JST,gnu/linux,root,qu,Exit
2014/05/14 (Wed) 02:29:23 JST,gnu/linux,root,qu,Exit
2014/05/14 (Wed) 02:29:33 JST,gnu/linux,root,qu,Exit
2014/05/14 (Wed) 02:32:04 JST,gnu/linux,root,qu,Exit
2014/05/14 (Wed) 02:33:13 JST,gnu/linux,root,qu,Exit
2014/05/14 (Wed) 02:33:23 JST,gnu/linux,root,qu,Exit
2014/05/14 (Wed) 02:34:29 JST,gnu/linux,root,qu,Exit
2014/05/14 (Wed) 02:35:41 JST,gnu/linux,root,qu,Exit
2014/05/14 (Wed) 02:35:50 JST,gnu/linux,root,qu,Exit
2014/05/14 (Wed) 02:37:25 JST,gnu/linux,root,qu,Exit
2014/05/14 (Wed) 02:37:57 JST,gnu/linux,root,qu,Start,Default
2014/05/14 (Wed) 02:37:57 JST,gnu/linux,root,qu,Exit
2014/05/14 (Wed) 02:39:00 JST,gnu/linux,root,qu,Exit
2014/05/14 (Wed) 02:39:10 JST,gnu/linux,root,qu,Exit
2014/05/13 (Tue) 10:50:02 JST,gnu/linux,root,qu,Exit
2014/05/14 (Wed) 13:31:47 JST,gnu/linux,root,qu,Start,Default
2014/05/14 (Wed) 13:31:47 JST,gnu/linux,root,qu,Exit
2014/05/16 (Fri) 14:20:38 JST,gnu/linux,root,qu,Start,Default
2014/05/17 (Sat) 18:43:43 JST,gnu/linux,root,qu,Start,Default
2014/05/17 (Sat) 18:43:43 JST,gnu/linux,root,qu,Exit
2014/05/17 (Sat) 18:45:19 JST,gnu/linux,root,qu,Start,Default
2014/05/17 (Sat) 18:45:19 JST,gnu/linux,root,qu,Exit
2014/05/16 (Fri) 14:20:38 JST,gnu/linux,root,qu,Exit
2014/05/18 (Sun) 14:01:56 JST,gnu/linux,root,qu,Start,Default
2014/05/18 (Sun) 14:01:56 JST,gnu/linux,root,qu,Exit
2014/05/21 (Wed) 23:19:43 JST,gnu/linux,root,qu,Start,Default
2014/05/21 (Wed) 23:19:43 JST,gnu/linux,root,qu,Exit
2014/05/23 (Fri) 01:28:31 JST,gnu/linux,root,qu,Start,Default
2014/05/24 (Sat) 22:53:11 JST,gnu/linux,root,qu,Start,Default
2014/05/24 (Sat) 22:53:11 JST,gnu/linux,root,qu,Exit
2014/05/24 (Sat) 22:55:19 JST,gnu/linux,root,qu,Start,Default
2014/05/24 (Sat) 22:55:19 JST,gnu/linux,root,qu,Exit
2014/05/23 (Fri) 01:28:31 JST,gnu/linux,root,qu,Exit
2014/05/25 (Sun) 05:19:43 JST,gnu/linux,root,qu,Start,Default
2014/05/27 (Tue) 10:35:09 JST,gnu/linux,root,qu,Exit
2014/05/27 (Tue) 10:37:07 JST,gnu/linux,root,qu,Exit
2014/05/27 (Tue) 10:37:21 JST,gnu/linux,root,qu,Exit
2014/05/27 (Tue) 10:37:28 JST,gnu/linux,root,qu,Start,Default
2014/05/27 (Tue) 10:37:28 JST,gnu/linux,root,qu,Exit
2014/05/25 (Sun) 05:19:43 JST,gnu/linux,root,qu,Exit
2014/05/28 (Wed) 10:30:20 JST,gnu/linux,root,qu,Start,Default
2014/05/28 (Wed) 10:30:20 JST,gnu/linux,root,qu,Exit
2014/05/30 (Fri) 09:43:29 JST,gnu/linux,root,qu,Start,Default
2014/05/31 (Sat) 16:58:31 JST,gnu/linux,root,qu,Start,Default
2014/05/31 (Sat) 16:58:31 JST,gnu/linux,root,qu,Exit
2014/05/31 (Sat) 17:00:14 JST,gnu/linux,root,qu,Start,Default
2014/05/31 (Sat) 17:00:14 JST,gnu/linux,root,qu,Exit
