2014/02/01 (Sat) 22:22:35 JST,gnu/linux,root,qu,Start,Default
2014/02/01 (Sat) 22:22:35 JST,gnu/linux,root,qu,Exit
2014/02/03 (Mon) 08:14:28 JST,gnu/linux,root,qu,Start,Default
2014/02/03 (Mon) 08:15:17 JST,gnu/linux,root,qu,Start,Default
2014/02/03 (Mon) 08:14:28 JST,gnu/linux,root,qu,Exit
2014/02/03 (Mon) 08:15:17 JST,gnu/linux,root,qu,Exit
2014/02/05 (Wed) 03:52:31 JST,gnu/linux,root,qu,Start,Default
2014/02/05 (Wed) 03:52:31 JST,gnu/linux,root,qu,Exit
2014/02/05 (Wed) 03:56:02 JST,gnu/linux,root,qu,Start,Default
2014/02/05 (Wed) 03:56:02 JST,gnu/linux,root,qu,Exit
2014/02/05 (Wed) 04:00:39 JST,gnu/linux,root,qu,Start,Default
2014/02/05 (Wed) 04:00:39 JST,gnu/linux,root,qu,Exit
2014/02/05 (Wed) 04:25:44 JST,gnu/linux,root,qu,Start,Default
2014/02/05 (Wed) 08:19:40 JST,gnu/linux,root,qu,Start,Default
2014/02/05 (Wed) 08:20:53 JST,gnu/linux,root,qu,Start,Default
2014/02/07 (Fri) 16:43:01 JST,gnu/linux,root,qu,Start,Default
2014/02/08 (Sat) 21:36:36 JST,gnu/linux,root,qu,Start,Default
2014/02/08 (Sat) 21:36:36 JST,gnu/linux,root,qu,Exit
2014/02/08 (Sat) 21:36:36 JST,gnu/linux,root,qu,Exit
2014/02/07 (Fri) 16:43:01 JST,gnu/linux,root,qu,Exit
2014/02/11 (Tue) 03:49:56 JST,gnu/linux,root,qu,Start,Default
2014/02/05 (Wed) 04:25:44 JST,gnu/linux,root,qu,Exit
2014/02/11 (Tue) 22:17:43 JST,gnu/linux,root,qu,Start,Default
2014/02/11 (Tue) 22:17:43 JST,gnu/linux,root,qu,Exit
2014/02/12 (Wed) 08:59:30 JST,gnu/linux,root,qu,Start,Default
2014/02/12 (Wed) 08:59:30 JST,gnu/linux,root,qu,Exit
2014/02/11 (Tue) 03:49:56 JST,gnu/linux,root,qu,Exit
2014/02/12 (Wed) 18:54:18 JST,gnu/linux,root,qu,Start,Default
2014/02/15 (Sat) 19:07:58 JST,gnu/linux,root,qu,Start,Default
2014/02/15 (Sat) 19:07:58 JST,gnu/linux,root,qu,Start,Default
2014/02/15 (Sat) 19:07:58 JST,gnu/linux,root,qu,Exit
2014/02/15 (Sat) 19:07:58 JST,gnu/linux,root,qu,Exit
2014/02/16 (Sun) 00:59:27 JST,gnu/linux,root,qu,Start,Default
2014/02/16 (Sun) 00:59:34 JST,gnu/linux,root,qu,Start,Default
2014/02/16 (Sun) 00:59:27 JST,gnu/linux,root,qu,Exit
2014/02/16 (Sun) 00:59:34 JST,gnu/linux,root,qu,Exit
2014/02/18 (Tue) 13:37:33 JST,gnu/linux,root,qu,Exit
2014/02/22 (Sat) 00:17:34 JST,gnu/linux,root,qu,Start,Default
2014/02/22 (Sat) 00:17:34 JST,gnu/linux,root,qu,Exit
2014/02/22 (Sat) 18:22:19 JST,gnu/linux,root,qu,Exit
2014/02/22 (Sat) 18:22:26 JST,gnu/linux,root,qu,Exit
2014/02/22 (Sat) 19:06:10 JST,gnu/linux,root,qu,Exit
2014/02/12 (Wed) 18:54:18 JST,gnu/linux,root,qu,Exit
2014/02/23 (Sun) 08:36:21 JST,gnu/linux,root,qu,Start,Default
2014/02/23 (Sun) 08:36:21 JST,gnu/linux,root,qu,Exit
2014/02/25 (Tue) 10:28:23 JST,gnu/linux,root,qu,Start,Default
2014/02/25 (Tue) 14:27:16 JST,gnu/linux,root,qu,Exit
2014/02/25 (Tue) 14:29:07 JST,gnu/linux,root,qu,Exit
2014/02/25 (Tue) 14:30:36 JST,gnu/linux,root,qu,Exit
2014/02/25 (Tue) 14:33:47 JST,gnu/linux,root,qu,Exit
2014/02/25 (Tue) 14:36:56 JST,gnu/linux,root,qu,Exit
2014/02/25 (Tue) 14:45:01 JST,gnu/linux,root,qu,Exit
2014/02/25 (Tue) 14:45:32 JST,gnu/linux,root,qu,Exit
2014/02/25 (Tue) 17:17:23 JST,gnu/linux,root,qu,Exit
2014/02/25 (Tue) 10:28:23 JST,gnu/linux,root,qu,Exit
2014/02/26 (Wed) 10:36:16 JST,gnu/linux,root,qu,Start,Default
2014/02/26 (Wed) 12:27:46 JST,gnu/linux,root,qu,Exit
2014/02/26 (Wed) 12:28:54 JST,gnu/linux,root,qu,Exit
2014/02/26 (Wed) 12:29:08 JST,gnu/linux,root,qu,Exit
2014/02/26 (Wed) 10:36:16 JST,gnu/linux,root,qu,Exit
2014/02/26 (Wed) 12:31:00 JST,gnu/linux,root,qu,Start,Default
2014/02/26 (Wed) 12:31:32 JST,gnu/linux,root,qu,Exit
2014/02/28 (Fri) 14:40:04 JST,gnu/linux,root,qu,Start,Default
