2013/08/01 (Thu) 12:08:08 JST,gnu/linux,root,qu,Start,Default
2013/08/01 (Thu) 12:08:08 JST,gnu/linux,root,qu,Exit
2013/08/02 (Fri) 14:45:42 JST,gnu/linux,root,qu,Start,Default
2013/08/02 (Fri) 14:45:42 JST,gnu/linux,root,qu,Exit
2013/08/03 (Sat) 10:00:00 JST,gnu/linux,root,qu,Start,Default
2013/08/03 (Sat) 10:00:00 JST,gnu/linux,root,qu,Exit
2013/08/03 (Sat) 18:27:51 JST,gnu/linux,root,qu,Start,Default
2013/08/13 (Tue) 13:54:10 JST,gnu/linux,root,qu,Exit
2013/08/15 (Thu) 02:06:54 JST,gnu/linux,root,qu,Exit
2013/08/19 (Mon) 22:56:08 JST,gnu/linux,root,qu,Exit
2013/08/22 (Thu) 01:48:33 JST,gnu/linux,root,qu,Exit
2013/08/22 (Thu) 01:53:11 JST,gnu/linux,root,qu,Exit
2013/08/22 (Thu) 01:59:40 JST,gnu/linux,root,qu,Exit
2013/08/22 (Thu) 02:09:53 JST,gnu/linux,root,qu,Exit
2013/08/22 (Thu) 02:08:10 JST,gnu/linux,root,qu,Exit
2013/08/22 (Thu) 02:10:00 JST,gnu/linux,root,qu,Exit
2013/08/22 (Thu) 02:10:20 JST,gnu/linux,root,qu,Exit
2013/08/22 (Thu) 02:13:04 JST,gnu/linux,root,qu,Start,Debug
2013/08/22 (Thu) 02:13:04 JST,gnu/linux,root,qu,Exit
2013/08/22 (Thu) 02:13:57 JST,gnu/linux,root,qu,Start,Default
2013/08/22 (Thu) 02:13:57 JST,gnu/linux,root,qu,Exit
2013/08/22 (Thu) 02:14:49 JST,gnu/linux,root,qu,Start,Default
2013/08/23 (Fri) 00:37:56 JST,gnu/linux,root,qu,Exit
2013/08/22 (Thu) 02:14:49 JST,gnu/linux,root,qu,Exit
2013/08/23 (Fri) 05:46:26 JST,gnu/linux,root,qu,Start,Default
2013/08/23 (Fri) 05:46:26 JST,gnu/linux,root,qu,Exit
2013/08/23 (Fri) 05:57:17 JST,gnu/linux,root,qu,Start,Default
2013/08/26 (Mon) 07:32:08 JST,gnu/linux,root,qu,Start,Default
2013/08/26 (Mon) 08:15:07 JST,gnu/linux,root,qu,Start,Default
2013/08/28 (Wed) 05:50:54 JST,gnu/linux,root,qu,Exit
2013/08/26 (Mon) 08:15:07 JST,gnu/linux,root,qu,Exit
2013/08/28 (Wed) 08:38:47 JST,gnu/linux,root,qu,Start,Default
