2014/06/30 (Mon) 21:08:03 JST,gnu/linux,root,qu,Exit
2014/07/01 (Tue) 16:12:04 JST,gnu/linux,root,qu,Start,Default
2014/07/01 (Tue) 17:10:51 JST,gnu/linux,root,qu,Exit
2014/07/01 (Tue) 17:16:42 JST,gnu/linux,root,qu,Exit
2014/07/04 (Fri) 10:34:27 JST,gnu/linux,root,qu,Start,Default
2014/07/04 (Fri) 17:09:25 JST,gnu/linux,root,qu,Start,Default
2014/07/04 (Fri) 17:16:56 JST,gnu/linux,root,qu,Start,Default
2014/07/05 (Sat) 18:49:36 JST,gnu/linux,root,qu,Start,Default
2014/07/05 (Sat) 18:49:36 JST,gnu/linux,root,qu,Exit
2014/07/05 (Sat) 18:50:46 JST,gnu/linux,root,qu,Start,Default
2014/07/05 (Sat) 18:50:46 JST,gnu/linux,root,qu,Exit
2014/07/09 (Wed) 23:41:12 JST,gnu/linux,root,qu,Exit
2014/07/04 (Fri) 17:16:56 JST,gnu/linux,root,qu,Exit
2014/07/10 (Thu) 07:41:51 JST,gnu/linux,root,qu,Start,Default
2014/07/12 (Sat) 17:07:47 JST,gnu/linux,root,qu,Exit
2014/07/12 (Sat) 17:07:19 JST,gnu/linux,root,qu,Exit
2014/07/10 (Thu) 07:41:51 JST,gnu/linux,root,qu,Exit
2014/07/13 (Sun) 05:12:31 JST,gnu/linux,root,qu,Start,Default
2014/07/14 (Mon) 21:28:06 JST,gnu/linux,root,qu,Start,Default
2014/07/16 (Wed) 06:36:20 JST,gnu/linux,root,qu,Start,Default
2014/07/16 (Wed) 06:36:20 JST,gnu/linux,root,qu,Exit
2014/07/19 (Sat) 06:40:31 JST,gnu/linux,root,qu,Start,Default
2014/07/19 (Sat) 17:28:32 JST,gnu/linux,root,qu,Start,Default
2014/07/19 (Sat) 17:28:32 JST,gnu/linux,root,qu,Exit
2014/07/19 (Sat) 17:31:09 JST,gnu/linux,root,qu,Start,Default
2014/07/19 (Sat) 17:31:09 JST,gnu/linux,root,qu,Exit
2014/07/26 (Sat) 22:26:21 JST,gnu/linux,root,qu,Start,Default
2014/07/26 (Sat) 22:26:21 JST,gnu/linux,root,qu,Exit
2014/07/26 (Sat) 22:27:20 JST,gnu/linux,root,qu,Start,Default
2014/07/26 (Sat) 22:27:20 JST,gnu/linux,root,qu,Exit
2014/07/19 (Sat) 06:40:31 JST,gnu/linux,root,qu,Exit
2014/07/27 (Sun) 07:20:30 JST,gnu/linux,root,qu,Start,Default
2014/07/27 (Sun) 08:02:00 JST,gnu/linux,root,qu,Start,Default
2014/07/27 (Sun) 08:02:00 JST,gnu/linux,root,qu,Exit
2014/07/28 (Mon) 11:16:12 JST,gnu/linux,root,qu,Start,Default
2014/07/28 (Mon) 16:08:59 JST,gnu/linux,root,qu,Start,Default
2014/07/28 (Mon) 16:08:59 JST,gnu/linux,root,qu,Exit
2014/07/28 (Mon) 18:06:16 JST,gnu/linux,root,qu,Start,Default
