2013/04/30 (Tue) 23:22:26 JST,gnu/linux,root,qu,Exit
2013/05/01 (Wed) 19:45:39 JST,gnu/linux,root,qu,Start,Default
2013/05/01 (Wed) 19:45:39 JST,gnu/linux,root,qu,Exit
2013/05/01 (Wed) 19:45:54 JST,gnu/linux,root,qu,Start,Default
2013/05/01 (Wed) 19:45:54 JST,gnu/linux,root,qu,Exit
2013/05/09 (Thu) 01:10:02 JST,gnu/linux,root,qu,Start,Default
2013/05/09 (Thu) 01:10:02 JST,gnu/linux,root,qu,Exit
2013/05/11 (Sat) 04:01:51 JST,gnu/linux,root,qu,Start,Default
2013/05/11 (Sat) 04:01:51 JST,gnu/linux,root,qu,Exit
2013/05/11 (Sat) 15:21:25 JST,gnu/linux,root,qu,Start,Default
2013/05/11 (Sat) 15:21:25 JST,gnu/linux,root,qu,Exit
2013/05/13 (Mon) 14:44:56 JST,gnu/linux,root,qu,Start,Default
2013/05/13 (Mon) 14:44:56 JST,gnu/linux,root,qu,Exit
2013/05/15 (Wed) 10:27:38 JST,gnu/linux,root,qu,Start,Default
2013/05/15 (Wed) 10:27:38 JST,gnu/linux,root,qu,Exit
2013/05/17 (Fri) 08:16:27 JST,gnu/linux,root,qu,Start,Default
2013/05/17 (Fri) 08:16:27 JST,gnu/linux,root,qu,Exit
2013/05/20 (Mon) 17:23:34 JST,gnu/linux,root,qu,Start,Default
2013/05/20 (Mon) 17:23:34 JST,gnu/linux,root,qu,Exit
2013/05/26 (Sun) 18:05:55 JST,gnu/linux,root,qu,Start,Default
2013/05/26 (Sun) 18:05:55 JST,gnu/linux,root,qu,Exit
2013/05/30 (Thu) 12:04:16 JST,gnu/linux,root,qu,Start,Default
2013/05/30 (Thu) 12:04:16 JST,gnu/linux,root,qu,Exit
2013/05/30 (Thu) 15:37:03 JST,gnu/linux,root,qu,Start,Default
2013/05/30 (Thu) 18:08:28 JST,gnu/linux,root,qu,Start,Default
2013/05/30 (Thu) 18:08:28 JST,gnu/linux,root,qu,Exit
2013/05/31 (Fri) 08:17:57 JST,gnu/linux,root,qu,Start,Default
2013/05/31 (Fri) 08:17:57 JST,gnu/linux,root,qu,Exit
