2015/10/01 (Thu) 15:33:09 JST,gnu/linux,root,qu,Exit
2015/10/01 (Thu) 15:33:10 JST,gnu/linux,root,qu,Exit
2015/10/01 (Thu) 15:33:13 JST,gnu/linux,root,qu,Exit
2015/10/01 (Thu) 15:33:15 JST,gnu/linux,root,qu,Exit
2015/10/01 (Thu) 15:33:34 JST,gnu/linux,root,qu,Exit
2015/10/01 (Thu) 15:33:50 JST,gnu/linux,root,qu,Exit
2015/10/01 (Thu) 15:33:51 JST,gnu/linux,root,qu,Exit
2015/10/01 (Thu) 15:33:52 JST,gnu/linux,root,qu,Exit
2015/10/01 (Thu) 15:33:54 JST,gnu/linux,root,qu,Exit
2015/10/01 (Thu) 15:33:54 JST,gnu/linux,root,qu,Exit
2015/10/01 (Thu) 15:33:56 JST,gnu/linux,root,qu,Exit
2015/10/01 (Thu) 15:33:57 JST,gnu/linux,root,qu,Exit
2015/10/01 (Thu) 15:33:59 JST,gnu/linux,root,qu,Exit
2015/10/01 (Thu) 15:33:59 JST,gnu/linux,root,qu,Exit
2015/10/01 (Thu) 15:34:00 JST,gnu/linux,root,qu,Exit
2015/10/01 (Thu) 15:34:01 JST,gnu/linux,root,qu,Exit
2015/10/01 (Thu) 15:34:02 JST,gnu/linux,root,qu,Exit
2015/10/01 (Thu) 15:34:02 JST,gnu/linux,root,qu,Exit
2015/10/01 (Thu) 15:34:02 JST,gnu/linux,root,qu,Exit
2015/10/01 (Thu) 15:34:03 JST,gnu/linux,root,qu,Exit
2015/10/01 (Thu) 15:34:05 JST,gnu/linux,root,qu,Exit
2015/10/01 (Thu) 15:34:06 JST,gnu/linux,root,qu,Exit
2015/10/01 (Thu) 15:34:06 JST,gnu/linux,root,qu,Exit
2015/10/01 (Thu) 15:34:07 JST,gnu/linux,root,qu,Exit
2015/10/01 (Thu) 15:34:07 JST,gnu/linux,root,qu,Exit
2015/10/01 (Thu) 15:34:08 JST,gnu/linux,root,qu,Exit
2015/10/01 (Thu) 15:34:08 JST,gnu/linux,root,qu,Exit
2015/10/01 (Thu) 15:34:16 JST,gnu/linux,root,qu,Exit
2015/10/01 (Thu) 15:34:16 JST,gnu/linux,root,qu,Exit
2015/10/01 (Thu) 15:34:17 JST,gnu/linux,root,qu,Exit
2015/10/01 (Thu) 15:34:34 JST,gnu/linux,root,qu,Exit
2015/10/01 (Thu) 15:34:35 JST,gnu/linux,root,qu,Exit
2015/10/01 (Thu) 15:34:35 JST,gnu/linux,root,qu,Exit
2015/10/01 (Thu) 15:34:51 JST,gnu/linux,root,qu,Exit
2015/10/01 (Thu) 15:34:51 JST,gnu/linux,root,qu,Exit
2015/10/01 (Thu) 15:34:51 JST,gnu/linux,root,qu,Exit
2015/10/01 (Thu) 15:34:52 JST,gnu/linux,root,qu,Exit
2015/10/01 (Thu) 15:34:52 JST,gnu/linux,root,qu,Exit
2015/10/01 (Thu) 15:34:53 JST,gnu/linux,root,qu,Exit
2015/10/01 (Thu) 15:34:53 JST,gnu/linux,root,qu,Exit
2015/10/01 (Thu) 15:34:54 JST,gnu/linux,root,qu,Exit
2015/10/01 (Thu) 15:34:54 JST,gnu/linux,root,qu,Exit
2015/10/01 (Thu) 15:35:02 JST,gnu/linux,root,qu,Exit
2015/10/01 (Thu) 15:35:02 JST,gnu/linux,root,qu,Exit
2015/10/01 (Thu) 15:35:03 JST,gnu/linux,root,qu,Exit
2015/10/01 (Thu) 15:35:03 JST,gnu/linux,root,qu,Exit
2015/10/01 (Thu) 15:35:03 JST,gnu/linux,root,qu,Exit
2015/10/01 (Thu) 15:35:04 JST,gnu/linux,root,qu,Exit
2015/10/01 (Thu) 15:35:04 JST,gnu/linux,root,qu,Exit
2015/10/01 (Thu) 15:35:07 JST,gnu/linux,root,qu,Exit
2015/10/01 (Thu) 15:35:07 JST,gnu/linux,root,qu,Exit
2015/10/01 (Thu) 15:35:08 JST,gnu/linux,root,qu,Exit
2015/10/01 (Thu) 15:35:08 JST,gnu/linux,root,qu,Exit
2015/10/01 (Thu) 15:35:08 JST,gnu/linux,root,qu,Exit
2015/10/01 (Thu) 15:35:09 JST,gnu/linux,root,qu,Exit
2015/10/01 (Thu) 15:35:09 JST,gnu/linux,root,qu,Exit
2015/10/01 (Thu) 15:35:10 JST,gnu/linux,root,qu,Exit
2015/10/01 (Thu) 15:35:13 JST,gnu/linux,root,qu,Exit
2015/10/01 (Thu) 15:35:14 JST,gnu/linux,root,qu,Exit
2015/10/01 (Thu) 15:35:14 JST,gnu/linux,root,qu,Exit
2015/10/01 (Thu) 15:35:14 JST,gnu/linux,root,qu,Exit
2015/10/01 (Thu) 15:35:15 JST,gnu/linux,root,qu,Exit
2015/10/01 (Thu) 15:35:52 JST,gnu/linux,root,qu,Exit
2015/10/01 (Thu) 15:35:52 JST,gnu/linux,root,qu,Exit
2015/10/01 (Thu) 15:35:54 JST,gnu/linux,root,qu,Exit
2015/10/01 (Thu) 15:35:54 JST,gnu/linux,root,qu,Exit
2015/10/01 (Thu) 15:35:55 JST,gnu/linux,root,qu,Exit
2015/10/01 (Thu) 15:35:55 JST,gnu/linux,root,qu,Exit
2015/10/01 (Thu) 15:35:55 JST,gnu/linux,root,qu,Exit
2015/10/01 (Thu) 15:35:56 JST,gnu/linux,root,qu,Exit
2015/10/01 (Thu) 15:35:56 JST,gnu/linux,root,qu,Exit
2015/10/01 (Thu) 15:35:57 JST,gnu/linux,root,qu,Exit
2015/10/01 (Thu) 15:35:58 JST,gnu/linux,root,qu,Exit
2015/10/01 (Thu) 15:35:59 JST,gnu/linux,root,qu,Exit
2015/10/01 (Thu) 15:36:00 JST,gnu/linux,root,qu,Exit
2015/10/01 (Thu) 15:36:00 JST,gnu/linux,root,qu,Exit
2015/10/01 (Thu) 15:36:00 JST,gnu/linux,root,qu,Exit
2015/10/01 (Thu) 15:36:01 JST,gnu/linux,root,qu,Exit
2015/10/01 (Thu) 15:36:01 JST,gnu/linux,root,qu,Exit
2015/10/01 (Thu) 15:36:02 JST,gnu/linux,root,qu,Exit
2015/10/01 (Thu) 15:36:02 JST,gnu/linux,root,qu,Exit
2015/10/01 (Thu) 15:36:07 JST,gnu/linux,root,qu,Exit
2015/10/01 (Thu) 15:36:08 JST,gnu/linux,root,qu,Exit
2015/10/01 (Thu) 15:36:08 JST,gnu/linux,root,qu,Exit
2015/10/01 (Thu) 15:36:09 JST,gnu/linux,root,qu,Exit
2015/10/01 (Thu) 15:36:10 JST,gnu/linux,root,qu,Exit
2015/10/01 (Thu) 15:36:16 JST,gnu/linux,root,qu,Exit
2015/10/01 (Thu) 15:36:16 JST,gnu/linux,root,qu,Exit
2015/10/01 (Thu) 15:36:17 JST,gnu/linux,root,qu,Exit
2015/10/01 (Thu) 15:36:17 JST,gnu/linux,root,qu,Exit
2015/10/01 (Thu) 15:36:26 JST,gnu/linux,root,qu,Exit
2015/10/01 (Thu) 15:36:27 JST,gnu/linux,root,qu,Exit
2015/10/01 (Thu) 15:36:27 JST,gnu/linux,root,qu,Exit
2015/10/01 (Thu) 15:36:28 JST,gnu/linux,root,qu,Exit
2015/10/01 (Thu) 15:36:28 JST,gnu/linux,root,qu,Exit
2015/10/01 (Thu) 15:36:29 JST,gnu/linux,root,qu,Exit
2015/10/01 (Thu) 15:36:29 JST,gnu/linux,root,qu,Exit
2015/10/01 (Thu) 15:36:29 JST,gnu/linux,root,qu,Exit
2015/10/01 (Thu) 15:36:30 JST,gnu/linux,root,qu,Exit
2015/10/01 (Thu) 15:36:30 JST,gnu/linux,root,qu,Exit
2015/10/01 (Thu) 15:36:31 JST,gnu/linux,root,qu,Exit
2015/10/01 (Thu) 15:36:31 JST,gnu/linux,root,qu,Exit
2015/10/01 (Thu) 15:36:32 JST,gnu/linux,root,qu,Exit
2015/10/01 (Thu) 15:36:32 JST,gnu/linux,root,qu,Exit
2015/10/01 (Thu) 15:36:33 JST,gnu/linux,root,qu,Exit
2015/10/01 (Thu) 15:36:34 JST,gnu/linux,root,qu,Exit
2015/10/01 (Thu) 15:36:35 JST,gnu/linux,root,qu,Exit
2015/10/01 (Thu) 15:36:35 JST,gnu/linux,root,qu,Exit
2015/10/01 (Thu) 15:36:35 JST,gnu/linux,root,qu,Exit
2015/10/01 (Thu) 15:36:36 JST,gnu/linux,root,qu,Exit
2015/10/01 (Thu) 15:36:38 JST,gnu/linux,root,qu,Exit
2015/10/01 (Thu) 15:36:38 JST,gnu/linux,root,qu,Exit
2015/10/01 (Thu) 15:36:39 JST,gnu/linux,root,qu,Exit
2015/10/01 (Thu) 15:36:40 JST,gnu/linux,root,qu,Exit
2015/10/01 (Thu) 15:36:41 JST,gnu/linux,root,qu,Exit
2015/10/01 (Thu) 15:36:41 JST,gnu/linux,root,qu,Exit
2015/10/01 (Thu) 15:36:42 JST,gnu/linux,root,qu,Exit
2015/10/01 (Thu) 15:36:44 JST,gnu/linux,root,qu,Exit
2015/10/01 (Thu) 15:36:45 JST,gnu/linux,root,qu,Exit
2015/10/01 (Thu) 15:36:45 JST,gnu/linux,root,qu,Exit
2015/10/01 (Thu) 15:36:46 JST,gnu/linux,root,qu,Exit
2015/10/01 (Thu) 15:36:46 JST,gnu/linux,root,qu,Exit
2015/10/01 (Thu) 15:36:46 JST,gnu/linux,root,qu,Exit
2015/10/01 (Thu) 15:36:47 JST,gnu/linux,root,qu,Exit
2015/10/01 (Thu) 15:36:48 JST,gnu/linux,root,qu,Exit
2015/10/01 (Thu) 15:36:48 JST,gnu/linux,root,qu,Exit
2015/10/01 (Thu) 15:36:49 JST,gnu/linux,root,qu,Exit
2015/10/01 (Thu) 15:36:50 JST,gnu/linux,root,qu,Exit
2015/10/01 (Thu) 15:36:50 JST,gnu/linux,root,qu,Exit
2015/10/01 (Thu) 15:36:51 JST,gnu/linux,root,qu,Exit
2015/10/01 (Thu) 15:36:52 JST,gnu/linux,root,qu,Exit
2015/10/01 (Thu) 15:36:53 JST,gnu/linux,root,qu,Exit
2015/10/01 (Thu) 15:36:54 JST,gnu/linux,root,qu,Exit
2015/10/01 (Thu) 15:36:54 JST,gnu/linux,root,qu,Exit
2015/10/01 (Thu) 15:36:55 JST,gnu/linux,root,qu,Exit
2015/10/01 (Thu) 15:36:55 JST,gnu/linux,root,qu,Exit
2015/10/01 (Thu) 15:36:55 JST,gnu/linux,root,qu,Exit
2015/10/01 (Thu) 15:36:56 JST,gnu/linux,root,qu,Exit
2015/10/01 (Thu) 15:36:56 JST,gnu/linux,root,qu,Exit
2015/10/01 (Thu) 15:36:57 JST,gnu/linux,root,qu,Exit
2015/10/01 (Thu) 15:36:57 JST,gnu/linux,root,qu,Exit
2015/10/01 (Thu) 15:36:58 JST,gnu/linux,root,qu,Exit
2015/10/01 (Thu) 15:36:59 JST,gnu/linux,root,qu,Exit
2015/10/01 (Thu) 15:37:00 JST,gnu/linux,root,qu,Exit
2015/10/01 (Thu) 15:37:00 JST,gnu/linux,root,qu,Exit
2015/10/01 (Thu) 15:37:01 JST,gnu/linux,root,qu,Exit
2015/10/01 (Thu) 15:37:02 JST,gnu/linux,root,qu,Exit
2015/10/01 (Thu) 15:37:03 JST,gnu/linux,root,qu,Exit
2015/10/01 (Thu) 15:37:03 JST,gnu/linux,root,qu,Exit
2015/10/01 (Thu) 15:37:04 JST,gnu/linux,root,qu,Exit
2015/10/01 (Thu) 15:37:07 JST,gnu/linux,root,qu,Exit
2015/10/01 (Thu) 15:37:14 JST,gnu/linux,root,qu,Exit
2015/10/01 (Thu) 15:37:15 JST,gnu/linux,root,qu,Exit
2015/10/01 (Thu) 15:37:15 JST,gnu/linux,root,qu,Exit
2015/10/01 (Thu) 15:37:15 JST,gnu/linux,root,qu,Exit
2015/10/01 (Thu) 15:37:16 JST,gnu/linux,root,qu,Exit
2015/10/01 (Thu) 15:37:18 JST,gnu/linux,root,qu,Exit
2015/10/01 (Thu) 15:37:19 JST,gnu/linux,root,qu,Exit
2015/10/01 (Thu) 15:37:20 JST,gnu/linux,root,qu,Exit
2015/10/01 (Thu) 15:37:21 JST,gnu/linux,root,qu,Exit
2015/10/01 (Thu) 15:37:21 JST,gnu/linux,root,qu,Exit
2015/10/01 (Thu) 15:37:21 JST,gnu/linux,root,qu,Exit
2015/10/01 (Thu) 15:37:22 JST,gnu/linux,root,qu,Exit
2015/10/01 (Thu) 15:37:22 JST,gnu/linux,root,qu,Exit
2015/10/01 (Thu) 15:37:23 JST,gnu/linux,root,qu,Exit
2015/10/01 (Thu) 15:37:24 JST,gnu/linux,root,qu,Exit
2015/10/01 (Thu) 15:37:24 JST,gnu/linux,root,qu,Exit
2015/10/01 (Thu) 15:37:25 JST,gnu/linux,root,qu,Exit
2015/10/01 (Thu) 15:37:25 JST,gnu/linux,root,qu,Exit
2015/10/01 (Thu) 15:37:26 JST,gnu/linux,root,qu,Exit
2015/10/01 (Thu) 15:37:26 JST,gnu/linux,root,qu,Exit
2015/10/01 (Thu) 15:37:28 JST,gnu/linux,root,qu,Exit
2015/10/01 (Thu) 15:37:29 JST,gnu/linux,root,qu,Exit
2015/10/01 (Thu) 15:37:29 JST,gnu/linux,root,qu,Exit
2015/10/01 (Thu) 15:37:30 JST,gnu/linux,root,qu,Exit
2015/10/01 (Thu) 15:37:30 JST,gnu/linux,root,qu,Exit
2015/10/01 (Thu) 15:37:31 JST,gnu/linux,root,qu,Exit
2015/10/01 (Thu) 15:37:32 JST,gnu/linux,root,qu,Exit
2015/10/01 (Thu) 15:37:32 JST,gnu/linux,root,qu,Exit
2015/10/01 (Thu) 15:37:33 JST,gnu/linux,root,qu,Exit
2015/10/01 (Thu) 15:37:33 JST,gnu/linux,root,qu,Exit
2015/10/01 (Thu) 15:37:34 JST,gnu/linux,root,qu,Exit
2015/10/01 (Thu) 15:37:34 JST,gnu/linux,root,qu,Exit
2015/10/01 (Thu) 15:37:35 JST,gnu/linux,root,qu,Exit
2015/10/01 (Thu) 15:37:35 JST,gnu/linux,root,qu,Exit
2015/10/01 (Thu) 15:37:36 JST,gnu/linux,root,qu,Exit
2015/10/01 (Thu) 15:37:36 JST,gnu/linux,root,qu,Exit
2015/10/01 (Thu) 15:37:37 JST,gnu/linux,root,qu,Exit
2015/10/01 (Thu) 15:37:38 JST,gnu/linux,root,qu,Exit
2015/10/01 (Thu) 15:37:38 JST,gnu/linux,root,qu,Exit
2015/10/01 (Thu) 15:37:40 JST,gnu/linux,root,qu,Exit
2015/10/01 (Thu) 15:37:42 JST,gnu/linux,root,qu,Exit
2015/10/01 (Thu) 15:37:42 JST,gnu/linux,root,qu,Exit
2015/10/01 (Thu) 15:37:43 JST,gnu/linux,root,qu,Exit
2015/10/01 (Thu) 15:37:43 JST,gnu/linux,root,qu,Exit
2015/10/01 (Thu) 15:37:46 JST,gnu/linux,root,qu,Exit
2015/10/01 (Thu) 15:37:46 JST,gnu/linux,root,qu,Exit
2015/10/01 (Thu) 15:37:47 JST,gnu/linux,root,qu,Exit
2015/10/01 (Thu) 15:37:48 JST,gnu/linux,root,qu,Exit
2015/10/01 (Thu) 15:37:48 JST,gnu/linux,root,qu,Exit
2015/10/01 (Thu) 15:37:49 JST,gnu/linux,root,qu,Exit
2015/10/01 (Thu) 15:37:49 JST,gnu/linux,root,qu,Exit
2015/10/01 (Thu) 15:37:50 JST,gnu/linux,root,qu,Exit
2015/10/01 (Thu) 15:37:50 JST,gnu/linux,root,qu,Exit
2015/10/01 (Thu) 15:37:51 JST,gnu/linux,root,qu,Exit
2015/10/01 (Thu) 15:37:51 JST,gnu/linux,root,qu,Exit
2015/10/01 (Thu) 15:37:51 JST,gnu/linux,root,qu,Exit
2015/10/01 (Thu) 15:37:52 JST,gnu/linux,root,qu,Exit
2015/10/01 (Thu) 15:37:52 JST,gnu/linux,root,qu,Exit
2015/10/01 (Thu) 15:37:53 JST,gnu/linux,root,qu,Exit
2015/10/01 (Thu) 15:37:53 JST,gnu/linux,root,qu,Exit
2015/10/01 (Thu) 15:37:53 JST,gnu/linux,root,qu,Exit
2015/10/01 (Thu) 15:37:54 JST,gnu/linux,root,qu,Exit
2015/10/01 (Thu) 15:37:54 JST,gnu/linux,root,qu,Exit
2015/10/01 (Thu) 15:37:55 JST,gnu/linux,root,qu,Exit
2015/10/01 (Thu) 15:37:55 JST,gnu/linux,root,qu,Exit
2015/10/01 (Thu) 15:37:55 JST,gnu/linux,root,qu,Exit
2015/10/01 (Thu) 15:37:56 JST,gnu/linux,root,qu,Exit
2015/10/01 (Thu) 15:37:56 JST,gnu/linux,root,qu,Exit
2015/10/01 (Thu) 15:37:56 JST,gnu/linux,root,qu,Exit
2015/10/01 (Thu) 15:37:57 JST,gnu/linux,root,qu,Exit
2015/10/01 (Thu) 15:37:57 JST,gnu/linux,root,qu,Exit
2015/10/01 (Thu) 15:37:58 JST,gnu/linux,root,qu,Exit
2015/10/01 (Thu) 15:37:58 JST,gnu/linux,root,qu,Exit
2015/10/01 (Thu) 15:37:58 JST,gnu/linux,root,qu,Exit
2015/10/01 (Thu) 15:37:59 JST,gnu/linux,root,qu,Exit
2015/10/01 (Thu) 15:37:59 JST,gnu/linux,root,qu,Exit
2015/10/01 (Thu) 15:38:00 JST,gnu/linux,root,qu,Exit
2015/10/01 (Thu) 15:38:00 JST,gnu/linux,root,qu,Exit
2015/10/01 (Thu) 15:38:01 JST,gnu/linux,root,qu,Exit
2015/10/01 (Thu) 15:38:02 JST,gnu/linux,root,qu,Exit
2015/10/01 (Thu) 15:38:02 JST,gnu/linux,root,qu,Exit
2015/10/01 (Thu) 15:38:03 JST,gnu/linux,root,qu,Exit
2015/10/01 (Thu) 15:38:04 JST,gnu/linux,root,qu,Exit
2015/10/01 (Thu) 15:38:04 JST,gnu/linux,root,qu,Exit
2015/10/01 (Thu) 15:38:05 JST,gnu/linux,root,qu,Exit
2015/10/01 (Thu) 15:38:05 JST,gnu/linux,root,qu,Exit
2015/10/01 (Thu) 15:38:07 JST,gnu/linux,root,qu,Exit
2015/10/01 (Thu) 15:38:07 JST,gnu/linux,root,qu,Exit
2015/10/01 (Thu) 15:38:07 JST,gnu/linux,root,qu,Exit
2015/10/01 (Thu) 15:38:08 JST,gnu/linux,root,qu,Exit
2015/10/01 (Thu) 15:40:50 JST,gnu/linux,root,qu,Exit
2015/10/01 (Thu) 15:40:58 JST,gnu/linux,root,qu,Start,Debug
2015/10/01 (Thu) 12:52:33 JST,gnu/linux,root,qu,Exit
2015/10/01 (Thu) 15:40:58 JST,gnu/linux,root,qu,Exit
2015/10/01 (Thu) 15:47:47 JST,gnu/linux,root,qu,Start,Default
2015/10/01 (Thu) 16:03:45 JST,gnu/linux,root,qu,Exit
2015/10/01 (Thu) 16:03:45 JST,gnu/linux,root,qu,Exit
2015/10/01 (Thu) 16:03:45 JST,gnu/linux,root,qu,Exit
2015/10/01 (Thu) 16:03:46 JST,gnu/linux,root,qu,Exit
2015/10/01 (Thu) 16:03:46 JST,gnu/linux,root,qu,Exit
2015/10/01 (Thu) 16:03:46 JST,gnu/linux,root,qu,Exit
2015/10/01 (Thu) 16:03:47 JST,gnu/linux,root,qu,Exit
2015/10/01 (Thu) 16:03:47 JST,gnu/linux,root,qu,Exit
2015/10/01 (Thu) 16:03:48 JST,gnu/linux,root,qu,Exit
2015/10/01 (Thu) 16:03:48 JST,gnu/linux,root,qu,Exit
2015/10/01 (Thu) 16:03:49 JST,gnu/linux,root,qu,Exit
2015/10/01 (Thu) 16:03:49 JST,gnu/linux,root,qu,Exit
2015/10/01 (Thu) 16:03:49 JST,gnu/linux,root,qu,Exit
2015/10/01 (Thu) 16:03:50 JST,gnu/linux,root,qu,Exit
2015/10/01 (Thu) 16:03:50 JST,gnu/linux,root,qu,Exit
2015/10/01 (Thu) 16:03:51 JST,gnu/linux,root,qu,Exit
2015/10/01 (Thu) 16:03:51 JST,gnu/linux,root,qu,Exit
2015/10/01 (Thu) 16:03:51 JST,gnu/linux,root,qu,Exit
2015/10/01 (Thu) 16:03:52 JST,gnu/linux,root,qu,Exit
2015/10/01 (Thu) 16:03:52 JST,gnu/linux,root,qu,Exit
2015/10/01 (Thu) 16:03:53 JST,gnu/linux,root,qu,Exit
2015/10/01 (Thu) 16:03:53 JST,gnu/linux,root,qu,Exit
2015/10/01 (Thu) 16:03:53 JST,gnu/linux,root,qu,Exit
2015/10/01 (Thu) 16:03:54 JST,gnu/linux,root,qu,Exit
2015/10/01 (Thu) 16:03:54 JST,gnu/linux,root,qu,Exit
2015/10/01 (Thu) 16:03:55 JST,gnu/linux,root,qu,Exit
2015/10/01 (Thu) 16:03:55 JST,gnu/linux,root,qu,Exit
2015/10/01 (Thu) 16:03:55 JST,gnu/linux,root,qu,Exit
2015/10/01 (Thu) 16:03:56 JST,gnu/linux,root,qu,Exit
2015/10/01 (Thu) 16:03:56 JST,gnu/linux,root,qu,Exit
2015/10/01 (Thu) 16:03:56 JST,gnu/linux,root,qu,Exit
2015/10/01 (Thu) 16:03:57 JST,gnu/linux,root,qu,Exit
2015/10/01 (Thu) 16:03:57 JST,gnu/linux,root,qu,Exit
2015/10/01 (Thu) 16:03:58 JST,gnu/linux,root,qu,Exit
2015/10/01 (Thu) 16:03:58 JST,gnu/linux,root,qu,Exit
2015/10/01 (Thu) 16:03:58 JST,gnu/linux,root,qu,Exit
2015/10/01 (Thu) 16:03:59 JST,gnu/linux,root,qu,Exit
2015/10/01 (Thu) 16:03:59 JST,gnu/linux,root,qu,Exit
2015/10/01 (Thu) 16:04:00 JST,gnu/linux,root,qu,Exit
2015/10/01 (Thu) 16:04:00 JST,gnu/linux,root,qu,Exit
2015/10/01 (Thu) 16:04:00 JST,gnu/linux,root,qu,Exit
2015/10/01 (Thu) 16:04:01 JST,gnu/linux,root,qu,Exit
2015/10/01 (Thu) 16:04:01 JST,gnu/linux,root,qu,Exit
2015/10/01 (Thu) 16:04:01 JST,gnu/linux,root,qu,Exit
2015/10/01 (Thu) 16:04:02 JST,gnu/linux,root,qu,Exit
2015/10/01 (Thu) 16:04:02 JST,gnu/linux,root,qu,Exit
2015/10/01 (Thu) 16:04:03 JST,gnu/linux,root,qu,Exit
2015/10/01 (Thu) 16:04:03 JST,gnu/linux,root,qu,Exit
2015/10/01 (Thu) 16:04:03 JST,gnu/linux,root,qu,Exit
2015/10/01 (Thu) 16:04:04 JST,gnu/linux,root,qu,Exit
2015/10/01 (Thu) 16:04:04 JST,gnu/linux,root,qu,Exit
2015/10/01 (Thu) 16:04:05 JST,gnu/linux,root,qu,Exit
2015/10/01 (Thu) 16:04:05 JST,gnu/linux,root,qu,Exit
2015/10/01 (Thu) 16:04:05 JST,gnu/linux,root,qu,Exit
2015/10/01 (Thu) 16:04:06 JST,gnu/linux,root,qu,Exit
2015/10/01 (Thu) 16:04:06 JST,gnu/linux,root,qu,Exit
2015/10/01 (Thu) 16:04:06 JST,gnu/linux,root,qu,Exit
2015/10/01 (Thu) 16:04:07 JST,gnu/linux,root,qu,Exit
2015/10/01 (Thu) 16:04:07 JST,gnu/linux,root,qu,Exit
2015/10/01 (Thu) 16:04:08 JST,gnu/linux,root,qu,Exit
2015/10/01 (Thu) 16:04:08 JST,gnu/linux,root,qu,Exit
2015/10/01 (Thu) 16:04:08 JST,gnu/linux,root,qu,Exit
2015/10/01 (Thu) 16:04:09 JST,gnu/linux,root,qu,Exit
2015/10/01 (Thu) 16:04:09 JST,gnu/linux,root,qu,Exit
2015/10/01 (Thu) 16:04:10 JST,gnu/linux,root,qu,Exit
2015/10/01 (Thu) 16:04:10 JST,gnu/linux,root,qu,Exit
2015/10/01 (Thu) 16:04:10 JST,gnu/linux,root,qu,Exit
2015/10/01 (Thu) 16:04:11 JST,gnu/linux,root,qu,Exit
2015/10/01 (Thu) 16:04:11 JST,gnu/linux,root,qu,Exit
2015/10/01 (Thu) 16:04:11 JST,gnu/linux,root,qu,Exit
2015/10/01 (Thu) 16:04:12 JST,gnu/linux,root,qu,Exit
2015/10/01 (Thu) 16:04:12 JST,gnu/linux,root,qu,Exit
2015/10/01 (Thu) 16:04:13 JST,gnu/linux,root,qu,Exit
2015/10/01 (Thu) 16:04:13 JST,gnu/linux,root,qu,Exit
2015/10/01 (Thu) 16:04:13 JST,gnu/linux,root,qu,Exit
2015/10/01 (Thu) 16:04:14 JST,gnu/linux,root,qu,Exit
2015/10/01 (Thu) 16:04:14 JST,gnu/linux,root,qu,Exit
2015/10/01 (Thu) 16:04:14 JST,gnu/linux,root,qu,Exit
2015/10/01 (Thu) 16:04:15 JST,gnu/linux,root,qu,Exit
2015/10/01 (Thu) 16:04:15 JST,gnu/linux,root,qu,Exit
2015/10/01 (Thu) 16:04:16 JST,gnu/linux,root,qu,Exit
2015/10/01 (Thu) 16:04:16 JST,gnu/linux,root,qu,Exit
2015/10/01 (Thu) 16:04:16 JST,gnu/linux,root,qu,Exit
2015/10/01 (Thu) 16:04:17 JST,gnu/linux,root,qu,Exit
2015/10/01 (Thu) 16:04:17 JST,gnu/linux,root,qu,Exit
2015/10/01 (Thu) 16:04:18 JST,gnu/linux,root,qu,Exit
2015/10/01 (Thu) 16:04:18 JST,gnu/linux,root,qu,Exit
2015/10/01 (Thu) 16:04:18 JST,gnu/linux,root,qu,Exit
2015/10/01 (Thu) 16:04:19 JST,gnu/linux,root,qu,Exit
2015/10/01 (Thu) 16:04:19 JST,gnu/linux,root,qu,Exit
2015/10/01 (Thu) 16:04:20 JST,gnu/linux,root,qu,Exit
2015/10/01 (Thu) 16:04:20 JST,gnu/linux,root,qu,Exit
2015/10/01 (Thu) 16:04:20 JST,gnu/linux,root,qu,Exit
2015/10/01 (Thu) 16:04:21 JST,gnu/linux,root,qu,Exit
2015/10/01 (Thu) 16:04:21 JST,gnu/linux,root,qu,Exit
2015/10/01 (Thu) 16:04:21 JST,gnu/linux,root,qu,Exit
2015/10/01 (Thu) 16:04:22 JST,gnu/linux,root,qu,Exit
2015/10/01 (Thu) 16:04:22 JST,gnu/linux,root,qu,Exit
2015/10/01 (Thu) 16:04:23 JST,gnu/linux,root,qu,Exit
2015/10/01 (Thu) 16:04:23 JST,gnu/linux,root,qu,Exit
2015/10/01 (Thu) 16:04:23 JST,gnu/linux,root,qu,Exit
2015/10/01 (Thu) 16:04:24 JST,gnu/linux,root,qu,Exit
2015/10/01 (Thu) 16:04:24 JST,gnu/linux,root,qu,Exit
2015/10/01 (Thu) 16:04:25 JST,gnu/linux,root,qu,Exit
2015/10/01 (Thu) 16:04:25 JST,gnu/linux,root,qu,Exit
2015/10/01 (Thu) 16:04:25 JST,gnu/linux,root,qu,Exit
2015/10/01 (Thu) 16:04:26 JST,gnu/linux,root,qu,Exit
2015/10/01 (Thu) 16:04:26 JST,gnu/linux,root,qu,Exit
2015/10/01 (Thu) 16:04:26 JST,gnu/linux,root,qu,Exit
2015/10/01 (Thu) 16:04:27 JST,gnu/linux,root,qu,Exit
2015/10/01 (Thu) 16:04:27 JST,gnu/linux,root,qu,Exit
2015/10/01 (Thu) 16:04:28 JST,gnu/linux,root,qu,Exit
2015/10/01 (Thu) 16:04:28 JST,gnu/linux,root,qu,Exit
2015/10/01 (Thu) 16:04:28 JST,gnu/linux,root,qu,Exit
2015/10/01 (Thu) 16:04:29 JST,gnu/linux,root,qu,Exit
2015/10/01 (Thu) 16:04:29 JST,gnu/linux,root,qu,Exit
2015/10/01 (Thu) 16:04:30 JST,gnu/linux,root,qu,Exit
2015/10/01 (Thu) 16:04:30 JST,gnu/linux,root,qu,Exit
2015/10/01 (Thu) 16:04:30 JST,gnu/linux,root,qu,Exit
2015/10/01 (Thu) 16:04:31 JST,gnu/linux,root,qu,Exit
2015/10/01 (Thu) 16:04:31 JST,gnu/linux,root,qu,Exit
2015/10/01 (Thu) 16:04:31 JST,gnu/linux,root,qu,Exit
2015/10/01 (Thu) 16:04:32 JST,gnu/linux,root,qu,Exit
2015/10/01 (Thu) 16:04:32 JST,gnu/linux,root,qu,Exit
2015/10/01 (Thu) 16:04:33 JST,gnu/linux,root,qu,Exit
2015/10/01 (Thu) 16:04:33 JST,gnu/linux,root,qu,Exit
2015/10/01 (Thu) 16:04:33 JST,gnu/linux,root,qu,Exit
2015/10/01 (Thu) 16:04:34 JST,gnu/linux,root,qu,Exit
2015/10/01 (Thu) 16:04:34 JST,gnu/linux,root,qu,Exit
2015/10/01 (Thu) 16:04:35 JST,gnu/linux,root,qu,Exit
2015/10/01 (Thu) 16:04:35 JST,gnu/linux,root,qu,Exit
2015/10/01 (Thu) 16:04:35 JST,gnu/linux,root,qu,Exit
2015/10/01 (Thu) 16:04:36 JST,gnu/linux,root,qu,Exit
2015/10/01 (Thu) 16:04:36 JST,gnu/linux,root,qu,Exit
2015/10/01 (Thu) 16:04:36 JST,gnu/linux,root,qu,Exit
2015/10/01 (Thu) 16:04:37 JST,gnu/linux,root,qu,Exit
2015/10/01 (Thu) 16:04:37 JST,gnu/linux,root,qu,Exit
2015/10/01 (Thu) 16:04:38 JST,gnu/linux,root,qu,Exit
2015/10/01 (Thu) 16:04:38 JST,gnu/linux,root,qu,Exit
2015/10/01 (Thu) 16:04:38 JST,gnu/linux,root,qu,Exit
2015/10/01 (Thu) 16:04:39 JST,gnu/linux,root,qu,Exit
2015/10/01 (Thu) 16:04:39 JST,gnu/linux,root,qu,Exit
2015/10/01 (Thu) 16:04:40 JST,gnu/linux,root,qu,Exit
2015/10/01 (Thu) 16:04:40 JST,gnu/linux,root,qu,Exit
2015/10/01 (Thu) 16:04:41 JST,gnu/linux,root,qu,Exit
2015/10/01 (Thu) 16:04:41 JST,gnu/linux,root,qu,Exit
2015/10/01 (Thu) 16:04:41 JST,gnu/linux,root,qu,Exit
2015/10/01 (Thu) 16:04:42 JST,gnu/linux,root,qu,Exit
2015/10/01 (Thu) 16:04:42 JST,gnu/linux,root,qu,Exit
2015/10/01 (Thu) 16:04:43 JST,gnu/linux,root,qu,Exit
2015/10/01 (Thu) 16:04:43 JST,gnu/linux,root,qu,Exit
2015/10/01 (Thu) 16:04:43 JST,gnu/linux,root,qu,Exit
2015/10/01 (Thu) 16:04:44 JST,gnu/linux,root,qu,Exit
2015/10/01 (Thu) 16:04:44 JST,gnu/linux,root,qu,Exit
2015/10/01 (Thu) 16:04:45 JST,gnu/linux,root,qu,Exit
2015/10/01 (Thu) 16:04:45 JST,gnu/linux,root,qu,Exit
2015/10/01 (Thu) 16:04:46 JST,gnu/linux,root,qu,Exit
2015/10/01 (Thu) 16:04:46 JST,gnu/linux,root,qu,Exit
2015/10/01 (Thu) 16:04:46 JST,gnu/linux,root,qu,Exit
2015/10/01 (Thu) 16:04:47 JST,gnu/linux,root,qu,Exit
2015/10/01 (Thu) 16:04:47 JST,gnu/linux,root,qu,Exit
2015/10/01 (Thu) 16:04:48 JST,gnu/linux,root,qu,Exit
2015/10/01 (Thu) 16:04:48 JST,gnu/linux,root,qu,Exit
2015/10/01 (Thu) 16:04:48 JST,gnu/linux,root,qu,Exit
2015/10/01 (Thu) 16:04:49 JST,gnu/linux,root,qu,Exit
2015/10/01 (Thu) 16:04:49 JST,gnu/linux,root,qu,Exit
2015/10/01 (Thu) 16:04:50 JST,gnu/linux,root,qu,Exit
2015/10/01 (Thu) 16:04:50 JST,gnu/linux,root,qu,Exit
2015/10/01 (Thu) 16:04:50 JST,gnu/linux,root,qu,Exit
2015/10/01 (Thu) 16:04:51 JST,gnu/linux,root,qu,Exit
2015/10/01 (Thu) 16:04:51 JST,gnu/linux,root,qu,Exit
2015/10/01 (Thu) 16:04:52 JST,gnu/linux,root,qu,Exit
2015/10/01 (Thu) 16:04:52 JST,gnu/linux,root,qu,Exit
2015/10/01 (Thu) 16:04:52 JST,gnu/linux,root,qu,Exit
2015/10/01 (Thu) 16:04:53 JST,gnu/linux,root,qu,Exit
2015/10/01 (Thu) 16:04:53 JST,gnu/linux,root,qu,Exit
2015/10/01 (Thu) 16:04:53 JST,gnu/linux,root,qu,Exit
2015/10/01 (Thu) 16:04:54 JST,gnu/linux,root,qu,Exit
2015/10/01 (Thu) 16:04:54 JST,gnu/linux,root,qu,Exit
2015/10/01 (Thu) 16:04:55 JST,gnu/linux,root,qu,Exit
2015/10/01 (Thu) 16:04:55 JST,gnu/linux,root,qu,Exit
2015/10/01 (Thu) 16:04:55 JST,gnu/linux,root,qu,Exit
2015/10/01 (Thu) 16:04:56 JST,gnu/linux,root,qu,Exit
2015/10/01 (Thu) 16:04:56 JST,gnu/linux,root,qu,Exit
2015/10/01 (Thu) 16:04:57 JST,gnu/linux,root,qu,Exit
2015/10/01 (Thu) 16:04:57 JST,gnu/linux,root,qu,Exit
2015/10/01 (Thu) 16:04:57 JST,gnu/linux,root,qu,Exit
2015/10/01 (Thu) 16:04:58 JST,gnu/linux,root,qu,Exit
2015/10/01 (Thu) 16:04:58 JST,gnu/linux,root,qu,Exit
2015/10/01 (Thu) 16:04:59 JST,gnu/linux,root,qu,Exit
2015/10/01 (Thu) 16:04:59 JST,gnu/linux,root,qu,Exit
2015/10/01 (Thu) 16:05:00 JST,gnu/linux,root,qu,Exit
2015/10/01 (Thu) 16:05:00 JST,gnu/linux,root,qu,Exit
2015/10/01 (Thu) 16:05:01 JST,gnu/linux,root,qu,Exit
2015/10/01 (Thu) 16:05:01 JST,gnu/linux,root,qu,Exit
2015/10/01 (Thu) 16:05:02 JST,gnu/linux,root,qu,Exit
2015/10/01 (Thu) 16:05:02 JST,gnu/linux,root,qu,Exit
2015/10/01 (Thu) 16:05:02 JST,gnu/linux,root,qu,Exit
2015/10/01 (Thu) 16:05:03 JST,gnu/linux,root,qu,Exit
2015/10/01 (Thu) 16:05:03 JST,gnu/linux,root,qu,Exit
2015/10/01 (Thu) 16:05:03 JST,gnu/linux,root,qu,Exit
2015/10/01 (Thu) 16:05:04 JST,gnu/linux,root,qu,Exit
2015/10/01 (Thu) 16:05:04 JST,gnu/linux,root,qu,Exit
2015/10/01 (Thu) 16:05:05 JST,gnu/linux,root,qu,Exit
2015/10/01 (Thu) 16:05:05 JST,gnu/linux,root,qu,Exit
2015/10/01 (Thu) 16:05:06 JST,gnu/linux,root,qu,Exit
2015/10/01 (Thu) 16:05:06 JST,gnu/linux,root,qu,Exit
2015/10/01 (Thu) 16:05:07 JST,gnu/linux,root,qu,Exit
2015/10/01 (Thu) 16:05:07 JST,gnu/linux,root,qu,Exit
2015/10/01 (Thu) 16:05:07 JST,gnu/linux,root,qu,Exit
2015/10/01 (Thu) 16:05:08 JST,gnu/linux,root,qu,Exit
2015/10/01 (Thu) 16:05:08 JST,gnu/linux,root,qu,Exit
2015/10/01 (Thu) 16:05:09 JST,gnu/linux,root,qu,Exit
2015/10/01 (Thu) 16:05:09 JST,gnu/linux,root,qu,Exit
2015/10/01 (Thu) 16:05:10 JST,gnu/linux,root,qu,Exit
2015/10/01 (Thu) 16:05:10 JST,gnu/linux,root,qu,Exit
2015/10/01 (Thu) 16:05:10 JST,gnu/linux,root,qu,Exit
2015/10/01 (Thu) 16:05:11 JST,gnu/linux,root,qu,Exit
2015/10/01 (Thu) 16:05:11 JST,gnu/linux,root,qu,Exit
2015/10/01 (Thu) 16:05:12 JST,gnu/linux,root,qu,Exit
2015/10/01 (Thu) 16:05:12 JST,gnu/linux,root,qu,Exit
2015/10/01 (Thu) 16:05:13 JST,gnu/linux,root,qu,Exit
2015/10/01 (Thu) 16:05:13 JST,gnu/linux,root,qu,Exit
2015/10/01 (Thu) 16:05:14 JST,gnu/linux,root,qu,Exit
2015/10/01 (Thu) 16:05:14 JST,gnu/linux,root,qu,Exit
2015/10/01 (Thu) 16:05:14 JST,gnu/linux,root,qu,Exit
2015/10/01 (Thu) 16:05:15 JST,gnu/linux,root,qu,Exit
2015/10/01 (Thu) 16:05:15 JST,gnu/linux,root,qu,Exit
2015/10/01 (Thu) 16:05:16 JST,gnu/linux,root,qu,Exit
2015/10/01 (Thu) 16:05:16 JST,gnu/linux,root,qu,Exit
2015/10/01 (Thu) 16:05:16 JST,gnu/linux,root,qu,Exit
2015/10/01 (Thu) 16:05:17 JST,gnu/linux,root,qu,Exit
2015/10/01 (Thu) 16:05:17 JST,gnu/linux,root,qu,Exit
2015/10/01 (Thu) 16:05:18 JST,gnu/linux,root,qu,Exit
2015/10/01 (Thu) 16:05:18 JST,gnu/linux,root,qu,Exit
2015/10/01 (Thu) 16:05:18 JST,gnu/linux,root,qu,Exit
2015/10/01 (Thu) 16:05:19 JST,gnu/linux,root,qu,Exit
2015/10/01 (Thu) 16:05:21 JST,gnu/linux,root,qu,Exit
2015/10/01 (Thu) 16:07:13 JST,gnu/linux,root,qu,Exit
2015/10/01 (Thu) 16:07:14 JST,gnu/linux,root,qu,Exit
2015/10/01 (Thu) 16:07:13 JST,gnu/linux,root,qu,Exit
2015/10/01 (Thu) 16:07:15 JST,gnu/linux,root,qu,Exit
2015/10/01 (Thu) 16:07:17 JST,gnu/linux,root,qu,Exit
2015/10/01 (Thu) 16:07:17 JST,gnu/linux,root,qu,Exit
2015/10/01 (Thu) 16:07:17 JST,gnu/linux,root,qu,Exit
2015/10/01 (Thu) 16:07:18 JST,gnu/linux,root,qu,Exit
2015/10/01 (Thu) 16:07:18 JST,gnu/linux,root,qu,Exit
2015/10/01 (Thu) 16:07:18 JST,gnu/linux,root,qu,Exit
2015/10/01 (Thu) 16:07:18 JST,gnu/linux,root,qu,Exit
2015/10/01 (Thu) 16:07:18 JST,gnu/linux,root,qu,Exit
2015/10/01 (Thu) 16:07:20 JST,gnu/linux,root,qu,Exit
2015/10/01 (Thu) 16:07:21 JST,gnu/linux,root,qu,Exit
2015/10/01 (Thu) 16:07:21 JST,gnu/linux,root,qu,Exit
2015/10/01 (Thu) 16:07:21 JST,gnu/linux,root,qu,Exit
2015/10/01 (Thu) 16:07:21 JST,gnu/linux,root,qu,Exit
2015/10/01 (Thu) 16:07:21 JST,gnu/linux,root,qu,Exit
2015/10/01 (Thu) 16:07:22 JST,gnu/linux,root,qu,Exit
2015/10/01 (Thu) 16:07:21 JST,gnu/linux,root,qu,Exit
2015/10/01 (Thu) 16:07:22 JST,gnu/linux,root,qu,Exit
2015/10/01 (Thu) 16:07:22 JST,gnu/linux,root,qu,Exit
2015/10/01 (Thu) 16:07:22 JST,gnu/linux,root,qu,Exit
2015/10/01 (Thu) 16:07:23 JST,gnu/linux,root,qu,Exit
2015/10/01 (Thu) 16:07:23 JST,gnu/linux,root,qu,Exit
2015/10/01 (Thu) 16:07:23 JST,gnu/linux,root,qu,Exit
2015/10/01 (Thu) 16:07:25 JST,gnu/linux,root,qu,Exit
2015/10/01 (Thu) 16:07:25 JST,gnu/linux,root,qu,Exit
2015/10/01 (Thu) 16:07:25 JST,gnu/linux,root,qu,Exit
2015/10/01 (Thu) 16:07:25 JST,gnu/linux,root,qu,Exit
2015/10/01 (Thu) 16:07:27 JST,gnu/linux,root,qu,Exit
2015/10/01 (Thu) 16:07:27 JST,gnu/linux,root,qu,Exit
2015/10/01 (Thu) 16:07:27 JST,gnu/linux,root,qu,Exit
2015/10/01 (Thu) 16:07:27 JST,gnu/linux,root,qu,Exit
2015/10/01 (Thu) 16:07:28 JST,gnu/linux,root,qu,Exit
2015/10/01 (Thu) 16:07:28 JST,gnu/linux,root,qu,Exit
2015/10/01 (Thu) 16:07:29 JST,gnu/linux,root,qu,Exit
2015/10/01 (Thu) 16:07:28 JST,gnu/linux,root,qu,Exit
2015/10/01 (Thu) 16:07:30 JST,gnu/linux,root,qu,Exit
2015/10/01 (Thu) 16:07:30 JST,gnu/linux,root,qu,Exit
2015/10/01 (Thu) 16:07:30 JST,gnu/linux,root,qu,Exit
2015/10/01 (Thu) 16:07:29 JST,gnu/linux,root,qu,Exit
2015/10/01 (Thu) 16:07:30 JST,gnu/linux,root,qu,Exit
2015/10/01 (Thu) 16:07:30 JST,gnu/linux,root,qu,Exit
2015/10/01 (Thu) 16:07:30 JST,gnu/linux,root,qu,Exit
2015/10/01 (Thu) 16:07:31 JST,gnu/linux,root,qu,Exit
2015/10/01 (Thu) 16:07:31 JST,gnu/linux,root,qu,Exit
2015/10/01 (Thu) 16:07:32 JST,gnu/linux,root,qu,Exit
2015/10/01 (Thu) 16:07:32 JST,gnu/linux,root,qu,Exit
2015/10/01 (Thu) 16:07:33 JST,gnu/linux,root,qu,Exit
2015/10/01 (Thu) 16:07:33 JST,gnu/linux,root,qu,Exit
2015/10/01 (Thu) 16:07:33 JST,gnu/linux,root,qu,Exit
2015/10/01 (Thu) 16:07:33 JST,gnu/linux,root,qu,Exit
2015/10/01 (Thu) 16:07:35 JST,gnu/linux,root,qu,Exit
2015/10/01 (Thu) 16:07:35 JST,gnu/linux,root,qu,Exit
2015/10/01 (Thu) 16:07:35 JST,gnu/linux,root,qu,Exit
2015/10/01 (Thu) 16:07:35 JST,gnu/linux,root,qu,Exit
2015/10/01 (Thu) 16:07:35 JST,gnu/linux,root,qu,Exit
2015/10/01 (Thu) 16:07:36 JST,gnu/linux,root,qu,Exit
2015/10/01 (Thu) 16:07:36 JST,gnu/linux,root,qu,Exit
2015/10/01 (Thu) 16:07:36 JST,gnu/linux,root,qu,Exit
2015/10/01 (Thu) 16:07:36 JST,gnu/linux,root,qu,Exit
2015/10/01 (Thu) 16:07:36 JST,gnu/linux,root,qu,Exit
2015/10/01 (Thu) 16:07:36 JST,gnu/linux,root,qu,Exit
2015/10/01 (Thu) 16:07:36 JST,gnu/linux,root,qu,Exit
2015/10/01 (Thu) 16:07:37 JST,gnu/linux,root,qu,Exit
2015/10/01 (Thu) 16:07:37 JST,gnu/linux,root,qu,Exit
2015/10/01 (Thu) 16:07:37 JST,gnu/linux,root,qu,Exit
2015/10/01 (Thu) 16:07:38 JST,gnu/linux,root,qu,Exit
2015/10/01 (Thu) 16:07:37 JST,gnu/linux,root,qu,Exit
2015/10/01 (Thu) 16:07:38 JST,gnu/linux,root,qu,Exit
2015/10/01 (Thu) 16:07:38 JST,gnu/linux,root,qu,Exit
2015/10/01 (Thu) 16:07:38 JST,gnu/linux,root,qu,Exit
2015/10/01 (Thu) 16:07:39 JST,gnu/linux,root,qu,Exit
2015/10/01 (Thu) 16:07:39 JST,gnu/linux,root,qu,Exit
2015/10/01 (Thu) 16:07:40 JST,gnu/linux,root,qu,Exit
2015/10/01 (Thu) 16:07:40 JST,gnu/linux,root,qu,Exit
2015/10/01 (Thu) 16:07:40 JST,gnu/linux,root,qu,Exit
2015/10/01 (Thu) 16:07:40 JST,gnu/linux,root,qu,Exit
2015/10/01 (Thu) 16:07:40 JST,gnu/linux,root,qu,Exit
2015/10/01 (Thu) 16:07:40 JST,gnu/linux,root,qu,Exit
2015/10/01 (Thu) 16:07:40 JST,gnu/linux,root,qu,Exit
2015/10/01 (Thu) 16:07:40 JST,gnu/linux,root,qu,Exit
2015/10/01 (Thu) 16:07:41 JST,gnu/linux,root,qu,Exit
2015/10/01 (Thu) 16:07:42 JST,gnu/linux,root,qu,Exit
2015/10/01 (Thu) 16:07:42 JST,gnu/linux,root,qu,Exit
2015/10/01 (Thu) 16:07:42 JST,gnu/linux,root,qu,Exit
2015/10/01 (Thu) 16:07:43 JST,gnu/linux,root,qu,Exit
2015/10/01 (Thu) 16:07:42 JST,gnu/linux,root,qu,Exit
2015/10/01 (Thu) 16:07:42 JST,gnu/linux,root,qu,Exit
2015/10/01 (Thu) 16:07:42 JST,gnu/linux,root,qu,Exit
2015/10/01 (Thu) 16:07:43 JST,gnu/linux,root,qu,Exit
2015/10/01 (Thu) 16:07:43 JST,gnu/linux,root,qu,Exit
2015/10/01 (Thu) 16:07:43 JST,gnu/linux,root,qu,Exit
2015/10/01 (Thu) 16:07:44 JST,gnu/linux,root,qu,Exit
2015/10/01 (Thu) 16:07:44 JST,gnu/linux,root,qu,Exit
2015/10/01 (Thu) 16:07:44 JST,gnu/linux,root,qu,Exit
2015/10/01 (Thu) 16:07:44 JST,gnu/linux,root,qu,Exit
2015/10/01 (Thu) 16:07:45 JST,gnu/linux,root,qu,Exit
2015/10/01 (Thu) 16:07:44 JST,gnu/linux,root,qu,Exit
2015/10/01 (Thu) 16:07:45 JST,gnu/linux,root,qu,Exit
2015/10/01 (Thu) 16:07:46 JST,gnu/linux,root,qu,Exit
2015/10/01 (Thu) 16:07:46 JST,gnu/linux,root,qu,Exit
2015/10/01 (Thu) 16:07:47 JST,gnu/linux,root,qu,Exit
2015/10/01 (Thu) 16:07:47 JST,gnu/linux,root,qu,Exit
2015/10/01 (Thu) 16:07:48 JST,gnu/linux,root,qu,Exit
2015/10/01 (Thu) 16:07:49 JST,gnu/linux,root,qu,Exit
2015/10/01 (Thu) 16:07:50 JST,gnu/linux,root,qu,Exit
2015/10/01 (Thu) 16:07:50 JST,gnu/linux,root,qu,Exit
2015/10/01 (Thu) 16:07:50 JST,gnu/linux,root,qu,Exit
2015/10/01 (Thu) 16:07:50 JST,gnu/linux,root,qu,Exit
2015/10/01 (Thu) 16:07:50 JST,gnu/linux,root,qu,Exit
2015/10/01 (Thu) 16:07:51 JST,gnu/linux,root,qu,Exit
2015/10/01 (Thu) 16:07:51 JST,gnu/linux,root,qu,Exit
2015/10/01 (Thu) 16:07:51 JST,gnu/linux,root,qu,Exit
2015/10/01 (Thu) 16:07:51 JST,gnu/linux,root,qu,Exit
2015/10/01 (Thu) 16:07:51 JST,gnu/linux,root,qu,Exit
2015/10/01 (Thu) 16:07:52 JST,gnu/linux,root,qu,Exit
2015/10/01 (Thu) 16:07:52 JST,gnu/linux,root,qu,Exit
2015/10/01 (Thu) 16:07:52 JST,gnu/linux,root,qu,Exit
2015/10/01 (Thu) 16:07:53 JST,gnu/linux,root,qu,Exit
2015/10/01 (Thu) 16:07:53 JST,gnu/linux,root,qu,Exit
2015/10/01 (Thu) 16:07:53 JST,gnu/linux,root,qu,Exit
2015/10/01 (Thu) 16:07:53 JST,gnu/linux,root,qu,Exit
2015/10/01 (Thu) 16:07:53 JST,gnu/linux,root,qu,Exit
2015/10/01 (Thu) 16:07:54 JST,gnu/linux,root,qu,Exit
2015/10/01 (Thu) 16:07:54 JST,gnu/linux,root,qu,Exit
2015/10/01 (Thu) 16:07:54 JST,gnu/linux,root,qu,Exit
2015/10/01 (Thu) 16:07:55 JST,gnu/linux,root,qu,Exit
2015/10/01 (Thu) 16:07:55 JST,gnu/linux,root,qu,Exit
2015/10/01 (Thu) 16:07:55 JST,gnu/linux,root,qu,Exit
2015/10/01 (Thu) 16:07:56 JST,gnu/linux,root,qu,Exit
2015/10/01 (Thu) 16:07:56 JST,gnu/linux,root,qu,Exit
2015/10/01 (Thu) 16:07:56 JST,gnu/linux,root,qu,Exit
2015/10/01 (Thu) 16:07:56 JST,gnu/linux,root,qu,Exit
2015/10/01 (Thu) 16:07:56 JST,gnu/linux,root,qu,Exit
2015/10/01 (Thu) 16:07:57 JST,gnu/linux,root,qu,Exit
2015/10/01 (Thu) 16:07:57 JST,gnu/linux,root,qu,Exit
2015/10/01 (Thu) 16:07:57 JST,gnu/linux,root,qu,Exit
2015/10/01 (Thu) 16:07:57 JST,gnu/linux,root,qu,Exit
2015/10/01 (Thu) 16:07:58 JST,gnu/linux,root,qu,Exit
2015/10/01 (Thu) 16:07:59 JST,gnu/linux,root,qu,Exit
2015/10/01 (Thu) 16:07:59 JST,gnu/linux,root,qu,Exit
2015/10/01 (Thu) 16:07:59 JST,gnu/linux,root,qu,Exit
2015/10/01 (Thu) 16:07:59 JST,gnu/linux,root,qu,Exit
2015/10/01 (Thu) 16:07:59 JST,gnu/linux,root,qu,Exit
2015/10/01 (Thu) 16:08:00 JST,gnu/linux,root,qu,Exit
2015/10/01 (Thu) 16:08:00 JST,gnu/linux,root,qu,Exit
2015/10/01 (Thu) 16:08:00 JST,gnu/linux,root,qu,Exit
2015/10/01 (Thu) 16:08:00 JST,gnu/linux,root,qu,Exit
2015/10/01 (Thu) 16:08:00 JST,gnu/linux,root,qu,Exit
2015/10/01 (Thu) 16:08:00 JST,gnu/linux,root,qu,Exit
2015/10/01 (Thu) 16:08:01 JST,gnu/linux,root,qu,Exit
2015/10/01 (Thu) 16:08:00 JST,gnu/linux,root,qu,Exit
2015/10/01 (Thu) 16:08:01 JST,gnu/linux,root,qu,Exit
2015/10/01 (Thu) 16:08:02 JST,gnu/linux,root,qu,Exit
2015/10/01 (Thu) 16:08:02 JST,gnu/linux,root,qu,Exit
2015/10/01 (Thu) 16:08:02 JST,gnu/linux,root,qu,Exit
2015/10/01 (Thu) 16:08:02 JST,gnu/linux,root,qu,Exit
2015/10/01 (Thu) 16:08:02 JST,gnu/linux,root,qu,Exit
2015/10/01 (Thu) 16:08:02 JST,gnu/linux,root,qu,Exit
2015/10/01 (Thu) 16:08:02 JST,gnu/linux,root,qu,Exit
2015/10/01 (Thu) 16:08:03 JST,gnu/linux,root,qu,Exit
2015/10/01 (Thu) 16:08:03 JST,gnu/linux,root,qu,Exit
2015/10/01 (Thu) 16:08:03 JST,gnu/linux,root,qu,Exit
2015/10/01 (Thu) 16:08:04 JST,gnu/linux,root,qu,Exit
2015/10/01 (Thu) 16:08:04 JST,gnu/linux,root,qu,Exit
2015/10/01 (Thu) 16:08:04 JST,gnu/linux,root,qu,Exit
2015/10/01 (Thu) 16:08:04 JST,gnu/linux,root,qu,Exit
2015/10/01 (Thu) 16:08:04 JST,gnu/linux,root,qu,Exit
2015/10/01 (Thu) 16:08:05 JST,gnu/linux,root,qu,Exit
2015/10/01 (Thu) 16:08:05 JST,gnu/linux,root,qu,Exit
2015/10/01 (Thu) 16:08:04 JST,gnu/linux,root,qu,Exit
2015/10/01 (Thu) 16:08:05 JST,gnu/linux,root,qu,Exit
2015/10/01 (Thu) 16:08:05 JST,gnu/linux,root,qu,Exit
2015/10/01 (Thu) 16:08:06 JST,gnu/linux,root,qu,Exit
2015/10/01 (Thu) 16:08:06 JST,gnu/linux,root,qu,Exit
2015/10/01 (Thu) 16:08:06 JST,gnu/linux,root,qu,Exit
2015/10/01 (Thu) 16:08:06 JST,gnu/linux,root,qu,Exit
2015/10/01 (Thu) 16:08:05 JST,gnu/linux,root,qu,Exit
2015/10/01 (Thu) 16:08:06 JST,gnu/linux,root,qu,Exit
2015/10/01 (Thu) 16:08:06 JST,gnu/linux,root,qu,Exit
2015/10/01 (Thu) 16:08:06 JST,gnu/linux,root,qu,Exit
2015/10/01 (Thu) 16:08:06 JST,gnu/linux,root,qu,Exit
2015/10/01 (Thu) 16:08:07 JST,gnu/linux,root,qu,Exit
2015/10/01 (Thu) 16:08:07 JST,gnu/linux,root,qu,Exit
2015/10/01 (Thu) 16:08:07 JST,gnu/linux,root,qu,Exit
2015/10/01 (Thu) 16:08:07 JST,gnu/linux,root,qu,Exit
2015/10/01 (Thu) 16:08:07 JST,gnu/linux,root,qu,Exit
2015/10/01 (Thu) 16:08:08 JST,gnu/linux,root,qu,Exit
2015/10/01 (Thu) 16:08:07 JST,gnu/linux,root,qu,Exit
2015/10/01 (Thu) 16:08:07 JST,gnu/linux,root,qu,Exit
2015/10/01 (Thu) 16:08:07 JST,gnu/linux,root,qu,Exit
2015/10/01 (Thu) 16:08:07 JST,gnu/linux,root,qu,Exit
2015/10/01 (Thu) 16:08:08 JST,gnu/linux,root,qu,Exit
2015/10/01 (Thu) 16:08:08 JST,gnu/linux,root,qu,Exit
2015/10/01 (Thu) 16:08:08 JST,gnu/linux,root,qu,Exit
2015/10/01 (Thu) 16:08:09 JST,gnu/linux,root,qu,Exit
2015/10/01 (Thu) 16:08:08 JST,gnu/linux,root,qu,Exit
2015/10/01 (Thu) 16:08:09 JST,gnu/linux,root,qu,Exit
2015/10/01 (Thu) 16:08:09 JST,gnu/linux,root,qu,Exit
2015/10/01 (Thu) 16:08:09 JST,gnu/linux,root,qu,Exit
2015/10/01 (Thu) 16:08:09 JST,gnu/linux,root,qu,Exit
2015/10/01 (Thu) 16:08:09 JST,gnu/linux,root,qu,Exit
2015/10/01 (Thu) 16:08:09 JST,gnu/linux,root,qu,Exit
2015/10/01 (Thu) 16:08:10 JST,gnu/linux,root,qu,Exit
2015/10/01 (Thu) 16:08:10 JST,gnu/linux,root,qu,Exit
2015/10/01 (Thu) 16:08:10 JST,gnu/linux,root,qu,Exit
2015/10/01 (Thu) 16:08:10 JST,gnu/linux,root,qu,Exit
2015/10/01 (Thu) 16:08:10 JST,gnu/linux,root,qu,Exit
2015/10/01 (Thu) 16:08:10 JST,gnu/linux,root,qu,Exit
2015/10/01 (Thu) 16:08:10 JST,gnu/linux,root,qu,Exit
2015/10/01 (Thu) 16:08:10 JST,gnu/linux,root,qu,Exit
2015/10/01 (Thu) 16:08:10 JST,gnu/linux,root,qu,Exit
2015/10/01 (Thu) 16:08:10 JST,gnu/linux,root,qu,Exit
2015/10/01 (Thu) 16:08:10 JST,gnu/linux,root,qu,Exit
2015/10/01 (Thu) 16:08:10 JST,gnu/linux,root,qu,Exit
2015/10/01 (Thu) 16:08:11 JST,gnu/linux,root,qu,Exit
2015/10/01 (Thu) 16:08:11 JST,gnu/linux,root,qu,Exit
2015/10/01 (Thu) 16:08:11 JST,gnu/linux,root,qu,Exit
2015/10/01 (Thu) 16:08:11 JST,gnu/linux,root,qu,Exit
2015/10/01 (Thu) 16:08:10 JST,gnu/linux,root,qu,Exit
2015/10/01 (Thu) 16:08:11 JST,gnu/linux,root,qu,Exit
2015/10/01 (Thu) 16:08:11 JST,gnu/linux,root,qu,Exit
2015/10/01 (Thu) 16:08:11 JST,gnu/linux,root,qu,Exit
2015/10/01 (Thu) 16:08:11 JST,gnu/linux,root,qu,Exit
2015/10/01 (Thu) 16:08:12 JST,gnu/linux,root,qu,Exit
2015/10/01 (Thu) 16:08:11 JST,gnu/linux,root,qu,Exit
2015/10/01 (Thu) 16:08:11 JST,gnu/linux,root,qu,Exit
2015/10/01 (Thu) 16:08:12 JST,gnu/linux,root,qu,Exit
2015/10/01 (Thu) 16:18:05 JST,gnu/linux,root,qu,Exit
2015/10/01 (Thu) 16:18:16 JST,gnu/linux,root,qu,Exit
2015/10/01 (Thu) 16:18:43 JST,gnu/linux,root,qu,Exit
2015/10/01 (Thu) 15:47:47 JST,gnu/linux,root,qu,Exit
2015/10/01 (Thu) 23:02:10 JST,gnu/linux,root,qu,Start,Default
2015/10/01 (Thu) 23:16:06 JST,gnu/linux,root,qu,Exit
2015/10/01 (Thu) 23:19:26 JST,gnu/linux,root,qu,Exit
2015/10/01 (Thu) 23:19:34 JST,gnu/linux,root,qu,Start,Default
2015/10/01 (Thu) 23:19:34 JST,gnu/linux,root,qu,Exit
2015/10/01 (Thu) 23:02:10 JST,gnu/linux,root,qu,Exit
2015/10/01 (Thu) 23:19:58 JST,gnu/linux,root,qu,Start,Default
2015/10/02 (Fri) 00:34:46 JST,gnu/linux,root,qu,Exit
2015/10/02 (Fri) 00:34:46 JST,gnu/linux,root,qu,Exit
2015/10/02 (Fri) 05:11:35 JST,gnu/linux,root,qu,Start,Default
2015/10/02 (Fri) 05:11:35 JST,gnu/linux,root,qu,Exit
2015/10/02 (Fri) 05:46:41 JST,gnu/linux,root,qu,Exit
2015/10/02 (Fri) 08:19:56 JST,gnu/linux,root,qu,Exit
2015/10/02 (Fri) 10:51:56 JST,gnu/linux,root,qu,Exit
2015/10/02 (Fri) 10:51:56 JST,gnu/linux,root,qu,Exit
2015/10/02 (Fri) 10:51:56 JST,gnu/linux,root,qu,Exit
2015/10/02 (Fri) 10:51:56 JST,gnu/linux,root,qu,Exit
2015/10/02 (Fri) 10:51:56 JST,gnu/linux,root,qu,Exit
2015/10/02 (Fri) 10:51:56 JST,gnu/linux,root,qu,Exit
2015/10/02 (Fri) 10:51:56 JST,gnu/linux,root,qu,Exit
2015/10/02 (Fri) 10:51:56 JST,gnu/linux,root,qu,Exit
2015/10/02 (Fri) 10:51:56 JST,gnu/linux,root,qu,Exit
2015/10/02 (Fri) 10:51:56 JST,gnu/linux,root,qu,Exit
2015/10/02 (Fri) 10:51:56 JST,gnu/linux,root,qu,Exit
2015/10/02 (Fri) 10:51:56 JST,gnu/linux,root,qu,Exit
2015/10/02 (Fri) 10:51:56 JST,gnu/linux,root,qu,Exit
2015/10/02 (Fri) 10:56:08 JST,gnu/linux,root,qu,Exit
2015/10/02 (Fri) 10:57:06 JST,gnu/linux,root,qu,Start,Default
2015/10/02 (Fri) 10:57:06 JST,gnu/linux,root,qu,Exit
2015/10/01 (Thu) 23:19:58 JST,gnu/linux,root,qu,Exit
2015/10/02 (Fri) 10:57:35 JST,gnu/linux,root,qu,Start,Default
2015/10/02 (Fri) 11:00:50 JST,gnu/linux,root,qu,Start,Default
2015/10/02 (Fri) 12:10:21 JST,gnu/linux,root,qu,Exit
2015/10/02 (Fri) 12:11:59 JST,gnu/linux,root,qu,Start,Default
2015/10/02 (Fri) 12:11:59 JST,gnu/linux,root,qu,Exit
2015/10/02 (Fri) 12:12:40 JST,gnu/linux,root,qu,Exit
2015/10/02 (Fri) 12:12:46 JST,gnu/linux,root,qu,Start,Default
2015/10/02 (Fri) 12:12:46 JST,gnu/linux,root,qu,Exit
2015/10/02 (Fri) 12:13:18 JST,gnu/linux,root,qu,Exit
2015/10/02 (Fri) 12:25:57 JST,gnu/linux,root,qu,Exit
2015/10/02 (Fri) 12:26:25 JST,gnu/linux,root,qu,Start,Default
2015/10/02 (Fri) 12:26:25 JST,gnu/linux,root,qu,Exit
2015/10/02 (Fri) 12:27:20 JST,gnu/linux,root,qu,Exit
2015/10/02 (Fri) 12:27:28 JST,gnu/linux,root,qu,Exit
2015/10/02 (Fri) 12:59:06 JST,gnu/linux,root,qu,Exit
2015/10/02 (Fri) 12:59:22 JST,gnu/linux,root,qu,Exit
2015/10/02 (Fri) 13:02:55 JST,gnu/linux,root,qu,Exit
2015/10/02 (Fri) 13:12:56 JST,gnu/linux,root,qu,Exit
2015/10/02 (Fri) 13:16:49 JST,gnu/linux,root,qu,Exit
2015/10/02 (Fri) 13:19:28 JST,gnu/linux,root,qu,Exit
2015/10/02 (Fri) 13:21:19 JST,gnu/linux,root,qu,Exit
2015/10/02 (Fri) 13:31:23 JST,gnu/linux,root,qu,Exit
2015/10/02 (Fri) 13:31:45 JST,gnu/linux,root,qu,Exit
2015/10/02 (Fri) 13:40:58 JST,gnu/linux,root,qu,Exit
2015/10/02 (Fri) 11:00:50 JST,gnu/linux,root,qu,Exit
2015/10/02 (Fri) 15:09:24 JST,gnu/linux,root,qu,Start,Default
2015/10/02 (Fri) 22:40:54 JST,gnu/linux,root,qu,Start,Default
2015/10/03 (Sat) 06:25:56 JST,gnu/linux,root,qu,Exit
2015/10/03 (Sat) 07:35:05 JST,gnu/linux,root,qu,Start,Default
2015/10/03 (Sat) 07:35:05 JST,gnu/linux,root,qu,Exit
2015/10/03 (Sat) 07:39:03 JST,gnu/linux,root,qu,Exit
2015/10/03 (Sat) 07:46:01 JST,gnu/linux,root,qu,Exit
2015/10/03 (Sat) 08:15:23 JST,gnu/linux,root,qu,Exit
2015/10/03 (Sat) 08:16:50 JST,gnu/linux,root,qu,Start,Default
2015/10/03 (Sat) 08:16:50 JST,gnu/linux,root,qu,Exit
2015/10/03 (Sat) 08:21:56 JST,gnu/linux,root,qu,Start,Default
2015/10/03 (Sat) 08:21:56 JST,gnu/linux,root,qu,Exit
2015/10/03 (Sat) 08:38:58 JST,gnu/linux,root,qu,Start,Default
2015/10/03 (Sat) 08:38:58 JST,gnu/linux,root,qu,Exit
2015/10/03 (Sat) 08:40:00 JST,gnu/linux,root,qu,Exit
2015/10/03 (Sat) 09:27:19 JST,gnu/linux,root,qu,Exit
2015/10/03 (Sat) 09:27:25 JST,gnu/linux,root,qu,Start,Default
2015/10/03 (Sat) 09:27:25 JST,gnu/linux,root,qu,Exit
2015/10/03 (Sat) 09:38:16 JST,gnu/linux,root,qu,Exit
2015/10/03 (Sat) 09:38:44 JST,gnu/linux,root,qu,Start,Default
2015/10/03 (Sat) 09:38:44 JST,gnu/linux,root,qu,Exit
2015/10/03 (Sat) 09:45:38 JST,gnu/linux,root,qu,Exit
2015/10/03 (Sat) 09:45:47 JST,gnu/linux,root,qu,Start,Default
2015/10/03 (Sat) 09:45:47 JST,gnu/linux,root,qu,Exit
2015/10/03 (Sat) 09:46:43 JST,gnu/linux,root,qu,Exit
2015/10/03 (Sat) 09:47:20 JST,gnu/linux,root,qu,Exit
2015/10/03 (Sat) 09:47:27 JST,gnu/linux,root,qu,Start,Default
2015/10/03 (Sat) 09:51:08 JST,gnu/linux,root,qu,Exit
2015/10/03 (Sat) 09:51:11 JST,gnu/linux,root,qu,Exit
2015/10/03 (Sat) 09:52:06 JST,gnu/linux,root,qu,Exit
2015/10/03 (Sat) 09:52:26 JST,gnu/linux,root,qu,Exit
2015/10/03 (Sat) 09:52:47 JST,gnu/linux,root,qu,Exit
2015/10/03 (Sat) 09:47:27 JST,gnu/linux,root,qu,Exit
2015/10/03 (Sat) 09:58:14 JST,gnu/linux,root,qu,Exit
2015/10/03 (Sat) 09:58:31 JST,gnu/linux,root,qu,Start,Default
2015/10/03 (Sat) 09:59:29 JST,gnu/linux,root,qu,Exit
2015/10/03 (Sat) 09:58:31 JST,gnu/linux,root,qu,Exit
2015/10/03 (Sat) 09:59:54 JST,gnu/linux,root,qu,Start,Default
2015/10/03 (Sat) 10:01:26 JST,gnu/linux,root,qu,Exit
2015/10/03 (Sat) 10:01:47 JST,gnu/linux,root,qu,Exit
2015/10/03 (Sat) 10:01:48 JST,gnu/linux,root,qu,Exit
2015/10/03 (Sat) 10:01:51 JST,gnu/linux,root,qu,Exit
2015/10/03 (Sat) 10:01:59 JST,gnu/linux,root,qu,Exit
2015/10/03 (Sat) 10:02:28 JST,gnu/linux,root,qu,Exit
2015/10/03 (Sat) 09:59:54 JST,gnu/linux,root,qu,Exit
2015/10/03 (Sat) 10:03:14 JST,gnu/linux,root,qu,Start,Default
2015/10/03 (Sat) 10:03:14 JST,gnu/linux,root,qu,Exit
2015/10/03 (Sat) 10:07:51 JST,gnu/linux,root,qu,Start,Default
2015/10/03 (Sat) 10:07:51 JST,gnu/linux,root,qu,Exit
2015/10/03 (Sat) 10:08:05 JST,gnu/linux,root,qu,Start,Default
2015/10/03 (Sat) 10:08:05 JST,gnu/linux,root,qu,Exit
2015/10/03 (Sat) 10:09:58 JST,gnu/linux,root,qu,Start,Default
2015/10/03 (Sat) 10:10:15 JST,gnu/linux,root,qu,Start,Default
2015/10/03 (Sat) 10:10:15 JST,gnu/linux,root,qu,Exit
2015/10/03 (Sat) 10:42:21 JST,gnu/linux,root,qu,Exit
2015/10/03 (Sat) 10:42:35 JST,gnu/linux,root,qu,Start,Default
2015/10/03 (Sat) 10:42:35 JST,gnu/linux,root,qu,Exit
2015/10/03 (Sat) 10:45:42 JST,gnu/linux,root,qu,Exit
2015/10/03 (Sat) 10:46:23 JST,gnu/linux,root,qu,Start,Default
2015/10/03 (Sat) 10:46:23 JST,gnu/linux,root,qu,Exit
2015/10/03 (Sat) 10:47:49 JST,gnu/linux,root,qu,Start,Default
2015/10/03 (Sat) 10:47:49 JST,gnu/linux,root,qu,Exit
2015/10/02 (Fri) 22:40:54 JST,gnu/linux,root,qu,Exit
2015/10/03 (Sat) 10:48:33 JST,gnu/linux,root,qu,Start,Default
2015/10/03 (Sat) 13:32:55 JST,gnu/linux,root,qu,Exit
2015/10/03 (Sat) 13:40:17 JST,gnu/linux,root,qu,Start,Default
2015/10/03 (Sat) 13:40:17 JST,gnu/linux,root,qu,Exit
2015/10/03 (Sat) 13:44:53 JST,gnu/linux,root,qu,Exit
2015/10/03 (Sat) 13:51:18 JST,gnu/linux,root,qu,Exit
2015/10/03 (Sat) 13:51:50 JST,gnu/linux,root,qu,Exit
2015/10/03 (Sat) 13:52:23 JST,gnu/linux,root,qu,Exit
2015/10/03 (Sat) 13:52:29 JST,gnu/linux,root,qu,Start,Default
2015/10/03 (Sat) 13:52:29 JST,gnu/linux,root,qu,Exit
2015/10/03 (Sat) 10:48:33 JST,gnu/linux,root,qu,Exit
2015/10/03 (Sat) 13:52:48 JST,gnu/linux,root,qu,Start,Default
2015/10/03 (Sat) 13:52:48 JST,gnu/linux,root,qu,Exit
2015/10/03 (Sat) 13:53:37 JST,gnu/linux,root,qu,Start,Default
2015/10/03 (Sat) 13:57:31 JST,gnu/linux,root,qu,Exit
2015/10/03 (Sat) 14:02:10 JST,gnu/linux,root,qu,Exit
2015/10/03 (Sat) 14:03:00 JST,gnu/linux,root,qu,Exit
2015/10/03 (Sat) 14:04:42 JST,gnu/linux,root,qu,Exit
2015/10/03 (Sat) 14:05:16 JST,gnu/linux,root,qu,Exit
2015/10/03 (Sat) 14:08:10 JST,gnu/linux,root,qu,Exit
2015/10/03 (Sat) 14:08:45 JST,gnu/linux,root,qu,Exit
2015/10/03 (Sat) 13:53:37 JST,gnu/linux,root,qu,Exit
2015/10/03 (Sat) 14:08:54 JST,gnu/linux,root,qu,Start,Default
2015/10/03 (Sat) 14:10:50 JST,gnu/linux,root,qu,Exit
2015/10/03 (Sat) 14:10:56 JST,gnu/linux,root,qu,Start,Default
2015/10/03 (Sat) 14:10:56 JST,gnu/linux,root,qu,Exit
2015/10/03 (Sat) 14:13:29 JST,gnu/linux,root,qu,Exit
2015/10/03 (Sat) 14:37:26 JST,gnu/linux,root,qu,Exit
2015/10/03 (Sat) 14:38:37 JST,gnu/linux,root,qu,Exit
2015/10/03 (Sat) 14:39:52 JST,gnu/linux,root,qu,Exit
2015/10/03 (Sat) 14:40:24 JST,gnu/linux,root,qu,Exit
2015/10/03 (Sat) 14:41:38 JST,gnu/linux,root,qu,Exit
2015/10/03 (Sat) 14:59:02 JST,gnu/linux,root,qu,Exit
2015/10/03 (Sat) 14:59:11 JST,gnu/linux,root,qu,Start,Default
2015/10/03 (Sat) 14:59:11 JST,gnu/linux,root,qu,Exit
2015/10/03 (Sat) 15:02:21 JST,gnu/linux,root,qu,Exit
2015/10/03 (Sat) 15:03:20 JST,gnu/linux,root,qu,Start,Default
2015/10/03 (Sat) 15:03:20 JST,gnu/linux,root,qu,Exit
2015/10/03 (Sat) 15:04:37 JST,gnu/linux,root,qu,Start,Default
2015/10/03 (Sat) 15:04:37 JST,gnu/linux,root,qu,Exit
2015/10/03 (Sat) 15:06:59 JST,gnu/linux,root,qu,Exit
2015/10/03 (Sat) 15:07:23 JST,gnu/linux,root,qu,Exit
2015/10/03 (Sat) 15:07:40 JST,gnu/linux,root,qu,Exit
2015/10/03 (Sat) 15:27:38 JST,gnu/linux,root,qu,Exit
2015/10/03 (Sat) 15:28:01 JST,gnu/linux,root,qu,Exit
2015/10/03 (Sat) 15:28:14 JST,gnu/linux,root,qu,Exit
2015/10/03 (Sat) 14:08:54 JST,gnu/linux,root,qu,Exit
2015/10/03 (Sat) 15:28:37 JST,gnu/linux,root,qu,Start,Default
2015/10/03 (Sat) 15:29:26 JST,gnu/linux,root,qu,Exit
2015/10/03 (Sat) 15:30:41 JST,gnu/linux,root,qu,Exit
2015/10/03 (Sat) 15:31:35 JST,gnu/linux,root,qu,Exit
2015/10/03 (Sat) 15:28:37 JST,gnu/linux,root,qu,Exit
2015/10/03 (Sat) 15:31:49 JST,gnu/linux,root,qu,Start,Default
2015/10/03 (Sat) 15:32:57 JST,gnu/linux,root,qu,Exit
2015/10/03 (Sat) 15:34:28 JST,gnu/linux,root,qu,Exit
2015/10/03 (Sat) 15:37:03 JST,gnu/linux,root,qu,Exit
2015/10/03 (Sat) 15:39:46 JST,gnu/linux,root,qu,Start,Default
2015/10/03 (Sat) 15:39:46 JST,gnu/linux,root,qu,Exit
2015/10/03 (Sat) 15:54:31 JST,gnu/linux,root,qu,Exit
2015/10/03 (Sat) 15:56:45 JST,gnu/linux,root,qu,Start,Default
2015/10/03 (Sat) 15:56:45 JST,gnu/linux,root,qu,Exit
2015/10/03 (Sat) 15:58:17 JST,gnu/linux,root,qu,Exit
2015/10/03 (Sat) 16:02:03 JST,gnu/linux,root,qu,Exit
2015/10/03 (Sat) 16:02:17 JST,gnu/linux,root,qu,Start,Default
2015/10/03 (Sat) 16:02:17 JST,gnu/linux,root,qu,Exit
2015/10/03 (Sat) 15:31:49 JST,gnu/linux,root,qu,Exit
2015/10/03 (Sat) 16:03:21 JST,gnu/linux,root,qu,Start,Default
2015/10/03 (Sat) 16:04:50 JST,gnu/linux,root,qu,Exit
2015/10/03 (Sat) 16:11:13 JST,gnu/linux,root,qu,Exit
2015/10/03 (Sat) 16:11:23 JST,gnu/linux,root,qu,Start,Default
2015/10/03 (Sat) 16:11:23 JST,gnu/linux,root,qu,Exit
2015/10/03 (Sat) 16:16:01 JST,gnu/linux,root,qu,Exit
2015/10/03 (Sat) 16:22:32 JST,gnu/linux,root,qu,Exit
2015/10/03 (Sat) 16:22:38 JST,gnu/linux,root,qu,Exit
2015/10/03 (Sat) 16:24:53 JST,gnu/linux,root,qu,Exit
2015/10/03 (Sat) 16:33:04 JST,gnu/linux,root,qu,Exit
2015/10/03 (Sat) 16:33:09 JST,gnu/linux,root,qu,Exit
2015/10/03 (Sat) 16:33:18 JST,gnu/linux,root,qu,Exit
2015/10/03 (Sat) 16:33:21 JST,gnu/linux,root,qu,Exit
2015/10/03 (Sat) 16:33:24 JST,gnu/linux,root,qu,Exit
2015/10/03 (Sat) 16:33:27 JST,gnu/linux,root,qu,Exit
2015/10/03 (Sat) 16:33:28 JST,gnu/linux,root,qu,Exit
2015/10/03 (Sat) 16:33:33 JST,gnu/linux,root,qu,Exit
2015/10/03 (Sat) 16:33:42 JST,gnu/linux,root,qu,Exit
2015/10/03 (Sat) 16:33:44 JST,gnu/linux,root,qu,Exit
2015/10/03 (Sat) 16:33:59 JST,gnu/linux,root,qu,Exit
2015/10/03 (Sat) 16:34:05 JST,gnu/linux,root,qu,Exit
2015/10/03 (Sat) 16:34:15 JST,gnu/linux,root,qu,Exit
2015/10/03 (Sat) 16:34:21 JST,gnu/linux,root,qu,Exit
2015/10/03 (Sat) 16:34:26 JST,gnu/linux,root,qu,Exit
2015/10/03 (Sat) 16:45:53 JST,gnu/linux,root,qu,Exit
2015/10/03 (Sat) 16:45:58 JST,gnu/linux,root,qu,Exit
2015/10/03 (Sat) 16:45:59 JST,gnu/linux,root,qu,Exit
2015/10/03 (Sat) 16:56:44 JST,gnu/linux,root,qu,Exit
2015/10/03 (Sat) 17:08:10 JST,gnu/linux,root,qu,Exit
2015/10/03 (Sat) 17:08:16 JST,gnu/linux,root,qu,Exit
2015/10/03 (Sat) 17:08:18 JST,gnu/linux,root,qu,Exit
2015/10/03 (Sat) 17:16:38 JST,gnu/linux,root,qu,Start,Default
2015/10/03 (Sat) 17:16:38 JST,gnu/linux,root,qu,Exit
2015/10/03 (Sat) 17:17:22 JST,gnu/linux,root,qu,Start,Default
2015/10/03 (Sat) 17:17:22 JST,gnu/linux,root,qu,Exit
2015/10/03 (Sat) 17:21:13 JST,gnu/linux,root,qu,Exit
2015/10/03 (Sat) 17:21:09 JST,gnu/linux,root,qu,Start,Default
2015/10/03 (Sat) 17:21:09 JST,gnu/linux,root,qu,Exit
2015/10/03 (Sat) 17:21:34 JST,gnu/linux,root,qu,Start,Default
2015/10/03 (Sat) 17:21:34 JST,gnu/linux,root,qu,Exit
2015/10/03 (Sat) 17:22:32 JST,gnu/linux,root,qu,Start,Default
2015/10/03 (Sat) 17:24:26 JST,gnu/linux,root,qu,Exit
2015/10/03 (Sat) 17:24:31 JST,gnu/linux,root,qu,Start,Default
2015/10/03 (Sat) 17:24:31 JST,gnu/linux,root,qu,Exit
2015/10/03 (Sat) 17:22:32 JST,gnu/linux,root,qu,Exit
2015/10/03 (Sat) 17:24:52 JST,gnu/linux,root,qu,Start,Default
2015/10/03 (Sat) 17:24:52 JST,gnu/linux,root,qu,Exit
2015/10/03 (Sat) 17:27:39 JST,gnu/linux,root,qu,Start,Default
2015/10/03 (Sat) 17:39:03 JST,gnu/linux,root,qu,Exit
2015/10/03 (Sat) 17:49:56 JST,gnu/linux,root,qu,Exit
2015/10/03 (Sat) 17:50:28 JST,gnu/linux,root,qu,Exit
2015/10/03 (Sat) 17:50:31 JST,gnu/linux,root,qu,Exit
2015/10/03 (Sat) 17:50:46 JST,gnu/linux,root,qu,Start,Default
2015/10/03 (Sat) 17:50:46 JST,gnu/linux,root,qu,Exit
2015/10/03 (Sat) 17:55:46 JST,gnu/linux,root,qu,Exit
2015/10/03 (Sat) 17:55:57 JST,gnu/linux,root,qu,Start,Default
2015/10/03 (Sat) 17:55:57 JST,gnu/linux,root,qu,Exit
2015/10/03 (Sat) 17:56:34 JST,gnu/linux,root,qu,Start,Default
2015/10/03 (Sat) 17:56:34 JST,gnu/linux,root,qu,Exit
2015/10/04 (Sun) 05:07:37 JST,gnu/linux,root,qu,Exit
2015/10/04 (Sun) 05:56:10 JST,gnu/linux,root,qu,Exit
2015/10/04 (Sun) 05:56:17 JST,gnu/linux,root,qu,Start,Default
2015/10/04 (Sun) 05:56:17 JST,gnu/linux,root,qu,Exit
2015/10/04 (Sun) 05:58:48 JST,gnu/linux,root,qu,Exit
2015/10/04 (Sun) 06:00:59 JST,gnu/linux,root,qu,Exit
2015/10/04 (Sun) 06:01:05 JST,gnu/linux,root,qu,Start,Default
2015/10/04 (Sun) 06:01:05 JST,gnu/linux,root,qu,Exit
2015/10/04 (Sun) 06:02:10 JST,gnu/linux,root,qu,Start,Default
2015/10/04 (Sun) 06:02:10 JST,gnu/linux,root,qu,Exit
2015/10/04 (Sun) 06:12:19 JST,gnu/linux,root,qu,Exit
2015/10/04 (Sun) 06:12:30 JST,gnu/linux,root,qu,Exit
2015/10/04 (Sun) 06:12:35 JST,gnu/linux,root,qu,Start,Default
2015/10/04 (Sun) 06:12:35 JST,gnu/linux,root,qu,Exit
2015/10/04 (Sun) 06:13:11 JST,gnu/linux,root,qu,Exit
2015/10/04 (Sun) 06:13:21 JST,gnu/linux,root,qu,Exit
2015/10/04 (Sun) 06:13:27 JST,gnu/linux,root,qu,Start,Default
2015/10/04 (Sun) 06:13:27 JST,gnu/linux,root,qu,Exit
2015/10/04 (Sun) 06:13:56 JST,gnu/linux,root,qu,Exit
2015/10/04 (Sun) 06:14:01 JST,gnu/linux,root,qu,Start,Default
2015/10/04 (Sun) 06:14:01 JST,gnu/linux,root,qu,Exit
2015/10/04 (Sun) 06:14:21 JST,gnu/linux,root,qu,Exit
2015/10/04 (Sun) 06:14:29 JST,gnu/linux,root,qu,Start,Default
2015/10/04 (Sun) 06:14:29 JST,gnu/linux,root,qu,Exit
2015/10/04 (Sun) 06:14:47 JST,gnu/linux,root,qu,Exit
2015/10/04 (Sun) 06:14:52 JST,gnu/linux,root,qu,Start,Default
2015/10/04 (Sun) 06:14:52 JST,gnu/linux,root,qu,Exit
2015/10/04 (Sun) 06:15:44 JST,gnu/linux,root,qu,Exit
2015/10/04 (Sun) 06:15:50 JST,gnu/linux,root,qu,Start,Default
2015/10/04 (Sun) 06:15:50 JST,gnu/linux,root,qu,Exit
2015/10/04 (Sun) 06:18:16 JST,gnu/linux,root,qu,Exit
2015/10/04 (Sun) 06:18:22 JST,gnu/linux,root,qu,Start,Default
2015/10/04 (Sun) 06:18:22 JST,gnu/linux,root,qu,Exit
2015/10/04 (Sun) 06:18:58 JST,gnu/linux,root,qu,Exit
2015/10/04 (Sun) 06:19:05 JST,gnu/linux,root,qu,Start,Default
2015/10/04 (Sun) 06:19:05 JST,gnu/linux,root,qu,Exit
2015/10/04 (Sun) 06:19:50 JST,gnu/linux,root,qu,Exit
2015/10/04 (Sun) 06:19:55 JST,gnu/linux,root,qu,Start,Default
2015/10/04 (Sun) 06:19:55 JST,gnu/linux,root,qu,Exit
2015/10/04 (Sun) 06:20:40 JST,gnu/linux,root,qu,Exit
2015/10/04 (Sun) 06:20:46 JST,gnu/linux,root,qu,Start,Default
2015/10/04 (Sun) 06:20:46 JST,gnu/linux,root,qu,Exit
2015/10/04 (Sun) 06:22:03 JST,gnu/linux,root,qu,Exit
2015/10/04 (Sun) 06:42:53 JST,gnu/linux,root,qu,Exit
2015/10/04 (Sun) 06:43:06 JST,gnu/linux,root,qu,Exit
2015/10/04 (Sun) 06:43:14 JST,gnu/linux,root,qu,Start,Default
2015/10/04 (Sun) 06:43:14 JST,gnu/linux,root,qu,Exit
2015/10/04 (Sun) 07:35:40 JST,gnu/linux,root,qu,Exit
2015/10/04 (Sun) 07:35:50 JST,gnu/linux,root,qu,Exit
2015/10/04 (Sun) 07:36:06 JST,gnu/linux,root,qu,Exit
2015/10/04 (Sun) 07:36:13 JST,gnu/linux,root,qu,Start,Default
2015/10/04 (Sun) 07:36:13 JST,gnu/linux,root,qu,Exit
2015/10/04 (Sun) 07:36:53 JST,gnu/linux,root,qu,Exit
2015/10/04 (Sun) 07:37:04 JST,gnu/linux,root,qu,Exit
2015/10/04 (Sun) 07:37:10 JST,gnu/linux,root,qu,Start,Default
2015/10/04 (Sun) 07:37:10 JST,gnu/linux,root,qu,Exit
2015/10/04 (Sun) 07:37:50 JST,gnu/linux,root,qu,Exit
2015/10/04 (Sun) 07:37:56 JST,gnu/linux,root,qu,Start,Default
2015/10/04 (Sun) 07:37:56 JST,gnu/linux,root,qu,Exit
2015/10/04 (Sun) 07:38:24 JST,gnu/linux,root,qu,Exit
2015/10/04 (Sun) 07:38:31 JST,gnu/linux,root,qu,Start,Default
2015/10/04 (Sun) 07:38:31 JST,gnu/linux,root,qu,Exit
2015/10/04 (Sun) 07:39:05 JST,gnu/linux,root,qu,Exit
2015/10/04 (Sun) 07:39:13 JST,gnu/linux,root,qu,Start,Default
2015/10/04 (Sun) 07:39:13 JST,gnu/linux,root,qu,Exit
2015/10/04 (Sun) 07:40:04 JST,gnu/linux,root,qu,Exit
2015/10/04 (Sun) 07:40:12 JST,gnu/linux,root,qu,Start,Default
2015/10/04 (Sun) 07:40:12 JST,gnu/linux,root,qu,Exit
2015/10/04 (Sun) 07:40:38 JST,gnu/linux,root,qu,Exit
2015/10/04 (Sun) 07:40:43 JST,gnu/linux,root,qu,Start,Default
2015/10/04 (Sun) 07:40:43 JST,gnu/linux,root,qu,Exit
2015/10/04 (Sun) 07:41:59 JST,gnu/linux,root,qu,Exit
2015/10/04 (Sun) 07:42:10 JST,gnu/linux,root,qu,Start,Default
2015/10/04 (Sun) 07:42:10 JST,gnu/linux,root,qu,Exit
2015/10/04 (Sun) 07:42:24 JST,gnu/linux,root,qu,Exit
2015/10/04 (Sun) 07:42:57 JST,gnu/linux,root,qu,Exit
2015/10/04 (Sun) 07:43:07 JST,gnu/linux,root,qu,Start,Default
2015/10/04 (Sun) 07:43:07 JST,gnu/linux,root,qu,Exit
2015/10/04 (Sun) 07:43:31 JST,gnu/linux,root,qu,Exit
2015/10/04 (Sun) 07:43:37 JST,gnu/linux,root,qu,Start,Default
2015/10/04 (Sun) 07:43:37 JST,gnu/linux,root,qu,Exit
2015/10/04 (Sun) 07:43:55 JST,gnu/linux,root,qu,Exit
2015/10/04 (Sun) 07:44:00 JST,gnu/linux,root,qu,Start,Default
2015/10/04 (Sun) 07:44:00 JST,gnu/linux,root,qu,Exit
2015/10/04 (Sun) 07:45:57 JST,gnu/linux,root,qu,Exit
2015/10/04 (Sun) 07:46:44 JST,gnu/linux,root,qu,Start,Default
2015/10/04 (Sun) 07:46:44 JST,gnu/linux,root,qu,Exit
2015/10/04 (Sun) 07:50:28 JST,gnu/linux,root,qu,Exit
2015/10/04 (Sun) 07:50:39 JST,gnu/linux,root,qu,Start,Default
2015/10/04 (Sun) 07:50:39 JST,gnu/linux,root,qu,Exit
2015/10/04 (Sun) 08:20:11 JST,gnu/linux,root,qu,Exit
2015/10/04 (Sun) 08:29:33 JST,gnu/linux,root,qu,Exit
2015/10/04 (Sun) 08:29:43 JST,gnu/linux,root,qu,Exit
2015/10/04 (Sun) 08:30:08 JST,gnu/linux,root,qu,Exit
2015/10/03 (Sat) 17:27:39 JST,gnu/linux,root,qu,Exit
2015/10/04 (Sun) 08:30:24 JST,gnu/linux,root,qu,Start,Default
2015/10/04 (Sun) 08:44:21 JST,gnu/linux,root,qu,Exit
2015/10/04 (Sun) 08:30:24 JST,gnu/linux,root,qu,Exit
2015/10/04 (Sun) 08:44:27 JST,gnu/linux,root,qu,Start,Default
2015/10/04 (Sun) 08:47:45 JST,gnu/linux,root,qu,Exit
2015/10/04 (Sun) 08:47:52 JST,gnu/linux,root,qu,Start,Default
2015/10/04 (Sun) 08:47:52 JST,gnu/linux,root,qu,Exit
2015/10/04 (Sun) 08:49:56 JST,gnu/linux,root,qu,Exit
2015/10/04 (Sun) 08:50:07 JST,gnu/linux,root,qu,Start,Default
2015/10/04 (Sun) 08:50:07 JST,gnu/linux,root,qu,Exit
2015/10/04 (Sun) 08:52:40 JST,gnu/linux,root,qu,Exit
2015/10/04 (Sun) 08:53:28 JST,gnu/linux,root,qu,Exit
2015/10/04 (Sun) 08:54:08 JST,gnu/linux,root,qu,Exit
2015/10/04 (Sun) 08:54:19 JST,gnu/linux,root,qu,Start,Default
2015/10/04 (Sun) 08:54:19 JST,gnu/linux,root,qu,Exit
2015/10/04 (Sun) 09:04:24 JST,gnu/linux,root,qu,Exit
2015/10/04 (Sun) 09:09:11 JST,gnu/linux,root,qu,Exit
2015/10/04 (Sun) 09:14:09 JST,gnu/linux,root,qu,Exit
2015/10/04 (Sun) 09:16:40 JST,gnu/linux,root,qu,Exit
2015/10/04 (Sun) 09:17:34 JST,gnu/linux,root,qu,Exit
2015/10/04 (Sun) 09:18:47 JST,gnu/linux,root,qu,Exit
2015/10/04 (Sun) 09:18:59 JST,gnu/linux,root,qu,Exit
2015/10/04 (Sun) 09:19:15 JST,gnu/linux,root,qu,Exit
2015/10/04 (Sun) 09:19:34 JST,gnu/linux,root,qu,Start,Default
2015/10/04 (Sun) 09:19:34 JST,gnu/linux,root,qu,Exit
2015/10/04 (Sun) 09:20:11 JST,gnu/linux,root,qu,Exit
2015/10/04 (Sun) 09:20:17 JST,gnu/linux,root,qu,Start,Default
2015/10/04 (Sun) 09:20:17 JST,gnu/linux,root,qu,Exit
2015/10/04 (Sun) 09:20:56 JST,gnu/linux,root,qu,Start,Default
2015/10/04 (Sun) 09:20:56 JST,gnu/linux,root,qu,Exit
2015/10/04 (Sun) 09:21:22 JST,gnu/linux,root,qu,Start,Default
2015/10/04 (Sun) 09:21:22 JST,gnu/linux,root,qu,Exit
2015/10/04 (Sun) 09:24:45 JST,gnu/linux,root,qu,Exit
2015/10/04 (Sun) 09:27:14 JST,gnu/linux,root,qu,Exit
2015/10/04 (Sun) 09:31:37 JST,gnu/linux,root,qu,Start,Default
2015/10/04 (Sun) 09:31:37 JST,gnu/linux,root,qu,Exit
2015/10/04 (Sun) 09:34:25 JST,gnu/linux,root,qu,Exit
2015/10/04 (Sun) 09:34:32 JST,gnu/linux,root,qu,Start,Default
2015/10/04 (Sun) 09:34:32 JST,gnu/linux,root,qu,Exit
2015/10/04 (Sun) 09:35:43 JST,gnu/linux,root,qu,Start,Default
2015/10/04 (Sun) 09:35:43 JST,gnu/linux,root,qu,Exit
2015/10/04 (Sun) 09:36:19 JST,gnu/linux,root,qu,Start,Default
2015/10/04 (Sun) 09:36:19 JST,gnu/linux,root,qu,Exit
2015/10/04 (Sun) 09:51:02 JST,gnu/linux,root,qu,Exit
2015/10/04 (Sun) 09:52:07 JST,gnu/linux,root,qu,Exit
2015/10/04 (Sun) 09:52:25 JST,gnu/linux,root,qu,Start,Default
2015/10/04 (Sun) 09:52:25 JST,gnu/linux,root,qu,Exit
2015/10/04 (Sun) 09:53:14 JST,gnu/linux,root,qu,Exit
2015/10/04 (Sun) 09:53:23 JST,gnu/linux,root,qu,Start,Default
2015/10/04 (Sun) 09:53:23 JST,gnu/linux,root,qu,Exit
2015/10/04 (Sun) 09:55:57 JST,gnu/linux,root,qu,Exit
2015/10/04 (Sun) 09:59:24 JST,gnu/linux,root,qu,Exit
2015/10/04 (Sun) 10:01:26 JST,gnu/linux,root,qu,Exit
2015/10/04 (Sun) 10:01:33 JST,gnu/linux,root,qu,Exit
2015/10/04 (Sun) 10:01:56 JST,gnu/linux,root,qu,Start,Default
2015/10/04 (Sun) 10:01:56 JST,gnu/linux,root,qu,Exit
2015/10/04 (Sun) 10:03:35 JST,gnu/linux,root,qu,Exit
2015/10/04 (Sun) 10:05:20 JST,gnu/linux,root,qu,Exit
2015/10/04 (Sun) 10:05:36 JST,gnu/linux,root,qu,Exit
2015/10/04 (Sun) 10:06:01 JST,gnu/linux,root,qu,Exit
2015/10/04 (Sun) 10:06:55 JST,gnu/linux,root,qu,Exit
2015/10/04 (Sun) 10:09:26 JST,gnu/linux,root,qu,Exit
2015/10/04 (Sun) 10:09:34 JST,gnu/linux,root,qu,Start,Default
2015/10/04 (Sun) 10:09:34 JST,gnu/linux,root,qu,Exit
2015/10/04 (Sun) 10:15:45 JST,gnu/linux,root,qu,Exit
2015/10/04 (Sun) 10:15:52 JST,gnu/linux,root,qu,Start,Default
2015/10/04 (Sun) 10:15:52 JST,gnu/linux,root,qu,Exit
2015/10/04 (Sun) 10:19:13 JST,gnu/linux,root,qu,Exit
2015/10/04 (Sun) 10:19:18 JST,gnu/linux,root,qu,Start,Default
2015/10/04 (Sun) 10:19:18 JST,gnu/linux,root,qu,Exit
2015/10/04 (Sun) 10:20:03 JST,gnu/linux,root,qu,Start,Default
2015/10/04 (Sun) 10:20:18 JST,gnu/linux,root,qu,Exit
2015/10/04 (Sun) 10:20:03 JST,gnu/linux,root,qu,Exit
2015/10/04 (Sun) 08:44:27 JST,gnu/linux,root,qu,Exit
2015/10/04 (Sun) 10:21:33 JST,gnu/linux,root,qu,Start,Default
2015/10/04 (Sun) 10:22:12 JST,gnu/linux,root,qu,Exit
2015/10/04 (Sun) 10:23:20 JST,gnu/linux,root,qu,Exit
2015/10/04 (Sun) 10:23:45 JST,gnu/linux,root,qu,Exit
2015/10/04 (Sun) 10:24:29 JST,gnu/linux,root,qu,Exit
2015/10/04 (Sun) 10:24:37 JST,gnu/linux,root,qu,Start,Default
2015/10/04 (Sun) 10:24:37 JST,gnu/linux,root,qu,Exit
2015/10/04 (Sun) 10:25:19 JST,gnu/linux,root,qu,Exit
2015/10/04 (Sun) 10:25:47 JST,gnu/linux,root,qu,Exit
2015/10/04 (Sun) 10:26:05 JST,gnu/linux,root,qu,Exit
2015/10/04 (Sun) 10:26:48 JST,gnu/linux,root,qu,Exit
2015/10/04 (Sun) 10:27:17 JST,gnu/linux,root,qu,Exit
2015/10/04 (Sun) 10:27:57 JST,gnu/linux,root,qu,Exit
2015/10/04 (Sun) 10:28:43 JST,gnu/linux,root,qu,Exit
2015/10/04 (Sun) 10:28:55 JST,gnu/linux,root,qu,Exit
2015/10/04 (Sun) 10:29:03 JST,gnu/linux,root,qu,Exit
2015/10/04 (Sun) 10:53:29 JST,gnu/linux,root,qu,Start,Default
2015/10/04 (Sun) 10:53:29 JST,gnu/linux,root,qu,Exit
2015/10/04 (Sun) 10:57:30 JST,gnu/linux,root,qu,Exit
2015/10/04 (Sun) 10:58:27 JST,gnu/linux,root,qu,Exit
2015/10/04 (Sun) 10:59:25 JST,gnu/linux,root,qu,Exit
2015/10/04 (Sun) 11:01:46 JST,gnu/linux,root,qu,Exit
2015/10/04 (Sun) 11:02:50 JST,gnu/linux,root,qu,Exit
2015/10/04 (Sun) 11:02:51 JST,gnu/linux,root,qu,Exit
2015/10/04 (Sun) 11:09:18 JST,gnu/linux,root,qu,Start,Default
2015/10/04 (Sun) 11:09:18 JST,gnu/linux,root,qu,Exit
2015/10/04 (Sun) 11:11:54 JST,gnu/linux,root,qu,Exit
2015/10/04 (Sun) 11:27:18 JST,gnu/linux,root,qu,Exit
2015/10/04 (Sun) 11:53:31 JST,gnu/linux,root,qu,Exit
2015/10/04 (Sun) 11:59:05 JST,gnu/linux,root,qu,Exit
2015/10/04 (Sun) 12:03:26 JST,gnu/linux,root,qu,Start,Default
2015/10/04 (Sun) 12:03:26 JST,gnu/linux,root,qu,Exit
2015/10/04 (Sun) 12:26:42 JST,gnu/linux,root,qu,Start,Default
2015/10/04 (Sun) 12:26:42 JST,gnu/linux,root,qu,Exit
2015/10/04 (Sun) 10:21:33 JST,gnu/linux,root,qu,Exit
2015/10/04 (Sun) 12:33:37 JST,gnu/linux,root,qu,Start,Default
2015/10/04 (Sun) 12:35:28 JST,gnu/linux,root,qu,Exit
2015/10/04 (Sun) 12:51:42 JST,gnu/linux,root,qu,Exit
2015/10/04 (Sun) 12:52:15 JST,gnu/linux,root,qu,Start,Default
2015/10/04 (Sun) 12:52:15 JST,gnu/linux,root,qu,Exit
2015/10/04 (Sun) 13:06:22 JST,gnu/linux,root,qu,Exit
2015/10/04 (Sun) 13:06:30 JST,gnu/linux,root,qu,Start,Default
2015/10/04 (Sun) 13:06:30 JST,gnu/linux,root,qu,Exit
2015/10/04 (Sun) 15:53:06 JST,gnu/linux,root,qu,Start,Default
2015/10/04 (Sun) 15:53:06 JST,gnu/linux,root,qu,Exit
2015/10/04 (Sun) 15:56:56 JST,gnu/linux,root,qu,Start,Default
2015/10/04 (Sun) 15:56:56 JST,gnu/linux,root,qu,Exit
2015/10/04 (Sun) 15:57:30 JST,gnu/linux,root,qu,Exit
2015/10/04 (Sun) 15:58:25 JST,gnu/linux,root,qu,Start,Default
2015/10/04 (Sun) 15:58:25 JST,gnu/linux,root,qu,Exit
2015/10/04 (Sun) 16:03:06 JST,gnu/linux,root,qu,Start,Default
2015/10/04 (Sun) 16:03:06 JST,gnu/linux,root,qu,Exit
2015/10/04 (Sun) 16:07:52 JST,gnu/linux,root,qu,Start,Default
2015/10/04 (Sun) 16:07:52 JST,gnu/linux,root,qu,Exit
2015/10/04 (Sun) 16:57:49 JST,gnu/linux,root,qu,Exit
2015/10/04 (Sun) 16:57:49 JST,gnu/linux,root,qu,Exit
2015/10/04 (Sun) 16:57:49 JST,gnu/linux,root,qu,Exit
2015/10/04 (Sun) 16:58:24 JST,gnu/linux,root,qu,Start,Default
2015/10/04 (Sun) 16:58:24 JST,gnu/linux,root,qu,Exit
2015/10/04 (Sun) 16:59:58 JST,gnu/linux,root,qu,Start,Default
2015/10/04 (Sun) 16:59:58 JST,gnu/linux,root,qu,Exit
2015/10/04 (Sun) 17:02:44 JST,gnu/linux,root,qu,Start,Default
2015/10/04 (Sun) 17:02:44 JST,gnu/linux,root,qu,Exit
2015/10/04 (Sun) 17:03:41 JST,gnu/linux,root,qu,Start,Default
2015/10/04 (Sun) 17:03:41 JST,gnu/linux,root,qu,Exit
2015/10/04 (Sun) 17:04:42 JST,gnu/linux,root,qu,Start,Default
2015/10/04 (Sun) 17:04:42 JST,gnu/linux,root,qu,Exit
2015/10/04 (Sun) 17:05:03 JST,gnu/linux,root,qu,Exit
2015/10/04 (Sun) 17:07:40 JST,gnu/linux,root,qu,Start,Default
2015/10/04 (Sun) 17:07:40 JST,gnu/linux,root,qu,Exit
2015/10/04 (Sun) 16:46:04 JST,gnu/linux,root,qu,Exit
2015/10/04 (Sun) 17:08:10 JST,gnu/linux,root,qu,Start,Default
2015/10/04 (Sun) 17:14:25 JST,gnu/linux,root,qu,Exit
2015/10/04 (Sun) 17:14:32 JST,gnu/linux,root,qu,Start,Default
2015/10/04 (Sun) 17:14:32 JST,gnu/linux,root,qu,Exit
2015/10/04 (Sun) 17:16:44 JST,gnu/linux,root,qu,Exit
2015/10/04 (Sun) 17:17:17 JST,gnu/linux,root,qu,Exit
2015/10/04 (Sun) 17:17:34 JST,gnu/linux,root,qu,Exit
2015/10/04 (Sun) 17:18:35 JST,gnu/linux,root,qu,Exit
2015/10/04 (Sun) 17:18:53 JST,gnu/linux,root,qu,Exit
2015/10/04 (Sun) 17:19:58 JST,gnu/linux,root,qu,Exit
2015/10/04 (Sun) 17:20:48 JST,gnu/linux,root,qu,Exit
2015/10/04 (Sun) 17:21:01 JST,gnu/linux,root,qu,Exit
2015/10/04 (Sun) 17:21:58 JST,gnu/linux,root,qu,Exit
2015/10/04 (Sun) 17:23:20 JST,gnu/linux,root,qu,Exit
2015/10/04 (Sun) 17:24:23 JST,gnu/linux,root,qu,Exit
2015/10/04 (Sun) 17:24:44 JST,gnu/linux,root,qu,Exit
2015/10/04 (Sun) 17:24:50 JST,gnu/linux,root,qu,Start,Default
2015/10/04 (Sun) 17:24:50 JST,gnu/linux,root,qu,Exit
2015/10/04 (Sun) 17:26:50 JST,gnu/linux,root,qu,Exit
2015/10/04 (Sun) 17:26:56 JST,gnu/linux,root,qu,Start,Default
2015/10/04 (Sun) 17:26:56 JST,gnu/linux,root,qu,Exit
2015/10/04 (Sun) 17:34:13 JST,gnu/linux,root,qu,Exit
2015/10/04 (Sun) 22:24:16 JST,gnu/linux,root,qu,Exit
2015/10/04 (Sun) 22:25:27 JST,gnu/linux,root,qu,Start,Default
2015/10/04 (Sun) 22:25:27 JST,gnu/linux,root,qu,Exit
2015/10/04 (Sun) 22:27:43 JST,gnu/linux,root,qu,Start,Default
2015/10/04 (Sun) 17:08:10 JST,gnu/linux,root,qu,Exit
2015/10/04 (Sun) 22:37:45 JST,gnu/linux,root,qu,Exit
2015/10/04 (Sun) 23:48:13 JST,gnu/linux,root,qu,Exit
2015/10/04 (Sun) 23:56:03 JST,gnu/linux,root,qu,Exit
2015/10/05 (Mon) 05:45:11 JST,gnu/linux,root,qu,Start,Default
2015/10/05 (Mon) 05:45:11 JST,gnu/linux,root,qu,Exit
2015/10/05 (Mon) 05:53:38 JST,gnu/linux,root,qu,Exit
2015/10/05 (Mon) 05:53:45 JST,gnu/linux,root,qu,Start,Default
2015/10/05 (Mon) 05:53:45 JST,gnu/linux,root,qu,Exit
2015/10/05 (Mon) 05:56:21 JST,gnu/linux,root,qu,Exit
2015/10/05 (Mon) 06:05:54 JST,gnu/linux,root,qu,Start,Default
2015/10/05 (Mon) 06:05:54 JST,gnu/linux,root,qu,Exit
2015/10/05 (Mon) 06:16:44 JST,gnu/linux,root,qu,Start,Default
2015/10/05 (Mon) 06:16:44 JST,gnu/linux,root,qu,Exit
2015/10/05 (Mon) 09:33:01 JST,gnu/linux,root,qu,Exit
2015/10/05 (Mon) 09:33:13 JST,gnu/linux,root,qu,Start,Default
2015/10/05 (Mon) 09:33:13 JST,gnu/linux,root,qu,Exit
2015/10/05 (Mon) 09:35:25 JST,gnu/linux,root,qu,Exit
2015/10/05 (Mon) 09:35:45 JST,gnu/linux,root,qu,Exit
2015/10/05 (Mon) 09:39:43 JST,gnu/linux,root,qu,Start,Default
2015/10/05 (Mon) 09:39:43 JST,gnu/linux,root,qu,Exit
2015/10/04 (Sun) 22:27:43 JST,gnu/linux,root,qu,Exit
2015/10/05 (Mon) 09:45:50 JST,gnu/linux,root,qu,Start,Default
2015/10/05 (Mon) 09:45:50 JST,gnu/linux,root,qu,Exit
2015/10/05 (Mon) 10:04:06 JST,gnu/linux,root,qu,Start,Default
2015/10/05 (Mon) 10:33:43 JST,gnu/linux,root,qu,Exit
2015/10/05 (Mon) 10:35:01 JST,gnu/linux,root,qu,Exit
2015/10/05 (Mon) 10:35:12 JST,gnu/linux,root,qu,Exit
2015/10/05 (Mon) 10:36:45 JST,gnu/linux,root,qu,Exit
2015/10/05 (Mon) 10:36:51 JST,gnu/linux,root,qu,Start,Default
2015/10/05 (Mon) 10:36:51 JST,gnu/linux,root,qu,Exit
2015/10/05 (Mon) 10:38:11 JST,gnu/linux,root,qu,Exit
2015/10/05 (Mon) 10:39:37 JST,gnu/linux,root,qu,Start,Default
2015/10/05 (Mon) 10:39:37 JST,gnu/linux,root,qu,Exit
2015/10/05 (Mon) 10:40:49 JST,gnu/linux,root,qu,Exit
2015/10/05 (Mon) 10:41:04 JST,gnu/linux,root,qu,Exit
2015/10/05 (Mon) 10:41:20 JST,gnu/linux,root,qu,Exit
2015/10/05 (Mon) 10:41:28 JST,gnu/linux,root,qu,Exit
2015/10/05 (Mon) 10:41:37 JST,gnu/linux,root,qu,Exit
2015/10/05 (Mon) 10:46:05 JST,gnu/linux,root,qu,Exit
2015/10/05 (Mon) 10:46:11 JST,gnu/linux,root,qu,Start,Default
2015/10/05 (Mon) 10:46:11 JST,gnu/linux,root,qu,Exit
2015/10/05 (Mon) 10:52:52 JST,gnu/linux,root,qu,Exit
2015/10/05 (Mon) 10:58:03 JST,gnu/linux,root,qu,Exit
2015/10/05 (Mon) 10:58:09 JST,gnu/linux,root,qu,Start,Default
2015/10/05 (Mon) 10:58:09 JST,gnu/linux,root,qu,Exit
2015/10/05 (Mon) 10:59:04 JST,gnu/linux,root,qu,Exit
2015/10/05 (Mon) 10:59:12 JST,gnu/linux,root,qu,Start,Default
2015/10/05 (Mon) 10:59:12 JST,gnu/linux,root,qu,Exit
2015/10/05 (Mon) 11:03:01 JST,gnu/linux,root,qu,Exit
2015/10/05 (Mon) 11:05:19 JST,gnu/linux,root,qu,Exit
2015/10/05 (Mon) 11:06:25 JST,gnu/linux,root,qu,Start,Default
2015/10/05 (Mon) 11:06:25 JST,gnu/linux,root,qu,Exit
2015/10/05 (Mon) 11:09:35 JST,gnu/linux,root,qu,Exit
2015/10/05 (Mon) 11:17:24 JST,gnu/linux,root,qu,Exit
2015/10/05 (Mon) 11:18:01 JST,gnu/linux,root,qu,Exit
2015/10/05 (Mon) 11:18:48 JST,gnu/linux,root,qu,Exit
2015/10/05 (Mon) 11:19:01 JST,gnu/linux,root,qu,Exit
2015/10/05 (Mon) 11:19:39 JST,gnu/linux,root,qu,Exit
2015/10/05 (Mon) 11:20:44 JST,gnu/linux,root,qu,Exit
2015/10/05 (Mon) 11:21:45 JST,gnu/linux,root,qu,Exit
2015/10/05 (Mon) 11:21:58 JST,gnu/linux,root,qu,Exit
2015/10/05 (Mon) 11:22:05 JST,gnu/linux,root,qu,Start,Default
2015/10/05 (Mon) 11:22:05 JST,gnu/linux,root,qu,Exit
2015/10/05 (Mon) 11:23:02 JST,gnu/linux,root,qu,Exit
2015/10/05 (Mon) 11:23:34 JST,gnu/linux,root,qu,Exit
2015/10/05 (Mon) 11:23:44 JST,gnu/linux,root,qu,Start,Default
2015/10/05 (Mon) 11:23:44 JST,gnu/linux,root,qu,Exit
2015/10/05 (Mon) 11:28:01 JST,gnu/linux,root,qu,Exit
2015/10/05 (Mon) 11:28:25 JST,gnu/linux,root,qu,Exit
2015/10/05 (Mon) 11:28:39 JST,gnu/linux,root,qu,Exit
2015/10/05 (Mon) 11:28:46 JST,gnu/linux,root,qu,Start,Default
2015/10/05 (Mon) 11:28:46 JST,gnu/linux,root,qu,Exit
2015/10/05 (Mon) 11:33:33 JST,gnu/linux,root,qu,Exit
2015/10/05 (Mon) 11:33:39 JST,gnu/linux,root,qu,Start,Default
2015/10/05 (Mon) 11:33:39 JST,gnu/linux,root,qu,Exit
2015/10/05 (Mon) 11:36:25 JST,gnu/linux,root,qu,Exit
2015/10/05 (Mon) 11:36:32 JST,gnu/linux,root,qu,Start,Default
2015/10/05 (Mon) 11:36:32 JST,gnu/linux,root,qu,Exit
2015/10/05 (Mon) 11:37:01 JST,gnu/linux,root,qu,Exit
2015/10/05 (Mon) 11:37:31 JST,gnu/linux,root,qu,Start,Default
2015/10/05 (Mon) 11:37:31 JST,gnu/linux,root,qu,Exit
2015/10/05 (Mon) 11:41:36 JST,gnu/linux,root,qu,Exit
2015/10/05 (Mon) 11:41:42 JST,gnu/linux,root,qu,Start,Default
2015/10/05 (Mon) 11:41:42 JST,gnu/linux,root,qu,Exit
2015/10/05 (Mon) 11:42:51 JST,gnu/linux,root,qu,Exit
2015/10/05 (Mon) 11:42:57 JST,gnu/linux,root,qu,Start,Default
2015/10/05 (Mon) 11:42:57 JST,gnu/linux,root,qu,Exit
2015/10/05 (Mon) 11:44:26 JST,gnu/linux,root,qu,Start,Default
2015/10/05 (Mon) 11:44:26 JST,gnu/linux,root,qu,Exit
2015/10/05 (Mon) 11:58:25 JST,gnu/linux,root,qu,Exit
2015/10/05 (Mon) 11:58:38 JST,gnu/linux,root,qu,Start,Default
2015/10/05 (Mon) 11:58:38 JST,gnu/linux,root,qu,Exit
2015/10/05 (Mon) 12:30:10 JST,gnu/linux,root,qu,Exit
2015/10/05 (Mon) 12:30:41 JST,gnu/linux,root,qu,Exit
2015/10/05 (Mon) 12:31:29 JST,gnu/linux,root,qu,Exit
2015/10/05 (Mon) 12:32:03 JST,gnu/linux,root,qu,Exit
2015/10/05 (Mon) 12:32:08 JST,gnu/linux,root,qu,Start,Default
2015/10/05 (Mon) 12:32:08 JST,gnu/linux,root,qu,Exit
2015/10/05 (Mon) 12:44:17 JST,gnu/linux,root,qu,Start,Default
2015/10/05 (Mon) 12:44:17 JST,gnu/linux,root,qu,Exit
2015/10/05 (Mon) 12:45:34 JST,gnu/linux,root,qu,Exit
2015/10/05 (Mon) 12:46:37 JST,gnu/linux,root,qu,Exit
2015/10/05 (Mon) 12:47:04 JST,gnu/linux,root,qu,Exit
2015/10/05 (Mon) 12:48:28 JST,gnu/linux,root,qu,Exit
2015/10/05 (Mon) 12:48:41 JST,gnu/linux,root,qu,Start,Default
2015/10/05 (Mon) 12:48:41 JST,gnu/linux,root,qu,Exit
2015/10/05 (Mon) 12:50:39 JST,gnu/linux,root,qu,Start,Default
2015/10/05 (Mon) 12:50:39 JST,gnu/linux,root,qu,Exit
2015/10/05 (Mon) 12:53:35 JST,gnu/linux,root,qu,Exit
2015/10/05 (Mon) 12:53:42 JST,gnu/linux,root,qu,Start,Default
2015/10/05 (Mon) 12:53:42 JST,gnu/linux,root,qu,Exit
2015/10/05 (Mon) 12:59:57 JST,gnu/linux,root,qu,Exit
2015/10/05 (Mon) 13:00:18 JST,gnu/linux,root,qu,Start,Default
2015/10/05 (Mon) 13:00:18 JST,gnu/linux,root,qu,Exit
2015/10/05 (Mon) 13:01:18 JST,gnu/linux,root,qu,Exit
2015/10/05 (Mon) 13:03:25 JST,gnu/linux,root,qu,Exit
2015/10/05 (Mon) 13:05:01 JST,gnu/linux,root,qu,Exit
2015/10/05 (Mon) 13:05:53 JST,gnu/linux,root,qu,Exit
2015/10/05 (Mon) 13:25:49 JST,gnu/linux,root,qu,Exit
2015/10/05 (Mon) 13:25:54 JST,gnu/linux,root,qu,Exit
2015/10/05 (Mon) 13:25:58 JST,gnu/linux,root,qu,Exit
2015/10/05 (Mon) 13:27:04 JST,gnu/linux,root,qu,Exit
2015/10/05 (Mon) 13:28:32 JST,gnu/linux,root,qu,Exit
2015/10/05 (Mon) 13:28:38 JST,gnu/linux,root,qu,Start,Default
2015/10/05 (Mon) 13:28:38 JST,gnu/linux,root,qu,Exit
2015/10/05 (Mon) 13:29:31 JST,gnu/linux,root,qu,Start,Default
2015/10/05 (Mon) 13:29:31 JST,gnu/linux,root,qu,Exit
2015/10/05 (Mon) 13:30:07 JST,gnu/linux,root,qu,Exit
2015/10/05 (Mon) 13:30:13 JST,gnu/linux,root,qu,Start,Default
2015/10/05 (Mon) 13:30:13 JST,gnu/linux,root,qu,Exit
2015/10/05 (Mon) 13:31:06 JST,gnu/linux,root,qu,Exit
2015/10/05 (Mon) 13:31:17 JST,gnu/linux,root,qu,Start,Default
2015/10/05 (Mon) 13:31:17 JST,gnu/linux,root,qu,Exit
2015/10/05 (Mon) 13:32:06 JST,gnu/linux,root,qu,Exit
2015/10/05 (Mon) 13:32:11 JST,gnu/linux,root,qu,Start,Default
2015/10/05 (Mon) 13:32:11 JST,gnu/linux,root,qu,Exit
2015/10/05 (Mon) 13:36:27 JST,gnu/linux,root,qu,Start,Default
2015/10/05 (Mon) 13:36:27 JST,gnu/linux,root,qu,Exit
2015/10/05 (Mon) 13:38:40 JST,gnu/linux,root,qu,Exit
2015/10/05 (Mon) 13:39:00 JST,gnu/linux,root,qu,Exit
2015/10/05 (Mon) 13:40:00 JST,gnu/linux,root,qu,Start,Default
2015/10/05 (Mon) 13:40:00 JST,gnu/linux,root,qu,Exit
2015/10/05 (Mon) 10:04:06 JST,gnu/linux,root,qu,Exit
2015/10/05 (Mon) 13:40:13 JST,gnu/linux,root,qu,Start,Default
2015/10/05 (Mon) 14:10:58 JST,gnu/linux,root,qu,Exit
2015/10/05 (Mon) 15:28:56 JST,gnu/linux,root,qu,Start,Default
2015/10/05 (Mon) 15:30:32 JST,gnu/linux,root,qu,Start,Default
2015/10/05 (Mon) 15:34:08 JST,gnu/linux,root,qu,Exit
2015/10/05 (Mon) 15:35:35 JST,gnu/linux,root,qu,Start,Default
2015/10/05 (Mon) 15:35:35 JST,gnu/linux,root,qu,Exit
2015/10/05 (Mon) 15:36:44 JST,gnu/linux,root,qu,Start,Default
2015/10/05 (Mon) 15:40:01 JST,gnu/linux,root,qu,Exit
2015/10/05 (Mon) 15:40:11 JST,gnu/linux,root,qu,Exit
2015/10/05 (Mon) 15:41:24 JST,gnu/linux,root,qu,Exit
2015/10/05 (Mon) 15:42:26 JST,gnu/linux,root,qu,Exit
2015/10/05 (Mon) 15:42:32 JST,gnu/linux,root,qu,Exit
2015/10/05 (Mon) 15:43:59 JST,gnu/linux,root,qu,Exit
2015/10/05 (Mon) 15:45:07 JST,gnu/linux,root,qu,Exit
2015/10/05 (Mon) 15:45:13 JST,gnu/linux,root,qu,Exit
2015/10/05 (Mon) 15:46:04 JST,gnu/linux,root,qu,Exit
2015/10/05 (Mon) 15:47:16 JST,gnu/linux,root,qu,Exit
2015/10/05 (Mon) 15:47:35 JST,gnu/linux,root,qu,Exit
2015/10/05 (Mon) 15:47:42 JST,gnu/linux,root,qu,Exit
2015/10/05 (Mon) 15:48:33 JST,gnu/linux,root,qu,Exit
2015/10/05 (Mon) 15:48:48 JST,gnu/linux,root,qu,Exit
2015/10/05 (Mon) 15:49:22 JST,gnu/linux,root,qu,Exit
2015/10/05 (Mon) 15:54:26 JST,gnu/linux,root,qu,Exit
2015/10/05 (Mon) 15:54:31 JST,gnu/linux,root,qu,Exit
2015/10/05 (Mon) 15:49:28 JST,gnu/linux,root,qu,Exit
2015/10/05 (Mon) 15:54:41 JST,gnu/linux,root,qu,Start,Default
2015/10/05 (Mon) 15:54:41 JST,gnu/linux,root,qu,Exit
2015/10/05 (Mon) 15:55:19 JST,gnu/linux,root,qu,Start,Default
2015/10/05 (Mon) 15:55:19 JST,gnu/linux,root,qu,Exit
2015/10/05 (Mon) 15:56:44 JST,gnu/linux,root,qu,Exit
2015/10/05 (Mon) 15:57:39 JST,gnu/linux,root,qu,Exit
2015/10/05 (Mon) 15:59:24 JST,gnu/linux,root,qu,Start,Default
2015/10/05 (Mon) 15:59:24 JST,gnu/linux,root,qu,Exit
2015/10/05 (Mon) 16:57:15 JST,gnu/linux,root,qu,Exit
2015/10/05 (Mon) 16:57:59 JST,gnu/linux,root,qu,Exit
2015/10/05 (Mon) 16:58:59 JST,gnu/linux,root,qu,Exit
2015/10/05 (Mon) 16:59:24 JST,gnu/linux,root,qu,Exit
2015/10/05 (Mon) 17:07:29 JST,gnu/linux,root,qu,Exit
2015/10/06 (Tue) 05:52:00 JST,gnu/linux,root,qu,Exit
2015/10/06 (Tue) 07:27:33 JST,gnu/linux,root,qu,Exit
2015/10/06 (Tue) 09:16:04 JST,gnu/linux,root,qu,Exit
2015/10/06 (Tue) 12:16:05 JST,gnu/linux,root,qu,Exit
2015/10/06 (Tue) 12:28:37 JST,gnu/linux,root,qu,Exit
2015/10/06 (Tue) 12:31:07 JST,gnu/linux,root,qu,Exit
2015/10/06 (Tue) 12:35:42 JST,gnu/linux,root,qu,Exit
2015/10/06 (Tue) 12:38:45 JST,gnu/linux,root,qu,Exit
2015/10/06 (Tue) 12:40:03 JST,gnu/linux,root,qu,Exit
2015/10/06 (Tue) 12:42:34 JST,gnu/linux,root,qu,Exit
2015/10/06 (Tue) 12:42:44 JST,gnu/linux,root,qu,Start,Default
2015/10/06 (Tue) 12:42:44 JST,gnu/linux,root,qu,Exit
2015/10/06 (Tue) 12:43:14 JST,gnu/linux,root,qu,Exit
2015/10/06 (Tue) 12:43:19 JST,gnu/linux,root,qu,Start,Default
2015/10/06 (Tue) 12:43:19 JST,gnu/linux,root,qu,Exit
2015/10/06 (Tue) 12:44:24 JST,gnu/linux,root,qu,Start,Default
2015/10/06 (Tue) 12:44:24 JST,gnu/linux,root,qu,Exit
2015/10/06 (Tue) 12:47:07 JST,gnu/linux,root,qu,Exit
2015/10/06 (Tue) 12:47:25 JST,gnu/linux,root,qu,Start,Default
2015/10/06 (Tue) 12:47:25 JST,gnu/linux,root,qu,Exit
2015/10/06 (Tue) 12:49:36 JST,gnu/linux,root,qu,Exit
2015/10/06 (Tue) 12:50:56 JST,gnu/linux,root,qu,Start,Default
2015/10/06 (Tue) 12:50:56 JST,gnu/linux,root,qu,Exit
2015/10/06 (Tue) 12:51:57 JST,gnu/linux,root,qu,Start,Default
2015/10/06 (Tue) 12:51:57 JST,gnu/linux,root,qu,Exit
2015/10/06 (Tue) 12:56:41 JST,gnu/linux,root,qu,Exit
2015/10/06 (Tue) 12:57:26 JST,gnu/linux,root,qu,Exit
2015/10/06 (Tue) 12:57:33 JST,gnu/linux,root,qu,Start,Default
2015/10/06 (Tue) 12:57:33 JST,gnu/linux,root,qu,Exit
2015/10/06 (Tue) 13:38:53 JST,gnu/linux,root,qu,Exit
2015/10/06 (Tue) 13:39:12 JST,gnu/linux,root,qu,Start,Default
2015/10/06 (Tue) 13:39:12 JST,gnu/linux,root,qu,Exit
2015/10/06 (Tue) 13:43:43 JST,gnu/linux,root,qu,Exit
2015/10/06 (Tue) 13:47:21 JST,gnu/linux,root,qu,Exit
2015/10/06 (Tue) 13:49:12 JST,gnu/linux,root,qu,Start,Default
2015/10/06 (Tue) 13:49:12 JST,gnu/linux,root,qu,Exit
2015/10/06 (Tue) 13:56:22 JST,gnu/linux,root,qu,Exit
2015/10/06 (Tue) 13:56:30 JST,gnu/linux,root,qu,Start,Default
2015/10/06 (Tue) 13:57:04 JST,gnu/linux,root,qu,Exit
2015/10/06 (Tue) 13:56:30 JST,gnu/linux,root,qu,Exit
2015/10/06 (Tue) 14:21:56 JST,gnu/linux,root,qu,Exit
2015/10/06 (Tue) 17:41:48 JST,gnu/linux,root,qu,Exit
2015/10/06 (Tue) 17:41:54 JST,gnu/linux,root,qu,Start,Default
2015/10/06 (Tue) 17:41:54 JST,gnu/linux,root,qu,Exit
2015/10/06 (Tue) 17:44:41 JST,gnu/linux,root,qu,Exit
2015/10/06 (Tue) 17:44:53 JST,gnu/linux,root,qu,Exit
2015/10/06 (Tue) 17:45:21 JST,gnu/linux,root,qu,Exit
2015/10/06 (Tue) 17:45:54 JST,gnu/linux,root,qu,Start,Default
2015/10/06 (Tue) 17:45:54 JST,gnu/linux,root,qu,Exit
2015/10/06 (Tue) 18:00:47 JST,gnu/linux,root,qu,Exit
2015/10/06 (Tue) 22:49:14 JST,gnu/linux,root,qu,Start,Default
2015/10/06 (Tue) 22:49:14 JST,gnu/linux,root,qu,Exit
2015/10/06 (Tue) 22:49:35 JST,gnu/linux,root,qu,Exit
2015/10/06 (Tue) 22:49:41 JST,gnu/linux,root,qu,Start,Default
2015/10/06 (Tue) 22:49:41 JST,gnu/linux,root,qu,Exit
2015/10/06 (Tue) 22:50:04 JST,gnu/linux,root,qu,Exit
2015/10/06 (Tue) 23:07:26 JST,gnu/linux,root,qu,Exit
2015/10/06 (Tue) 23:09:44 JST,gnu/linux,root,qu,Exit
