2015/02/24 (Tue) 16:44:10 JST,gnu/linux,root,qu,Exit
2015/03/02 (Mon) 02:09:02 JST,gnu/linux,root,qu,Start,Default
2015/03/02 (Mon) 02:09:02 JST,gnu/linux,root,qu,Exit
2015/03/03 (Tue) 07:00:46 JST,gnu/linux,root,qu,Start,Default
2015/03/03 (Tue) 07:00:46 JST,gnu/linux,root,qu,Exit
2015/03/05 (Thu) 13:13:20 JST,gnu/linux,root,qu,Start,Default
2015/03/05 (Thu) 13:13:20 JST,gnu/linux,root,qu,Exit
2015/03/05 (Thu) 21:54:03 JST,gnu/linux,root,qu,Start,Default
2015/03/05 (Thu) 21:54:03 JST,gnu/linux,root,qu,Exit
2015/03/06 (Fri) 05:58:39 JST,gnu/linux,root,qu,Start,Default
2015/03/06 (Fri) 05:58:39 JST,gnu/linux,root,qu,Exit
2015/03/06 (Fri) 17:21:06 JST,gnu/linux,root,qu,Start,Default
2015/03/06 (Fri) 17:21:06 JST,gnu/linux,root,qu,Exit
2015/03/07 (Sat) 04:53:40 JST,gnu/linux,root,qu,Start,Default
2015/03/07 (Sat) 04:53:40 JST,gnu/linux,root,qu,Exit
2015/03/07 (Sat) 09:29:12 JST,gnu/linux,root,qu,Start,Default
2015/03/07 (Sat) 09:29:12 JST,gnu/linux,root,qu,Exit
2015/03/08 (Sun) 06:31:26 JST,gnu/linux,root,qu,Start,Default
2015/03/08 (Sun) 06:31:26 JST,gnu/linux,root,qu,Exit
2015/03/08 (Sun) 22:14:30 JST,gnu/linux,root,qu,Start,Default
2015/03/08 (Sun) 22:14:30 JST,gnu/linux,root,qu,Exit
2015/03/10 (Tue) 21:51:09 JST,gnu/linux,root,qu,Start,Default
2015/03/10 (Tue) 21:58:22 JST,gnu/linux,root,qu,Exit
2015/03/10 (Tue) 21:59:22 JST,gnu/linux,root,qu,Exit
2015/03/10 (Tue) 21:59:57 JST,gnu/linux,root,qu,Exit
2015/03/11 (Wed) 07:22:29 JST,gnu/linux,root,qu,Start,Default
2015/03/14 (Sat) 14:43:44 JST,gnu/linux,root,qu,Start,Default
2015/03/14 (Sat) 14:43:44 JST,gnu/linux,root,qu,Exit
2015/03/14 (Sat) 14:44:20 JST,gnu/linux,root,qu,Start,Default
2015/03/14 (Sat) 14:44:20 JST,gnu/linux,root,qu,Exit
2015/03/21 (Sat) 13:43:55 JST,gnu/linux,root,qu,Start,Default
2015/03/21 (Sat) 13:43:55 JST,gnu/linux,root,qu,Exit
2015/03/21 (Sat) 13:45:07 JST,gnu/linux,root,qu,Start,Default
2015/03/21 (Sat) 13:45:07 JST,gnu/linux,root,qu,Exit
2015/03/11 (Wed) 07:22:29 JST,gnu/linux,root,qu,Exit
2015/03/22 (Sun) 13:21:39 JST,gnu/linux,root,qu,Start,Default
2015/03/22 (Sun) 13:21:39 JST,gnu/linux,root,qu,Exit
2015/03/26 (Thu) 16:15:32 JST,gnu/linux,root,qu,Start,Default
2015/03/28 (Sat) 13:01:22 JST,gnu/linux,root,qu,Start,Default
2015/03/28 (Sat) 13:01:22 JST,gnu/linux,root,qu,Exit
2015/03/28 (Sat) 13:02:11 JST,gnu/linux,root,qu,Start,Default
2015/03/28 (Sat) 13:02:11 JST,gnu/linux,root,qu,Exit
2015/03/26 (Thu) 16:15:32 JST,gnu/linux,root,qu,Exit
2015/03/29 (Sun) 14:29:18 JST,gnu/linux,root,qu,Start,Default
