2014/12/27 (Sat) 15:42:50 JST,gnu/linux,root,qu,Exit
2015/01/04 (Sun) 14:11:20 JST,gnu/linux,root,qu,Start,Default
2015/01/04 (Sun) 14:36:50 JST,gnu/linux,root,qu,Start,Default
2015/01/04 (Sun) 14:36:50 JST,gnu/linux,root,qu,Exit
2015/01/04 (Sun) 14:39:29 JST,gnu/linux,root,qu,Start,Default
2015/01/04 (Sun) 14:39:29 JST,gnu/linux,root,qu,Exit
2015/01/04 (Sun) 14:11:20 JST,gnu/linux,root,qu,Exit
2015/01/06 (Tue) 14:19:24 JST,gnu/linux,root,qu,Start,Default
2015/01/06 (Tue) 15:24:13 JST,gnu/linux,root,qu,Exit
2015/01/06 (Tue) 15:25:29 JST,gnu/linux,root,qu,Exit
2015/01/06 (Tue) 15:26:47 JST,gnu/linux,root,qu,Start,Default
2015/01/06 (Tue) 15:26:47 JST,gnu/linux,root,qu,Exit
2015/01/06 (Tue) 15:28:12 JST,gnu/linux,root,qu,Exit
2015/01/06 (Tue) 15:32:29 JST,gnu/linux,root,qu,Exit
2015/01/06 (Tue) 15:32:46 JST,gnu/linux,root,qu,Exit
2015/01/09 (Fri) 02:32:04 JST,gnu/linux,root,qu,Start,Default
2015/01/09 (Fri) 02:32:04 JST,gnu/linux,root,qu,Exit
2015/01/09 (Fri) 02:33:52 JST,gnu/linux,root,qu,Start,Default
2015/01/10 (Sat) 14:28:24 JST,gnu/linux,root,qu,Start,Default
2015/01/10 (Sat) 14:28:24 JST,gnu/linux,root,qu,Exit
2015/01/10 (Sat) 14:42:11 JST,gnu/linux,root,qu,Start,Default
2015/01/10 (Sat) 14:42:11 JST,gnu/linux,root,qu,Exit
2015/01/09 (Fri) 02:33:52 JST,gnu/linux,root,qu,Exit
2015/01/12 (Mon) 22:48:24 JST,gnu/linux,root,qu,Start,Default
2015/01/15 (Thu) 00:07:24 JST,gnu/linux,root,qu,Exit
2015/01/12 (Mon) 22:48:24 JST,gnu/linux,root,qu,Exit
2015/01/15 (Thu) 17:09:20 JST,gnu/linux,root,qu,Start,Default
2015/01/18 (Sun) 03:31:07 JST,gnu/linux,root,qu,Exit
2015/01/18 (Sun) 14:08:44 JST,gnu/linux,root,qu,Start,Default
2015/01/18 (Sun) 14:08:44 JST,gnu/linux,root,qu,Exit
2015/01/18 (Sun) 14:10:37 JST,gnu/linux,root,qu,Start,Default
2015/01/18 (Sun) 14:10:37 JST,gnu/linux,root,qu,Exit
2015/01/15 (Thu) 17:09:20 JST,gnu/linux,root,qu,Exit
2015/01/18 (Sun) 14:25:49 JST,gnu/linux,root,qu,Start,Default
2015/01/18 (Sun) 14:26:34 JST,gnu/linux,root,qu,Start,Default
2015/01/18 (Sun) 14:26:34 JST,gnu/linux,root,qu,Exit
2015/01/18 (Sun) 14:27:55 JST,gnu/linux,root,qu,Start,Default
2015/01/18 (Sun) 14:27:55 JST,gnu/linux,root,qu,Exit
2015/01/20 (Tue) 07:05:16 JST,gnu/linux,root,qu,Exit
2015/01/18 (Sun) 14:25:49 JST,gnu/linux,root,qu,Exit
2015/01/20 (Tue) 18:11:22 JST,gnu/linux,root,qu,Start,Default
2015/01/20 (Tue) 18:11:22 JST,gnu/linux,root,qu,Exit
2015/01/22 (Thu) 17:29:48 JST,gnu/linux,root,qu,Start,Default
2015/01/25 (Sun) 14:11:26 JST,gnu/linux,root,qu,Start,Default
2015/01/25 (Sun) 14:11:26 JST,gnu/linux,root,qu,Exit
2015/01/25 (Sun) 14:12:37 JST,gnu/linux,root,qu,Start,Default
2015/01/25 (Sun) 14:12:37 JST,gnu/linux,root,qu,Exit
2015/01/26 (Mon) 07:54:57 JST,gnu/linux,root,qu,Exit
2015/01/31 (Sat) 13:18:12 JST,gnu/linux,root,qu,Exit
2015/01/31 (Sat) 13:18:40 JST,gnu/linux,root,qu,Exit
