2014/04/01 (Tue) 06:39:11 JST,gnu/linux,root,qu,Start,Default
2014/04/01 (Tue) 08:55:30 JST,gnu/linux,root,qu,Exit
2014/04/01 (Tue) 06:39:11 JST,gnu/linux,root,qu,Exit
2014/04/02 (Wed) 09:11:22 JST,gnu/linux,root,qu,Start,Default
2014/04/02 (Wed) 09:11:22 JST,gnu/linux,root,qu,Exit
2014/04/03 (Thu) 09:02:45 JST,gnu/linux,root,qu,Start,Default
2014/04/03 (Thu) 09:02:45 JST,gnu/linux,root,qu,Exit
2014/04/05 (Sat) 09:56:48 JST,gnu/linux,root,qu,Start,Default
2014/04/05 (Sat) 17:39:46 JST,gnu/linux,root,qu,Start,Default
2014/04/05 (Sat) 17:39:46 JST,gnu/linux,root,qu,Exit
2014/04/05 (Sat) 17:43:07 JST,gnu/linux,root,qu,Start,Default
2014/04/05 (Sat) 17:43:07 JST,gnu/linux,root,qu,Exit
2014/04/05 (Sat) 18:27:49 JST,gnu/linux,root,qu,Start,Default
2014/04/07 (Mon) 17:35:06 JST,gnu/linux,root,qu,Exit
2014/04/07 (Mon) 17:35:16 JST,gnu/linux,root,qu,Start,Default
2014/04/07 (Mon) 17:35:16 JST,gnu/linux,root,qu,Exit
2014/04/07 (Mon) 17:36:52 JST,gnu/linux,root,qu,Start,Default
2014/04/07 (Mon) 17:36:52 JST,gnu/linux,root,qu,Exit
2014/04/08 (Tue) 22:28:10 JST,gnu/linux,root,qu,Start,Default
2014/04/08 (Tue) 22:28:10 JST,gnu/linux,root,qu,Exit
2014/04/09 (Wed) 12:18:22 JST,gnu/linux,root,qu,Start,Default
2014/04/09 (Wed) 12:18:22 JST,gnu/linux,root,qu,Exit
2014/04/11 (Fri) 15:55:08 JST,gnu/linux,root,qu,Start,Default
2014/04/11 (Fri) 15:55:08 JST,gnu/linux,root,qu,Exit
2014/04/12 (Sat) 13:38:26 JST,gnu/linux,root,qu,Start,Default
2014/04/12 (Sat) 18:34:56 JST,gnu/linux,root,qu,Start,Default
2014/04/12 (Sat) 18:34:56 JST,gnu/linux,root,qu,Exit
2014/04/12 (Sat) 18:40:29 JST,gnu/linux,root,qu,Start,Default
2014/04/12 (Sat) 18:40:29 JST,gnu/linux,root,qu,Exit
2014/04/13 (Sun) 20:27:32 JST,gnu/linux,root,qu,Start,Default
2014/04/13 (Sun) 20:27:32 JST,gnu/linux,root,qu,Exit
2014/04/16 (Wed) 03:21:59 JST,gnu/linux,root,qu,Start,Default
2014/04/17 (Thu) 01:36:10 JST,gnu/linux,root,qu,Start,Default
2014/04/17 (Thu) 01:36:10 JST,gnu/linux,root,qu,Exit
2014/04/16 (Wed) 03:21:59 JST,gnu/linux,root,qu,Exit
2014/04/18 (Fri) 13:43:11 JST,gnu/linux,root,qu,Start,Default
2014/04/19 (Sat) 17:31:22 JST,gnu/linux,root,qu,Start,Default
2014/04/19 (Sat) 17:31:22 JST,gnu/linux,root,qu,Exit
2014/04/19 (Sat) 17:33:42 JST,gnu/linux,root,qu,Start,Default
2014/04/19 (Sat) 17:33:42 JST,gnu/linux,root,qu,Exit
2014/04/21 (Mon) 07:47:37 JST,gnu/linux,root,qu,Start,Default
2014/04/21 (Mon) 07:47:37 JST,gnu/linux,root,qu,Exit
2014/04/21 (Mon) 10:04:32 JST,gnu/linux,root,qu,Start,Default
2014/04/21 (Mon) 11:16:26 JST,gnu/linux,root,qu,Start,Default
2014/04/21 (Mon) 11:16:26 JST,gnu/linux,root,qu,Exit
2014/04/22 (Tue) 08:16:53 JST,gnu/linux,root,qu,Start,Default
2014/04/22 (Tue) 08:28:32 JST,gnu/linux,root,qu,Start,Default
2014/04/22 (Tue) 09:21:11 JST,gnu/linux,root,qu,Start,Default
2014/04/25 (Fri) 22:51:42 JST,gnu/linux,root,qu,Start,Default
2014/04/26 (Sat) 19:00:58 JST,gnu/linux,root,qu,Start,Default
2014/04/26 (Sat) 19:00:58 JST,gnu/linux,root,qu,Exit
2014/04/26 (Sat) 19:03:52 JST,gnu/linux,root,qu,Start,Default
2014/04/26 (Sat) 19:03:52 JST,gnu/linux,root,qu,Exit
2014/04/27 (Sun) 13:03:24 JST,gnu/linux,root,qu,Exit
2014/04/27 (Sun) 13:06:40 JST,gnu/linux,root,qu,Exit
2014/04/28 (Mon) 05:14:57 JST,gnu/linux,root,qu,Exit
2014/04/28 (Mon) 05:15:39 JST,gnu/linux,root,qu,Exit
2014/04/28 (Mon) 05:17:12 JST,gnu/linux,root,qu,Exit
2014/04/28 (Mon) 05:18:32 JST,gnu/linux,root,qu,Exit
2014/04/25 (Fri) 22:51:42 JST,gnu/linux,root,qu,Exit
2014/04/28 (Mon) 22:17:44 JST,gnu/linux,root,qu,Start,Default
2014/04/30 (Wed) 15:54:57 JST,gnu/linux,root,qu,Start,Default
2014/04/30 (Wed) 16:09:45 JST,gnu/linux,root,qu,Start,Default
