2013/12/01 (Sun) 13:23:05 JST,gnu/linux,root,qu,Exit
2013/12/01 (Sun) 13:25:21 JST,gnu/linux,root,qu,Exit
2013/12/01 (Sun) 13:38:47 JST,gnu/linux,root,qu,Exit
2013/12/01 (Sun) 13:41:36 JST,gnu/linux,root,qu,Exit
2013/12/02 (Mon) 00:26:46 JST,gnu/linux,root,qu,Exit
2013/12/02 (Mon) 14:59:25 JST,gnu/linux,root,qu,Exit
2013/12/02 (Mon) 23:24:33 JST,gnu/linux,root,qu,Exit
2013/12/03 (Tue) 00:02:58 JST,gnu/linux,root,qu,Exit
2013/12/03 (Tue) 00:06:58 JST,gnu/linux,root,qu,Exit
2013/12/03 (Tue) 00:17:03 JST,gnu/linux,root,qu,Exit
2013/12/03 (Tue) 00:19:05 JST,gnu/linux,root,qu,Exit
2013/12/03 (Tue) 00:21:49 JST,gnu/linux,root,qu,Exit
2013/12/03 (Tue) 00:25:35 JST,gnu/linux,root,qu,Exit
2013/11/29 (Fri) 02:44:54 JST,gnu/linux,root,qu,Exit
2013/12/03 (Tue) 21:59:42 JST,gnu/linux,root,qu,Start,Default
2013/12/03 (Tue) 23:02:21 JST,gnu/linux,root,qu,Exit
2013/12/03 (Tue) 21:59:42 JST,gnu/linux,root,qu,Exit
2013/12/05 (Thu) 13:38:25 JST,gnu/linux,root,qu,Start,Default
2013/12/05 (Thu) 18:15:07 JST,gnu/linux,root,qu,Exit
2013/12/05 (Thu) 18:29:41 JST,gnu/linux,root,qu,Exit
2013/12/05 (Thu) 18:30:47 JST,gnu/linux,root,qu,Exit
2013/12/05 (Thu) 18:30:56 JST,gnu/linux,root,qu,Exit
2013/12/05 (Thu) 18:31:33 JST,gnu/linux,root,qu,Exit
2013/12/05 (Thu) 18:32:16 JST,gnu/linux,root,qu,Exit
2013/12/05 (Thu) 18:32:37 JST,gnu/linux,root,qu,Exit
2013/12/05 (Thu) 18:33:20 JST,gnu/linux,root,qu,Exit
2013/12/05 (Thu) 18:33:52 JST,gnu/linux,root,qu,Start,Default
2013/12/05 (Thu) 18:33:52 JST,gnu/linux,root,qu,Exit
2013/12/05 (Thu) 13:38:25 JST,gnu/linux,root,qu,Exit
2013/12/06 (Fri) 20:28:32 JST,gnu/linux,root,qu,Start,Default
2013/12/07 (Sat) 01:05:49 JST,gnu/linux,root,qu,Exit
2013/12/11 (Wed) 00:18:41 JST,gnu/linux,root,qu,Exit
2013/12/13 (Fri) 22:11:50 JST,gnu/linux,root,qu,Exit
2013/12/06 (Fri) 20:28:32 JST,gnu/linux,root,qu,Exit
2013/12/13 (Fri) 22:42:20 JST,gnu/linux,root,qu,Start,Default
2013/12/18 (Wed) 06:51:58 JST,gnu/linux,root,qu,Exit
2013/12/19 (Thu) 09:10:59 JST,gnu/linux,root,qu,Exit
2013/12/19 (Thu) 09:32:32 JST,gnu/linux,root,qu,Exit
2013/12/13 (Fri) 22:42:20 JST,gnu/linux,root,qu,Exit
2013/12/20 (Fri) 14:44:34 JST,gnu/linux,root,qu,Start,Default
2013/12/20 (Fri) 14:44:34 JST,gnu/linux,root,qu,Exit
2013/12/20 (Fri) 14:45:07 JST,gnu/linux,root,qu,Start,Default
2013/12/23 (Mon) 01:32:36 JST,gnu/linux,root,qu,Start,Default
2013/12/23 (Mon) 04:55:01 JST,gnu/linux,root,qu,Exit
2013/12/23 (Mon) 04:58:03 JST,gnu/linux,root,qu,Exit
2013/12/24 (Tue) 14:30:30 JST,gnu/linux,root,qu,Exit
2013/12/29 (Sun) 23:16:30 JST,gnu/linux,root,qu,Exit
2013/12/23 (Mon) 01:32:36 JST,gnu/linux,root,qu,Exit
2013/12/31 (Tue) 00:55:07 JST,gnu/linux,root,qu,Start,Default
2013/12/31 (Tue) 00:55:07 JST,gnu/linux,root,qu,Exit
2013/12/31 (Tue) 08:10:39 JST,gnu/linux,root,qu,Start,Default
2013/12/31 (Tue) 08:56:35 JST,gnu/linux,root,qu,Start,Default
