2015/02/01 (Sun) 04:12:51 JST,gnu/linux,root,qu,Exit
2015/02/01 (Sun) 04:15:58 JST,gnu/linux,root,qu,Exit
2015/02/01 (Sun) 04:18:12 JST,gnu/linux,root,qu,Exit
2015/02/01 (Sun) 04:19:31 JST,gnu/linux,root,qu,Exit
2015/02/01 (Sun) 04:20:59 JST,gnu/linux,root,qu,Exit
2015/02/01 (Sun) 04:21:12 JST,gnu/linux,root,qu,Exit
2015/02/01 (Sun) 04:21:24 JST,gnu/linux,root,qu,Exit
2015/02/01 (Sun) 04:22:22 JST,gnu/linux,root,qu,Exit
2015/02/01 (Sun) 05:46:02 JST,gnu/linux,root,qu,Exit
2015/02/01 (Sun) 05:47:34 JST,gnu/linux,root,qu,Exit
2015/02/01 (Sun) 05:48:42 JST,gnu/linux,root,qu,Exit
2015/02/01 (Sun) 10:55:57 JST,gnu/linux,root,qu,Exit
2015/02/01 (Sun) 13:41:15 JST,gnu/linux,root,qu,Exit
2015/02/02 (Mon) 05:18:37 JST,gnu/linux,root,qu,Start,Default
2015/02/05 (Thu) 00:03:32 JST,gnu/linux,root,qu,Exit
2015/02/05 (Thu) 00:04:42 JST,gnu/linux,root,qu,Exit
2015/02/02 (Mon) 05:18:37 JST,gnu/linux,root,qu,Exit
2015/02/05 (Thu) 07:23:37 JST,gnu/linux,root,qu,Start,Default
2015/02/05 (Thu) 14:28:58 JST,gnu/linux,root,qu,Exit
2015/02/07 (Sat) 12:47:21 JST,gnu/linux,root,qu,Start,Default
2015/02/07 (Sat) 12:47:21 JST,gnu/linux,root,qu,Exit
2015/02/07 (Sat) 12:49:28 JST,gnu/linux,root,qu,Start,Default
2015/02/07 (Sat) 12:49:28 JST,gnu/linux,root,qu,Exit
2015/02/11 (Wed) 12:31:41 JST,gnu/linux,root,qu,Exit
2015/02/05 (Thu) 07:23:37 JST,gnu/linux,root,qu,Exit
2015/02/13 (Fri) 02:29:30 JST,gnu/linux,root,qu,Start,Default
2015/02/13 (Fri) 02:29:30 JST,gnu/linux,root,qu,Exit
2015/02/13 (Fri) 12:51:08 JST,gnu/linux,root,qu,Start,Default
2015/02/13 (Fri) 15:33:20 JST,gnu/linux,root,qu,Exit
2015/02/15 (Sun) 13:36:45 JST,gnu/linux,root,qu,Start,Default
2015/02/15 (Sun) 13:36:45 JST,gnu/linux,root,qu,Exit
2015/02/15 (Sun) 13:43:01 JST,gnu/linux,root,qu,Start,Default
2015/02/15 (Sun) 13:43:01 JST,gnu/linux,root,qu,Exit
2015/02/17 (Tue) 00:49:33 JST,gnu/linux,root,qu,Exit
2015/02/13 (Fri) 12:51:08 JST,gnu/linux,root,qu,Exit
2015/02/19 (Thu) 14:34:56 JST,gnu/linux,root,qu,Start,Default
2015/02/19 (Thu) 14:34:56 JST,gnu/linux,root,qu,Exit
2015/02/19 (Thu) 15:34:39 JST,gnu/linux,root,qu,Start,Default
2015/02/21 (Sat) 14:02:25 JST,gnu/linux,root,qu,Start,Default
2015/02/21 (Sat) 14:02:25 JST,gnu/linux,root,qu,Exit
2015/02/21 (Sat) 14:03:05 JST,gnu/linux,root,qu,Start,Default
2015/02/21 (Sat) 14:03:05 JST,gnu/linux,root,qu,Exit
2015/02/19 (Thu) 15:34:39 JST,gnu/linux,root,qu,Exit
2015/02/23 (Mon) 04:44:54 JST,gnu/linux,root,qu,Start,Default
2015/02/23 (Mon) 04:44:54 JST,gnu/linux,root,qu,Exit
2015/02/23 (Mon) 05:14:34 JST,gnu/linux,root,qu,Start,Default
2015/02/23 (Mon) 05:14:34 JST,gnu/linux,root,qu,Exit
2015/02/23 (Mon) 05:15:42 JST,gnu/linux,root,qu,Start,Default
2015/02/23 (Mon) 05:15:42 JST,gnu/linux,root,qu,Exit
2015/02/23 (Mon) 15:33:48 JST,gnu/linux,root,qu,Start,Default
2015/02/23 (Mon) 15:33:48 JST,gnu/linux,root,qu,Exit
2015/02/24 (Tue) 01:35:31 JST,gnu/linux,root,qu,Start,Default
2015/02/24 (Tue) 01:35:31 JST,gnu/linux,root,qu,Exit
2015/02/24 (Tue) 01:53:45 JST,gnu/linux,root,qu,Start,Default
2015/02/24 (Tue) 01:53:45 JST,gnu/linux,root,qu,Exit
2015/02/24 (Tue) 03:12:31 JST,gnu/linux,root,qu,Start,Default
2015/02/24 (Tue) 03:12:31 JST,gnu/linux,root,qu,Exit
2015/02/24 (Tue) 05:03:02 JST,gnu/linux,root,qu,Start,Default
2015/02/24 (Tue) 05:03:02 JST,gnu/linux,root,qu,Exit
2015/02/24 (Tue) 05:03:32 JST,gnu/linux,root,qu,Start,Default
2015/02/24 (Tue) 05:03:32 JST,gnu/linux,root,qu,Exit
2015/02/24 (Tue) 16:44:10 JST,gnu/linux,root,qu,Start,Default
