2012/12/27 (æœ¨) 02:39:49 æ±äº¬ (æ¨™æº–æ™‚),windows-nt,qua,QU,Exit
2013/01/06 (æ—¥) 10:19:33 æ±äº¬ (æ¨™æº–æ™‚),windows-nt,qua,QU,Start,Default
2013/01/06 (æ—¥) 10:19:33 æ±äº¬ (æ¨™æº–æ™‚),windows-nt,qua,QU,Exit
2013/01/06 (æ—¥) 11:48:29 æ±äº¬ (æ¨™æº–æ™‚),windows-nt,qua,QU,Start,Default
2013/01/06 (æ—¥) 11:48:29 æ±äº¬ (æ¨™æº–æ™‚),windows-nt,qua,QU,Exit
2013/01/06 (æ—¥) 11:52:14 æ±äº¬ (æ¨™æº–æ™‚),windows-nt,qua,QU,Start,Default
2013/01/06 (æ—¥) 13:27:27 æ±äº¬ (æ¨™æº–æ™‚),windows-nt,qua,QU,Start,Default
2013/01/06 (æ—¥) 13:27:27 æ±äº¬ (æ¨™æº–æ™‚),windows-nt,qua,QU,Exit
2013/01/06 (“ú) 15:49:24 “Œ‹ (•W€),windows-nt,qua,QU,Exit
2013/01/06 (“ú) 15:50:57 “Œ‹ (•W€),windows-nt,qua,QU,Exit
2013/01/06 (æ—¥) 15:36:01 æ±äº¬ (æ¨™æº–æ™‚),windows-nt,qua,QU,Exit
2013/01/06 (“ú) 15:56:36 “Œ‹ (•W€),windows-nt,qua,QU,Exit
2013/01/06 (“ú) 15:57:48 “Œ‹ (•W€),windows-nt,qua,QU,Exit
2013/01/06 (“ú) 15:58:46 “Œ‹ (•W€),windows-nt,qua,QU,Exit
2013/01/06 (æ—¥) 15:51:41 æ±äº¬ (æ¨™æº–æ™‚),windows-nt,qua,QU,Exit
2013/01/06 (“ú) 16:01:35 “Œ‹ (•W€),windows-nt,qua,QU,Exit
2013/01/06 (“ú) 16:02:58 “Œ‹ (•W€),windows-nt,qua,QU,Exit
2013/01/06 (æ—¥) 16:00:09 æ±äº¬ (æ¨™æº–æ™‚),windows-nt,qua,QU,Exit
2013/01/06 (æ—¥) 16:03:59 æ±äº¬ (æ¨™æº–æ™‚),windows-nt,qua,QU,Exit
2013/01/06 (æ—¥) 16:46:08 æ±äº¬ (æ¨™æº–æ™‚),windows-nt,qua,QU,Start,Default
2013/01/06 (“ú) 16:52:03 “Œ‹ (•W€),windows-nt,qua,QU,Exit
2013/01/06 (æ—¥) 16:46:08 æ±äº¬ (æ¨™æº–æ™‚),windows-nt,qua,QU,Exit
2013/01/06 (æ—¥) 16:52:28 æ±äº¬ (æ¨™æº–æ™‚),windows-nt,qua,QU,Start,Default
2013/01/06 (æ—¥) 16:52:28 æ±äº¬ (æ¨™æº–æ™‚),windows-nt,qua,QU,Exit
2013/01/09 (æ°´) 07:15:10 æ±äº¬ (æ¨™æº–æ™‚),windows-nt,qua,QU,Start,Default
2013/01/09 (æ°´) 07:15:10 æ±äº¬ (æ¨™æº–æ™‚),windows-nt,qua,QU,Exit
2013/01/10 (æœ¨) 09:10:25 æ±äº¬ (æ¨™æº–æ™‚),windows-nt,qua,QU,Start,Default
2013/01/10 (æœ¨) 11:38:29 æ±äº¬ (æ¨™æº–æ™‚),windows-nt,qua,QU,Start,Default
2013/01/10 (æœ¨) 11:41:37 æ±äº¬ (æ¨™æº–æ™‚),windows-nt,qua,QU,Start,Default
2013/01/10 (æœ¨) 11:41:37 æ±äº¬ (æ¨™æº–æ™‚),windows-nt,qua,QU,Exit
2013/01/10 (æœ¨) 11:43:26 æ±äº¬ (æ¨™æº–æ™‚),windows-nt,qua,QU,Start,Default
2013/01/10 (æœ¨) 11:45:17 æ±äº¬ (æ¨™æº–æ™‚),windows-nt,qua,QU,Start,Debug
2013/01/10 (æœ¨) 11:45:17 æ±äº¬ (æ¨™æº–æ™‚),windows-nt,qua,QU,Exit
2013/01/10 (æœ¨) 11:47:39 æ±äº¬ (æ¨™æº–æ™‚),windows-nt,qua,QU,Start,Default
2013/01/10 (æœ¨) 11:47:39 æ±äº¬ (æ¨™æº–æ™‚),windows-nt,qua,QU,Exit
2013/01/10 (æœ¨) 11:48:17 æ±äº¬ (æ¨™æº–æ™‚),windows-nt,qua,QU,Start,Debug
2013/01/10 (æœ¨) 11:48:17 æ±äº¬ (æ¨™æº–æ™‚),windows-nt,qua,QU,Exit
2013/01/10 (æœ¨) 11:48:49 æ±äº¬ (æ¨™æº–æ™‚),windows-nt,qua,QU,Start,Default
2013/01/10 (æœ¨) 11:48:49 æ±äº¬ (æ¨™æº–æ™‚),windows-nt,qua,QU,Exit
2013/01/10 (æœ¨) 11:53:01 æ±äº¬ (æ¨™æº–æ™‚),windows-nt,qua,QU,Start,Default
2013/01/10 (æœ¨) 11:53:01 æ±äº¬ (æ¨™æº–æ™‚),windows-nt,qua,QU,Exit
2013/01/10 (æœ¨) 09:10:25 æ±äº¬ (æ¨™æº–æ™‚),windows-nt,qua,QU,Exit
2013/01/11 (é‡‘) 10:12:29 æ±äº¬ (æ¨™æº–æ™‚),windows-nt,qua,QU,Start,Default
2013/01/11 (‹à) 10:44:27 “Œ‹ (•W€),windows-nt,qua,QU,Exit
2013/01/11 (‹à) 16:55:55 “Œ‹ (•W€),windows-nt,qua,QU,Exit
2013/01/11 (‹à) 17:05:32 “Œ‹ (•W€),windows-nt,qua,QU,Exit
2013/01/11 (‹à) 17:12:43 “Œ‹ (•W€),windows-nt,qua,QU,Exit
2013/01/11 (‹à) 17:15:01 “Œ‹ (•W€),windows-nt,qua,QU,Exit
2013/01/11 (é‡‘) 10:12:29 æ±äº¬ (æ¨™æº–æ™‚),windows-nt,qua,QU,Exit
2013/01/11 (é‡‘) 17:45:55 æ±äº¬ (æ¨™æº–æ™‚),windows-nt,qua,QU,Start,Default
2013/01/11 (é‡‘) 17:45:55 æ±äº¬ (æ¨™æº–æ™‚),windows-nt,qua,QU,Exit
2013/01/12 (åœŸ) 11:20:06 æ±äº¬ (æ¨™æº–æ™‚),windows-nt,qua,QU,Start,Default
2013/01/12 (“y) 12:17:39 “Œ‹ (•W€),windows-nt,qua,QU,Exit
2013/01/12 (åœŸ) 16:37:37 æ±äº¬ (æ¨™æº–æ™‚),windows-nt,qua,QU,Start,Default
2013/01/14 (Œ) 18:44:17 “Œ‹ (•W€),windows-nt,qua,QU,Exit
2013/01/14 (Œ) 18:44:22 “Œ‹ (•W€),windows-nt,qua,QU,Exit
2013/01/14 (Œ) 18:46:24 “Œ‹ (•W€),windows-nt,qua,QU,Exit
2013/01/15 (ç«) 02:49:44 æ±äº¬ (æ¨™æº–æ™‚),windows-nt,qua,QU,Start,Default
2013/01/15 (‰Î) 19:59:38 “Œ‹ (•W€),windows-nt,qua,QU,Exit
2013/01/15 (‰Î) 20:03:42 “Œ‹ (•W€),windows-nt,qua,QU,Exit
2013/01/15 (‰Î) 20:03:59 “Œ‹ (•W€),windows-nt,qua,QU,Exit
2013/01/15 (‰Î) 20:10:36 “Œ‹ (•W€),windows-nt,qua,QU,Exit
2013/01/15 (‰Î) 20:12:50 “Œ‹ (•W€),windows-nt,qua,QU,Exit
2013/01/15 (‰Î) 20:17:46 “Œ‹ (•W€),windows-nt,qua,QU,Exit
2013/01/15 (ç«) 02:49:44 æ±äº¬ (æ¨™æº–æ™‚),windows-nt,qua,QU,Exit
2013/01/15 (ç«) 20:19:27 æ±äº¬ (æ¨™æº–æ™‚),windows-nt,qua,QU,Start,Default
2013/01/15 (‰Î) 20:21:07 “Œ‹ (•W€),windows-nt,qua,QU,Exit
2013/01/15 (‰Î) 20:33:23 “Œ‹ (•W€),windows-nt,qua,QU,Exit
2013/01/15 (‰Î) 20:33:39 “Œ‹ (•W€),windows-nt,qua,QU,Exit
2013/01/15 (‰Î) 20:34:00 “Œ‹ (•W€),windows-nt,qua,QU,Exit
2013/01/15 (‰Î) 20:34:51 “Œ‹ (•W€),windows-nt,qua,QU,Exit
2013/01/15 (‰Î) 20:56:23 “Œ‹ (•W€),windows-nt,qua,QU,Exit
2013/01/15 (‰Î) 21:06:26 “Œ‹ (•W€),windows-nt,qua,QU,Exit
2013/01/15 (‰Î) 21:16:25 “Œ‹ (•W€),windows-nt,qua,QU,Exit
2013/01/15 (‰Î) 21:18:31 “Œ‹ (•W€),windows-nt,qua,QU,Exit
2013/01/15 (‰Î) 21:18:45 “Œ‹ (•W€),windows-nt,qua,QU,Exit
2013/01/15 (‰Î) 22:54:49 “Œ‹ (•W€),windows-nt,qua,QU,Exit
2013/01/15 (‰Î) 23:28:27 “Œ‹ (•W€),windows-nt,qua,QU,Exit
2013/01/15 (‰Î) 23:31:58 “Œ‹ (•W€),windows-nt,qua,QU,Exit
2013/01/15 (‰Î) 23:36:23 “Œ‹ (•W€),windows-nt,qua,QU,Exit
2013/01/15 (‰Î) 23:42:20 “Œ‹ (•W€),windows-nt,qua,QU,Exit
2013/01/15 (‰Î) 23:44:35 “Œ‹ (•W€),windows-nt,qua,QU,Exit
2013/01/15 (‰Î) 23:51:21 “Œ‹ (•W€),windows-nt,qua,QU,Exit
2013/01/16 (…) 00:02:09 “Œ‹ (•W€),windows-nt,qua,QU,Exit
2013/01/16 (…) 00:22:32 “Œ‹ (•W€),windows-nt,qua,QU,Exit
2013/01/16 (æ°´) 00:23:04 æ±äº¬ (æ¨™æº–æ™‚),windows-nt,qua,QU,Start,Default
2013/01/16 (æ°´) 00:23:04 æ±äº¬ (æ¨™æº–æ™‚),windows-nt,qua,QU,Exit
2013/01/16 (…) 00:31:15 “Œ‹ (•W€),windows-nt,qua,QU,Exit
2013/01/15 (ç«) 20:19:27 æ±äº¬ (æ¨™æº–æ™‚),windows-nt,qua,QU,Exit
2013/01/16 (æ°´) 11:58:02 æ±äº¬ (æ¨™æº–æ™‚),windows-nt,qua,QU,Start,Default
2013/01/16 (æ°´) 11:58:02 æ±äº¬ (æ¨™æº–æ™‚),windows-nt,qua,QU,Exit
2013/01/17 (æœ¨) 20:50:39 æ±äº¬ (æ¨™æº–æ™‚),windows-nt,qua,QU,Start,Default
2013/01/17 (–Ø) 21:25:54 “Œ‹ (•W€),windows-nt,qua,QU,Exit
2013/01/17 (–Ø) 21:28:05 “Œ‹ (•W€),windows-nt,qua,QU,Exit
2013/01/17 (æœ¨) 21:28:25 æ±äº¬ (æ¨™æº–æ™‚),windows-nt,qua,QU,Start,Default
2013/01/17 (æœ¨) 21:28:25 æ±äº¬ (æ¨™æº–æ™‚),windows-nt,qua,QU,Exit
2013/01/17 (–Ø) 21:33:54 “Œ‹ (•W€),windows-nt,qua,QU,Exit
2013/01/17 (æœ¨) 21:33:56 æ±äº¬ (æ¨™æº–æ™‚),windows-nt,qua,QU,Start,Default
2013/01/17 (æœ¨) 21:33:56 æ±äº¬ (æ¨™æº–æ™‚),windows-nt,qua,QU,Exit
2013/01/17 (–Ø) 21:42:33 “Œ‹ (•W€),windows-nt,qua,QU,Exit
2013/01/17 (æœ¨) 21:42:40 æ±äº¬ (æ¨™æº–æ™‚),windows-nt,qua,QU,Start,Default
2013/01/17 (æœ¨) 21:42:40 æ±äº¬ (æ¨™æº–æ™‚),windows-nt,qua,QU,Exit
2013/01/17 (æœ¨) 20:50:39 æ±äº¬ (æ¨™æº–æ™‚),windows-nt,qua,QU,Exit
2013/01/17 (æœ¨) 21:48:54 æ±äº¬ (æ¨™æº–æ™‚),windows-nt,qua,QU,Start,Default
2013/01/18 (‹à) 02:29:01 “Œ‹ (•W€),windows-nt,qua,QU,Exit
2013/01/18 (‹à) 02:38:41 “Œ‹ (•W€),windows-nt,qua,QU,Exit
2013/01/18 (‹à) 04:00:58 “Œ‹ (•W€),windows-nt,qua,QU,Exit
2013/01/18 (‹à) 04:03:16 “Œ‹ (•W€),windows-nt,qua,QU,Exit
2013/01/18 (‹à) 15:33:04 “Œ‹ (•W€),windows-nt,qua,QU,Exit
2013/01/18 (é‡‘) 21:31:14 æ±äº¬ (æ¨™æº–æ™‚),windows-nt,qua,QU,Start,Default
2013/01/18 (‹à) 22:15:43 “Œ‹ (•W€),windows-nt,qua,QU,Exit
2013/01/18 (‹à) 22:17:34 “Œ‹ (•W€),windows-nt,qua,QU,Exit
2013/01/18 (‹à) 22:19:08 “Œ‹ (•W€),windows-nt,qua,QU,Exit
2013/01/18 (é‡‘) 21:31:14 æ±äº¬ (æ¨™æº–æ™‚),windows-nt,qua,QU,Exit
2013/01/17 (æœ¨) 21:48:54 æ±äº¬ (æ¨™æº–æ™‚),windows-nt,qua,QU,Exit
2013/01/19 (åœŸ) 01:27:19 æ±äº¬ (æ¨™æº–æ™‚),windows-nt,qua,QU,Start,Default
2013/01/19 (“y) 01:56:13 “Œ‹ (•W€),windows-nt,qua,QU,Exit
2013/01/19 (“y) 01:57:32 “Œ‹ (•W€),windows-nt,qua,QU,Exit
2013/01/19 (åœŸ) 01:27:19 æ±äº¬ (æ¨™æº–æ™‚),windows-nt,qua,QU,Exit
2013/01/19 (åœŸ) 02:12:51 æ±äº¬ (æ¨™æº–æ™‚),windows-nt,qua,QU,Start,Default
2013/01/19 (“y) 02:30:39 “Œ‹ (•W€),windows-nt,qua,QU,Exit
2013/01/19 (åœŸ) 02:30:50 æ±äº¬ (æ¨™æº–æ™‚),windows-nt,qua,QU,Start,Default
2013/01/19 (åœŸ) 02:30:50 æ±äº¬ (æ¨™æº–æ™‚),windows-nt,qua,QU,Exit
2013/01/19 (“y) 02:47:55 “Œ‹ (•W€),windows-nt,qua,QU,Exit
2013/01/19 (“y) 02:52:17 “Œ‹ (•W€),windows-nt,qua,QU,Exit
2013/01/19 (åœŸ) 02:12:51 æ±äº¬ (æ¨™æº–æ™‚),windows-nt,qua,QU,Exit
2013/01/19 (åœŸ) 02:52:52 æ±äº¬ (æ¨™æº–æ™‚),windows-nt,qua,QU,Start,Default
2013/01/19 (“y) 03:38:21 “Œ‹ (•W€),windows-nt,qua,QU,Exit
2013/01/19 (åœŸ) 02:52:52 æ±äº¬ (æ¨™æº–æ™‚),windows-nt,qua,QU,Exit
2013/01/19 (åœŸ) 03:58:30 æ±äº¬ (æ¨™æº–æ™‚),windows-nt,qua,QU,Start,Default
2013/01/19 (“y) 04:11:28 “Œ‹ (•W€),windows-nt,qua,QU,Exit
2013/01/19 (“y) 06:33:36 “Œ‹ (•W€),windows-nt,qua,QU,Exit
2013/01/19 (“y) 06:39:01 “Œ‹ (•W€),windows-nt,qua,QU,Exit
2013/01/19 (åœŸ) 03:58:30 æ±äº¬ (æ¨™æº–æ™‚),windows-nt,qua,QU,Exit
2013/01/19 (åœŸ) 07:04:09 æ±äº¬ (æ¨™æº–æ™‚),windows-nt,qua,QU,Start,Default
2013/01/19 (“y) 07:10:14 “Œ‹ (•W€),windows-nt,qua,QU,Exit
2013/01/19 (“y) 07:13:00 “Œ‹ (•W€),windows-nt,qua,QU,Exit
2013/01/19 (“y) 19:41:00 “Œ‹ (•W€),windows-nt,qua,QU,Exit
2013/01/19 (“y) 19:42:26 “Œ‹ (•W€),windows-nt,qua,QU,Exit
2013/01/19 (“y) 19:43:34 “Œ‹ (•W€),windows-nt,qua,QU,Exit
2013/01/19 (“y) 19:45:43 “Œ‹ (•W€),windows-nt,qua,QU,Exit
2013/01/19 (“y) 19:46:22 “Œ‹ (•W€),windows-nt,qua,QU,Exit
2013/01/19 (“y) 21:21:40 “Œ‹ (•W€),windows-nt,qua,QU,Exit
2013/01/19 (“y) 21:22:08 “Œ‹ (•W€),windows-nt,qua,QU,Exit
2013/01/19 (“y) 21:48:46 “Œ‹ (•W€),windows-nt,qua,QU,Exit
2013/01/19 (“y) 21:50:53 “Œ‹ (•W€),windows-nt,qua,QU,Exit
2013/01/19 (“y) 21:51:50 “Œ‹ (•W€),windows-nt,qua,QU,Exit
2013/01/19 (åœŸ) 07:04:09 æ±äº¬ (æ¨™æº–æ™‚),windows-nt,qua,QU,Exit
2013/01/20 (æ—¥) 17:11:12 æ±äº¬ (æ¨™æº–æ™‚),windows-nt,qua,QU,Start,Default
2013/01/20 (æ—¥) 17:11:12 æ±äº¬ (æ¨™æº–æ™‚),windows-nt,qua,QU,Exit
2013/01/21 (æœˆ) 16:25:54 æ±äº¬ (æ¨™æº–æ™‚),windows-nt,qua,QU,Start,Default
2013/01/21 (æœˆ) 16:25:54 æ±äº¬ (æ¨™æº–æ™‚),windows-nt,qua,QU,Exit
2013/01/21 (æœˆ) 16:32:34 æ±äº¬ (æ¨™æº–æ™‚),windows-nt,qua,QU,Start,Default
2013/01/21 (Œ) 20:01:11 “Œ‹ (•W€),windows-nt,qua,QU,Exit
2013/01/21 (Œ) 20:03:35 “Œ‹ (•W€),windows-nt,qua,QU,Exit
2013/01/21 (Œ) 20:08:42 “Œ‹ (•W€),windows-nt,qua,QU,Exit
2013/01/21 (Œ) 20:10:52 “Œ‹ (•W€),windows-nt,qua,QU,Exit
2013/01/21 (Œ) 20:16:05 “Œ‹ (•W€),windows-nt,qua,QU,Exit
2013/01/21 (Œ) 20:21:05 “Œ‹ (•W€),windows-nt,qua,QU,Exit
2013/01/21 (Œ) 20:22:35 “Œ‹ (•W€),windows-nt,qua,QU,Exit
2013/01/21 (Œ) 20:24:16 “Œ‹ (•W€),windows-nt,qua,QU,Exit
2013/01/21 (Œ) 20:42:05 “Œ‹ (•W€),windows-nt,qua,QU,Exit
2013/01/21 (Œ) 20:42:33 “Œ‹ (•W€),windows-nt,qua,QU,Exit
2013/01/21 (Œ) 20:45:37 “Œ‹ (•W€),windows-nt,qua,QU,Exit
2013/01/21 (Œ) 20:52:29 “Œ‹ (•W€),windows-nt,qua,QU,Exit
2013/01/21 (Œ) 20:59:22 “Œ‹ (•W€),windows-nt,qua,QU,Exit
2013/01/21 (Œ) 21:00:37 “Œ‹ (•W€),windows-nt,qua,QU,Exit
2013/01/21 (Œ) 21:01:24 “Œ‹ (•W€),windows-nt,qua,QU,Exit
2013/01/22 (ç«) 02:33:14 æ±äº¬ (æ¨™æº–æ™‚),windows-nt,qua,QU,Start,Default
2013/01/22 (ç«) 19:12:32 æ±äº¬ (æ¨™æº–æ™‚),windows-nt,qua,QU,Start,Default
2013/01/22 (ç«) 02:33:14 æ±äº¬ (æ¨™æº–æ™‚),windows-nt,qua,QU,Exit
2013/01/22 (ç«) 19:25:16 æ±äº¬ (æ¨™æº–æ™‚),windows-nt,qua,QU,Start,Default
2013/01/22 (ç«) 19:25:16 æ±äº¬ (æ¨™æº–æ™‚),windows-nt,qua,QU,Exit
2013/01/22 (ç«) 19:27:23 æ±äº¬ (æ¨™æº–æ™‚),windows-nt,qua,QU,Start,Default
2013/01/22 (ç«) 19:12:32 æ±äº¬ (æ¨™æº–æ™‚),windows-nt,qua,QU,Exit
2013/01/23 (…) 00:35:01 “Œ‹ (•W€),windows-nt,qua,QU,Exit
2013/01/23 (…) 00:36:45 “Œ‹ (•W€),windows-nt,qua,QU,Exit
2013/01/23 (æ°´) 02:33:15 æ±äº¬ (æ¨™æº–æ™‚),windows-nt,qua,QU,Start,Default
2013/01/23 (…) 03:21:59 “Œ‹ (•W€),windows-nt,qua,QU,Exit
2013/01/23 (…) 04:12:43 “Œ‹ (•W€),windows-nt,qua,QU,Exit
2013/01/23 (…) 07:08:13 “Œ‹ (•W€),windows-nt,qua,QU,Exit
2013/01/23 (…) 07:08:48 “Œ‹ (•W€),windows-nt,qua,QU,Exit
2013/01/23 (…) 07:41:29 “Œ‹ (•W€),windows-nt,qua,QU,Exit
2013/01/23 (…) 08:43:47 “Œ‹ (•W€),windows-nt,qua,QU,Exit
2013/01/23 (…) 09:31:15 “Œ‹ (•W€),windows-nt,qua,QU,Exit
2013/01/23 (…) 17:17:24 “Œ‹ (•W€),windows-nt,qua,QU,Exit
2013/01/23 (…) 20:08:15 “Œ‹ (•W€),windows-nt,qua,QU,Exit
2013/01/23 (…) 20:35:15 “Œ‹ (•W€),windows-nt,qua,QU,Exit
2013/01/23 (…) 20:35:58 “Œ‹ (•W€),windows-nt,qua,QU,Exit
2013/01/23 (…) 21:38:45 “Œ‹ (•W€),windows-nt,qua,QU,Exit
2013/01/23 (…) 22:09:19 “Œ‹ (•W€),windows-nt,qua,QU,Exit
2013/01/23 (…) 22:10:45 “Œ‹ (•W€),windows-nt,qua,QU,Exit
2013/01/23 (…) 22:17:19 “Œ‹ (•W€),windows-nt,qua,QU,Exit
2013/01/23 (…) 22:24:03 “Œ‹ (•W€),windows-nt,qua,QU,Exit
2013/01/23 (…) 22:28:15 “Œ‹ (•W€),windows-nt,qua,QU,Exit
2013/01/23 (…) 22:30:25 “Œ‹ (•W€),windows-nt,qua,QU,Exit
2013/01/23 (…) 22:49:57 “Œ‹ (•W€),windows-nt,qua,QU,Exit
2013/01/24 (–Ø) 00:39:46 “Œ‹ (•W€),windows-nt,qua,QU,Exit
2013/01/24 (–Ø) 00:39:57 “Œ‹ (•W€),windows-nt,qua,QU,Exit
2013/01/24 (–Ø) 04:01:31 “Œ‹ (•W€),windows-nt,qua,QU,Exit
2013/01/24 (–Ø) 04:04:23 “Œ‹ (•W€),windows-nt,qua,QU,Exit
2013/01/24 (–Ø) 04:06:27 “Œ‹ (•W€),windows-nt,qua,QU,Exit
2013/01/24 (–Ø) 04:15:03 “Œ‹ (•W€),windows-nt,qua,QU,Exit
2013/01/24 (–Ø) 04:16:08 “Œ‹ (•W€),windows-nt,qua,QU,Exit
2013/01/24 (–Ø) 05:43:01 “Œ‹ (•W€),windows-nt,qua,QU,Exit
2013/01/24 (–Ø) 05:50:27 “Œ‹ (•W€),windows-nt,qua,QU,Exit
2013/01/24 (–Ø) 05:57:49 “Œ‹ (•W€),windows-nt,qua,QU,Exit
2013/01/24 (–Ø) 06:00:01 “Œ‹ (•W€),windows-nt,qua,QU,Exit
2013/01/24 (–Ø) 06:05:42 “Œ‹ (•W€),windows-nt,qua,QU,Exit
2013/01/24 (–Ø) 06:07:28 “Œ‹ (•W€),windows-nt,qua,QU,Exit
2013/01/24 (–Ø) 06:10:19 “Œ‹ (•W€),windows-nt,qua,QU,Exit
2013/01/24 (–Ø) 06:10:31 “Œ‹ (•W€),windows-nt,qua,QU,Exit
2013/01/24 (–Ø) 06:10:46 “Œ‹ (•W€),windows-nt,qua,QU,Exit
2013/01/24 (–Ø) 06:17:06 “Œ‹ (•W€),windows-nt,qua,QU,Exit
2013/01/23 (æ°´) 02:33:15 æ±äº¬ (æ¨™æº–æ™‚),windows-nt,qua,QU,Exit
2013/01/24 (æœ¨) 17:16:33 æ±äº¬ (æ¨™æº–æ™‚),windows-nt,qua,QU,Start,Default
2013/01/24 (æœ¨) 17:16:33 æ±äº¬ (æ¨™æº–æ™‚),windows-nt,qua,QU,Exit
2013/01/24 (æœ¨) 17:18:01 æ±äº¬ (æ¨™æº–æ™‚),windows-nt,qua,QU,Start,Default
2013/01/24 (æœ¨) 17:18:01 æ±äº¬ (æ¨™æº–æ™‚),windows-nt,qua,QU,Exit
2013/01/24 (æœ¨) 17:19:47 æ±äº¬ (æ¨™æº–æ™‚),windows-nt,qua,QU,Start,Default
2013/01/24 (æœ¨) 17:19:47 æ±äº¬ (æ¨™æº–æ™‚),windows-nt,qua,QU,Exit
2013/01/24 (æœ¨) 17:20:23 æ±äº¬ (æ¨™æº–æ™‚),windows-nt,qua,QU,Exit
2013/01/24 (æœ¨) 17:21:26 æ±äº¬ (æ¨™æº–æ™‚),windows-nt,qua,QU,Start,Default
2013/01/24 (æœ¨) 17:21:26 æ±äº¬ (æ¨™æº–æ™‚),windows-nt,qua,QU,Exit
2013/01/24 (æœ¨) 17:22:26 æ±äº¬ (æ¨™æº–æ™‚),windows-nt,qua,QU,Start,Default
2013/01/24 (–Ø) 17:34:25 “Œ‹ (•W€),windows-nt,qua,QU,Exit
2013/01/24 (–Ø) 17:34:47 “Œ‹ (•W€),windows-nt,qua,QU,Exit
2013/01/24 (–Ø) 17:39:49 “Œ‹ (•W€),windows-nt,qua,QU,Exit
2013/01/24 (–Ø) 21:18:05 “Œ‹ (•W€),windows-nt,qua,QU,Exit
2013/01/24 (–Ø) 21:48:11 “Œ‹ (•W€),windows-nt,qua,QU,Exit
2013/01/24 (–Ø) 21:56:21 “Œ‹ (•W€),windows-nt,qua,QU,Exit
2013/01/24 (–Ø) 22:37:19 “Œ‹ (•W€),windows-nt,qua,QU,Exit
2013/01/24 (–Ø) 22:37:55 “Œ‹ (•W€),windows-nt,qua,QU,Exit
2013/01/24 (–Ø) 22:41:39 “Œ‹ (•W€),windows-nt,qua,QU,Exit
2013/01/24 (–Ø) 22:42:43 “Œ‹ (•W€),windows-nt,qua,QU,Exit
2013/01/24 (–Ø) 22:43:23 “Œ‹ (•W€),windows-nt,qua,QU,Exit
2013/01/24 (–Ø) 22:43:34 “Œ‹ (•W€),windows-nt,qua,QU,Exit
2013/01/24 (–Ø) 22:52:47 “Œ‹ (•W€),windows-nt,qua,QU,Exit
2013/01/25 (‹à) 01:08:56 “Œ‹ (•W€),windows-nt,qua,QU,Exit
2013/01/25 (‹à) 01:09:57 “Œ‹ (•W€),windows-nt,qua,QU,Exit
2013/01/25 (‹à) 01:11:55 “Œ‹ (•W€),windows-nt,qua,QU,Exit
2013/01/25 (‹à) 01:12:08 “Œ‹ (•W€),windows-nt,qua,QU,Exit
2013/01/25 (‹à) 01:13:08 “Œ‹ (•W€),windows-nt,qua,QU,Exit
2013/01/25 (‹à) 01:47:29 “Œ‹ (•W€),windows-nt,qua,QU,Exit
2013/01/25 (‹à) 01:47:38 “Œ‹ (•W€),windows-nt,qua,QU,Exit
2013/01/25 (‹à) 18:50:43 “Œ‹ (•W€),windows-nt,qua,QU,Exit
2013/01/27 (“ú) 00:29:36 “Œ‹ (•W€),windows-nt,qua,QU,Exit
2013/01/27 (“ú) 00:30:07 “Œ‹ (•W€),windows-nt,qua,QU,Exit
2013/01/27 (“ú) 00:32:50 “Œ‹ (•W€),windows-nt,qua,QU,Exit
2013/01/27 (“ú) 00:33:59 “Œ‹ (•W€),windows-nt,qua,QU,Exit
2013/01/27 (“ú) 00:35:56 “Œ‹ (•W€),windows-nt,qua,QU,Exit
2013/01/27 (“ú) 00:41:35 “Œ‹ (•W€),windows-nt,qua,QU,Exit
2013/01/27 (“ú) 00:41:42 “Œ‹ (•W€),windows-nt,qua,QU,Exit
2013/01/27 (“ú) 00:43:10 “Œ‹ (•W€),windows-nt,qua,QU,Exit
2013/01/27 (“ú) 00:45:15 “Œ‹ (•W€),windows-nt,qua,QU,Exit
2013/01/27 (“ú) 00:50:19 “Œ‹ (•W€),windows-nt,qua,QU,Exit
2013/01/27 (“ú) 04:18:36 “Œ‹ (•W€),windows-nt,qua,QU,Exit
2013/01/27 (“ú) 04:18:59 “Œ‹ (•W€),windows-nt,qua,QU,Exit
2013/01/27 (“ú) 04:19:17 “Œ‹ (•W€),windows-nt,qua,QU,Exit
2013/01/27 (“ú) 04:19:43 “Œ‹ (•W€),windows-nt,qua,QU,Exit
2013/01/27 (“ú) 06:07:49 “Œ‹ (•W€),windows-nt,qua,QU,Exit
2013/01/27 (“ú) 06:54:07 “Œ‹ (•W€),windows-nt,qua,QU,Exit
2013/01/27 (“ú) 21:33:16 “Œ‹ (•W€),windows-nt,qua,QU,Exit
2013/01/27 (“ú) 21:34:22 “Œ‹ (•W€),windows-nt,qua,QU,Exit
2013/01/27 (“ú) 21:40:04 “Œ‹ (•W€),windows-nt,qua,QU,Exit
2013/01/27 (“ú) 21:43:54 “Œ‹ (•W€),windows-nt,qua,QU,Exit
2013/01/27 (“ú) 21:45:59 “Œ‹ (•W€),windows-nt,qua,QU,Exit
2013/01/27 (“ú) 21:50:03 “Œ‹ (•W€),windows-nt,qua,QU,Exit
2013/01/27 (“ú) 21:50:34 “Œ‹ (•W€),windows-nt,qua,QU,Exit
2013/01/27 (“ú) 21:59:49 “Œ‹ (•W€),windows-nt,qua,QU,Exit
2013/01/27 (“ú) 22:01:42 “Œ‹ (•W€),windows-nt,qua,QU,Exit
2013/01/27 (“ú) 22:02:33 “Œ‹ (•W€),windows-nt,qua,QU,Exit
2013/01/27 (æ—¥) 22:02:57 æ±äº¬ (æ¨™æº–æ™‚),windows-nt,qua,QU,Start,Default
2013/01/27 (æ—¥) 22:02:57 æ±äº¬ (æ¨™æº–æ™‚),windows-nt,qua,QU,Exit
2013/01/27 (“ú) 22:07:08 “Œ‹ (•W€),windows-nt,qua,QU,Exit
2013/01/27 (“ú) 22:07:39 “Œ‹ (•W€),windows-nt,qua,QU,Exit
2013/01/27 (“ú) 22:14:12 “Œ‹ (•W€),windows-nt,qua,QU,Exit
2013/01/27 (“ú) 22:13:35 “Œ‹ (•W€),windows-nt,qua,QU,Exit
2013/01/27 (“ú) 22:15:36 “Œ‹ (•W€),windows-nt,qua,QU,Exit
2013/01/27 (“ú) 22:16:42 “Œ‹ (•W€),windows-nt,qua,QU,Exit
2013/01/27 (“ú) 22:22:03 “Œ‹ (•W€),windows-nt,qua,QU,Exit
2013/01/27 (æ—¥) 22:24:52 æ±äº¬ (æ¨™æº–æ™‚),windows-nt,qua,QU,Start,Default
2013/01/27 (“ú) 22:38:04 “Œ‹ (•W€),windows-nt,qua,QU,Exit
2013/01/27 (“ú) 22:42:26 “Œ‹ (•W€),windows-nt,qua,QU,Exit
2013/01/27 (“ú) 22:42:35 “Œ‹ (•W€),windows-nt,qua,QU,Exit
2013/01/27 (“ú) 22:44:10 “Œ‹ (•W€),windows-nt,qua,QU,Exit
2013/01/27 (“ú) 22:44:44 “Œ‹ (•W€),windows-nt,qua,QU,Exit
2013/01/27 (“ú) 22:45:58 “Œ‹ (•W€),windows-nt,qua,QU,Exit
2013/01/27 (æ—¥) 22:24:52 æ±äº¬ (æ¨™æº–æ™‚),windows-nt,qua,QU,Exit
2013/01/27 (“ú) 22:50:13 “Œ‹ (•W€),windows-nt,qua,QU,Exit
2013/01/27 (“ú) 22:50:59 “Œ‹ (•W€),windows-nt,qua,QU,Exit
2013/01/27 (“ú) 22:51:48 “Œ‹ (•W€),windows-nt,qua,QU,Exit
2013/01/27 (“ú) 22:55:26 “Œ‹ (•W€),windows-nt,qua,QU,Exit
2013/01/27 (“ú) 22:56:52 “Œ‹ (•W€),windows-nt,qua,QU,Exit
2013/01/27 (“ú) 22:59:28 “Œ‹ (•W€),windows-nt,qua,QU,Exit
2013/01/27 (“ú) 23:20:16 “Œ‹ (•W€),windows-nt,qua,QU,Exit
2013/01/28 (æœˆ) 02:57:48 æ±äº¬ (æ¨™æº–æ™‚),windows-nt,qua,QU,Start,Default
2013/01/28 (æœˆ) 02:57:48 æ±äº¬ (æ¨™æº–æ™‚),windows-nt,qua,QU,Exit
2013/01/24 (æœ¨) 17:22:26 æ±äº¬ (æ¨™æº–æ™‚),windows-nt,qua,QU,Exit
2013/01/28 (æœˆ) 03:04:14 æ±äº¬ (æ¨™æº–æ™‚),windows-nt,qua,QU,Start,Default
2013/01/28 (æœˆ) 03:12:15 æ±äº¬ (æ¨™æº–æ™‚),windows-nt,qua,QU,Start,Default
2013/01/28 (æœˆ) 03:12:15 æ±äº¬ (æ¨™æº–æ™‚),windows-nt,qua,QU,Exit
2013/01/28 (Œ) 05:10:19 “Œ‹ (•W€),windows-nt,qua,QU,Exit
2013/01/28 (Œ) 05:12:01 “Œ‹ (•W€),windows-nt,qua,QU,Exit
2013/01/28 (æœˆ) 05:13:13 æ±äº¬ (æ¨™æº–æ™‚),windows-nt,qua,QU,Start,Default
2013/01/28 (æœˆ) 05:13:13 æ±äº¬ (æ¨™æº–æ™‚),windows-nt,qua,QU,Exit
2013/01/28 (Œ) 05:17:48 “Œ‹ (•W€),windows-nt,qua,QU,Exit
2013/01/28 (Œ) 05:58:13 “Œ‹ (•W€),windows-nt,qua,QU,Exit
2013/01/28 (æœˆ) 03:04:14 æ±äº¬ (æ¨™æº–æ™‚),windows-nt,qua,QU,Exit
2013/01/28 (æœˆ) 06:29:44 æ±äº¬ (æ¨™æº–æ™‚),windows-nt,qua,QU,Start,Default
2013/01/29 (‰Î) 04:56:27 “Œ‹ (•W€),windows-nt,qua,QU,Exit
2013/01/29 (‰Î) 05:00:03 “Œ‹ (•W€),windows-nt,qua,QU,Exit
2013/01/31 (–Ø) 10:17:51 “Œ‹ (•W€),windows-nt,qua,QU,Exit
2013/01/31 (–Ø) 10:17:51 “Œ‹ (•W€),windows-nt,qua,QU,Exit
2013/01/31 (–Ø) 10:17:55 “Œ‹ (•W€),windows-nt,qua,QU,Exit
2013/01/31 (–Ø) 10:17:53 “Œ‹ (•W€),windows-nt,qua,QU,Exit
2013/01/31 (–Ø) 10:17:58 “Œ‹ (•W€),windows-nt,qua,QU,Exit
2013/01/31 (–Ø) 10:18:13 “Œ‹ (•W€),windows-nt,qua,QU,Exit
2013/01/31 (–Ø) 10:18:17 “Œ‹ (•W€),windows-nt,qua,QU,Exit
2013/01/31 (–Ø) 10:18:19 “Œ‹ (•W€),windows-nt,qua,QU,Exit
2013/01/31 (–Ø) 10:18:21 “Œ‹ (•W€),windows-nt,qua,QU,Exit
2013/01/31 (–Ø) 10:18:23 “Œ‹ (•W€),windows-nt,qua,QU,Exit
2013/01/31 (–Ø) 10:18:32 “Œ‹ (•W€),windows-nt,qua,QU,Exit
2013/01/31 (–Ø) 10:18:26 “Œ‹ (•W€),windows-nt,qua,QU,Exit
2013/01/31 (–Ø) 10:18:39 “Œ‹ (•W€),windows-nt,qua,QU,Exit
2013/01/31 (–Ø) 10:18:43 “Œ‹ (•W€),windows-nt,qua,QU,Exit
2013/01/31 (–Ø) 10:18:41 “Œ‹ (•W€),windows-nt,qua,QU,Exit
2013/01/31 (–Ø) 10:18:45 “Œ‹ (•W€),windows-nt,qua,QU,Exit
2013/01/31 (–Ø) 10:18:47 “Œ‹ (•W€),windows-nt,qua,QU,Exit
2013/01/31 (–Ø) 10:20:07 “Œ‹ (•W€),windows-nt,qua,QU,Exit
2013/01/31 (–Ø) 10:20:05 “Œ‹ (•W€),windows-nt,qua,QU,Exit
2013/01/31 (–Ø) 10:20:12 “Œ‹ (•W€),windows-nt,qua,QU,Exit
2013/01/31 (–Ø) 10:20:09 “Œ‹ (•W€),windows-nt,qua,QU,Exit
2013/01/31 (–Ø) 10:20:15 “Œ‹ (•W€),windows-nt,qua,QU,Exit
2013/01/31 (–Ø) 10:20:17 “Œ‹ (•W€),windows-nt,qua,QU,Exit
2013/01/31 (–Ø) 10:20:29 “Œ‹ (•W€),windows-nt,qua,QU,Exit
2013/01/31 (–Ø) 10:20:32 “Œ‹ (•W€),windows-nt,qua,QU,Exit
2013/01/31 (–Ø) 10:20:34 “Œ‹ (•W€),windows-nt,qua,QU,Exit
2013/01/31 (–Ø) 10:20:37 “Œ‹ (•W€),windows-nt,qua,QU,Exit
2013/01/31 (–Ø) 10:20:45 “Œ‹ (•W€),windows-nt,qua,QU,Exit
2013/01/31 (–Ø) 10:20:39 “Œ‹ (•W€),windows-nt,qua,QU,Exit
2013/01/31 (–Ø) 10:20:49 “Œ‹ (•W€),windows-nt,qua,QU,Exit
2013/01/31 (–Ø) 10:20:55 “Œ‹ (•W€),windows-nt,qua,QU,Exit
2013/01/31 (–Ø) 10:20:53 “Œ‹ (•W€),windows-nt,qua,QU,Exit
2013/01/31 (–Ø) 10:20:57 “Œ‹ (•W€),windows-nt,qua,QU,Exit
2013/01/31 (–Ø) 10:20:59 “Œ‹ (•W€),windows-nt,qua,QU,Exit
2013/01/31 (–Ø) 10:22:50 “Œ‹ (•W€),windows-nt,qua,QU,Exit
2013/01/31 (–Ø) 10:36:13 “Œ‹ (•W€),windows-nt,qua,QU,Exit
2013/01/31 (–Ø) 10:36:24 “Œ‹ (•W€),windows-nt,qua,QU,Exit
2013/01/31 (–Ø) 12:14:03 “Œ‹ (•W€),windows-nt,qua,QU,Exit
