2015/05/02 (Sat) 14:09:07 JST,gnu/linux,root,qu,Start,Default
2015/05/02 (Sat) 14:09:36 JST,gnu/linux,root,qu,Start,Default
2015/05/02 (Sat) 14:09:07 JST,gnu/linux,root,qu,Exit
2015/05/02 (Sat) 14:09:36 JST,gnu/linux,root,qu,Exit
2015/04/29 (Wed) 09:54:48 JST,gnu/linux,root,qu,Exit
2015/05/02 (Sat) 16:23:45 JST,gnu/linux,root,qu,Start,Default
2015/05/02 (Sat) 16:23:45 JST,gnu/linux,root,qu,Exit
2015/05/03 (Sun) 22:34:01 JST,gnu/linux,root,qu,Start,Default
2015/05/09 (Sat) 14:35:56 JST,gnu/linux,root,qu,Start,Default
2015/05/09 (Sat) 14:36:24 JST,gnu/linux,root,qu,Start,Default
2015/05/09 (Sat) 14:35:56 JST,gnu/linux,root,qu,Exit
2015/05/09 (Sat) 14:36:24 JST,gnu/linux,root,qu,Exit
2015/05/09 (Sat) 17:13:29 JST,gnu/linux,root,qu,Exit
2015/05/16 (Sat) 14:05:07 JST,gnu/linux,root,qu,Start,Default
2015/05/16 (Sat) 14:05:36 JST,gnu/linux,root,qu,Start,Default
2015/05/16 (Sat) 14:05:07 JST,gnu/linux,root,qu,Exit
2015/05/16 (Sat) 14:05:36 JST,gnu/linux,root,qu,Exit
2015/05/19 (Tue) 05:11:07 JST,gnu/linux,root,qu,Start,Default
2015/05/19 (Tue) 05:11:07 JST,gnu/linux,root,qu,Exit
2015/05/19 (Tue) 05:13:27 JST,gnu/linux,root,qu,Start,Default
2015/05/19 (Tue) 05:13:27 JST,gnu/linux,root,qu,Exit
2015/05/19 (Tue) 05:20:45 JST,gnu/linux,root,qu,Start,Default
2015/05/19 (Tue) 05:20:45 JST,gnu/linux,root,qu,Exit
2015/05/20 (Wed) 23:31:24 JST,gnu/linux,root,qu,Start,Default
2015/05/20 (Wed) 23:31:24 JST,gnu/linux,root,qu,Exit
2015/05/20 (Wed) 23:32:52 JST,gnu/linux,root,qu,Start,Default
2015/05/20 (Wed) 23:32:52 JST,gnu/linux,root,qu,Exit
2015/05/20 (Wed) 23:42:47 JST,gnu/linux,root,qu,Start,Default
2015/05/20 (Wed) 23:42:47 JST,gnu/linux,root,qu,Exit
2015/05/21 (Thu) 09:24:57 JST,gnu/linux,root,qu,Start,Default
2015/05/21 (Thu) 09:24:57 JST,gnu/linux,root,qu,Exit
2015/05/21 (Thu) 10:58:18 JST,gnu/linux,root,qu,Start,Default
2015/05/24 (Sun) 12:36:23 JST,gnu/linux,root,qu,Start,Default
2015/05/24 (Sun) 12:36:52 JST,gnu/linux,root,qu,Start,Default
2015/05/24 (Sun) 12:36:23 JST,gnu/linux,root,qu,Exit
2015/05/24 (Sun) 12:36:52 JST,gnu/linux,root,qu,Exit
2015/05/27 (Wed) 12:27:11 JST,gnu/linux,root,qu,Exit
2015/05/27 (Wed) 12:27:29 JST,gnu/linux,root,qu,Exit
2015/05/29 (Fri) 14:01:02 JST,gnu/linux,root,qu,Exit
2015/05/29 (Fri) 15:11:21 JST,gnu/linux,root,qu,Exit
2015/05/29 (Fri) 15:11:47 JST,gnu/linux,root,qu,Exit
2015/05/21 (Thu) 10:58:18 JST,gnu/linux,root,qu,Exit
2015/05/29 (Fri) 18:41:13 JST,gnu/linux,root,qu,Start,Default
2015/05/30 (Sat) 11:53:55 JST,gnu/linux,root,qu,Start,Default
2015/05/30 (Sat) 11:54:24 JST,gnu/linux,root,qu,Start,Default
2015/05/30 (Sat) 11:53:55 JST,gnu/linux,root,qu,Exit
2015/05/30 (Sat) 11:54:24 JST,gnu/linux,root,qu,Exit
